[2023-11-12 00:45:55] INFO (nni.runtime.trial_command_channel.v3/MainThread) Connect to trial command channel http://localhost:8080/env/local-env/rR45I
[2023-11-12 00:45:55] PRINT Namespace(num_block=8, num_discriminator_blocks=3, conv_kernel_size=5, generator_depth=128, discriminator_depth=128, generator_activation='prelu', discriminator_activation='leakyrelu', LR_path='custom_dataset/train_LR', GT_path='custom_dataset/train_HR', res_num=16, num_workers=0, batch_size=16, L2_coeff=1.0, adv_coeff=0.001, tv_loss_coeff=0.0, pre_train_epoch=100, fine_train_epoch=0, scale=4, patch_size=24, feat_layer='relu5_4', vgg_rescale_coeff=0.006, fine_tuning=False, in_memory=True, generator_path=None, mode='train')
[2023-11-12 00:46:06] PRINT 2
[2023-11-12 00:46:06] PRINT 0.1868988275527954
[2023-11-12 00:46:06] PRINT =========
[2023-11-12 00:46:08] PRINT 4
[2023-11-12 00:46:08] PRINT 0.12278364598751068
[2023-11-12 00:46:08] PRINT =========
[2023-11-12 00:46:10] PRINT 6
[2023-11-12 00:46:10] PRINT 0.11978621780872345
[2023-11-12 00:46:10] PRINT =========
[2023-11-12 00:46:11] PRINT 8
[2023-11-12 00:46:11] PRINT 0.1572636216878891
[2023-11-12 00:46:11] PRINT =========
[2023-11-12 00:46:13] PRINT 10
[2023-11-12 00:46:13] PRINT 0.10865376144647598
[2023-11-12 00:46:13] PRINT =========
[2023-11-12 00:46:14] PRINT 12
[2023-11-12 00:46:14] PRINT 0.21236056089401245
[2023-11-12 00:46:14] PRINT =========
[2023-11-12 00:46:16] PRINT 14
[2023-11-12 00:46:16] PRINT 0.08196862041950226
[2023-11-12 00:46:16] PRINT =========
[2023-11-12 00:46:17] PRINT 16
[2023-11-12 00:46:17] PRINT 0.08057990670204163
[2023-11-12 00:46:17] PRINT =========
[2023-11-12 00:46:19] PRINT 18
[2023-11-12 00:46:19] PRINT 0.11721538752317429
[2023-11-12 00:46:19] PRINT =========
[2023-11-12 00:46:20] PRINT 20
[2023-11-12 00:46:20] PRINT 0.039808981120586395
[2023-11-12 00:46:20] PRINT =========
[2023-11-12 00:46:22] PRINT 22
[2023-11-12 00:46:22] PRINT 0.07104960829019547
[2023-11-12 00:46:22] PRINT =========
[2023-11-12 00:46:23] PRINT 24
[2023-11-12 00:46:23] PRINT 0.06776762753725052
[2023-11-12 00:46:23] PRINT =========
[2023-11-12 00:46:25] PRINT 26
[2023-11-12 00:46:25] PRINT 0.054289042949676514
[2023-11-12 00:46:25] PRINT =========
[2023-11-12 00:46:26] PRINT 28
[2023-11-12 00:46:26] PRINT 0.05885772407054901
[2023-11-12 00:46:26] PRINT =========
[2023-11-12 00:46:28] PRINT 30
[2023-11-12 00:46:28] PRINT 0.03144319728016853
[2023-11-12 00:46:28] PRINT =========
[2023-11-12 00:46:29] PRINT 32
[2023-11-12 00:46:29] PRINT 0.03882512450218201
[2023-11-12 00:46:29] PRINT =========
[2023-11-12 00:46:31] PRINT 34
[2023-11-12 00:46:31] PRINT 0.039467256516218185
[2023-11-12 00:46:31] PRINT =========
[2023-11-12 00:46:32] PRINT 36
[2023-11-12 00:46:32] PRINT 0.03480162099003792
[2023-11-12 00:46:32] PRINT =========
[2023-11-12 00:46:34] PRINT 38
[2023-11-12 00:46:34] PRINT 0.13249987363815308
[2023-11-12 00:46:34] PRINT =========
[2023-11-12 00:46:35] PRINT 40
[2023-11-12 00:46:35] PRINT 0.03805037960410118
[2023-11-12 00:46:35] PRINT =========
[2023-11-12 00:46:37] PRINT 42
[2023-11-12 00:46:37] PRINT 0.06790092587471008
[2023-11-12 00:46:37] PRINT =========
[2023-11-12 00:46:38] PRINT 44
[2023-11-12 00:46:38] PRINT 0.047465164214372635
[2023-11-12 00:46:38] PRINT =========
[2023-11-12 00:46:40] PRINT 46
[2023-11-12 00:46:40] PRINT 0.048079926520586014
[2023-11-12 00:46:40] PRINT =========
[2023-11-12 00:46:42] PRINT 48
[2023-11-12 00:46:42] PRINT 0.07238324731588364
[2023-11-12 00:46:42] PRINT =========
[2023-11-12 00:46:43] PRINT 50
[2023-11-12 00:46:43] PRINT 0.07282604277133942
[2023-11-12 00:46:43] PRINT =========
[2023-11-12 00:46:45] PRINT 52
[2023-11-12 00:46:45] PRINT 0.04886600747704506
[2023-11-12 00:46:45] PRINT =========
[2023-11-12 00:46:46] PRINT 54
[2023-11-12 00:46:46] PRINT 0.04366457089781761
[2023-11-12 00:46:46] PRINT =========
[2023-11-12 00:46:48] PRINT 56
[2023-11-12 00:46:48] PRINT 0.040181368589401245
[2023-11-12 00:46:48] PRINT =========
[2023-11-12 00:46:49] PRINT 58
[2023-11-12 00:46:49] PRINT 0.05171915516257286
[2023-11-12 00:46:49] PRINT =========
[2023-11-12 00:46:51] PRINT 60
[2023-11-12 00:46:51] PRINT 0.033655256032943726
[2023-11-12 00:46:51] PRINT =========
[2023-11-12 00:46:53] PRINT 62
[2023-11-12 00:46:53] PRINT 0.03426980972290039
[2023-11-12 00:46:53] PRINT =========
[2023-11-12 00:46:54] PRINT 64
[2023-11-12 00:46:54] PRINT 0.07910586893558502
[2023-11-12 00:46:54] PRINT =========
[2023-11-12 00:46:56] PRINT 66
[2023-11-12 00:46:56] PRINT 0.04559161886572838
[2023-11-12 00:46:56] PRINT =========
[2023-11-12 00:46:58] PRINT 68
[2023-11-12 00:46:58] PRINT 0.038321882486343384
[2023-11-12 00:46:58] PRINT =========
[2023-11-12 00:46:59] PRINT 70
[2023-11-12 00:46:59] PRINT 0.027983034029603004
[2023-11-12 00:46:59] PRINT =========
[2023-11-12 00:47:01] PRINT 72
[2023-11-12 00:47:01] PRINT 0.05006413534283638
[2023-11-12 00:47:01] PRINT =========
[2023-11-12 00:47:03] PRINT 74
[2023-11-12 00:47:03] PRINT 0.059562601149082184
[2023-11-12 00:47:03] PRINT =========
[2023-11-12 00:47:04] PRINT 76
[2023-11-12 00:47:04] PRINT 0.030953500419855118
[2023-11-12 00:47:04] PRINT =========
[2023-11-12 00:47:06] PRINT 78
[2023-11-12 00:47:06] PRINT 0.026842735707759857
[2023-11-12 00:47:06] PRINT =========
[2023-11-12 00:47:07] PRINT 80
[2023-11-12 00:47:07] PRINT 0.06593384593725204
[2023-11-12 00:47:07] PRINT =========
[2023-11-12 00:47:08] PRINT 82
[2023-11-12 00:47:08] PRINT 0.028359416872262955
[2023-11-12 00:47:08] PRINT =========
[2023-11-12 00:47:10] PRINT 84
[2023-11-12 00:47:10] PRINT 0.024266162887215614
[2023-11-12 00:47:10] PRINT =========
[2023-11-12 00:47:11] PRINT 86
[2023-11-12 00:47:11] PRINT 0.044508617371320724
[2023-11-12 00:47:11] PRINT =========
[2023-11-12 00:47:13] PRINT 88
[2023-11-12 00:47:13] PRINT 0.0647471696138382
[2023-11-12 00:47:13] PRINT =========
[2023-11-12 00:47:14] PRINT 90
[2023-11-12 00:47:14] PRINT 0.01380105596035719
[2023-11-12 00:47:14] PRINT =========
[2023-11-12 00:47:16] PRINT 92
[2023-11-12 00:47:16] PRINT 0.03897819668054581
[2023-11-12 00:47:16] PRINT =========
[2023-11-12 00:47:17] PRINT 94
[2023-11-12 00:47:17] PRINT 0.06191812828183174
[2023-11-12 00:47:17] PRINT =========
[2023-11-12 00:47:19] PRINT 96
[2023-11-12 00:47:19] PRINT 0.018616436049342155
[2023-11-12 00:47:19] PRINT =========
[2023-11-12 00:47:20] PRINT 98
[2023-11-12 00:47:20] PRINT 0.0547325424849987
[2023-11-12 00:47:20] PRINT =========
[2023-11-12 00:47:21] PRINT 100
[2023-11-12 00:47:21] PRINT 0.0361543707549572
[2023-11-12 00:47:21] PRINT =========
[2023-11-12 00:47:21] PRINT Average PSNR after pre-training: 19.364026507780565
[2023-11-12 00:47:26] PRINT Average PSNR after fine tuning :  nan
