[2023-11-12 01:22:27] INFO (nni.runtime.trial_command_channel.v3/MainThread) Connect to trial command channel http://localhost:8080/env/local-env/sGACO
[2023-11-12 01:22:27] PRINT Namespace(num_block=16, num_discriminator_blocks=3, conv_kernel_size=5, generator_depth=64, discriminator_depth=64, generator_activation='relu', discriminator_activation='leakyrelu', LR_path='custom_dataset/train_LR', GT_path='custom_dataset/train_HR', res_num=16, num_workers=0, batch_size=16, L2_coeff=1.0, adv_coeff=0.001, tv_loss_coeff=0.0, pre_train_epoch=100, fine_train_epoch=0, scale=4, patch_size=24, feat_layer='relu5_4', vgg_rescale_coeff=0.006, fine_tuning=False, in_memory=True, generator_path=None, mode='train')
[2023-11-12 01:22:37] PRINT 2
[2023-11-12 01:22:37] PRINT 0.4222579896450043
[2023-11-12 01:22:37] PRINT =========
[2023-11-12 01:22:38] PRINT 4
[2023-11-12 01:22:38] PRINT 0.09739408642053604
[2023-11-12 01:22:38] PRINT =========
[2023-11-12 01:22:40] PRINT 6
[2023-11-12 01:22:40] PRINT 0.1045868843793869
[2023-11-12 01:22:40] PRINT =========
[2023-11-12 01:22:41] PRINT 8
[2023-11-12 01:22:41] PRINT 0.11596520245075226
[2023-11-12 01:22:41] PRINT =========
[2023-11-12 01:22:43] PRINT 10
[2023-11-12 01:22:43] PRINT 0.09089739620685577
[2023-11-12 01:22:43] PRINT =========
[2023-11-12 01:22:44] PRINT 12
[2023-11-12 01:22:44] PRINT 0.23079459369182587
[2023-11-12 01:22:44] PRINT =========
[2023-11-12 01:22:46] PRINT 14
[2023-11-12 01:22:46] PRINT 0.13360944390296936
[2023-11-12 01:22:46] PRINT =========
[2023-11-12 01:22:47] PRINT 16
[2023-11-12 01:22:47] PRINT 0.06545885652303696
[2023-11-12 01:22:47] PRINT =========
[2023-11-12 01:22:48] PRINT 18
[2023-11-12 01:22:48] PRINT 0.09822481870651245
[2023-11-12 01:22:48] PRINT =========
[2023-11-12 01:22:50] PRINT 20
[2023-11-12 01:22:50] PRINT 0.0646989569067955
[2023-11-12 01:22:50] PRINT =========
[2023-11-12 01:22:51] PRINT 22
[2023-11-12 01:22:51] PRINT 0.0634690374135971
[2023-11-12 01:22:51] PRINT =========
[2023-11-12 01:22:52] PRINT 24
[2023-11-12 01:22:52] PRINT 0.06006013974547386
[2023-11-12 01:22:52] PRINT =========
[2023-11-12 01:22:54] PRINT 26
[2023-11-12 01:22:54] PRINT 0.07068025320768356
[2023-11-12 01:22:54] PRINT =========
[2023-11-12 01:22:55] PRINT 28
[2023-11-12 01:22:55] PRINT 0.10873671621084213
[2023-11-12 01:22:55] PRINT =========
[2023-11-12 01:22:57] PRINT 30
[2023-11-12 01:22:57] PRINT 0.08830992132425308
[2023-11-12 01:22:57] PRINT =========
[2023-11-12 01:22:58] PRINT 32
[2023-11-12 01:22:58] PRINT 0.05685890093445778
[2023-11-12 01:22:58] PRINT =========
[2023-11-12 01:22:59] PRINT 34
[2023-11-12 01:22:59] PRINT 0.1810094714164734
[2023-11-12 01:22:59] PRINT =========
[2023-11-12 01:23:01] PRINT 36
[2023-11-12 01:23:01] PRINT 0.11768625676631927
[2023-11-12 01:23:01] PRINT =========
[2023-11-12 01:23:02] PRINT 38
[2023-11-12 01:23:02] PRINT 0.19701361656188965
[2023-11-12 01:23:02] PRINT =========
[2023-11-12 01:23:04] PRINT 40
[2023-11-12 01:23:04] PRINT 0.11262305825948715
[2023-11-12 01:23:04] PRINT =========
[2023-11-12 01:23:07] PRINT 42
[2023-11-12 01:23:07] PRINT 0.08370272070169449
[2023-11-12 01:23:07] PRINT =========
[2023-11-12 01:23:09] PRINT 44
[2023-11-12 01:23:09] PRINT 0.045525215566158295
[2023-11-12 01:23:09] PRINT =========
[2023-11-12 01:23:12] PRINT 46
[2023-11-12 01:23:12] PRINT 0.0965496301651001
[2023-11-12 01:23:12] PRINT =========
[2023-11-12 01:23:14] PRINT 48
[2023-11-12 01:23:14] PRINT 0.04733109474182129
[2023-11-12 01:23:14] PRINT =========
[2023-11-12 01:23:16] PRINT 50
[2023-11-12 01:23:16] PRINT 0.11440557986497879
[2023-11-12 01:23:16] PRINT =========
[2023-11-12 01:23:18] PRINT 52
[2023-11-12 01:23:18] PRINT 0.06843370944261551
[2023-11-12 01:23:18] PRINT =========
[2023-11-12 01:23:21] PRINT 54
[2023-11-12 01:23:21] PRINT 0.13386531174182892
[2023-11-12 01:23:21] PRINT =========
[2023-11-12 01:23:23] PRINT 56
[2023-11-12 01:23:23] PRINT 0.07613900303840637
[2023-11-12 01:23:23] PRINT =========
[2023-11-12 01:23:25] PRINT 58
[2023-11-12 01:23:25] PRINT 0.11351274698972702
[2023-11-12 01:23:25] PRINT =========
[2023-11-12 01:23:26] PRINT 60
[2023-11-12 01:23:26] PRINT 0.0250630471855402
[2023-11-12 01:23:26] PRINT =========
[2023-11-12 01:23:27] PRINT 62
[2023-11-12 01:23:27] PRINT 0.05872158706188202
[2023-11-12 01:23:27] PRINT =========
[2023-11-12 01:23:29] PRINT 64
[2023-11-12 01:23:29] PRINT 0.05542094260454178
[2023-11-12 01:23:29] PRINT =========
[2023-11-12 01:23:30] PRINT 66
[2023-11-12 01:23:30] PRINT 0.06176171451807022
[2023-11-12 01:23:30] PRINT =========
[2023-11-12 01:23:32] PRINT 68
[2023-11-12 01:23:32] PRINT 0.09244237095117569
[2023-11-12 01:23:32] PRINT =========
[2023-11-12 01:23:33] PRINT 70
[2023-11-12 01:23:33] PRINT 0.045203905552625656
[2023-11-12 01:23:33] PRINT =========
[2023-11-12 01:23:34] PRINT 72
[2023-11-12 01:23:34] PRINT 0.054728928953409195
[2023-11-12 01:23:34] PRINT =========
[2023-11-12 01:23:36] PRINT 74
[2023-11-12 01:23:36] PRINT 0.08657365292310715
[2023-11-12 01:23:36] PRINT =========
[2023-11-12 01:23:38] PRINT 76
[2023-11-12 01:23:38] PRINT 0.07525262236595154
[2023-11-12 01:23:38] PRINT =========
[2023-11-12 01:23:40] PRINT 78
[2023-11-12 01:23:40] PRINT 0.03814368695020676
[2023-11-12 01:23:40] PRINT =========
[2023-11-12 01:23:42] PRINT 80
[2023-11-12 01:23:42] PRINT 0.02328968048095703
[2023-11-12 01:23:42] PRINT =========
[2023-11-12 01:23:44] PRINT 82
[2023-11-12 01:23:44] PRINT 0.03298850730061531
[2023-11-12 01:23:44] PRINT =========
[2023-11-12 01:23:46] PRINT 84
[2023-11-12 01:23:46] PRINT 0.051981229335069656
[2023-11-12 01:23:46] PRINT =========
[2023-11-12 01:23:48] PRINT 86
[2023-11-12 01:23:48] PRINT 0.05544886365532875
[2023-11-12 01:23:48] PRINT =========
[2023-11-12 01:23:50] PRINT 88
[2023-11-12 01:23:50] PRINT 0.030871346592903137
[2023-11-12 01:23:50] PRINT =========
[2023-11-12 01:23:53] PRINT 90
[2023-11-12 01:23:53] PRINT 0.04589102789759636
[2023-11-12 01:23:53] PRINT =========
[2023-11-12 01:23:55] PRINT 92
[2023-11-12 01:23:55] PRINT 0.05584719404578209
[2023-11-12 01:23:55] PRINT =========
[2023-11-12 01:23:58] PRINT 94
[2023-11-12 01:23:58] PRINT 0.05043924227356911
[2023-11-12 01:23:58] PRINT =========
[2023-11-12 01:24:00] PRINT 96
[2023-11-12 01:24:00] PRINT 0.0148725975304842
[2023-11-12 01:24:00] PRINT =========
[2023-11-12 01:24:02] PRINT 98
[2023-11-12 01:24:02] PRINT 0.019736463204026222
[2023-11-12 01:24:02] PRINT =========
[2023-11-12 01:24:04] PRINT 100
[2023-11-12 01:24:04] PRINT 0.04223434254527092
[2023-11-12 01:24:04] PRINT =========
[2023-11-12 01:24:04] PRINT Average PSNR after pre-training: 18.213670534078858
[2023-11-12 01:24:07] PRINT Average PSNR after fine tuning :  nan
