[2023-11-12 00:17:32] INFO (nni.runtime.trial_command_channel.v3/MainThread) Connect to trial command channel http://localhost:8080/env/local-env/e1WAz
[2023-11-12 00:17:32] PRINT Namespace(num_block=16, num_discriminator_blocks=4, conv_kernel_size=5, generator_depth=128, discriminator_depth=128, generator_activation='relu', discriminator_activation='leakyrelu', LR_path='custom_dataset/train_LR', GT_path='custom_dataset/train_HR', res_num=16, num_workers=0, batch_size=16, L2_coeff=1.0, adv_coeff=0.001, tv_loss_coeff=0.0, pre_train_epoch=100, fine_train_epoch=0, scale=4, patch_size=24, feat_layer='relu5_4', vgg_rescale_coeff=0.006, fine_tuning=False, in_memory=True, generator_path=None, mode='train')
[2023-11-12 00:17:42] PRINT 2
[2023-11-12 00:17:42] PRINT 0.21027125418186188
[2023-11-12 00:17:42] PRINT =========
[2023-11-12 00:17:43] PRINT 4
[2023-11-12 00:17:43] PRINT 0.1557629406452179
[2023-11-12 00:17:43] PRINT =========
[2023-11-12 00:17:45] PRINT 6
[2023-11-12 00:17:45] PRINT 0.08140793442726135
[2023-11-12 00:17:45] PRINT =========
[2023-11-12 00:17:47] PRINT 8
[2023-11-12 00:17:47] PRINT 0.18382301926612854
[2023-11-12 00:17:47] PRINT =========
[2023-11-12 00:17:48] PRINT 10
[2023-11-12 00:17:48] PRINT 0.1026071310043335
[2023-11-12 00:17:48] PRINT =========
[2023-11-12 00:17:50] PRINT 12
[2023-11-12 00:17:50] PRINT 0.049284812062978745
[2023-11-12 00:17:50] PRINT =========
[2023-11-12 00:17:52] PRINT 14
[2023-11-12 00:17:52] PRINT 0.09466782212257385
[2023-11-12 00:17:52] PRINT =========
[2023-11-12 00:17:53] PRINT 16
[2023-11-12 00:17:53] PRINT 0.1458681970834732
[2023-11-12 00:17:53] PRINT =========
[2023-11-12 00:17:55] PRINT 18
[2023-11-12 00:17:55] PRINT 0.13831989467144012
[2023-11-12 00:17:55] PRINT =========
[2023-11-12 00:17:57] PRINT 20
[2023-11-12 00:17:57] PRINT 0.0981779620051384
[2023-11-12 00:17:57] PRINT =========
[2023-11-12 00:17:59] PRINT 22
[2023-11-12 00:17:59] PRINT 0.13449321687221527
[2023-11-12 00:17:59] PRINT =========
[2023-11-12 00:18:00] PRINT 24
[2023-11-12 00:18:00] PRINT 0.06427982449531555
[2023-11-12 00:18:00] PRINT =========
[2023-11-12 00:18:02] PRINT 26
[2023-11-12 00:18:02] PRINT 0.10469590127468109
[2023-11-12 00:18:02] PRINT =========
[2023-11-12 00:18:04] PRINT 28
[2023-11-12 00:18:04] PRINT 0.06728553771972656
[2023-11-12 00:18:04] PRINT =========
[2023-11-12 00:18:05] PRINT 30
[2023-11-12 00:18:05] PRINT 0.06745205074548721
[2023-11-12 00:18:05] PRINT =========
[2023-11-12 00:18:07] PRINT 32
[2023-11-12 00:18:07] PRINT 0.09288389980792999
[2023-11-12 00:18:07] PRINT =========
[2023-11-12 00:18:09] PRINT 34
[2023-11-12 00:18:09] PRINT 0.06798313558101654
[2023-11-12 00:18:09] PRINT =========
[2023-11-12 00:18:10] PRINT 36
[2023-11-12 00:18:10] PRINT 0.039736922830343246
[2023-11-12 00:18:10] PRINT =========
[2023-11-12 00:18:12] PRINT 38
[2023-11-12 00:18:12] PRINT 0.06446636468172073
[2023-11-12 00:18:12] PRINT =========
[2023-11-12 00:18:14] PRINT 40
[2023-11-12 00:18:14] PRINT 0.04350418597459793
[2023-11-12 00:18:14] PRINT =========
[2023-11-12 00:18:16] PRINT 42
[2023-11-12 00:18:16] PRINT 0.04922067001461983
[2023-11-12 00:18:16] PRINT =========
[2023-11-12 00:18:18] PRINT 44
[2023-11-12 00:18:18] PRINT 0.07422663271427155
[2023-11-12 00:18:18] PRINT =========
[2023-11-12 00:18:19] PRINT 46
[2023-11-12 00:18:19] PRINT 0.0572364367544651
[2023-11-12 00:18:19] PRINT =========
[2023-11-12 00:18:21] PRINT 48
[2023-11-12 00:18:21] PRINT 0.03387659043073654
[2023-11-12 00:18:21] PRINT =========
[2023-11-12 00:18:22] PRINT 50
[2023-11-12 00:18:22] PRINT 0.05851178616285324
[2023-11-12 00:18:22] PRINT =========
[2023-11-12 00:18:24] PRINT 52
[2023-11-12 00:18:24] PRINT 0.03428928926587105
[2023-11-12 00:18:24] PRINT =========
[2023-11-12 00:18:26] PRINT 54
[2023-11-12 00:18:26] PRINT 0.029686663299798965
[2023-11-12 00:18:26] PRINT =========
[2023-11-12 00:18:28] PRINT 56
[2023-11-12 00:18:28] PRINT 0.028943922370672226
[2023-11-12 00:18:28] PRINT =========
[2023-11-12 00:18:30] PRINT 58
[2023-11-12 00:18:30] PRINT 0.04070531204342842
[2023-11-12 00:18:30] PRINT =========
[2023-11-12 00:18:31] PRINT 60
[2023-11-12 00:18:31] PRINT 0.04552623629570007
[2023-11-12 00:18:31] PRINT =========
[2023-11-12 00:18:33] PRINT 62
[2023-11-12 00:18:33] PRINT 0.051218051463365555
[2023-11-12 00:18:33] PRINT =========
[2023-11-12 00:18:35] PRINT 64
[2023-11-12 00:18:36] PRINT 0.05151126906275749
[2023-11-12 00:18:36] PRINT =========
[2023-11-12 00:18:37] PRINT 66
[2023-11-12 00:18:37] PRINT 0.06551684439182281
[2023-11-12 00:18:37] PRINT =========
[2023-11-12 00:18:39] PRINT 68
[2023-11-12 00:18:39] PRINT 0.04584691300988197
[2023-11-12 00:18:39] PRINT =========
[2023-11-12 00:18:41] PRINT 70
[2023-11-12 00:18:41] PRINT 0.06441165506839752
[2023-11-12 00:18:41] PRINT =========
[2023-11-12 00:18:43] PRINT 72
[2023-11-12 00:18:43] PRINT 0.045833658427000046
[2023-11-12 00:18:43] PRINT =========
[2023-11-12 00:18:44] PRINT 74
[2023-11-12 00:18:45] PRINT 0.02404138818383217
[2023-11-12 00:18:45] PRINT =========
[2023-11-12 00:18:47] PRINT 76
[2023-11-12 00:18:47] PRINT 0.023160453885793686
[2023-11-12 00:18:47] PRINT =========
[2023-11-12 00:18:48] PRINT 78
[2023-11-12 00:18:48] PRINT 0.034614186733961105
[2023-11-12 00:18:48] PRINT =========
[2023-11-12 00:18:50] PRINT 80
[2023-11-12 00:18:50] PRINT 0.03511083498597145
[2023-11-12 00:18:50] PRINT =========
[2023-11-12 00:18:52] PRINT 82
[2023-11-12 00:18:52] PRINT 0.021029820665717125
[2023-11-12 00:18:52] PRINT =========
[2023-11-12 00:18:53] PRINT 84
[2023-11-12 00:18:53] PRINT 0.035285115242004395
[2023-11-12 00:18:53] PRINT =========
[2023-11-12 00:18:55] PRINT 86
[2023-11-12 00:18:55] PRINT 0.02368205599486828
[2023-11-12 00:18:55] PRINT =========
[2023-11-12 00:18:57] PRINT 88
[2023-11-12 00:18:57] PRINT 0.038714244961738586
[2023-11-12 00:18:57] PRINT =========
[2023-11-12 00:18:58] PRINT 90
[2023-11-12 00:18:58] PRINT 0.03188769146800041
[2023-11-12 00:18:58] PRINT =========
[2023-11-12 00:19:00] PRINT 92
[2023-11-12 00:19:00] PRINT 0.03230174258351326
[2023-11-12 00:19:00] PRINT =========
[2023-11-12 00:19:02] PRINT 94
[2023-11-12 00:19:02] PRINT 0.03398387134075165
[2023-11-12 00:19:02] PRINT =========
[2023-11-12 00:19:03] PRINT 96
[2023-11-12 00:19:03] PRINT 0.03605380281805992
[2023-11-12 00:19:03] PRINT =========
[2023-11-12 00:19:05] PRINT 98
[2023-11-12 00:19:05] PRINT 0.033475685864686966
[2023-11-12 00:19:05] PRINT =========
[2023-11-12 00:19:07] PRINT 100
[2023-11-12 00:19:07] PRINT 0.05177341774106026
[2023-11-12 00:19:07] PRINT =========
[2023-11-12 00:19:07] PRINT Average PSNR after pre-training: 18.843486415572475
[2023-11-12 00:19:13] PRINT Average PSNR after fine tuning :  nan
