[2023-11-12 00:59:05] INFO (nni.runtime.trial_command_channel.v3/MainThread) Connect to trial command channel http://localhost:8080/env/local-env/UrR86
[2023-11-12 00:59:05] PRINT Namespace(num_block=8, num_discriminator_blocks=4, conv_kernel_size=3, generator_depth=128, discriminator_depth=128, generator_activation='relu', discriminator_activation='leakyrelu', LR_path='custom_dataset/train_LR', GT_path='custom_dataset/train_HR', res_num=16, num_workers=0, batch_size=16, L2_coeff=1.0, adv_coeff=0.001, tv_loss_coeff=0.0, pre_train_epoch=100, fine_train_epoch=0, scale=4, patch_size=24, feat_layer='relu5_4', vgg_rescale_coeff=0.006, fine_tuning=False, in_memory=True, generator_path=None, mode='train')
[2023-11-12 00:59:14] PRINT 2
[2023-11-12 00:59:14] PRINT 0.09867244213819504
[2023-11-12 00:59:14] PRINT =========
[2023-11-12 00:59:16] PRINT 4
[2023-11-12 00:59:16] PRINT 0.1633414477109909
[2023-11-12 00:59:16] PRINT =========
[2023-11-12 00:59:17] PRINT 6
[2023-11-12 00:59:17] PRINT 0.16991354525089264
[2023-11-12 00:59:17] PRINT =========
[2023-11-12 00:59:19] PRINT 8
[2023-11-12 00:59:19] PRINT 0.07456016540527344
[2023-11-12 00:59:19] PRINT =========
[2023-11-12 00:59:20] PRINT 10
[2023-11-12 00:59:20] PRINT 0.058210134506225586
[2023-11-12 00:59:20] PRINT =========
[2023-11-12 00:59:22] PRINT 12
[2023-11-12 00:59:22] PRINT 0.06305812299251556
[2023-11-12 00:59:22] PRINT =========
[2023-11-12 00:59:23] PRINT 14
[2023-11-12 00:59:23] PRINT 0.06819392740726471
[2023-11-12 00:59:23] PRINT =========
[2023-11-12 00:59:25] PRINT 16
[2023-11-12 00:59:25] PRINT 0.07766656577587128
[2023-11-12 00:59:25] PRINT =========
[2023-11-12 00:59:27] PRINT 18
[2023-11-12 00:59:27] PRINT 0.03684867173433304
[2023-11-12 00:59:27] PRINT =========
[2023-11-12 00:59:28] PRINT 20
[2023-11-12 00:59:28] PRINT 0.15349285304546356
[2023-11-12 00:59:28] PRINT =========
[2023-11-12 00:59:30] PRINT 22
[2023-11-12 00:59:30] PRINT 0.11930648237466812
[2023-11-12 00:59:30] PRINT =========
[2023-11-12 00:59:31] PRINT 24
[2023-11-12 00:59:31] PRINT 0.08349475264549255
[2023-11-12 00:59:31] PRINT =========
[2023-11-12 00:59:33] PRINT 26
[2023-11-12 00:59:33] PRINT 0.04595320299267769
[2023-11-12 00:59:33] PRINT =========
[2023-11-12 00:59:34] PRINT 28
[2023-11-12 00:59:34] PRINT 0.12569087743759155
[2023-11-12 00:59:34] PRINT =========
[2023-11-12 00:59:36] PRINT 30
[2023-11-12 00:59:36] PRINT 0.0634794607758522
[2023-11-12 00:59:36] PRINT =========
[2023-11-12 00:59:38] PRINT 32
[2023-11-12 00:59:38] PRINT 0.08295319229364395
[2023-11-12 00:59:38] PRINT =========
[2023-11-12 00:59:39] PRINT 34
[2023-11-12 00:59:39] PRINT 0.08208099752664566
[2023-11-12 00:59:39] PRINT =========
[2023-11-12 00:59:41] PRINT 36
[2023-11-12 00:59:41] PRINT 0.08530152589082718
[2023-11-12 00:59:41] PRINT =========
[2023-11-12 00:59:42] PRINT 38
[2023-11-12 00:59:42] PRINT 0.05022597312927246
[2023-11-12 00:59:42] PRINT =========
[2023-11-12 00:59:44] PRINT 40
[2023-11-12 00:59:44] PRINT 0.04246561601758003
[2023-11-12 00:59:44] PRINT =========
[2023-11-12 00:59:45] PRINT 42
[2023-11-12 00:59:45] PRINT 0.03220822662115097
[2023-11-12 00:59:45] PRINT =========
[2023-11-12 00:59:47] PRINT 44
[2023-11-12 00:59:47] PRINT 0.032764360308647156
[2023-11-12 00:59:47] PRINT =========
[2023-11-12 00:59:49] PRINT 46
[2023-11-12 00:59:49] PRINT 0.04015221819281578
[2023-11-12 00:59:49] PRINT =========
[2023-11-12 00:59:50] PRINT 48
[2023-11-12 00:59:50] PRINT 0.03283832594752312
[2023-11-12 00:59:50] PRINT =========
[2023-11-12 00:59:52] PRINT 50
[2023-11-12 00:59:52] PRINT 0.02908306196331978
[2023-11-12 00:59:52] PRINT =========
[2023-11-12 00:59:53] PRINT 52
[2023-11-12 00:59:53] PRINT 0.061520595103502274
[2023-11-12 00:59:53] PRINT =========
[2023-11-12 00:59:55] PRINT 54
[2023-11-12 00:59:55] PRINT 0.12120526283979416
[2023-11-12 00:59:55] PRINT =========
[2023-11-12 00:59:56] PRINT 56
[2023-11-12 00:59:56] PRINT 0.06842803955078125
[2023-11-12 00:59:56] PRINT =========
[2023-11-12 00:59:58] PRINT 58
[2023-11-12 00:59:58] PRINT 0.06208377331495285
[2023-11-12 00:59:58] PRINT =========
[2023-11-12 01:00:00] PRINT 60
[2023-11-12 01:00:00] PRINT 0.060130491852760315
[2023-11-12 01:00:00] PRINT =========
[2023-11-12 01:00:01] PRINT 62
[2023-11-12 01:00:01] PRINT 0.029503149911761284
[2023-11-12 01:00:01] PRINT =========
[2023-11-12 01:00:03] PRINT 64
[2023-11-12 01:00:03] PRINT 0.03231906518340111
[2023-11-12 01:00:03] PRINT =========
[2023-11-12 01:00:04] PRINT 66
[2023-11-12 01:00:04] PRINT 0.03538959473371506
[2023-11-12 01:00:04] PRINT =========
[2023-11-12 01:00:06] PRINT 68
[2023-11-12 01:00:06] PRINT 0.05398358404636383
[2023-11-12 01:00:06] PRINT =========
[2023-11-12 01:00:07] PRINT 70
[2023-11-12 01:00:07] PRINT 0.08048687875270844
[2023-11-12 01:00:07] PRINT =========
[2023-11-12 01:00:09] PRINT 72
[2023-11-12 01:00:09] PRINT 0.053338341414928436
[2023-11-12 01:00:09] PRINT =========
[2023-11-12 01:00:10] PRINT 74
[2023-11-12 01:00:10] PRINT 0.04514091834425926
[2023-11-12 01:00:10] PRINT =========
[2023-11-12 01:00:12] PRINT 76
[2023-11-12 01:00:12] PRINT 0.05232260376214981
[2023-11-12 01:00:12] PRINT =========
[2023-11-12 01:00:13] PRINT 78
[2023-11-12 01:00:13] PRINT 0.04107126221060753
[2023-11-12 01:00:13] PRINT =========
[2023-11-12 01:00:15] PRINT 80
[2023-11-12 01:00:15] PRINT 0.037116002291440964
[2023-11-12 01:00:15] PRINT =========
[2023-11-12 01:00:16] PRINT 82
[2023-11-12 01:00:16] PRINT 0.04134933277964592
[2023-11-12 01:00:16] PRINT =========
[2023-11-12 01:00:18] PRINT 84
[2023-11-12 01:00:18] PRINT 0.011677062138915062
[2023-11-12 01:00:18] PRINT =========
[2023-11-12 01:00:20] PRINT 86
[2023-11-12 01:00:20] PRINT 0.053262241184711456
[2023-11-12 01:00:20] PRINT =========
[2023-11-12 01:00:21] PRINT 88
[2023-11-12 01:00:21] PRINT 0.042972978204488754
[2023-11-12 01:00:21] PRINT =========
[2023-11-12 01:00:23] PRINT 90
[2023-11-12 01:00:23] PRINT 0.058977510780096054
[2023-11-12 01:00:23] PRINT =========
[2023-11-12 01:00:24] PRINT 92
[2023-11-12 01:00:24] PRINT 0.04911036044359207
[2023-11-12 01:00:24] PRINT =========
[2023-11-12 01:00:26] PRINT 94
[2023-11-12 01:00:26] PRINT 0.023207711055874825
[2023-11-12 01:00:26] PRINT =========
[2023-11-12 01:00:27] PRINT 96
[2023-11-12 01:00:27] PRINT 0.03784701228141785
[2023-11-12 01:00:27] PRINT =========
[2023-11-12 01:00:29] PRINT 98
[2023-11-12 01:00:29] PRINT 0.04005679860711098
[2023-11-12 01:00:29] PRINT =========
[2023-11-12 01:00:30] PRINT 100
[2023-11-12 01:00:30] PRINT 0.0400119349360466
[2023-11-12 01:00:30] PRINT =========
[2023-11-12 01:00:30] PRINT Average PSNR after pre-training: 19.11067306101579
[2023-11-12 01:00:36] PRINT Average PSNR after fine tuning :  nan
