[2023-11-12 00:38:20] INFO (nni.runtime.trial_command_channel.v3/MainThread) Connect to trial command channel http://localhost:8080/env/local-env/Z5W2W
[2023-11-12 00:38:20] PRINT Namespace(num_block=8, num_discriminator_blocks=3, conv_kernel_size=3, generator_depth=128, discriminator_depth=64, generator_activation='relu', discriminator_activation='leakyrelu', LR_path='custom_dataset/train_LR', GT_path='custom_dataset/train_HR', res_num=16, num_workers=0, batch_size=16, L2_coeff=1.0, adv_coeff=0.001, tv_loss_coeff=0.0, pre_train_epoch=100, fine_train_epoch=0, scale=4, patch_size=24, feat_layer='relu5_4', vgg_rescale_coeff=0.006, fine_tuning=False, in_memory=True, generator_path=None, mode='train')
[2023-11-12 00:38:28] PRINT 2
[2023-11-12 00:38:28] PRINT 0.218184232711792
[2023-11-12 00:38:28] PRINT =========
[2023-11-12 00:38:29] PRINT 4
[2023-11-12 00:38:29] PRINT 0.07567591220140457
[2023-11-12 00:38:29] PRINT =========
[2023-11-12 00:38:31] PRINT 6
[2023-11-12 00:38:31] PRINT 0.06711016595363617
[2023-11-12 00:38:31] PRINT =========
[2023-11-12 00:38:32] PRINT 8
[2023-11-12 00:38:32] PRINT 0.14248326420783997
[2023-11-12 00:38:32] PRINT =========
[2023-11-12 00:38:34] PRINT 10
[2023-11-12 00:38:34] PRINT 0.08155683428049088
[2023-11-12 00:38:34] PRINT =========
[2023-11-12 00:38:35] PRINT 12
[2023-11-12 00:38:35] PRINT 0.17084263265132904
[2023-11-12 00:38:35] PRINT =========
[2023-11-12 00:38:37] PRINT 14
[2023-11-12 00:38:37] PRINT 0.11773379147052765
[2023-11-12 00:38:37] PRINT =========
[2023-11-12 00:38:38] PRINT 16
[2023-11-12 00:38:38] PRINT 0.04456423968076706
[2023-11-12 00:38:38] PRINT =========
[2023-11-12 00:38:40] PRINT 18
[2023-11-12 00:38:40] PRINT 0.04401343688368797
[2023-11-12 00:38:40] PRINT =========
[2023-11-12 00:38:42] PRINT 20
[2023-11-12 00:38:42] PRINT 0.06012967973947525
[2023-11-12 00:38:42] PRINT =========
[2023-11-12 00:38:44] PRINT 22
[2023-11-12 00:38:44] PRINT 0.16035683453083038
[2023-11-12 00:38:44] PRINT =========
[2023-11-12 00:38:46] PRINT 24
[2023-11-12 00:38:46] PRINT 0.057431116700172424
[2023-11-12 00:38:46] PRINT =========
[2023-11-12 00:38:48] PRINT 26
[2023-11-12 00:38:48] PRINT 0.05749067664146423
[2023-11-12 00:38:48] PRINT =========
[2023-11-12 00:38:49] PRINT 28
[2023-11-12 00:38:49] PRINT 0.06251408159732819
[2023-11-12 00:38:49] PRINT =========
[2023-11-12 00:38:51] PRINT 30
[2023-11-12 00:38:51] PRINT 0.10991954058408737
[2023-11-12 00:38:51] PRINT =========
[2023-11-12 00:38:53] PRINT 32
[2023-11-12 00:38:53] PRINT 0.11363477259874344
[2023-11-12 00:38:53] PRINT =========
[2023-11-12 00:38:55] PRINT 34
[2023-11-12 00:38:55] PRINT 0.046635229140520096
[2023-11-12 00:38:55] PRINT =========
[2023-11-12 00:38:56] PRINT 36
[2023-11-12 00:38:56] PRINT 0.07941025495529175
[2023-11-12 00:38:56] PRINT =========
[2023-11-12 00:38:58] PRINT 38
[2023-11-12 00:38:58] PRINT 0.047953445464372635
[2023-11-12 00:38:58] PRINT =========
[2023-11-12 00:38:59] PRINT 40
[2023-11-12 00:38:59] PRINT 0.05663246661424637
[2023-11-12 00:38:59] PRINT =========
[2023-11-12 00:39:01] PRINT 42
[2023-11-12 00:39:01] PRINT 0.0651828870177269
[2023-11-12 00:39:01] PRINT =========
[2023-11-12 00:39:02] PRINT 44
[2023-11-12 00:39:02] PRINT 0.07288862764835358
[2023-11-12 00:39:02] PRINT =========
[2023-11-12 00:39:03] PRINT 46
[2023-11-12 00:39:03] PRINT 0.06919199228286743
[2023-11-12 00:39:03] PRINT =========
[2023-11-12 00:39:05] PRINT 48
[2023-11-12 00:39:05] PRINT 0.05234095826745033
[2023-11-12 00:39:05] PRINT =========
[2023-11-12 00:39:06] PRINT 50
[2023-11-12 00:39:06] PRINT 0.04235730320215225
[2023-11-12 00:39:06] PRINT =========
[2023-11-12 00:39:07] PRINT 52
[2023-11-12 00:39:07] PRINT 0.05947139859199524
[2023-11-12 00:39:07] PRINT =========
[2023-11-12 00:39:09] PRINT 54
[2023-11-12 00:39:09] PRINT 0.036256175488233566
[2023-11-12 00:39:09] PRINT =========
[2023-11-12 00:39:10] PRINT 56
[2023-11-12 00:39:10] PRINT 0.028983231633901596
[2023-11-12 00:39:10] PRINT =========
[2023-11-12 00:39:11] PRINT 58
[2023-11-12 00:39:11] PRINT 0.06681929528713226
[2023-11-12 00:39:11] PRINT =========
[2023-11-12 00:39:13] PRINT 60
[2023-11-12 00:39:13] PRINT 0.04694659635424614
[2023-11-12 00:39:13] PRINT =========
[2023-11-12 00:39:14] PRINT 62
[2023-11-12 00:39:14] PRINT 0.025536762550473213
[2023-11-12 00:39:14] PRINT =========
[2023-11-12 00:39:16] PRINT 64
[2023-11-12 00:39:16] PRINT 0.04247232899069786
[2023-11-12 00:39:16] PRINT =========
[2023-11-12 00:39:17] PRINT 66
[2023-11-12 00:39:17] PRINT 0.04776070639491081
[2023-11-12 00:39:17] PRINT =========
[2023-11-12 00:39:18] PRINT 68
[2023-11-12 00:39:18] PRINT 0.050322651863098145
[2023-11-12 00:39:18] PRINT =========
[2023-11-12 00:39:20] PRINT 70
[2023-11-12 00:39:20] PRINT 0.09086848050355911
[2023-11-12 00:39:20] PRINT =========
[2023-11-12 00:39:21] PRINT 72
[2023-11-12 00:39:21] PRINT 0.07066930085420609
[2023-11-12 00:39:21] PRINT =========
[2023-11-12 00:39:22] PRINT 74
[2023-11-12 00:39:22] PRINT 0.06081678345799446
[2023-11-12 00:39:22] PRINT =========
[2023-11-12 00:39:24] PRINT 76
[2023-11-12 00:39:24] PRINT 0.07829252630472183
[2023-11-12 00:39:24] PRINT =========
[2023-11-12 00:39:26] PRINT 78
[2023-11-12 00:39:26] PRINT 0.051631636917591095
[2023-11-12 00:39:26] PRINT =========
[2023-11-12 00:39:27] PRINT 80
[2023-11-12 00:39:27] PRINT 0.05327991396188736
[2023-11-12 00:39:27] PRINT =========
[2023-11-12 00:39:28] PRINT 82
[2023-11-12 00:39:28] PRINT 0.034036390483379364
[2023-11-12 00:39:28] PRINT =========
[2023-11-12 00:39:30] PRINT 84
[2023-11-12 00:39:30] PRINT 0.04223159700632095
[2023-11-12 00:39:30] PRINT =========
[2023-11-12 00:39:31] PRINT 86
[2023-11-12 00:39:31] PRINT 0.049638740718364716
[2023-11-12 00:39:31] PRINT =========
[2023-11-12 00:39:32] PRINT 88
[2023-11-12 00:39:32] PRINT 0.01828579045832157
[2023-11-12 00:39:32] PRINT =========
[2023-11-12 00:39:34] PRINT 90
[2023-11-12 00:39:34] PRINT 0.0371832437813282
[2023-11-12 00:39:34] PRINT =========
[2023-11-12 00:39:35] PRINT 92
[2023-11-12 00:39:35] PRINT 0.06561502069234848
[2023-11-12 00:39:35] PRINT =========
[2023-11-12 00:39:37] PRINT 94
[2023-11-12 00:39:37] PRINT 0.06479360908269882
[2023-11-12 00:39:37] PRINT =========
[2023-11-12 00:39:38] PRINT 96
[2023-11-12 00:39:38] PRINT 0.05704260617494583
[2023-11-12 00:39:38] PRINT =========
[2023-11-12 00:39:39] PRINT 98
[2023-11-12 00:39:39] PRINT 0.029398679733276367
[2023-11-12 00:39:39] PRINT =========
[2023-11-12 00:39:41] PRINT 100
[2023-11-12 00:39:41] PRINT 0.05475617200136185
[2023-11-12 00:39:41] PRINT =========
[2023-11-12 00:39:41] PRINT Average PSNR after pre-training: 18.930566353822563
[2023-11-12 00:39:43] PRINT Average PSNR after fine tuning :  nan
