[2023-11-12 00:25:38] INFO (nni.runtime.trial_command_channel.v3/MainThread) Connect to trial command channel http://localhost:8080/env/local-env/DMsiT
[2023-11-12 00:25:38] PRINT Namespace(num_block=16, num_discriminator_blocks=3, conv_kernel_size=3, generator_depth=128, discriminator_depth=64, generator_activation='relu', discriminator_activation='leakyrelu', LR_path='custom_dataset/train_LR', GT_path='custom_dataset/train_HR', res_num=16, num_workers=0, batch_size=16, L2_coeff=1.0, adv_coeff=0.001, tv_loss_coeff=0.0, pre_train_epoch=100, fine_train_epoch=0, scale=4, patch_size=24, feat_layer='relu5_4', vgg_rescale_coeff=0.006, fine_tuning=False, in_memory=True, generator_path=None, mode='train')
[2023-11-12 00:25:49] PRINT 2
[2023-11-12 00:25:49] PRINT 0.1412935107946396
[2023-11-12 00:25:49] PRINT =========
[2023-11-12 00:25:51] PRINT 4
[2023-11-12 00:25:51] PRINT 0.14997456967830658
[2023-11-12 00:25:51] PRINT =========
[2023-11-12 00:25:52] PRINT 6
[2023-11-12 00:25:52] PRINT 0.1770184338092804
[2023-11-12 00:25:52] PRINT =========
[2023-11-12 00:25:54] PRINT 8
[2023-11-12 00:25:54] PRINT 0.04627422243356705
[2023-11-12 00:25:54] PRINT =========
[2023-11-12 00:25:55] PRINT 10
[2023-11-12 00:25:55] PRINT 0.07810129970312119
[2023-11-12 00:25:55] PRINT =========
[2023-11-12 00:25:57] PRINT 12
[2023-11-12 00:25:57] PRINT 0.09242662787437439
[2023-11-12 00:25:57] PRINT =========
[2023-11-12 00:25:58] PRINT 14
[2023-11-12 00:25:58] PRINT 0.1496889293193817
[2023-11-12 00:25:58] PRINT =========
[2023-11-12 00:26:00] PRINT 16
[2023-11-12 00:26:00] PRINT 0.08943809568881989
[2023-11-12 00:26:00] PRINT =========
[2023-11-12 00:26:02] PRINT 18
[2023-11-12 00:26:02] PRINT 0.0981202945113182
[2023-11-12 00:26:02] PRINT =========
[2023-11-12 00:26:03] PRINT 20
[2023-11-12 00:26:03] PRINT 0.10231634229421616
[2023-11-12 00:26:03] PRINT =========
[2023-11-12 00:26:05] PRINT 22
[2023-11-12 00:26:05] PRINT 0.05887681618332863
[2023-11-12 00:26:05] PRINT =========
[2023-11-12 00:26:07] PRINT 24
[2023-11-12 00:26:07] PRINT 0.10672348737716675
[2023-11-12 00:26:07] PRINT =========
[2023-11-12 00:26:08] PRINT 26
[2023-11-12 00:26:08] PRINT 0.12313499301671982
[2023-11-12 00:26:08] PRINT =========
[2023-11-12 00:26:10] PRINT 28
[2023-11-12 00:26:10] PRINT 0.08220766484737396
[2023-11-12 00:26:10] PRINT =========
[2023-11-12 00:26:11] PRINT 30
[2023-11-12 00:26:11] PRINT 0.05706925690174103
[2023-11-12 00:26:11] PRINT =========
[2023-11-12 00:26:13] PRINT 32
[2023-11-12 00:26:13] PRINT 0.0596606470644474
[2023-11-12 00:26:13] PRINT =========
[2023-11-12 00:26:14] PRINT 34
[2023-11-12 00:26:15] PRINT 0.06869831681251526
[2023-11-12 00:26:15] PRINT =========
[2023-11-12 00:26:16] PRINT 36
[2023-11-12 00:26:16] PRINT 0.117176353931427
[2023-11-12 00:26:16] PRINT =========
[2023-11-12 00:26:18] PRINT 38
[2023-11-12 00:26:18] PRINT 0.03713209182024002
[2023-11-12 00:26:18] PRINT =========
[2023-11-12 00:26:19] PRINT 40
[2023-11-12 00:26:19] PRINT 0.040709663182497025
[2023-11-12 00:26:19] PRINT =========
[2023-11-12 00:26:21] PRINT 42
[2023-11-12 00:26:21] PRINT 0.07193523645401001
[2023-11-12 00:26:21] PRINT =========
[2023-11-12 00:26:22] PRINT 44
[2023-11-12 00:26:22] PRINT 0.03516004979610443
[2023-11-12 00:26:22] PRINT =========
[2023-11-12 00:26:24] PRINT 46
[2023-11-12 00:26:24] PRINT 0.0251136664301157
[2023-11-12 00:26:24] PRINT =========
[2023-11-12 00:26:26] PRINT 48
[2023-11-12 00:26:26] PRINT 0.052670009434223175
[2023-11-12 00:26:26] PRINT =========
[2023-11-12 00:26:27] PRINT 50
[2023-11-12 00:26:27] PRINT 0.09836714714765549
[2023-11-12 00:26:27] PRINT =========
[2023-11-12 00:26:29] PRINT 52
[2023-11-12 00:26:29] PRINT 0.06327389925718307
[2023-11-12 00:26:29] PRINT =========
[2023-11-12 00:26:31] PRINT 54
[2023-11-12 00:26:31] PRINT 0.080794557929039
[2023-11-12 00:26:31] PRINT =========
[2023-11-12 00:26:33] PRINT 56
[2023-11-12 00:26:33] PRINT 0.052320897579193115
[2023-11-12 00:26:33] PRINT =========
[2023-11-12 00:26:35] PRINT 58
[2023-11-12 00:26:35] PRINT 0.04655216261744499
[2023-11-12 00:26:35] PRINT =========
[2023-11-12 00:26:37] PRINT 60
[2023-11-12 00:26:37] PRINT 0.09062308073043823
[2023-11-12 00:26:37] PRINT =========
[2023-11-12 00:26:38] PRINT 62
[2023-11-12 00:26:38] PRINT 0.095600426197052
[2023-11-12 00:26:38] PRINT =========
[2023-11-12 00:26:40] PRINT 64
[2023-11-12 00:26:40] PRINT 0.048520974814891815
[2023-11-12 00:26:40] PRINT =========
[2023-11-12 00:26:42] PRINT 66
[2023-11-12 00:26:42] PRINT 0.062440674751996994
[2023-11-12 00:26:42] PRINT =========
[2023-11-12 00:26:44] PRINT 68
[2023-11-12 00:26:44] PRINT 0.03305559605360031
[2023-11-12 00:26:44] PRINT =========
[2023-11-12 00:26:46] PRINT 70
[2023-11-12 00:26:46] PRINT 0.05793153867125511
[2023-11-12 00:26:46] PRINT =========
[2023-11-12 00:26:47] PRINT 72
[2023-11-12 00:26:47] PRINT 0.04072533920407295
[2023-11-12 00:26:47] PRINT =========
[2023-11-12 00:26:49] PRINT 74
[2023-11-12 00:26:49] PRINT 0.034018371254205704
[2023-11-12 00:26:49] PRINT =========
[2023-11-12 00:26:51] PRINT 76
[2023-11-12 00:26:51] PRINT 0.05307001993060112
[2023-11-12 00:26:51] PRINT =========
[2023-11-12 00:26:52] PRINT 78
[2023-11-12 00:26:52] PRINT 0.0587739460170269
[2023-11-12 00:26:52] PRINT =========
[2023-11-12 00:26:54] PRINT 80
[2023-11-12 00:26:54] PRINT 0.08094783872365952
[2023-11-12 00:26:54] PRINT =========
[2023-11-12 00:26:56] PRINT 82
[2023-11-12 00:26:56] PRINT 0.03011166676878929
[2023-11-12 00:26:56] PRINT =========
[2023-11-12 00:26:57] PRINT 84
[2023-11-12 00:26:57] PRINT 0.055439308285713196
[2023-11-12 00:26:57] PRINT =========
[2023-11-12 00:26:59] PRINT 86
[2023-11-12 00:26:59] PRINT 0.044249314814805984
[2023-11-12 00:26:59] PRINT =========
[2023-11-12 00:27:00] PRINT 88
[2023-11-12 00:27:00] PRINT 0.07940038293600082
[2023-11-12 00:27:00] PRINT =========
[2023-11-12 00:27:02] PRINT 90
[2023-11-12 00:27:02] PRINT 0.03918511047959328
[2023-11-12 00:27:02] PRINT =========
[2023-11-12 00:27:04] PRINT 92
[2023-11-12 00:27:04] PRINT 0.023403000086545944
[2023-11-12 00:27:04] PRINT =========
[2023-11-12 00:27:05] PRINT 94
[2023-11-12 00:27:05] PRINT 0.018949249759316444
[2023-11-12 00:27:05] PRINT =========
[2023-11-12 00:27:07] PRINT 96
[2023-11-12 00:27:07] PRINT 0.03521741181612015
[2023-11-12 00:27:07] PRINT =========
[2023-11-12 00:27:09] PRINT 98
[2023-11-12 00:27:09] PRINT 0.053038179874420166
[2023-11-12 00:27:09] PRINT =========
[2023-11-12 00:27:10] PRINT 100
[2023-11-12 00:27:10] PRINT 0.03146187961101532
[2023-11-12 00:27:10] PRINT =========
[2023-11-12 00:27:10] PRINT Average PSNR after pre-training: 18.940852686745085
[2023-11-12 00:27:15] PRINT Average PSNR after fine tuning :  nan
