[2023-11-12 00:28:58] INFO (nni.runtime.trial_command_channel.v3/MainThread) Connect to trial command channel http://localhost:8080/env/local-env/qRr7s
[2023-11-12 00:28:58] PRINT Namespace(num_block=16, num_discriminator_blocks=4, conv_kernel_size=5, generator_depth=64, discriminator_depth=128, generator_activation='relu', discriminator_activation='leakyrelu', LR_path='custom_dataset/train_LR', GT_path='custom_dataset/train_HR', res_num=16, num_workers=0, batch_size=16, L2_coeff=1.0, adv_coeff=0.001, tv_loss_coeff=0.0, pre_train_epoch=100, fine_train_epoch=0, scale=4, patch_size=24, feat_layer='relu5_4', vgg_rescale_coeff=0.006, fine_tuning=False, in_memory=True, generator_path=None, mode='train')
[2023-11-12 00:29:05] PRINT 2
[2023-11-12 00:29:05] PRINT 0.34095117449760437
[2023-11-12 00:29:05] PRINT =========
[2023-11-12 00:29:07] PRINT 4
[2023-11-12 00:29:07] PRINT 0.26969653367996216
[2023-11-12 00:29:07] PRINT =========
[2023-11-12 00:29:08] PRINT 6
[2023-11-12 00:29:08] PRINT 0.17801277339458466
[2023-11-12 00:29:08] PRINT =========
[2023-11-12 00:29:10] PRINT 8
[2023-11-12 00:29:10] PRINT 0.07495437562465668
[2023-11-12 00:29:10] PRINT =========
[2023-11-12 00:29:11] PRINT 10
[2023-11-12 00:29:11] PRINT 0.09600872546434402
[2023-11-12 00:29:11] PRINT =========
[2023-11-12 00:29:12] PRINT 12
[2023-11-12 00:29:12] PRINT 0.04115525633096695
[2023-11-12 00:29:12] PRINT =========
[2023-11-12 00:29:14] PRINT 14
[2023-11-12 00:29:14] PRINT 0.16279011964797974
[2023-11-12 00:29:14] PRINT =========
[2023-11-12 00:29:15] PRINT 16
[2023-11-12 00:29:15] PRINT 0.0780048817396164
[2023-11-12 00:29:15] PRINT =========
[2023-11-12 00:29:17] PRINT 18
[2023-11-12 00:29:17] PRINT 0.07286546379327774
[2023-11-12 00:29:17] PRINT =========
[2023-11-12 00:29:18] PRINT 20
[2023-11-12 00:29:18] PRINT 0.09375938028097153
[2023-11-12 00:29:18] PRINT =========
[2023-11-12 00:29:20] PRINT 22
[2023-11-12 00:29:20] PRINT 0.12055541574954987
[2023-11-12 00:29:20] PRINT =========
[2023-11-12 00:29:21] PRINT 24
[2023-11-12 00:29:21] PRINT 0.05709673836827278
[2023-11-12 00:29:21] PRINT =========
[2023-11-12 00:29:23] PRINT 26
[2023-11-12 00:29:23] PRINT 0.0291447751224041
[2023-11-12 00:29:23] PRINT =========
[2023-11-12 00:29:24] PRINT 28
[2023-11-12 00:29:24] PRINT 0.1234162449836731
[2023-11-12 00:29:24] PRINT =========
[2023-11-12 00:29:26] PRINT 30
[2023-11-12 00:29:26] PRINT 0.056819263845682144
[2023-11-12 00:29:26] PRINT =========
[2023-11-12 00:29:27] PRINT 32
[2023-11-12 00:29:27] PRINT 0.04100051522254944
[2023-11-12 00:29:27] PRINT =========
[2023-11-12 00:29:29] PRINT 34
[2023-11-12 00:29:29] PRINT 0.06736300140619278
[2023-11-12 00:29:29] PRINT =========
[2023-11-12 00:29:30] PRINT 36
[2023-11-12 00:29:30] PRINT 0.1080421730875969
[2023-11-12 00:29:30] PRINT =========
[2023-11-12 00:29:32] PRINT 38
[2023-11-12 00:29:32] PRINT 0.09369782358407974
[2023-11-12 00:29:32] PRINT =========
[2023-11-12 00:29:33] PRINT 40
[2023-11-12 00:29:33] PRINT 0.054579321295022964
[2023-11-12 00:29:33] PRINT =========
[2023-11-12 00:29:34] PRINT 42
[2023-11-12 00:29:34] PRINT 0.0959315150976181
[2023-11-12 00:29:34] PRINT =========
[2023-11-12 00:29:36] PRINT 44
[2023-11-12 00:29:36] PRINT 0.06627565622329712
[2023-11-12 00:29:36] PRINT =========
[2023-11-12 00:29:37] PRINT 46
[2023-11-12 00:29:37] PRINT 0.09181074798107147
[2023-11-12 00:29:37] PRINT =========
[2023-11-12 00:29:39] PRINT 48
[2023-11-12 00:29:39] PRINT 0.035813719034194946
[2023-11-12 00:29:39] PRINT =========
[2023-11-12 00:29:40] PRINT 50
[2023-11-12 00:29:40] PRINT 0.06748620420694351
[2023-11-12 00:29:40] PRINT =========
[2023-11-12 00:29:42] PRINT 52
[2023-11-12 00:29:42] PRINT 0.09185217320919037
[2023-11-12 00:29:42] PRINT =========
[2023-11-12 00:29:43] PRINT 54
[2023-11-12 00:29:43] PRINT 0.034756045788526535
[2023-11-12 00:29:43] PRINT =========
[2023-11-12 00:29:44] PRINT 56
[2023-11-12 00:29:44] PRINT 0.06841099262237549
[2023-11-12 00:29:44] PRINT =========
[2023-11-12 00:29:46] PRINT 58
[2023-11-12 00:29:46] PRINT 0.0971946269273758
[2023-11-12 00:29:46] PRINT =========
[2023-11-12 00:29:47] PRINT 60
[2023-11-12 00:29:47] PRINT 0.04211515933275223
[2023-11-12 00:29:47] PRINT =========
[2023-11-12 00:29:49] PRINT 62
[2023-11-12 00:29:49] PRINT 0.05863339453935623
[2023-11-12 00:29:49] PRINT =========
[2023-11-12 00:29:50] PRINT 64
[2023-11-12 00:29:50] PRINT 0.05672270432114601
[2023-11-12 00:29:50] PRINT =========
[2023-11-12 00:29:51] PRINT 66
[2023-11-12 00:29:51] PRINT 0.033664826303720474
[2023-11-12 00:29:51] PRINT =========
[2023-11-12 00:29:53] PRINT 68
[2023-11-12 00:29:53] PRINT 0.037079647183418274
[2023-11-12 00:29:53] PRINT =========
[2023-11-12 00:29:54] PRINT 70
[2023-11-12 00:29:54] PRINT 0.04975905269384384
[2023-11-12 00:29:54] PRINT =========
[2023-11-12 00:29:56] PRINT 72
[2023-11-12 00:29:56] PRINT 0.04040289670228958
[2023-11-12 00:29:56] PRINT =========
[2023-11-12 00:29:57] PRINT 74
[2023-11-12 00:29:57] PRINT 0.04363710805773735
[2023-11-12 00:29:57] PRINT =========
[2023-11-12 00:29:58] PRINT 76
[2023-11-12 00:29:58] PRINT 0.07362829893827438
[2023-11-12 00:29:58] PRINT =========
[2023-11-12 00:30:00] PRINT 78
[2023-11-12 00:30:00] PRINT 0.07057783752679825
[2023-11-12 00:30:00] PRINT =========
[2023-11-12 00:30:02] PRINT 80
[2023-11-12 00:30:02] PRINT 0.0719633549451828
[2023-11-12 00:30:02] PRINT =========
[2023-11-12 00:30:03] PRINT 82
[2023-11-12 00:30:03] PRINT 0.015797173604369164
[2023-11-12 00:30:03] PRINT =========
[2023-11-12 00:30:04] PRINT 84
[2023-11-12 00:30:04] PRINT 0.06587840616703033
[2023-11-12 00:30:04] PRINT =========
[2023-11-12 00:30:06] PRINT 86
[2023-11-12 00:30:06] PRINT 0.04673708975315094
[2023-11-12 00:30:06] PRINT =========
[2023-11-12 00:30:07] PRINT 88
[2023-11-12 00:30:07] PRINT 0.08941487967967987
[2023-11-12 00:30:07] PRINT =========
[2023-11-12 00:30:09] PRINT 90
[2023-11-12 00:30:09] PRINT 0.0913412868976593
[2023-11-12 00:30:09] PRINT =========
[2023-11-12 00:30:10] PRINT 92
[2023-11-12 00:30:10] PRINT 0.04160241410136223
[2023-11-12 00:30:10] PRINT =========
[2023-11-12 00:30:12] PRINT 94
[2023-11-12 00:30:12] PRINT 0.03227226808667183
[2023-11-12 00:30:12] PRINT =========
[2023-11-12 00:30:13] PRINT 96
[2023-11-12 00:30:13] PRINT 0.0474013015627861
[2023-11-12 00:30:13] PRINT =========
[2023-11-12 00:30:15] PRINT 98
[2023-11-12 00:30:15] PRINT 0.032706692814826965
[2023-11-12 00:30:15] PRINT =========
[2023-11-12 00:30:16] PRINT 100
[2023-11-12 00:30:16] PRINT 0.035707004368305206
[2023-11-12 00:30:16] PRINT =========
[2023-11-12 00:30:16] PRINT Average PSNR after pre-training: 18.32510264712349
[2023-11-12 00:30:21] PRINT Average PSNR after fine tuning :  nan
