[2023-11-12 00:54:12] INFO (nni.runtime.trial_command_channel.v3/MainThread) Connect to trial command channel http://localhost:8080/env/local-env/r33Pc
[2023-11-12 00:54:12] PRINT Namespace(num_block=8, num_discriminator_blocks=4, conv_kernel_size=3, generator_depth=128, discriminator_depth=64, generator_activation='prelu', discriminator_activation='leakyrelu', LR_path='custom_dataset/train_LR', GT_path='custom_dataset/train_HR', res_num=16, num_workers=0, batch_size=16, L2_coeff=1.0, adv_coeff=0.001, tv_loss_coeff=0.0, pre_train_epoch=100, fine_train_epoch=0, scale=4, patch_size=24, feat_layer='relu5_4', vgg_rescale_coeff=0.006, fine_tuning=False, in_memory=True, generator_path=None, mode='train')
[2023-11-12 00:54:20] PRINT 2
[2023-11-12 00:54:20] PRINT 0.1441093236207962
[2023-11-12 00:54:20] PRINT =========
[2023-11-12 00:54:22] PRINT 4
[2023-11-12 00:54:22] PRINT 0.08295416831970215
[2023-11-12 00:54:22] PRINT =========
[2023-11-12 00:54:24] PRINT 6
[2023-11-12 00:54:24] PRINT 0.0843573659658432
[2023-11-12 00:54:24] PRINT =========
[2023-11-12 00:54:25] PRINT 8
[2023-11-12 00:54:25] PRINT 0.061428140848875046
[2023-11-12 00:54:25] PRINT =========
[2023-11-12 00:54:27] PRINT 10
[2023-11-12 00:54:27] PRINT 0.08834992349147797
[2023-11-12 00:54:27] PRINT =========
[2023-11-12 00:54:28] PRINT 12
[2023-11-12 00:54:28] PRINT 0.1391337513923645
[2023-11-12 00:54:28] PRINT =========
[2023-11-12 00:54:30] PRINT 14
[2023-11-12 00:54:30] PRINT 0.048810165375471115
[2023-11-12 00:54:30] PRINT =========
[2023-11-12 00:54:31] PRINT 16
[2023-11-12 00:54:31] PRINT 0.09789861738681793
[2023-11-12 00:54:31] PRINT =========
[2023-11-12 00:54:33] PRINT 18
[2023-11-12 00:54:33] PRINT 0.04543077573180199
[2023-11-12 00:54:33] PRINT =========
[2023-11-12 00:54:34] PRINT 20
[2023-11-12 00:54:34] PRINT 0.0650111734867096
[2023-11-12 00:54:34] PRINT =========
[2023-11-12 00:54:36] PRINT 22
[2023-11-12 00:54:36] PRINT 0.04272456467151642
[2023-11-12 00:54:36] PRINT =========
[2023-11-12 00:54:37] PRINT 24
[2023-11-12 00:54:37] PRINT 0.0908319279551506
[2023-11-12 00:54:37] PRINT =========
[2023-11-12 00:54:39] PRINT 26
[2023-11-12 00:54:39] PRINT 0.07799182087182999
[2023-11-12 00:54:39] PRINT =========
[2023-11-12 00:54:40] PRINT 28
[2023-11-12 00:54:40] PRINT 0.06656919419765472
[2023-11-12 00:54:40] PRINT =========
[2023-11-12 00:54:42] PRINT 30
[2023-11-12 00:54:42] PRINT 0.039914537221193314
[2023-11-12 00:54:42] PRINT =========
[2023-11-12 00:54:43] PRINT 32
[2023-11-12 00:54:43] PRINT 0.04932239651679993
[2023-11-12 00:54:43] PRINT =========
[2023-11-12 00:54:44] PRINT 34
[2023-11-12 00:54:44] PRINT 0.0689486414194107
[2023-11-12 00:54:44] PRINT =========
[2023-11-12 00:54:46] PRINT 36
[2023-11-12 00:54:46] PRINT 0.0319671630859375
[2023-11-12 00:54:46] PRINT =========
[2023-11-12 00:54:47] PRINT 38
[2023-11-12 00:54:47] PRINT 0.07127968221902847
[2023-11-12 00:54:47] PRINT =========
[2023-11-12 00:54:49] PRINT 40
[2023-11-12 00:54:49] PRINT 0.05113263428211212
[2023-11-12 00:54:49] PRINT =========
[2023-11-12 00:54:50] PRINT 42
[2023-11-12 00:54:50] PRINT 0.05787169560790062
[2023-11-12 00:54:50] PRINT =========
[2023-11-12 00:54:52] PRINT 44
[2023-11-12 00:54:52] PRINT 0.04818505048751831
[2023-11-12 00:54:52] PRINT =========
[2023-11-12 00:54:53] PRINT 46
[2023-11-12 00:54:53] PRINT 0.03624873608350754
[2023-11-12 00:54:53] PRINT =========
[2023-11-12 00:54:55] PRINT 48
[2023-11-12 00:54:55] PRINT 0.03469029441475868
[2023-11-12 00:54:55] PRINT =========
[2023-11-12 00:54:56] PRINT 50
[2023-11-12 00:54:56] PRINT 0.02314124070107937
[2023-11-12 00:54:56] PRINT =========
[2023-11-12 00:54:58] PRINT 52
[2023-11-12 00:54:58] PRINT 0.02307852730154991
[2023-11-12 00:54:58] PRINT =========
[2023-11-12 00:54:59] PRINT 54
[2023-11-12 00:54:59] PRINT 0.03259856998920441
[2023-11-12 00:54:59] PRINT =========
[2023-11-12 00:55:01] PRINT 56
[2023-11-12 00:55:01] PRINT 0.0315864235162735
[2023-11-12 00:55:01] PRINT =========
[2023-11-12 00:55:03] PRINT 58
[2023-11-12 00:55:03] PRINT 0.04359530657529831
[2023-11-12 00:55:03] PRINT =========
[2023-11-12 00:55:04] PRINT 60
[2023-11-12 00:55:04] PRINT 0.0716516375541687
[2023-11-12 00:55:04] PRINT =========
[2023-11-12 00:55:05] PRINT 62
[2023-11-12 00:55:06] PRINT 0.07434817403554916
[2023-11-12 00:55:06] PRINT =========
[2023-11-12 00:55:07] PRINT 64
[2023-11-12 00:55:07] PRINT 0.04700634256005287
[2023-11-12 00:55:07] PRINT =========
[2023-11-12 00:55:09] PRINT 66
[2023-11-12 00:55:09] PRINT 0.019442226737737656
[2023-11-12 00:55:09] PRINT =========
[2023-11-12 00:55:10] PRINT 68
[2023-11-12 00:55:10] PRINT 0.07223935425281525
[2023-11-12 00:55:10] PRINT =========
[2023-11-12 00:55:12] PRINT 70
[2023-11-12 00:55:12] PRINT 0.028847182169556618
[2023-11-12 00:55:12] PRINT =========
[2023-11-12 00:55:13] PRINT 72
[2023-11-12 00:55:13] PRINT 0.03194841742515564
[2023-11-12 00:55:13] PRINT =========
[2023-11-12 00:55:15] PRINT 74
[2023-11-12 00:55:15] PRINT 0.055752672255039215
[2023-11-12 00:55:15] PRINT =========
[2023-11-12 00:55:16] PRINT 76
[2023-11-12 00:55:16] PRINT 0.0321120023727417
[2023-11-12 00:55:16] PRINT =========
[2023-11-12 00:55:18] PRINT 78
[2023-11-12 00:55:18] PRINT 0.012839694507420063
[2023-11-12 00:55:18] PRINT =========
[2023-11-12 00:55:20] PRINT 80
[2023-11-12 00:55:20] PRINT 0.03863995894789696
[2023-11-12 00:55:20] PRINT =========
[2023-11-12 00:55:21] PRINT 82
[2023-11-12 00:55:21] PRINT 0.0913662239909172
[2023-11-12 00:55:21] PRINT =========
[2023-11-12 00:55:22] PRINT 84
[2023-11-12 00:55:22] PRINT 0.033011939376592636
[2023-11-12 00:55:22] PRINT =========
[2023-11-12 00:55:24] PRINT 86
[2023-11-12 00:55:24] PRINT 0.04388381540775299
[2023-11-12 00:55:24] PRINT =========
[2023-11-12 00:55:26] PRINT 88
[2023-11-12 00:55:26] PRINT 0.03682713210582733
[2023-11-12 00:55:26] PRINT =========
[2023-11-12 00:55:27] PRINT 90
[2023-11-12 00:55:27] PRINT 0.038083579391241074
[2023-11-12 00:55:27] PRINT =========
[2023-11-12 00:55:29] PRINT 92
[2023-11-12 00:55:29] PRINT 0.03935068100690842
[2023-11-12 00:55:29] PRINT =========
[2023-11-12 00:55:30] PRINT 94
[2023-11-12 00:55:30] PRINT 0.04137054830789566
[2023-11-12 00:55:30] PRINT =========
[2023-11-12 00:55:32] PRINT 96
[2023-11-12 00:55:32] PRINT 0.03433944657444954
[2023-11-12 00:55:32] PRINT =========
[2023-11-12 00:55:33] PRINT 98
[2023-11-12 00:55:33] PRINT 0.03958415240049362
[2023-11-12 00:55:33] PRINT =========
[2023-11-12 00:55:35] PRINT 100
[2023-11-12 00:55:35] PRINT 0.06832252442836761
[2023-11-12 00:55:35] PRINT =========
[2023-11-12 00:55:35] PRINT Average PSNR after pre-training: 19.60045946984188
[2023-11-12 00:55:38] PRINT Average PSNR after fine tuning :  nan
