[2023-11-12 01:43:38] INFO (nni.runtime.trial_command_channel.v3/MainThread) Connect to trial command channel http://localhost:8080/env/local-env/eEIq8
[2023-11-12 01:43:38] PRINT Namespace(num_block=16, num_discriminator_blocks=4, conv_kernel_size=5, generator_depth=64, discriminator_depth=64, generator_activation='relu', discriminator_activation='leakyrelu', LR_path='custom_dataset/train_LR', GT_path='custom_dataset/train_HR', res_num=16, num_workers=0, batch_size=16, L2_coeff=1.0, adv_coeff=0.001, tv_loss_coeff=0.0, pre_train_epoch=100, fine_train_epoch=0, scale=4, patch_size=24, feat_layer='relu5_4', vgg_rescale_coeff=0.006, fine_tuning=False, in_memory=True, generator_path=None, mode='train')
[2023-11-12 01:43:48] PRINT 2
[2023-11-12 01:43:48] PRINT 0.19920428097248077
[2023-11-12 01:43:48] PRINT =========
[2023-11-12 01:43:50] PRINT 4
[2023-11-12 01:43:50] PRINT 0.2752729058265686
[2023-11-12 01:43:50] PRINT =========
[2023-11-12 01:43:52] PRINT 6
[2023-11-12 01:43:52] PRINT 0.1670667678117752
[2023-11-12 01:43:52] PRINT =========
[2023-11-12 01:43:54] PRINT 8
[2023-11-12 01:43:54] PRINT 0.222800612449646
[2023-11-12 01:43:54] PRINT =========
[2023-11-12 01:43:56] PRINT 10
[2023-11-12 01:43:56] PRINT 0.1328018307685852
[2023-11-12 01:43:56] PRINT =========
[2023-11-12 01:43:58] PRINT 12
[2023-11-12 01:43:58] PRINT 0.1001645177602768
[2023-11-12 01:43:58] PRINT =========
[2023-11-12 01:44:00] PRINT 14
[2023-11-12 01:44:00] PRINT 0.10253618657588959
[2023-11-12 01:44:00] PRINT =========
[2023-11-12 01:44:01] PRINT 16
[2023-11-12 01:44:01] PRINT 0.07079119235277176
[2023-11-12 01:44:01] PRINT =========
[2023-11-12 01:44:03] PRINT 18
[2023-11-12 01:44:03] PRINT 0.1230475977063179
[2023-11-12 01:44:03] PRINT =========
[2023-11-12 01:44:04] PRINT 20
[2023-11-12 01:44:04] PRINT 0.08936481922864914
[2023-11-12 01:44:04] PRINT =========
[2023-11-12 01:44:06] PRINT 22
[2023-11-12 01:44:06] PRINT 0.12987253069877625
[2023-11-12 01:44:06] PRINT =========
[2023-11-12 01:44:07] PRINT 24
[2023-11-12 01:44:07] PRINT 0.09160991758108139
[2023-11-12 01:44:07] PRINT =========
[2023-11-12 01:44:08] PRINT 26
[2023-11-12 01:44:08] PRINT 0.20681977272033691
[2023-11-12 01:44:08] PRINT =========
[2023-11-12 01:44:10] PRINT 28
[2023-11-12 01:44:10] PRINT 0.05034181848168373
[2023-11-12 01:44:10] PRINT =========
[2023-11-12 01:44:11] PRINT 30
[2023-11-12 01:44:11] PRINT 0.06514827907085419
[2023-11-12 01:44:11] PRINT =========
[2023-11-12 01:44:13] PRINT 32
[2023-11-12 01:44:13] PRINT 0.05895611271262169
[2023-11-12 01:44:13] PRINT =========
[2023-11-12 01:44:14] PRINT 34
[2023-11-12 01:44:14] PRINT 0.08134479820728302
[2023-11-12 01:44:14] PRINT =========
[2023-11-12 01:44:16] PRINT 36
[2023-11-12 01:44:16] PRINT 0.0720294788479805
[2023-11-12 01:44:16] PRINT =========
[2023-11-12 01:44:18] PRINT 38
[2023-11-12 01:44:18] PRINT 0.07982093095779419
[2023-11-12 01:44:18] PRINT =========
[2023-11-12 01:44:19] PRINT 40
[2023-11-12 01:44:19] PRINT 0.051056817173957825
[2023-11-12 01:44:19] PRINT =========
[2023-11-12 01:44:21] PRINT 42
[2023-11-12 01:44:21] PRINT 0.052430398762226105
[2023-11-12 01:44:21] PRINT =========
[2023-11-12 01:44:23] PRINT 44
[2023-11-12 01:44:23] PRINT 0.031224865466356277
[2023-11-12 01:44:23] PRINT =========
[2023-11-12 01:44:24] PRINT 46
[2023-11-12 01:44:24] PRINT 0.0370747409760952
[2023-11-12 01:44:24] PRINT =========
[2023-11-12 01:44:26] PRINT 48
[2023-11-12 01:44:26] PRINT 0.05022381618618965
[2023-11-12 01:44:26] PRINT =========
[2023-11-12 01:44:28] PRINT 50
[2023-11-12 01:44:28] PRINT 0.05162627249956131
[2023-11-12 01:44:28] PRINT =========
[2023-11-12 01:44:29] PRINT 52
[2023-11-12 01:44:29] PRINT 0.07307787984609604
[2023-11-12 01:44:29] PRINT =========
[2023-11-12 01:44:31] PRINT 54
[2023-11-12 01:44:31] PRINT 0.08474286645650864
[2023-11-12 01:44:31] PRINT =========
[2023-11-12 01:44:33] PRINT 56
[2023-11-12 01:44:33] PRINT 0.055483561009168625
[2023-11-12 01:44:33] PRINT =========
[2023-11-12 01:44:34] PRINT 58
[2023-11-12 01:44:34] PRINT 0.0328543484210968
[2023-11-12 01:44:34] PRINT =========
[2023-11-12 01:44:35] PRINT 60
[2023-11-12 01:44:35] PRINT 0.047158170491456985
[2023-11-12 01:44:35] PRINT =========
[2023-11-12 01:44:37] PRINT 62
[2023-11-12 01:44:37] PRINT 0.10560502111911774
[2023-11-12 01:44:37] PRINT =========
[2023-11-12 01:44:38] PRINT 64
[2023-11-12 01:44:38] PRINT 0.0678902268409729
[2023-11-12 01:44:38] PRINT =========
[2023-11-12 01:44:40] PRINT 66
[2023-11-12 01:44:40] PRINT 0.04141736775636673
[2023-11-12 01:44:40] PRINT =========
[2023-11-12 01:44:42] PRINT 68
[2023-11-12 01:44:42] PRINT 0.08701720088720322
[2023-11-12 01:44:42] PRINT =========
[2023-11-12 01:44:43] PRINT 70
[2023-11-12 01:44:43] PRINT 0.07738622277975082
[2023-11-12 01:44:43] PRINT =========
[2023-11-12 01:44:45] PRINT 72
[2023-11-12 01:44:45] PRINT 0.04468357935547829
[2023-11-12 01:44:45] PRINT =========
[2023-11-12 01:44:47] PRINT 74
[2023-11-12 01:44:47] PRINT 0.04743697866797447
[2023-11-12 01:44:47] PRINT =========
[2023-11-12 01:44:48] PRINT 76
[2023-11-12 01:44:48] PRINT 0.034894272685050964
[2023-11-12 01:44:48] PRINT =========
[2023-11-12 01:44:50] PRINT 78
[2023-11-12 01:44:50] PRINT 0.03863062709569931
[2023-11-12 01:44:50] PRINT =========
[2023-11-12 01:44:52] PRINT 80
[2023-11-12 01:44:52] PRINT 0.052797622978687286
[2023-11-12 01:44:52] PRINT =========
[2023-11-12 01:44:53] PRINT 82
[2023-11-12 01:44:53] PRINT 0.04290707781910896
[2023-11-12 01:44:53] PRINT =========
[2023-11-12 01:44:55] PRINT 84
[2023-11-12 01:44:55] PRINT 0.030880888924002647
[2023-11-12 01:44:55] PRINT =========
[2023-11-12 01:44:57] PRINT 86
[2023-11-12 01:44:57] PRINT 0.0483088456094265
[2023-11-12 01:44:57] PRINT =========
[2023-11-12 01:44:58] PRINT 88
[2023-11-12 01:44:58] PRINT 0.041815031319856644
[2023-11-12 01:44:58] PRINT =========
[2023-11-12 01:45:00] PRINT 90
[2023-11-12 01:45:00] PRINT 0.045192718505859375
[2023-11-12 01:45:00] PRINT =========
[2023-11-12 01:45:01] PRINT 92
[2023-11-12 01:45:01] PRINT 0.03470707684755325
[2023-11-12 01:45:01] PRINT =========
[2023-11-12 01:45:03] PRINT 94
[2023-11-12 01:45:03] PRINT 0.02995849959552288
[2023-11-12 01:45:03] PRINT =========
[2023-11-12 01:45:05] PRINT 96
[2023-11-12 01:45:05] PRINT 0.06732287257909775
[2023-11-12 01:45:05] PRINT =========
[2023-11-12 01:45:06] PRINT 98
[2023-11-12 01:45:06] PRINT 0.04401759058237076
[2023-11-12 01:45:06] PRINT =========
[2023-11-12 01:45:08] PRINT 100
[2023-11-12 01:45:08] PRINT 0.04263819009065628
[2023-11-12 01:45:08] PRINT =========
[2023-11-12 01:45:08] PRINT Average PSNR after pre-training: 18.29212730912607
[2023-11-12 01:45:10] PRINT Average PSNR after fine tuning :  nan
