[2023-11-12 01:38:19] INFO (nni.runtime.trial_command_channel.v3/MainThread) Connect to trial command channel http://localhost:8080/env/local-env/MHTQv
[2023-11-12 01:38:19] PRINT Namespace(num_block=16, num_discriminator_blocks=4, conv_kernel_size=3, generator_depth=128, discriminator_depth=128, generator_activation='prelu', discriminator_activation='leakyrelu', LR_path='custom_dataset/train_LR', GT_path='custom_dataset/train_HR', res_num=16, num_workers=0, batch_size=16, L2_coeff=1.0, adv_coeff=0.001, tv_loss_coeff=0.0, pre_train_epoch=100, fine_train_epoch=0, scale=4, patch_size=24, feat_layer='relu5_4', vgg_rescale_coeff=0.006, fine_tuning=False, in_memory=True, generator_path=None, mode='train')
[2023-11-12 01:38:29] PRINT 2
[2023-11-12 01:38:29] PRINT 0.20139005780220032
[2023-11-12 01:38:29] PRINT =========
[2023-11-12 01:38:31] PRINT 4
[2023-11-12 01:38:31] PRINT 0.11452752351760864
[2023-11-12 01:38:31] PRINT =========
[2023-11-12 01:38:33] PRINT 6
[2023-11-12 01:38:33] PRINT 0.056502509862184525
[2023-11-12 01:38:33] PRINT =========
[2023-11-12 01:38:35] PRINT 8
[2023-11-12 01:38:35] PRINT 0.08855939656496048
[2023-11-12 01:38:35] PRINT =========
[2023-11-12 01:38:36] PRINT 10
[2023-11-12 01:38:36] PRINT 0.06701777130365372
[2023-11-12 01:38:36] PRINT =========
[2023-11-12 01:38:38] PRINT 12
[2023-11-12 01:38:38] PRINT 0.077146016061306
[2023-11-12 01:38:38] PRINT =========
[2023-11-12 01:38:40] PRINT 14
[2023-11-12 01:38:40] PRINT 0.064426951110363
[2023-11-12 01:38:40] PRINT =========
[2023-11-12 01:38:41] PRINT 16
[2023-11-12 01:38:41] PRINT 0.06006040796637535
[2023-11-12 01:38:41] PRINT =========
[2023-11-12 01:38:43] PRINT 18
[2023-11-12 01:38:43] PRINT 0.17778834700584412
[2023-11-12 01:38:43] PRINT =========
[2023-11-12 01:38:44] PRINT 20
[2023-11-12 01:38:45] PRINT 0.08435031026601791
[2023-11-12 01:38:45] PRINT =========
[2023-11-12 01:38:46] PRINT 22
[2023-11-12 01:38:46] PRINT 0.10757489502429962
[2023-11-12 01:38:46] PRINT =========
[2023-11-12 01:38:48] PRINT 24
[2023-11-12 01:38:48] PRINT 0.06313919275999069
[2023-11-12 01:38:48] PRINT =========
[2023-11-12 01:38:50] PRINT 26
[2023-11-12 01:38:50] PRINT 0.07920121401548386
[2023-11-12 01:38:50] PRINT =========
[2023-11-12 01:38:52] PRINT 28
[2023-11-12 01:38:52] PRINT 0.05680307745933533
[2023-11-12 01:38:52] PRINT =========
[2023-11-12 01:38:53] PRINT 30
[2023-11-12 01:38:54] PRINT 0.1616135686635971
[2023-11-12 01:38:54] PRINT =========
[2023-11-12 01:38:56] PRINT 32
[2023-11-12 01:38:56] PRINT 0.06931806355714798
[2023-11-12 01:38:56] PRINT =========
[2023-11-12 01:38:58] PRINT 34
[2023-11-12 01:38:58] PRINT 0.06280093640089035
[2023-11-12 01:38:58] PRINT =========
[2023-11-12 01:39:00] PRINT 36
[2023-11-12 01:39:00] PRINT 0.06572170555591583
[2023-11-12 01:39:00] PRINT =========
[2023-11-12 01:39:01] PRINT 38
[2023-11-12 01:39:01] PRINT 0.07259746640920639
[2023-11-12 01:39:01] PRINT =========
[2023-11-12 01:39:03] PRINT 40
[2023-11-12 01:39:03] PRINT 0.05489161238074303
[2023-11-12 01:39:03] PRINT =========
[2023-11-12 01:39:05] PRINT 42
[2023-11-12 01:39:05] PRINT 0.06836938858032227
[2023-11-12 01:39:05] PRINT =========
[2023-11-12 01:39:06] PRINT 44
[2023-11-12 01:39:06] PRINT 0.058330435305833817
[2023-11-12 01:39:06] PRINT =========
[2023-11-12 01:39:08] PRINT 46
[2023-11-12 01:39:08] PRINT 0.032011810690164566
[2023-11-12 01:39:08] PRINT =========
[2023-11-12 01:39:10] PRINT 48
[2023-11-12 01:39:10] PRINT 0.052755869925022125
[2023-11-12 01:39:10] PRINT =========
[2023-11-12 01:39:12] PRINT 50
[2023-11-12 01:39:12] PRINT 0.038942672312259674
[2023-11-12 01:39:12] PRINT =========
[2023-11-12 01:39:14] PRINT 52
[2023-11-12 01:39:14] PRINT 0.04977811872959137
[2023-11-12 01:39:14] PRINT =========
[2023-11-12 01:39:16] PRINT 54
[2023-11-12 01:39:16] PRINT 0.05587506294250488
[2023-11-12 01:39:16] PRINT =========
[2023-11-12 01:39:18] PRINT 56
[2023-11-12 01:39:18] PRINT 0.10451401770114899
[2023-11-12 01:39:18] PRINT =========
[2023-11-12 01:39:19] PRINT 58
[2023-11-12 01:39:19] PRINT 0.055726196616888046
[2023-11-12 01:39:19] PRINT =========
[2023-11-12 01:39:21] PRINT 60
[2023-11-12 01:39:21] PRINT 0.04180111363530159
[2023-11-12 01:39:21] PRINT =========
[2023-11-12 01:39:23] PRINT 62
[2023-11-12 01:39:23] PRINT 0.05011317506432533
[2023-11-12 01:39:23] PRINT =========
[2023-11-12 01:39:25] PRINT 64
[2023-11-12 01:39:25] PRINT 0.02119613066315651
[2023-11-12 01:39:25] PRINT =========
[2023-11-12 01:39:27] PRINT 66
[2023-11-12 01:39:27] PRINT 0.05032068490982056
[2023-11-12 01:39:27] PRINT =========
[2023-11-12 01:39:29] PRINT 68
[2023-11-12 01:39:29] PRINT 0.03382705897092819
[2023-11-12 01:39:29] PRINT =========
[2023-11-12 01:39:31] PRINT 70
[2023-11-12 01:39:31] PRINT 0.035391855984926224
[2023-11-12 01:39:31] PRINT =========
[2023-11-12 01:39:33] PRINT 72
[2023-11-12 01:39:33] PRINT 0.033621884882450104
[2023-11-12 01:39:33] PRINT =========
[2023-11-12 01:39:35] PRINT 74
[2023-11-12 01:39:35] PRINT 0.07194498181343079
[2023-11-12 01:39:35] PRINT =========
[2023-11-12 01:39:36] PRINT 76
[2023-11-12 01:39:36] PRINT 0.04083070531487465
[2023-11-12 01:39:36] PRINT =========
[2023-11-12 01:39:38] PRINT 78
[2023-11-12 01:39:38] PRINT 0.020147183910012245
[2023-11-12 01:39:38] PRINT =========
[2023-11-12 01:39:39] PRINT 80
[2023-11-12 01:39:39] PRINT 0.04895646497607231
[2023-11-12 01:39:39] PRINT =========
[2023-11-12 01:39:41] PRINT 82
[2023-11-12 01:39:41] PRINT 0.025676537305116653
[2023-11-12 01:39:41] PRINT =========
[2023-11-12 01:39:43] PRINT 84
[2023-11-12 01:39:43] PRINT 0.03694438189268112
[2023-11-12 01:39:43] PRINT =========
[2023-11-12 01:39:44] PRINT 86
[2023-11-12 01:39:44] PRINT 0.02333991229534149
[2023-11-12 01:39:44] PRINT =========
[2023-11-12 01:39:46] PRINT 88
[2023-11-12 01:39:46] PRINT 0.02103942632675171
[2023-11-12 01:39:46] PRINT =========
[2023-11-12 01:39:48] PRINT 90
[2023-11-12 01:39:48] PRINT 0.029745684936642647
[2023-11-12 01:39:48] PRINT =========
[2023-11-12 01:39:50] PRINT 92
[2023-11-12 01:39:50] PRINT 0.027455471456050873
[2023-11-12 01:39:50] PRINT =========
[2023-11-12 01:39:51] PRINT 94
[2023-11-12 01:39:51] PRINT 0.04323408380150795
[2023-11-12 01:39:51] PRINT =========
[2023-11-12 01:39:53] PRINT 96
[2023-11-12 01:39:53] PRINT 0.021285731345415115
[2023-11-12 01:39:53] PRINT =========
[2023-11-12 01:39:55] PRINT 98
[2023-11-12 01:39:55] PRINT 0.03628794848918915
[2023-11-12 01:39:55] PRINT =========
[2023-11-12 01:39:56] PRINT 100
[2023-11-12 01:39:56] PRINT 0.05197429284453392
[2023-11-12 01:39:56] PRINT =========
[2023-11-12 01:39:56] PRINT Average PSNR after pre-training: 19.40984321657082
[2023-11-12 01:40:01] PRINT Average PSNR after fine tuning :  nan
