[2023-11-12 00:36:44] INFO (nni.runtime.trial_command_channel.v3/MainThread) Connect to trial command channel http://localhost:8080/env/local-env/z9pQU
[2023-11-12 00:36:44] PRINT Namespace(num_block=8, num_discriminator_blocks=3, conv_kernel_size=3, generator_depth=64, discriminator_depth=128, generator_activation='relu', discriminator_activation='leakyrelu', LR_path='custom_dataset/train_LR', GT_path='custom_dataset/train_HR', res_num=16, num_workers=0, batch_size=16, L2_coeff=1.0, adv_coeff=0.001, tv_loss_coeff=0.0, pre_train_epoch=100, fine_train_epoch=0, scale=4, patch_size=24, feat_layer='relu5_4', vgg_rescale_coeff=0.006, fine_tuning=False, in_memory=True, generator_path=None, mode='train')
[2023-11-12 00:36:54] PRINT 2
[2023-11-12 00:36:54] PRINT 0.26185542345046997
[2023-11-12 00:36:54] PRINT =========
[2023-11-12 00:36:55] PRINT 4
[2023-11-12 00:36:55] PRINT 0.0898275300860405
[2023-11-12 00:36:55] PRINT =========
[2023-11-12 00:36:56] PRINT 6
[2023-11-12 00:36:56] PRINT 0.22717471420764923
[2023-11-12 00:36:56] PRINT =========
[2023-11-12 00:36:58] PRINT 8
[2023-11-12 00:36:58] PRINT 0.08213386684656143
[2023-11-12 00:36:58] PRINT =========
[2023-11-12 00:36:59] PRINT 10
[2023-11-12 00:36:59] PRINT 0.07932296395301819
[2023-11-12 00:36:59] PRINT =========
[2023-11-12 00:37:01] PRINT 12
[2023-11-12 00:37:01] PRINT 0.06672904640436172
[2023-11-12 00:37:01] PRINT =========
[2023-11-12 00:37:02] PRINT 14
[2023-11-12 00:37:02] PRINT 0.08727347105741501
[2023-11-12 00:37:02] PRINT =========
[2023-11-12 00:37:03] PRINT 16
[2023-11-12 00:37:03] PRINT 0.09563469886779785
[2023-11-12 00:37:03] PRINT =========
[2023-11-12 00:37:05] PRINT 18
[2023-11-12 00:37:05] PRINT 0.045461539179086685
[2023-11-12 00:37:05] PRINT =========
[2023-11-12 00:37:06] PRINT 20
[2023-11-12 00:37:06] PRINT 0.08407082408666611
[2023-11-12 00:37:06] PRINT =========
[2023-11-12 00:37:07] PRINT 22
[2023-11-12 00:37:07] PRINT 0.10073603689670563
[2023-11-12 00:37:07] PRINT =========
[2023-11-12 00:37:09] PRINT 24
[2023-11-12 00:37:09] PRINT 0.06613630056381226
[2023-11-12 00:37:09] PRINT =========
[2023-11-12 00:37:10] PRINT 26
[2023-11-12 00:37:10] PRINT 0.14630340039730072
[2023-11-12 00:37:10] PRINT =========
[2023-11-12 00:37:11] PRINT 28
[2023-11-12 00:37:11] PRINT 0.07617932558059692
[2023-11-12 00:37:11] PRINT =========
[2023-11-12 00:37:13] PRINT 30
[2023-11-12 00:37:13] PRINT 0.11788426339626312
[2023-11-12 00:37:13] PRINT =========
[2023-11-12 00:37:14] PRINT 32
[2023-11-12 00:37:14] PRINT 0.08157240599393845
[2023-11-12 00:37:14] PRINT =========
[2023-11-12 00:37:16] PRINT 34
[2023-11-12 00:37:16] PRINT 0.1360957771539688
[2023-11-12 00:37:16] PRINT =========
[2023-11-12 00:37:17] PRINT 36
[2023-11-12 00:37:17] PRINT 0.10313878208398819
[2023-11-12 00:37:17] PRINT =========
[2023-11-12 00:37:18] PRINT 38
[2023-11-12 00:37:18] PRINT 0.0529065765440464
[2023-11-12 00:37:18] PRINT =========
[2023-11-12 00:37:19] PRINT 40
[2023-11-12 00:37:19] PRINT 0.09232111275196075
[2023-11-12 00:37:19] PRINT =========
[2023-11-12 00:37:21] PRINT 42
[2023-11-12 00:37:21] PRINT 0.06968481093645096
[2023-11-12 00:37:21] PRINT =========
[2023-11-12 00:37:22] PRINT 44
[2023-11-12 00:37:22] PRINT 0.06264106184244156
[2023-11-12 00:37:22] PRINT =========
[2023-11-12 00:37:23] PRINT 46
[2023-11-12 00:37:23] PRINT 0.05341527238488197
[2023-11-12 00:37:23] PRINT =========
[2023-11-12 00:37:25] PRINT 48
[2023-11-12 00:37:25] PRINT 0.039671532809734344
[2023-11-12 00:37:25] PRINT =========
[2023-11-12 00:37:26] PRINT 50
[2023-11-12 00:37:26] PRINT 0.04878310114145279
[2023-11-12 00:37:26] PRINT =========
[2023-11-12 00:37:27] PRINT 52
[2023-11-12 00:37:27] PRINT 0.039718251675367355
[2023-11-12 00:37:27] PRINT =========
[2023-11-12 00:37:28] PRINT 54
[2023-11-12 00:37:28] PRINT 0.11106616258621216
[2023-11-12 00:37:28] PRINT =========
[2023-11-12 00:37:30] PRINT 56
[2023-11-12 00:37:30] PRINT 0.057198554277420044
[2023-11-12 00:37:30] PRINT =========
[2023-11-12 00:37:31] PRINT 58
[2023-11-12 00:37:31] PRINT 0.045245006680488586
[2023-11-12 00:37:31] PRINT =========
[2023-11-12 00:37:32] PRINT 60
[2023-11-12 00:37:32] PRINT 0.045947544276714325
[2023-11-12 00:37:32] PRINT =========
[2023-11-12 00:37:34] PRINT 62
[2023-11-12 00:37:34] PRINT 0.08530755341053009
[2023-11-12 00:37:34] PRINT =========
[2023-11-12 00:37:36] PRINT 64
[2023-11-12 00:37:36] PRINT 0.03495427966117859
[2023-11-12 00:37:36] PRINT =========
[2023-11-12 00:37:38] PRINT 66
[2023-11-12 00:37:38] PRINT 0.022983577102422714
[2023-11-12 00:37:38] PRINT =========
[2023-11-12 00:37:40] PRINT 68
[2023-11-12 00:37:40] PRINT 0.03879440203309059
[2023-11-12 00:37:40] PRINT =========
[2023-11-12 00:37:41] PRINT 70
[2023-11-12 00:37:41] PRINT 0.05678068473935127
[2023-11-12 00:37:41] PRINT =========
[2023-11-12 00:37:43] PRINT 72
[2023-11-12 00:37:43] PRINT 0.056749939918518066
[2023-11-12 00:37:43] PRINT =========
[2023-11-12 00:37:44] PRINT 74
[2023-11-12 00:37:44] PRINT 0.04582345858216286
[2023-11-12 00:37:44] PRINT =========
[2023-11-12 00:37:46] PRINT 76
[2023-11-12 00:37:46] PRINT 0.03706357628107071
[2023-11-12 00:37:46] PRINT =========
[2023-11-12 00:37:48] PRINT 78
[2023-11-12 00:37:48] PRINT 0.04880909621715546
[2023-11-12 00:37:48] PRINT =========
[2023-11-12 00:37:50] PRINT 80
[2023-11-12 00:37:50] PRINT 0.026745835319161415
[2023-11-12 00:37:50] PRINT =========
[2023-11-12 00:37:52] PRINT 82
[2023-11-12 00:37:52] PRINT 0.03542345389723778
[2023-11-12 00:37:52] PRINT =========
[2023-11-12 00:37:54] PRINT 84
[2023-11-12 00:37:54] PRINT 0.055607106536626816
[2023-11-12 00:37:54] PRINT =========
[2023-11-12 00:37:55] PRINT 86
[2023-11-12 00:37:55] PRINT 0.05535361170768738
[2023-11-12 00:37:55] PRINT =========
[2023-11-12 00:37:57] PRINT 88
[2023-11-12 00:37:57] PRINT 0.06215439364314079
[2023-11-12 00:37:57] PRINT =========
[2023-11-12 00:37:58] PRINT 90
[2023-11-12 00:37:58] PRINT 0.056815989315509796
[2023-11-12 00:37:58] PRINT =========
[2023-11-12 00:38:00] PRINT 92
[2023-11-12 00:38:00] PRINT 0.05646605044603348
[2023-11-12 00:38:00] PRINT =========
[2023-11-12 00:38:02] PRINT 94
[2023-11-12 00:38:02] PRINT 0.04074012115597725
[2023-11-12 00:38:02] PRINT =========
[2023-11-12 00:38:03] PRINT 96
[2023-11-12 00:38:03] PRINT 0.0386868491768837
[2023-11-12 00:38:03] PRINT =========
[2023-11-12 00:38:05] PRINT 98
[2023-11-12 00:38:05] PRINT 0.07104164361953735
[2023-11-12 00:38:05] PRINT =========
[2023-11-12 00:38:07] PRINT 100
[2023-11-12 00:38:07] PRINT 0.016939790919423103
[2023-11-12 00:38:07] PRINT =========
[2023-11-12 00:38:07] PRINT Average PSNR after pre-training: 18.478391115086062
[2023-11-12 00:38:10] PRINT Average PSNR after fine tuning :  nan
