[2023-11-12 00:44:12] INFO (nni.runtime.trial_command_channel.v3/MainThread) Connect to trial command channel http://localhost:8080/env/local-env/iPY7M
[2023-11-12 00:44:12] PRINT Namespace(num_block=8, num_discriminator_blocks=3, conv_kernel_size=5, generator_depth=128, discriminator_depth=64, generator_activation='prelu', discriminator_activation='leakyrelu', LR_path='custom_dataset/train_LR', GT_path='custom_dataset/train_HR', res_num=16, num_workers=0, batch_size=16, L2_coeff=1.0, adv_coeff=0.001, tv_loss_coeff=0.0, pre_train_epoch=100, fine_train_epoch=0, scale=4, patch_size=24, feat_layer='relu5_4', vgg_rescale_coeff=0.006, fine_tuning=False, in_memory=True, generator_path=None, mode='train')
[2023-11-12 00:44:20] PRINT 2
[2023-11-12 00:44:20] PRINT 0.11742719262838364
[2023-11-12 00:44:20] PRINT =========
[2023-11-12 00:44:22] PRINT 4
[2023-11-12 00:44:22] PRINT 0.16499288380146027
[2023-11-12 00:44:22] PRINT =========
[2023-11-12 00:44:23] PRINT 6
[2023-11-12 00:44:23] PRINT 0.1037445217370987
[2023-11-12 00:44:23] PRINT =========
[2023-11-12 00:44:26] PRINT 8
[2023-11-12 00:44:26] PRINT 0.10115793347358704
[2023-11-12 00:44:26] PRINT =========
[2023-11-12 00:44:28] PRINT 10
[2023-11-12 00:44:28] PRINT 0.13423335552215576
[2023-11-12 00:44:28] PRINT =========
[2023-11-12 00:44:30] PRINT 12
[2023-11-12 00:44:30] PRINT 0.05318785458803177
[2023-11-12 00:44:30] PRINT =========
[2023-11-12 00:44:32] PRINT 14
[2023-11-12 00:44:32] PRINT 0.061594992876052856
[2023-11-12 00:44:32] PRINT =========
[2023-11-12 00:44:34] PRINT 16
[2023-11-12 00:44:34] PRINT 0.08773035556077957
[2023-11-12 00:44:34] PRINT =========
[2023-11-12 00:44:36] PRINT 18
[2023-11-12 00:44:36] PRINT 0.04792327433824539
[2023-11-12 00:44:36] PRINT =========
[2023-11-12 00:44:38] PRINT 20
[2023-11-12 00:44:38] PRINT 0.07635446637868881
[2023-11-12 00:44:38] PRINT =========
[2023-11-12 00:44:40] PRINT 22
[2023-11-12 00:44:40] PRINT 0.03618235141038895
[2023-11-12 00:44:40] PRINT =========
[2023-11-12 00:44:43] PRINT 24
[2023-11-12 00:44:43] PRINT 0.06732013821601868
[2023-11-12 00:44:43] PRINT =========
[2023-11-12 00:44:45] PRINT 26
[2023-11-12 00:44:45] PRINT 0.048082515597343445
[2023-11-12 00:44:45] PRINT =========
[2023-11-12 00:44:46] PRINT 28
[2023-11-12 00:44:46] PRINT 0.07101880759000778
[2023-11-12 00:44:46] PRINT =========
[2023-11-12 00:44:48] PRINT 30
[2023-11-12 00:44:48] PRINT 0.05071630701422691
[2023-11-12 00:44:48] PRINT =========
[2023-11-12 00:44:49] PRINT 32
[2023-11-12 00:44:49] PRINT 0.04304647445678711
[2023-11-12 00:44:49] PRINT =========
[2023-11-12 00:44:51] PRINT 34
[2023-11-12 00:44:51] PRINT 0.04611804336309433
[2023-11-12 00:44:51] PRINT =========
[2023-11-12 00:44:53] PRINT 36
[2023-11-12 00:44:53] PRINT 0.06443248689174652
[2023-11-12 00:44:53] PRINT =========
[2023-11-12 00:44:54] PRINT 38
[2023-11-12 00:44:54] PRINT 0.05657929554581642
[2023-11-12 00:44:54] PRINT =========
[2023-11-12 00:44:56] PRINT 40
[2023-11-12 00:44:56] PRINT 0.08601418137550354
[2023-11-12 00:44:56] PRINT =========
[2023-11-12 00:44:57] PRINT 42
[2023-11-12 00:44:57] PRINT 0.03952818736433983
[2023-11-12 00:44:57] PRINT =========
[2023-11-12 00:44:59] PRINT 44
[2023-11-12 00:44:59] PRINT 0.06168876960873604
[2023-11-12 00:44:59] PRINT =========
[2023-11-12 00:45:00] PRINT 46
[2023-11-12 00:45:00] PRINT 0.07975686341524124
[2023-11-12 00:45:00] PRINT =========
[2023-11-12 00:45:02] PRINT 48
[2023-11-12 00:45:02] PRINT 0.08242221921682358
[2023-11-12 00:45:02] PRINT =========
[2023-11-12 00:45:04] PRINT 50
[2023-11-12 00:45:04] PRINT 0.06108306720852852
[2023-11-12 00:45:04] PRINT =========
[2023-11-12 00:45:05] PRINT 52
[2023-11-12 00:45:05] PRINT 0.05651790276169777
[2023-11-12 00:45:05] PRINT =========
[2023-11-12 00:45:07] PRINT 54
[2023-11-12 00:45:07] PRINT 0.0416870191693306
[2023-11-12 00:45:07] PRINT =========
[2023-11-12 00:45:08] PRINT 56
[2023-11-12 00:45:08] PRINT 0.02934391424059868
[2023-11-12 00:45:08] PRINT =========
[2023-11-12 00:45:09] PRINT 58
[2023-11-12 00:45:09] PRINT 0.03835784271359444
[2023-11-12 00:45:09] PRINT =========
[2023-11-12 00:45:11] PRINT 60
[2023-11-12 00:45:11] PRINT 0.017993642017245293
[2023-11-12 00:45:11] PRINT =========
[2023-11-12 00:45:12] PRINT 62
[2023-11-12 00:45:13] PRINT 0.034437764436006546
[2023-11-12 00:45:13] PRINT =========
[2023-11-12 00:45:14] PRINT 64
[2023-11-12 00:45:14] PRINT 0.041343655437231064
[2023-11-12 00:45:14] PRINT =========
[2023-11-12 00:45:15] PRINT 66
[2023-11-12 00:45:15] PRINT 0.06705379486083984
[2023-11-12 00:45:15] PRINT =========
[2023-11-12 00:45:17] PRINT 68
[2023-11-12 00:45:17] PRINT 0.029479172080755234
[2023-11-12 00:45:17] PRINT =========
[2023-11-12 00:45:19] PRINT 70
[2023-11-12 00:45:19] PRINT 0.019885161891579628
[2023-11-12 00:45:19] PRINT =========
[2023-11-12 00:45:20] PRINT 72
[2023-11-12 00:45:20] PRINT 0.03927294537425041
[2023-11-12 00:45:20] PRINT =========
[2023-11-12 00:45:22] PRINT 74
[2023-11-12 00:45:22] PRINT 0.043987516313791275
[2023-11-12 00:45:22] PRINT =========
[2023-11-12 00:45:23] PRINT 76
[2023-11-12 00:45:23] PRINT 0.02303934097290039
[2023-11-12 00:45:23] PRINT =========
[2023-11-12 00:45:25] PRINT 78
[2023-11-12 00:45:25] PRINT 0.02986287511885166
[2023-11-12 00:45:25] PRINT =========
[2023-11-12 00:45:26] PRINT 80
[2023-11-12 00:45:26] PRINT 0.030291685834527016
[2023-11-12 00:45:26] PRINT =========
[2023-11-12 00:45:28] PRINT 82
[2023-11-12 00:45:28] PRINT 0.04368909075856209
[2023-11-12 00:45:28] PRINT =========
[2023-11-12 00:45:29] PRINT 84
[2023-11-12 00:45:29] PRINT 0.036404844373464584
[2023-11-12 00:45:29] PRINT =========
[2023-11-12 00:45:31] PRINT 86
[2023-11-12 00:45:31] PRINT 0.04291907697916031
[2023-11-12 00:45:31] PRINT =========
[2023-11-12 00:45:32] PRINT 88
[2023-11-12 00:45:32] PRINT 0.051571812480688095
[2023-11-12 00:45:32] PRINT =========
[2023-11-12 00:45:34] PRINT 90
[2023-11-12 00:45:34] PRINT 0.04636402428150177
[2023-11-12 00:45:34] PRINT =========
[2023-11-12 00:45:35] PRINT 92
[2023-11-12 00:45:35] PRINT 0.024899914860725403
[2023-11-12 00:45:35] PRINT =========
[2023-11-12 00:45:37] PRINT 94
[2023-11-12 00:45:37] PRINT 0.03266623243689537
[2023-11-12 00:45:37] PRINT =========
[2023-11-12 00:45:38] PRINT 96
[2023-11-12 00:45:38] PRINT 0.019498124718666077
[2023-11-12 00:45:38] PRINT =========
[2023-11-12 00:45:40] PRINT 98
[2023-11-12 00:45:40] PRINT 0.018108773976564407
[2023-11-12 00:45:40] PRINT =========
[2023-11-12 00:45:41] PRINT 100
[2023-11-12 00:45:41] PRINT 0.043220311403274536
[2023-11-12 00:45:41] PRINT =========
[2023-11-12 00:45:41] PRINT Average PSNR after pre-training: 19.6630545971517
[2023-11-12 00:45:44] PRINT Average PSNR after fine tuning :  nan
