[2023-11-12 00:24:09] INFO (nni.runtime.trial_command_channel.v3/MainThread) Connect to trial command channel http://localhost:8080/env/local-env/y6tOB
[2023-11-12 00:24:09] PRINT Namespace(num_block=8, num_discriminator_blocks=3, conv_kernel_size=3, generator_depth=64, discriminator_depth=128, generator_activation='prelu', discriminator_activation='leakyrelu', LR_path='custom_dataset/train_LR', GT_path='custom_dataset/train_HR', res_num=16, num_workers=0, batch_size=16, L2_coeff=1.0, adv_coeff=0.001, tv_loss_coeff=0.0, pre_train_epoch=100, fine_train_epoch=0, scale=4, patch_size=24, feat_layer='relu5_4', vgg_rescale_coeff=0.006, fine_tuning=False, in_memory=True, generator_path=None, mode='train')
[2023-11-12 00:24:16] PRINT 2
[2023-11-12 00:24:16] PRINT 0.15299595892429352
[2023-11-12 00:24:16] PRINT =========
[2023-11-12 00:24:17] PRINT 4
[2023-11-12 00:24:17] PRINT 0.10992703586816788
[2023-11-12 00:24:17] PRINT =========
[2023-11-12 00:24:19] PRINT 6
[2023-11-12 00:24:19] PRINT 0.212598979473114
[2023-11-12 00:24:19] PRINT =========
[2023-11-12 00:24:20] PRINT 8
[2023-11-12 00:24:20] PRINT 0.17082001268863678
[2023-11-12 00:24:20] PRINT =========
[2023-11-12 00:24:21] PRINT 10
[2023-11-12 00:24:22] PRINT 0.12265168130397797
[2023-11-12 00:24:22] PRINT =========
[2023-11-12 00:24:23] PRINT 12
[2023-11-12 00:24:23] PRINT 0.08423493057489395
[2023-11-12 00:24:23] PRINT =========
[2023-11-12 00:24:24] PRINT 14
[2023-11-12 00:24:24] PRINT 0.07401394098997116
[2023-11-12 00:24:24] PRINT =========
[2023-11-12 00:24:25] PRINT 16
[2023-11-12 00:24:25] PRINT 0.06706490367650986
[2023-11-12 00:24:25] PRINT =========
[2023-11-12 00:24:27] PRINT 18
[2023-11-12 00:24:27] PRINT 0.058168649673461914
[2023-11-12 00:24:27] PRINT =========
[2023-11-12 00:24:28] PRINT 20
[2023-11-12 00:24:28] PRINT 0.054477278143167496
[2023-11-12 00:24:28] PRINT =========
[2023-11-12 00:24:30] PRINT 22
[2023-11-12 00:24:30] PRINT 0.12854407727718353
[2023-11-12 00:24:30] PRINT =========
[2023-11-12 00:24:31] PRINT 24
[2023-11-12 00:24:31] PRINT 0.0768667533993721
[2023-11-12 00:24:31] PRINT =========
[2023-11-12 00:24:32] PRINT 26
[2023-11-12 00:24:32] PRINT 0.04725716635584831
[2023-11-12 00:24:32] PRINT =========
[2023-11-12 00:24:33] PRINT 28
[2023-11-12 00:24:33] PRINT 0.10266627371311188
[2023-11-12 00:24:33] PRINT =========
[2023-11-12 00:24:35] PRINT 30
[2023-11-12 00:24:35] PRINT 0.1134958267211914
[2023-11-12 00:24:35] PRINT =========
[2023-11-12 00:24:36] PRINT 32
[2023-11-12 00:24:36] PRINT 0.07226438075304031
[2023-11-12 00:24:36] PRINT =========
[2023-11-12 00:24:37] PRINT 34
[2023-11-12 00:24:37] PRINT 0.04939471557736397
[2023-11-12 00:24:37] PRINT =========
[2023-11-12 00:24:39] PRINT 36
[2023-11-12 00:24:39] PRINT 0.11729337275028229
[2023-11-12 00:24:39] PRINT =========
[2023-11-12 00:24:40] PRINT 38
[2023-11-12 00:24:40] PRINT 0.04926197603344917
[2023-11-12 00:24:40] PRINT =========
[2023-11-12 00:24:42] PRINT 40
[2023-11-12 00:24:42] PRINT 0.07897767424583435
[2023-11-12 00:24:42] PRINT =========
[2023-11-12 00:24:44] PRINT 42
[2023-11-12 00:24:44] PRINT 0.09327463060617447
[2023-11-12 00:24:44] PRINT =========
[2023-11-12 00:24:45] PRINT 44
[2023-11-12 00:24:45] PRINT 0.05136540159583092
[2023-11-12 00:24:45] PRINT =========
[2023-11-12 00:24:47] PRINT 46
[2023-11-12 00:24:47] PRINT 0.04159002751111984
[2023-11-12 00:24:47] PRINT =========
[2023-11-12 00:24:48] PRINT 48
[2023-11-12 00:24:48] PRINT 0.07773152738809586
[2023-11-12 00:24:48] PRINT =========
[2023-11-12 00:24:50] PRINT 50
[2023-11-12 00:24:50] PRINT 0.04896578937768936
[2023-11-12 00:24:50] PRINT =========
[2023-11-12 00:24:51] PRINT 52
[2023-11-12 00:24:51] PRINT 0.07788792252540588
[2023-11-12 00:24:51] PRINT =========
[2023-11-12 00:24:52] PRINT 54
[2023-11-12 00:24:52] PRINT 0.04011703282594681
[2023-11-12 00:24:52] PRINT =========
[2023-11-12 00:24:54] PRINT 56
[2023-11-12 00:24:54] PRINT 0.03504742681980133
[2023-11-12 00:24:54] PRINT =========
[2023-11-12 00:24:55] PRINT 58
[2023-11-12 00:24:55] PRINT 0.050508834421634674
[2023-11-12 00:24:55] PRINT =========
[2023-11-12 00:24:57] PRINT 60
[2023-11-12 00:24:57] PRINT 0.03954078257083893
[2023-11-12 00:24:57] PRINT =========
[2023-11-12 00:24:58] PRINT 62
[2023-11-12 00:24:58] PRINT 0.04122838005423546
[2023-11-12 00:24:58] PRINT =========
[2023-11-12 00:24:59] PRINT 64
[2023-11-12 00:24:59] PRINT 0.037866778671741486
[2023-11-12 00:24:59] PRINT =========
[2023-11-12 00:25:01] PRINT 66
[2023-11-12 00:25:01] PRINT 0.03577892854809761
[2023-11-12 00:25:01] PRINT =========
[2023-11-12 00:25:02] PRINT 68
[2023-11-12 00:25:02] PRINT 0.02572709694504738
[2023-11-12 00:25:02] PRINT =========
[2023-11-12 00:25:04] PRINT 70
[2023-11-12 00:25:04] PRINT 0.05260078236460686
[2023-11-12 00:25:04] PRINT =========
[2023-11-12 00:25:05] PRINT 72
[2023-11-12 00:25:05] PRINT 0.0640820860862732
[2023-11-12 00:25:05] PRINT =========
[2023-11-12 00:25:07] PRINT 74
[2023-11-12 00:25:07] PRINT 0.028082776814699173
[2023-11-12 00:25:07] PRINT =========
[2023-11-12 00:25:08] PRINT 76
[2023-11-12 00:25:08] PRINT 0.03250495716929436
[2023-11-12 00:25:08] PRINT =========
[2023-11-12 00:25:10] PRINT 78
[2023-11-12 00:25:10] PRINT 0.05784687399864197
[2023-11-12 00:25:10] PRINT =========
[2023-11-12 00:25:11] PRINT 80
[2023-11-12 00:25:11] PRINT 0.03944378346204758
[2023-11-12 00:25:11] PRINT =========
[2023-11-12 00:25:12] PRINT 82
[2023-11-12 00:25:12] PRINT 0.056912828236818314
[2023-11-12 00:25:12] PRINT =========
[2023-11-12 00:25:14] PRINT 84
[2023-11-12 00:25:14] PRINT 0.037712160497903824
[2023-11-12 00:25:14] PRINT =========
[2023-11-12 00:25:15] PRINT 86
[2023-11-12 00:25:15] PRINT 0.01951568014919758
[2023-11-12 00:25:15] PRINT =========
[2023-11-12 00:25:17] PRINT 88
[2023-11-12 00:25:17] PRINT 0.0596708282828331
[2023-11-12 00:25:17] PRINT =========
[2023-11-12 00:25:18] PRINT 90
[2023-11-12 00:25:18] PRINT 0.0270166527479887
[2023-11-12 00:25:18] PRINT =========
[2023-11-12 00:25:19] PRINT 92
[2023-11-12 00:25:19] PRINT 0.04342476651072502
[2023-11-12 00:25:19] PRINT =========
[2023-11-12 00:25:21] PRINT 94
[2023-11-12 00:25:21] PRINT 0.03380525857210159
[2023-11-12 00:25:21] PRINT =========
[2023-11-12 00:25:22] PRINT 96
[2023-11-12 00:25:22] PRINT 0.043423715978860855
[2023-11-12 00:25:22] PRINT =========
[2023-11-12 00:25:23] PRINT 98
[2023-11-12 00:25:23] PRINT 0.035271815955638885
[2023-11-12 00:25:23] PRINT =========
[2023-11-12 00:25:25] PRINT 100
[2023-11-12 00:25:25] PRINT 0.12027615308761597
[2023-11-12 00:25:25] PRINT =========
[2023-11-12 00:25:25] PRINT Average PSNR after pre-training: 19.079059899980134
[2023-11-12 00:25:28] PRINT Average PSNR after fine tuning :  nan
