[2023-11-12 01:36:21] INFO (nni.runtime.trial_command_channel.v3/MainThread) Connect to trial command channel http://localhost:8080/env/local-env/bH2Ay
[2023-11-12 01:36:21] PRINT Namespace(num_block=16, num_discriminator_blocks=4, conv_kernel_size=3, generator_depth=128, discriminator_depth=64, generator_activation='relu', discriminator_activation='leakyrelu', LR_path='custom_dataset/train_LR', GT_path='custom_dataset/train_HR', res_num=16, num_workers=0, batch_size=16, L2_coeff=1.0, adv_coeff=0.001, tv_loss_coeff=0.0, pre_train_epoch=100, fine_train_epoch=0, scale=4, patch_size=24, feat_layer='relu5_4', vgg_rescale_coeff=0.006, fine_tuning=False, in_memory=True, generator_path=None, mode='train')
[2023-11-12 01:36:35] PRINT 2
[2023-11-12 01:36:35] PRINT 0.15015824139118195
[2023-11-12 01:36:35] PRINT =========
[2023-11-12 01:36:37] PRINT 4
[2023-11-12 01:36:37] PRINT 0.12200069427490234
[2023-11-12 01:36:37] PRINT =========
[2023-11-12 01:36:39] PRINT 6
[2023-11-12 01:36:39] PRINT 0.12310294061899185
[2023-11-12 01:36:39] PRINT =========
[2023-11-12 01:36:41] PRINT 8
[2023-11-12 01:36:41] PRINT 0.15648400783538818
[2023-11-12 01:36:41] PRINT =========
[2023-11-12 01:36:42] PRINT 10
[2023-11-12 01:36:42] PRINT 0.05537330359220505
[2023-11-12 01:36:42] PRINT =========
[2023-11-12 01:36:44] PRINT 12
[2023-11-12 01:36:44] PRINT 0.16295833885669708
[2023-11-12 01:36:44] PRINT =========
[2023-11-12 01:36:46] PRINT 14
[2023-11-12 01:36:46] PRINT 0.17817191779613495
[2023-11-12 01:36:46] PRINT =========
[2023-11-12 01:36:48] PRINT 16
[2023-11-12 01:36:48] PRINT 0.11300081759691238
[2023-11-12 01:36:48] PRINT =========
[2023-11-12 01:36:51] PRINT 18
[2023-11-12 01:36:51] PRINT 0.09160131961107254
[2023-11-12 01:36:51] PRINT =========
[2023-11-12 01:36:53] PRINT 20
[2023-11-12 01:36:53] PRINT 0.0840403214097023
[2023-11-12 01:36:53] PRINT =========
[2023-11-12 01:36:55] PRINT 22
[2023-11-12 01:36:55] PRINT 0.06141262501478195
[2023-11-12 01:36:55] PRINT =========
[2023-11-12 01:36:57] PRINT 24
[2023-11-12 01:36:57] PRINT 0.11856440454721451
[2023-11-12 01:36:57] PRINT =========
[2023-11-12 01:36:58] PRINT 26
[2023-11-12 01:36:58] PRINT 0.07877255976200104
[2023-11-12 01:36:58] PRINT =========
[2023-11-12 01:37:00] PRINT 28
[2023-11-12 01:37:00] PRINT 0.05547584965825081
[2023-11-12 01:37:00] PRINT =========
[2023-11-12 01:37:02] PRINT 30
[2023-11-12 01:37:02] PRINT 0.04158930480480194
[2023-11-12 01:37:02] PRINT =========
[2023-11-12 01:37:04] PRINT 32
[2023-11-12 01:37:04] PRINT 0.04253864288330078
[2023-11-12 01:37:04] PRINT =========
[2023-11-12 01:37:06] PRINT 34
[2023-11-12 01:37:06] PRINT 0.08066163212060928
[2023-11-12 01:37:06] PRINT =========
[2023-11-12 01:37:07] PRINT 36
[2023-11-12 01:37:07] PRINT 0.08939007669687271
[2023-11-12 01:37:07] PRINT =========
[2023-11-12 01:37:10] PRINT 38
[2023-11-12 01:37:10] PRINT 0.06792007386684418
[2023-11-12 01:37:10] PRINT =========
[2023-11-12 01:37:12] PRINT 40
[2023-11-12 01:37:12] PRINT 0.04009202867746353
[2023-11-12 01:37:12] PRINT =========
[2023-11-12 01:37:14] PRINT 42
[2023-11-12 01:37:14] PRINT 0.04750942066311836
[2023-11-12 01:37:14] PRINT =========
[2023-11-12 01:37:15] PRINT 44
[2023-11-12 01:37:15] PRINT 0.05749121308326721
[2023-11-12 01:37:15] PRINT =========
[2023-11-12 01:37:17] PRINT 46
[2023-11-12 01:37:17] PRINT 0.062457770109176636
[2023-11-12 01:37:17] PRINT =========
[2023-11-12 01:37:19] PRINT 48
[2023-11-12 01:37:19] PRINT 0.07496028393507004
[2023-11-12 01:37:19] PRINT =========
[2023-11-12 01:37:20] PRINT 50
[2023-11-12 01:37:20] PRINT 0.054021093994379044
[2023-11-12 01:37:20] PRINT =========
[2023-11-12 01:37:22] PRINT 52
[2023-11-12 01:37:22] PRINT 0.07143563777208328
[2023-11-12 01:37:22] PRINT =========
[2023-11-12 01:37:24] PRINT 54
[2023-11-12 01:37:24] PRINT 0.030059631913900375
[2023-11-12 01:37:24] PRINT =========
[2023-11-12 01:37:26] PRINT 56
[2023-11-12 01:37:26] PRINT 0.0590771920979023
[2023-11-12 01:37:26] PRINT =========
[2023-11-12 01:37:27] PRINT 58
[2023-11-12 01:37:27] PRINT 0.07285864651203156
[2023-11-12 01:37:27] PRINT =========
[2023-11-12 01:37:29] PRINT 60
[2023-11-12 01:37:29] PRINT 0.04589259251952171
[2023-11-12 01:37:29] PRINT =========
[2023-11-12 01:37:31] PRINT 62
[2023-11-12 01:37:31] PRINT 0.03283170238137245
[2023-11-12 01:37:31] PRINT =========
[2023-11-12 01:37:33] PRINT 64
[2023-11-12 01:37:33] PRINT 0.03051162138581276
[2023-11-12 01:37:33] PRINT =========
[2023-11-12 01:37:35] PRINT 66
[2023-11-12 01:37:35] PRINT 0.05947689712047577
[2023-11-12 01:37:35] PRINT =========
[2023-11-12 01:37:36] PRINT 68
[2023-11-12 01:37:36] PRINT 0.03305409103631973
[2023-11-12 01:37:36] PRINT =========
[2023-11-12 01:37:38] PRINT 70
[2023-11-12 01:37:38] PRINT 0.08292529731988907
[2023-11-12 01:37:38] PRINT =========
[2023-11-12 01:37:40] PRINT 72
[2023-11-12 01:37:40] PRINT 0.05267889425158501
[2023-11-12 01:37:40] PRINT =========
[2023-11-12 01:37:42] PRINT 74
[2023-11-12 01:37:42] PRINT 0.056354619562625885
[2023-11-12 01:37:42] PRINT =========
[2023-11-12 01:37:44] PRINT 76
[2023-11-12 01:37:44] PRINT 0.05809902772307396
[2023-11-12 01:37:44] PRINT =========
[2023-11-12 01:37:45] PRINT 78
[2023-11-12 01:37:45] PRINT 0.07184424996376038
[2023-11-12 01:37:45] PRINT =========
[2023-11-12 01:37:47] PRINT 80
[2023-11-12 01:37:47] PRINT 0.04169682413339615
[2023-11-12 01:37:47] PRINT =========
[2023-11-12 01:37:49] PRINT 82
[2023-11-12 01:37:49] PRINT 0.02524218149483204
[2023-11-12 01:37:49] PRINT =========
[2023-11-12 01:37:51] PRINT 84
[2023-11-12 01:37:51] PRINT 0.060228437185287476
[2023-11-12 01:37:51] PRINT =========
[2023-11-12 01:37:52] PRINT 86
[2023-11-12 01:37:52] PRINT 0.07653152197599411
[2023-11-12 01:37:52] PRINT =========
[2023-11-12 01:37:54] PRINT 88
[2023-11-12 01:37:54] PRINT 0.020565660670399666
[2023-11-12 01:37:54] PRINT =========
[2023-11-12 01:37:56] PRINT 90
[2023-11-12 01:37:56] PRINT 0.05132388323545456
[2023-11-12 01:37:56] PRINT =========
[2023-11-12 01:37:58] PRINT 92
[2023-11-12 01:37:58] PRINT 0.0207257941365242
[2023-11-12 01:37:58] PRINT =========
[2023-11-12 01:37:59] PRINT 94
[2023-11-12 01:37:59] PRINT 0.04339884966611862
[2023-11-12 01:37:59] PRINT =========
[2023-11-12 01:38:01] PRINT 96
[2023-11-12 01:38:01] PRINT 0.0586654432117939
[2023-11-12 01:38:01] PRINT =========
[2023-11-12 01:38:03] PRINT 98
[2023-11-12 01:38:03] PRINT 0.07176844775676727
[2023-11-12 01:38:03] PRINT =========
[2023-11-12 01:38:04] PRINT 100
[2023-11-12 01:38:04] PRINT 0.04510943591594696
[2023-11-12 01:38:04] PRINT =========
[2023-11-12 01:38:04] PRINT Average PSNR after pre-training: 18.910528780601055
[2023-11-12 01:38:09] PRINT Average PSNR after fine tuning :  nan
