[2023-11-12 00:12:39] INFO (nni.runtime.trial_command_channel.v3/MainThread) Connect to trial command channel http://localhost:8080/env/local-env/FLwUS
[2023-11-12 00:12:39] PRINT Namespace(num_block=8, num_discriminator_blocks=4, conv_kernel_size=3, generator_depth=64, discriminator_depth=64, generator_activation='relu', discriminator_activation='leakyrelu', LR_path='custom_dataset/train_LR', GT_path='custom_dataset/train_HR', res_num=16, num_workers=0, batch_size=16, L2_coeff=1.0, adv_coeff=0.001, tv_loss_coeff=0.0, pre_train_epoch=100, fine_train_epoch=0, scale=4, patch_size=24, feat_layer='relu5_4', vgg_rescale_coeff=0.006, fine_tuning=False, in_memory=True, generator_path=None, mode='train')
[2023-11-12 00:12:52] PRINT 2
[2023-11-12 00:12:52] PRINT 0.277421236038208
[2023-11-12 00:12:52] PRINT =========
[2023-11-12 00:12:54] PRINT 4
[2023-11-12 00:12:54] PRINT 0.17286939918994904
[2023-11-12 00:12:54] PRINT =========
[2023-11-12 00:12:56] PRINT 6
[2023-11-12 00:12:56] PRINT 0.10306010395288467
[2023-11-12 00:12:56] PRINT =========
[2023-11-12 00:12:58] PRINT 8
[2023-11-12 00:12:58] PRINT 0.0866844430565834
[2023-11-12 00:12:58] PRINT =========
[2023-11-12 00:12:59] PRINT 10
[2023-11-12 00:12:59] PRINT 0.20457130670547485
[2023-11-12 00:12:59] PRINT =========
[2023-11-12 00:13:00] PRINT 12
[2023-11-12 00:13:00] PRINT 0.07215272635221481
[2023-11-12 00:13:00] PRINT =========
[2023-11-12 00:13:02] PRINT 14
[2023-11-12 00:13:02] PRINT 0.12174844741821289
[2023-11-12 00:13:02] PRINT =========
[2023-11-12 00:13:03] PRINT 16
[2023-11-12 00:13:03] PRINT 0.10024093836545944
[2023-11-12 00:13:03] PRINT =========
[2023-11-12 00:13:05] PRINT 18
[2023-11-12 00:13:05] PRINT 0.0523376539349556
[2023-11-12 00:13:05] PRINT =========
[2023-11-12 00:13:07] PRINT 20
[2023-11-12 00:13:07] PRINT 0.05939115956425667
[2023-11-12 00:13:07] PRINT =========
[2023-11-12 00:13:09] PRINT 22
[2023-11-12 00:13:09] PRINT 0.1001472920179367
[2023-11-12 00:13:09] PRINT =========
[2023-11-12 00:13:11] PRINT 24
[2023-11-12 00:13:11] PRINT 0.08517609536647797
[2023-11-12 00:13:11] PRINT =========
[2023-11-12 00:13:13] PRINT 26
[2023-11-12 00:13:13] PRINT 0.06293363869190216
[2023-11-12 00:13:13] PRINT =========
[2023-11-12 00:13:15] PRINT 28
[2023-11-12 00:13:15] PRINT 0.10568516701459885
[2023-11-12 00:13:15] PRINT =========
[2023-11-12 00:13:17] PRINT 30
[2023-11-12 00:13:17] PRINT 0.06740298867225647
[2023-11-12 00:13:17] PRINT =========
[2023-11-12 00:13:19] PRINT 32
[2023-11-12 00:13:19] PRINT 0.06210613250732422
[2023-11-12 00:13:19] PRINT =========
[2023-11-12 00:13:20] PRINT 34
[2023-11-12 00:13:20] PRINT 0.18855291604995728
[2023-11-12 00:13:20] PRINT =========
[2023-11-12 00:13:21] PRINT 36
[2023-11-12 00:13:21] PRINT 0.05744364485144615
[2023-11-12 00:13:21] PRINT =========
[2023-11-12 00:13:23] PRINT 38
[2023-11-12 00:13:23] PRINT 0.04670574143528938
[2023-11-12 00:13:23] PRINT =========
[2023-11-12 00:13:24] PRINT 40
[2023-11-12 00:13:24] PRINT 0.0610559917986393
[2023-11-12 00:13:24] PRINT =========
[2023-11-12 00:13:26] PRINT 42
[2023-11-12 00:13:26] PRINT 0.03745170310139656
[2023-11-12 00:13:26] PRINT =========
[2023-11-12 00:13:27] PRINT 44
[2023-11-12 00:13:27] PRINT 0.047860436141490936
[2023-11-12 00:13:27] PRINT =========
[2023-11-12 00:13:29] PRINT 46
[2023-11-12 00:13:29] PRINT 0.060088299214839935
[2023-11-12 00:13:29] PRINT =========
[2023-11-12 00:13:30] PRINT 48
[2023-11-12 00:13:30] PRINT 0.025875378400087357
[2023-11-12 00:13:30] PRINT =========
[2023-11-12 00:13:31] PRINT 50
[2023-11-12 00:13:31] PRINT 0.15032033622264862
[2023-11-12 00:13:31] PRINT =========
[2023-11-12 00:13:33] PRINT 52
[2023-11-12 00:13:33] PRINT 0.03814775124192238
[2023-11-12 00:13:33] PRINT =========
[2023-11-12 00:13:35] PRINT 54
[2023-11-12 00:13:35] PRINT 0.0864047110080719
[2023-11-12 00:13:35] PRINT =========
[2023-11-12 00:13:37] PRINT 56
[2023-11-12 00:13:37] PRINT 0.12130746990442276
[2023-11-12 00:13:37] PRINT =========
[2023-11-12 00:13:38] PRINT 58
[2023-11-12 00:13:38] PRINT 0.0818604901432991
[2023-11-12 00:13:38] PRINT =========
[2023-11-12 00:13:39] PRINT 60
[2023-11-12 00:13:39] PRINT 0.08303767442703247
[2023-11-12 00:13:39] PRINT =========
[2023-11-12 00:13:41] PRINT 62
[2023-11-12 00:13:41] PRINT 0.04663752764463425
[2023-11-12 00:13:41] PRINT =========
[2023-11-12 00:13:43] PRINT 64
[2023-11-12 00:13:43] PRINT 0.06721604615449905
[2023-11-12 00:13:43] PRINT =========
[2023-11-12 00:13:44] PRINT 66
[2023-11-12 00:13:44] PRINT 0.037509892135858536
[2023-11-12 00:13:44] PRINT =========
[2023-11-12 00:13:45] PRINT 68
[2023-11-12 00:13:45] PRINT 0.022315556183457375
[2023-11-12 00:13:45] PRINT =========
[2023-11-12 00:13:47] PRINT 70
[2023-11-12 00:13:47] PRINT 0.045884840190410614
[2023-11-12 00:13:47] PRINT =========
[2023-11-12 00:13:48] PRINT 72
[2023-11-12 00:13:48] PRINT 0.07675265520811081
[2023-11-12 00:13:48] PRINT =========
[2023-11-12 00:13:50] PRINT 74
[2023-11-12 00:13:50] PRINT 0.03471481427550316
[2023-11-12 00:13:50] PRINT =========
[2023-11-12 00:13:51] PRINT 76
[2023-11-12 00:13:51] PRINT 0.03316132351756096
[2023-11-12 00:13:51] PRINT =========
[2023-11-12 00:13:53] PRINT 78
[2023-11-12 00:13:53] PRINT 0.06567512452602386
[2023-11-12 00:13:53] PRINT =========
[2023-11-12 00:13:54] PRINT 80
[2023-11-12 00:13:54] PRINT 0.05522846430540085
[2023-11-12 00:13:54] PRINT =========
[2023-11-12 00:13:55] PRINT 82
[2023-11-12 00:13:55] PRINT 0.04146715626120567
[2023-11-12 00:13:55] PRINT =========
[2023-11-12 00:13:57] PRINT 84
[2023-11-12 00:13:57] PRINT 0.03742348402738571
[2023-11-12 00:13:57] PRINT =========
[2023-11-12 00:13:58] PRINT 86
[2023-11-12 00:13:58] PRINT 0.043005529791116714
[2023-11-12 00:13:58] PRINT =========
[2023-11-12 00:14:00] PRINT 88
[2023-11-12 00:14:00] PRINT 0.03931080922484398
[2023-11-12 00:14:00] PRINT =========
[2023-11-12 00:14:01] PRINT 90
[2023-11-12 00:14:01] PRINT 0.03258178383111954
[2023-11-12 00:14:01] PRINT =========
[2023-11-12 00:14:02] PRINT 92
[2023-11-12 00:14:03] PRINT 0.07581181079149246
[2023-11-12 00:14:03] PRINT =========
[2023-11-12 00:14:04] PRINT 94
[2023-11-12 00:14:04] PRINT 0.04307517036795616
[2023-11-12 00:14:04] PRINT =========
[2023-11-12 00:14:05] PRINT 96
[2023-11-12 00:14:05] PRINT 0.06055305153131485
[2023-11-12 00:14:05] PRINT =========
[2023-11-12 00:14:07] PRINT 98
[2023-11-12 00:14:07] PRINT 0.12861739099025726
[2023-11-12 00:14:07] PRINT =========
[2023-11-12 00:14:08] PRINT 100
[2023-11-12 00:14:08] PRINT 0.023795265704393387
[2023-11-12 00:14:08] PRINT =========
[2023-11-12 00:14:08] PRINT Average PSNR after pre-training: 18.300093352252553
[2023-11-12 00:14:11] PRINT Average PSNR after fine tuning :  nan
