[2023-11-12 00:55:46] INFO (nni.runtime.trial_command_channel.v3/MainThread) Connect to trial command channel http://localhost:8080/env/local-env/Bbo0w
[2023-11-12 00:55:46] PRINT Namespace(num_block=8, num_discriminator_blocks=4, conv_kernel_size=3, generator_depth=128, discriminator_depth=64, generator_activation='relu', discriminator_activation='leakyrelu', LR_path='custom_dataset/train_LR', GT_path='custom_dataset/train_HR', res_num=16, num_workers=0, batch_size=16, L2_coeff=1.0, adv_coeff=0.001, tv_loss_coeff=0.0, pre_train_epoch=100, fine_train_epoch=0, scale=4, patch_size=24, feat_layer='relu5_4', vgg_rescale_coeff=0.006, fine_tuning=False, in_memory=True, generator_path=None, mode='train')
[2023-11-12 00:55:53] PRINT 2
[2023-11-12 00:55:53] PRINT 0.10330905020236969
[2023-11-12 00:55:53] PRINT =========
[2023-11-12 00:55:55] PRINT 4
[2023-11-12 00:55:55] PRINT 0.15272323787212372
[2023-11-12 00:55:55] PRINT =========
[2023-11-12 00:55:56] PRINT 6
[2023-11-12 00:55:56] PRINT 0.11870364844799042
[2023-11-12 00:55:56] PRINT =========
[2023-11-12 00:55:58] PRINT 8
[2023-11-12 00:55:58] PRINT 0.11316373944282532
[2023-11-12 00:55:58] PRINT =========
[2023-11-12 00:56:00] PRINT 10
[2023-11-12 00:56:00] PRINT 0.06316966563463211
[2023-11-12 00:56:00] PRINT =========
[2023-11-12 00:56:01] PRINT 12
[2023-11-12 00:56:01] PRINT 0.05078579857945442
[2023-11-12 00:56:01] PRINT =========
[2023-11-12 00:56:02] PRINT 14
[2023-11-12 00:56:02] PRINT 0.12893331050872803
[2023-11-12 00:56:02] PRINT =========
[2023-11-12 00:56:04] PRINT 16
[2023-11-12 00:56:04] PRINT 0.07540887594223022
[2023-11-12 00:56:04] PRINT =========
[2023-11-12 00:56:05] PRINT 18
[2023-11-12 00:56:05] PRINT 0.12543486058712006
[2023-11-12 00:56:05] PRINT =========
[2023-11-12 00:56:07] PRINT 20
[2023-11-12 00:56:07] PRINT 0.06855613738298416
[2023-11-12 00:56:07] PRINT =========
[2023-11-12 00:56:08] PRINT 22
[2023-11-12 00:56:08] PRINT 0.121344193816185
[2023-11-12 00:56:08] PRINT =========
[2023-11-12 00:56:10] PRINT 24
[2023-11-12 00:56:10] PRINT 0.09322579950094223
[2023-11-12 00:56:10] PRINT =========
[2023-11-12 00:56:11] PRINT 26
[2023-11-12 00:56:11] PRINT 0.14010381698608398
[2023-11-12 00:56:11] PRINT =========
[2023-11-12 00:56:13] PRINT 28
[2023-11-12 00:56:13] PRINT 0.07841935753822327
[2023-11-12 00:56:13] PRINT =========
[2023-11-12 00:56:14] PRINT 30
[2023-11-12 00:56:14] PRINT 0.11201437562704086
[2023-11-12 00:56:14] PRINT =========
[2023-11-12 00:56:16] PRINT 32
[2023-11-12 00:56:16] PRINT 0.039629314094781876
[2023-11-12 00:56:16] PRINT =========
[2023-11-12 00:56:17] PRINT 34
[2023-11-12 00:56:17] PRINT 0.04031304642558098
[2023-11-12 00:56:17] PRINT =========
[2023-11-12 00:56:19] PRINT 36
[2023-11-12 00:56:19] PRINT 0.07024957239627838
[2023-11-12 00:56:19] PRINT =========
[2023-11-12 00:56:21] PRINT 38
[2023-11-12 00:56:21] PRINT 0.03406354412436485
[2023-11-12 00:56:21] PRINT =========
[2023-11-12 00:56:22] PRINT 40
[2023-11-12 00:56:22] PRINT 0.04014015942811966
[2023-11-12 00:56:22] PRINT =========
[2023-11-12 00:56:24] PRINT 42
[2023-11-12 00:56:24] PRINT 0.04117589071393013
[2023-11-12 00:56:24] PRINT =========
[2023-11-12 00:56:25] PRINT 44
[2023-11-12 00:56:26] PRINT 0.0535590834915638
[2023-11-12 00:56:26] PRINT =========
[2023-11-12 00:56:27] PRINT 46
[2023-11-12 00:56:27] PRINT 0.05182578042149544
[2023-11-12 00:56:27] PRINT =========
[2023-11-12 00:56:28] PRINT 48
[2023-11-12 00:56:28] PRINT 0.044770196080207825
[2023-11-12 00:56:28] PRINT =========
[2023-11-12 00:56:30] PRINT 50
[2023-11-12 00:56:30] PRINT 0.05304544046521187
[2023-11-12 00:56:30] PRINT =========
[2023-11-12 00:56:32] PRINT 52
[2023-11-12 00:56:32] PRINT 0.028117895126342773
[2023-11-12 00:56:32] PRINT =========
[2023-11-12 00:56:33] PRINT 54
[2023-11-12 00:56:33] PRINT 0.056152358651161194
[2023-11-12 00:56:33] PRINT =========
[2023-11-12 00:56:35] PRINT 56
[2023-11-12 00:56:35] PRINT 0.07254782319068909
[2023-11-12 00:56:35] PRINT =========
[2023-11-12 00:56:36] PRINT 58
[2023-11-12 00:56:36] PRINT 0.05630878359079361
[2023-11-12 00:56:36] PRINT =========
[2023-11-12 00:56:37] PRINT 60
[2023-11-12 00:56:37] PRINT 0.04294908419251442
[2023-11-12 00:56:37] PRINT =========
[2023-11-12 00:56:39] PRINT 62
[2023-11-12 00:56:39] PRINT 0.07362262159585953
[2023-11-12 00:56:39] PRINT =========
[2023-11-12 00:56:41] PRINT 64
[2023-11-12 00:56:41] PRINT 0.04917052388191223
[2023-11-12 00:56:41] PRINT =========
[2023-11-12 00:56:43] PRINT 66
[2023-11-12 00:56:43] PRINT 0.07377539575099945
[2023-11-12 00:56:43] PRINT =========
[2023-11-12 00:56:44] PRINT 68
[2023-11-12 00:56:44] PRINT 0.053443025797605515
[2023-11-12 00:56:44] PRINT =========
[2023-11-12 00:56:45] PRINT 70
[2023-11-12 00:56:45] PRINT 0.018504062667489052
[2023-11-12 00:56:45] PRINT =========
[2023-11-12 00:56:47] PRINT 72
[2023-11-12 00:56:47] PRINT 0.030693156644701958
[2023-11-12 00:56:47] PRINT =========
[2023-11-12 00:56:48] PRINT 74
[2023-11-12 00:56:48] PRINT 0.04344533011317253
[2023-11-12 00:56:48] PRINT =========
[2023-11-12 00:56:49] PRINT 76
[2023-11-12 00:56:49] PRINT 0.05866764113306999
[2023-11-12 00:56:49] PRINT =========
[2023-11-12 00:56:51] PRINT 78
[2023-11-12 00:56:51] PRINT 0.027002457529306412
[2023-11-12 00:56:51] PRINT =========
[2023-11-12 00:56:52] PRINT 80
[2023-11-12 00:56:52] PRINT 0.03328501060605049
[2023-11-12 00:56:52] PRINT =========
[2023-11-12 00:56:54] PRINT 82
[2023-11-12 00:56:54] PRINT 0.036247916519641876
[2023-11-12 00:56:54] PRINT =========
[2023-11-12 00:56:55] PRINT 84
[2023-11-12 00:56:55] PRINT 0.08947773277759552
[2023-11-12 00:56:55] PRINT =========
[2023-11-12 00:56:57] PRINT 86
[2023-11-12 00:56:57] PRINT 0.019869083538651466
[2023-11-12 00:56:57] PRINT =========
[2023-11-12 00:56:58] PRINT 88
[2023-11-12 00:56:58] PRINT 0.054450564086437225
[2023-11-12 00:56:58] PRINT =========
[2023-11-12 00:56:59] PRINT 90
[2023-11-12 00:56:59] PRINT 0.044851794838905334
[2023-11-12 00:56:59] PRINT =========
[2023-11-12 00:57:01] PRINT 92
[2023-11-12 00:57:01] PRINT 0.037122778594493866
[2023-11-12 00:57:01] PRINT =========
[2023-11-12 00:57:02] PRINT 94
[2023-11-12 00:57:02] PRINT 0.04631815478205681
[2023-11-12 00:57:02] PRINT =========
[2023-11-12 00:57:04] PRINT 96
[2023-11-12 00:57:04] PRINT 0.026788782328367233
[2023-11-12 00:57:04] PRINT =========
[2023-11-12 00:57:05] PRINT 98
[2023-11-12 00:57:05] PRINT 0.05294230207800865
[2023-11-12 00:57:05] PRINT =========
[2023-11-12 00:57:07] PRINT 100
[2023-11-12 00:57:07] PRINT 0.03401954844594002
[2023-11-12 00:57:07] PRINT =========
[2023-11-12 00:57:07] PRINT Average PSNR after pre-training: 19.011035781312568
[2023-11-12 00:57:10] PRINT Average PSNR after fine tuning :  nan
