[2023-11-12 01:46:58] INFO (nni.runtime.trial_command_channel.v3/MainThread) Connect to trial command channel http://localhost:8080/env/local-env/tdN1V
[2023-11-12 01:46:58] PRINT Namespace(num_block=16, num_discriminator_blocks=4, conv_kernel_size=5, generator_depth=128, discriminator_depth=64, generator_activation='prelu', discriminator_activation='leakyrelu', LR_path='custom_dataset/train_LR', GT_path='custom_dataset/train_HR', res_num=16, num_workers=0, batch_size=16, L2_coeff=1.0, adv_coeff=0.001, tv_loss_coeff=0.0, pre_train_epoch=100, fine_train_epoch=0, scale=4, patch_size=24, feat_layer='relu5_4', vgg_rescale_coeff=0.006, fine_tuning=False, in_memory=True, generator_path=None, mode='train')
[2023-11-12 01:47:10] PRINT 2
[2023-11-12 01:47:10] PRINT 0.16974766552448273
[2023-11-12 01:47:10] PRINT =========
[2023-11-12 01:47:12] PRINT 4
[2023-11-12 01:47:12] PRINT 0.09315784275531769
[2023-11-12 01:47:12] PRINT =========
[2023-11-12 01:47:14] PRINT 6
[2023-11-12 01:47:14] PRINT 0.12615975737571716
[2023-11-12 01:47:14] PRINT =========
[2023-11-12 01:47:15] PRINT 8
[2023-11-12 01:47:16] PRINT 0.0473310761153698
[2023-11-12 01:47:16] PRINT =========
[2023-11-12 01:47:17] PRINT 10
[2023-11-12 01:47:17] PRINT 0.04145295172929764
[2023-11-12 01:47:17] PRINT =========
[2023-11-12 01:47:19] PRINT 12
[2023-11-12 01:47:19] PRINT 0.12389274686574936
[2023-11-12 01:47:19] PRINT =========
[2023-11-12 01:47:21] PRINT 14
[2023-11-12 01:47:21] PRINT 0.09141482412815094
[2023-11-12 01:47:21] PRINT =========
[2023-11-12 01:47:22] PRINT 16
[2023-11-12 01:47:22] PRINT 0.0886920616030693
[2023-11-12 01:47:22] PRINT =========
[2023-11-12 01:47:24] PRINT 18
[2023-11-12 01:47:24] PRINT 0.06489674001932144
[2023-11-12 01:47:24] PRINT =========
[2023-11-12 01:47:26] PRINT 20
[2023-11-12 01:47:26] PRINT 0.09743160009384155
[2023-11-12 01:47:26] PRINT =========
[2023-11-12 01:47:27] PRINT 22
[2023-11-12 01:47:27] PRINT 0.057696349918842316
[2023-11-12 01:47:27] PRINT =========
[2023-11-12 01:47:29] PRINT 24
[2023-11-12 01:47:29] PRINT 0.07985585182905197
[2023-11-12 01:47:29] PRINT =========
[2023-11-12 01:47:31] PRINT 26
[2023-11-12 01:47:31] PRINT 0.06558523327112198
[2023-11-12 01:47:31] PRINT =========
[2023-11-12 01:47:33] PRINT 28
[2023-11-12 01:47:33] PRINT 0.08422122895717621
[2023-11-12 01:47:33] PRINT =========
[2023-11-12 01:47:34] PRINT 30
[2023-11-12 01:47:34] PRINT 0.07281818240880966
[2023-11-12 01:47:34] PRINT =========
[2023-11-12 01:47:36] PRINT 32
[2023-11-12 01:47:36] PRINT 0.05079490318894386
[2023-11-12 01:47:36] PRINT =========
[2023-11-12 01:47:37] PRINT 34
[2023-11-12 01:47:37] PRINT 0.05765271931886673
[2023-11-12 01:47:37] PRINT =========
[2023-11-12 01:47:39] PRINT 36
[2023-11-12 01:47:39] PRINT 0.03950407728552818
[2023-11-12 01:47:39] PRINT =========
[2023-11-12 01:47:40] PRINT 38
[2023-11-12 01:47:40] PRINT 0.027544653043150902
[2023-11-12 01:47:40] PRINT =========
[2023-11-12 01:47:42] PRINT 40
[2023-11-12 01:47:42] PRINT 0.10679473727941513
[2023-11-12 01:47:42] PRINT =========
[2023-11-12 01:47:44] PRINT 42
[2023-11-12 01:47:44] PRINT 0.05468001961708069
[2023-11-12 01:47:44] PRINT =========
[2023-11-12 01:47:46] PRINT 44
[2023-11-12 01:47:46] PRINT 0.021258261054754257
[2023-11-12 01:47:46] PRINT =========
[2023-11-12 01:47:48] PRINT 46
[2023-11-12 01:47:48] PRINT 0.05964512750506401
[2023-11-12 01:47:48] PRINT =========
[2023-11-12 01:47:50] PRINT 48
[2023-11-12 01:47:50] PRINT 0.029203493148088455
[2023-11-12 01:47:50] PRINT =========
[2023-11-12 01:47:52] PRINT 50
[2023-11-12 01:47:52] PRINT 0.030584782361984253
[2023-11-12 01:47:52] PRINT =========
[2023-11-12 01:47:54] PRINT 52
[2023-11-12 01:47:54] PRINT 0.04054122045636177
[2023-11-12 01:47:54] PRINT =========
[2023-11-12 01:47:56] PRINT 54
[2023-11-12 01:47:56] PRINT 0.04124085232615471
[2023-11-12 01:47:56] PRINT =========
[2023-11-12 01:47:58] PRINT 56
[2023-11-12 01:47:58] PRINT 0.020308736711740494
[2023-11-12 01:47:58] PRINT =========
[2023-11-12 01:47:59] PRINT 58
[2023-11-12 01:47:59] PRINT 0.06645803153514862
[2023-11-12 01:47:59] PRINT =========
[2023-11-12 01:48:01] PRINT 60
[2023-11-12 01:48:01] PRINT 0.055264558643102646
[2023-11-12 01:48:01] PRINT =========
[2023-11-12 01:48:03] PRINT 62
[2023-11-12 01:48:03] PRINT 0.12342327833175659
[2023-11-12 01:48:03] PRINT =========
[2023-11-12 01:48:05] PRINT 64
[2023-11-12 01:48:05] PRINT 0.02127043344080448
[2023-11-12 01:48:05] PRINT =========
[2023-11-12 01:48:06] PRINT 66
[2023-11-12 01:48:06] PRINT 0.03760885074734688
[2023-11-12 01:48:06] PRINT =========
[2023-11-12 01:48:08] PRINT 68
[2023-11-12 01:48:08] PRINT 0.02021709643304348
[2023-11-12 01:48:08] PRINT =========
[2023-11-12 01:48:10] PRINT 70
[2023-11-12 01:48:10] PRINT 0.03639223054051399
[2023-11-12 01:48:10] PRINT =========
[2023-11-12 01:48:11] PRINT 72
[2023-11-12 01:48:11] PRINT 0.03464978188276291
[2023-11-12 01:48:11] PRINT =========
[2023-11-12 01:48:14] PRINT 74
[2023-11-12 01:48:14] PRINT 0.04803289845585823
[2023-11-12 01:48:14] PRINT =========
[2023-11-12 01:48:15] PRINT 76
[2023-11-12 01:48:15] PRINT 0.061959683895111084
[2023-11-12 01:48:15] PRINT =========
[2023-11-12 01:48:17] PRINT 78
[2023-11-12 01:48:17] PRINT 0.021127214655280113
[2023-11-12 01:48:17] PRINT =========
[2023-11-12 01:48:19] PRINT 80
[2023-11-12 01:48:19] PRINT 0.04080924391746521
[2023-11-12 01:48:19] PRINT =========
[2023-11-12 01:48:21] PRINT 82
[2023-11-12 01:48:21] PRINT 0.0340169295668602
[2023-11-12 01:48:21] PRINT =========
[2023-11-12 01:48:23] PRINT 84
[2023-11-12 01:48:23] PRINT 0.022981638088822365
[2023-11-12 01:48:23] PRINT =========
[2023-11-12 01:48:24] PRINT 86
[2023-11-12 01:48:24] PRINT 0.019215041771531105
[2023-11-12 01:48:24] PRINT =========
[2023-11-12 01:48:26] PRINT 88
[2023-11-12 01:48:26] PRINT 0.03353434428572655
[2023-11-12 01:48:26] PRINT =========
[2023-11-12 01:48:28] PRINT 90
[2023-11-12 01:48:28] PRINT 0.055058714002370834
[2023-11-12 01:48:28] PRINT =========
[2023-11-12 01:48:29] PRINT 92
[2023-11-12 01:48:29] PRINT 0.07319100946187973
[2023-11-12 01:48:29] PRINT =========
[2023-11-12 01:48:31] PRINT 94
[2023-11-12 01:48:31] PRINT 0.02824760414659977
[2023-11-12 01:48:31] PRINT =========
[2023-11-12 01:48:33] PRINT 96
[2023-11-12 01:48:33] PRINT 0.05217402055859566
[2023-11-12 01:48:33] PRINT =========
[2023-11-12 01:48:34] PRINT 98
[2023-11-12 01:48:34] PRINT 0.0357939787209034
[2023-11-12 01:48:34] PRINT =========
[2023-11-12 01:48:36] PRINT 100
[2023-11-12 01:48:36] PRINT 0.032048895955085754
[2023-11-12 01:48:36] PRINT =========
[2023-11-12 01:48:36] PRINT Average PSNR after pre-training: 19.57882336245036
[2023-11-12 01:48:40] PRINT Average PSNR after fine tuning :  nan
