[2023-11-12 08:08:34] INFO (nni.runtime.trial_command_channel.v3/MainThread) Connect to trial command channel http://localhost:8080/env/local-env/qFH2E
[2023-11-12 08:08:34] PRINT Namespace(batch_size=8, pre_train_epoch=2000, learning_rate=0.0005342049494753615, LR_path='custom_dataset/train_LR', GT_path='custom_dataset/train_HR', res_num=16, num_workers=0, L2_coeff=1.0, adv_coeff=0.001, tv_loss_coeff=0.0, fine_train_epoch=0, scale=4, patch_size=24, feat_layer='relu5_4', vgg_rescale_coeff=0.006, fine_tuning=False, in_memory=True, generator_path=None, mode='train')
[2023-11-12 08:08:44] PRINT 2
[2023-11-12 08:08:44] PRINT 0.15785782039165497
[2023-11-12 08:08:44] PRINT =========
[2023-11-12 08:08:45] PRINT 4
[2023-11-12 08:08:45] PRINT 0.19210854172706604
[2023-11-12 08:08:45] PRINT =========
[2023-11-12 08:08:47] PRINT 6
[2023-11-12 08:08:47] PRINT 0.08003024011850357
[2023-11-12 08:08:47] PRINT =========
[2023-11-12 08:08:48] PRINT 8
[2023-11-12 08:08:48] PRINT 0.06944292038679123
[2023-11-12 08:08:48] PRINT =========
[2023-11-12 08:08:50] PRINT 10
[2023-11-12 08:08:50] PRINT 0.08456210047006607
[2023-11-12 08:08:50] PRINT =========
[2023-11-12 08:08:51] PRINT 12
[2023-11-12 08:08:51] PRINT 0.09446395933628082
[2023-11-12 08:08:51] PRINT =========
[2023-11-12 08:08:52] PRINT 14
[2023-11-12 08:08:52] PRINT 0.0409635528922081
[2023-11-12 08:08:52] PRINT =========
[2023-11-12 08:08:54] PRINT 16
[2023-11-12 08:08:54] PRINT 0.06939156353473663
[2023-11-12 08:08:54] PRINT =========
[2023-11-12 08:08:55] PRINT 18
[2023-11-12 08:08:55] PRINT 0.08535370230674744
[2023-11-12 08:08:55] PRINT =========
[2023-11-12 08:08:57] PRINT 20
[2023-11-12 08:08:57] PRINT 0.05920024588704109
[2023-11-12 08:08:57] PRINT =========
[2023-11-12 08:08:58] PRINT 22
[2023-11-12 08:08:58] PRINT 0.07827873528003693
[2023-11-12 08:08:58] PRINT =========
[2023-11-12 08:09:00] PRINT 24
[2023-11-12 08:09:00] PRINT 0.06153547391295433
[2023-11-12 08:09:00] PRINT =========
[2023-11-12 08:09:01] PRINT 26
[2023-11-12 08:09:01] PRINT 0.05851275846362114
[2023-11-12 08:09:01] PRINT =========
[2023-11-12 08:09:03] PRINT 28
[2023-11-12 08:09:03] PRINT 0.06912080943584442
[2023-11-12 08:09:03] PRINT =========
[2023-11-12 08:09:04] PRINT 30
[2023-11-12 08:09:04] PRINT 0.04291076958179474
[2023-11-12 08:09:04] PRINT =========
[2023-11-12 08:09:06] PRINT 32
[2023-11-12 08:09:06] PRINT 0.03403208404779434
[2023-11-12 08:09:06] PRINT =========
[2023-11-12 08:09:07] PRINT 34
[2023-11-12 08:09:07] PRINT 0.03508536145091057
[2023-11-12 08:09:07] PRINT =========
[2023-11-12 08:09:08] PRINT 36
[2023-11-12 08:09:08] PRINT 0.03129872307181358
[2023-11-12 08:09:08] PRINT =========
[2023-11-12 08:09:10] PRINT 38
[2023-11-12 08:09:10] PRINT 0.032138507813215256
[2023-11-12 08:09:10] PRINT =========
[2023-11-12 08:09:11] PRINT 40
[2023-11-12 08:09:11] PRINT 0.03477323055267334
[2023-11-12 08:09:11] PRINT =========
[2023-11-12 08:09:13] PRINT 42
[2023-11-12 08:09:13] PRINT 0.03532712906599045
[2023-11-12 08:09:13] PRINT =========
[2023-11-12 08:09:14] PRINT 44
[2023-11-12 08:09:14] PRINT 0.04074253886938095
[2023-11-12 08:09:14] PRINT =========
[2023-11-12 08:09:16] PRINT 46
[2023-11-12 08:09:16] PRINT 0.03529391437768936
[2023-11-12 08:09:16] PRINT =========
[2023-11-12 08:09:17] PRINT 48
[2023-11-12 08:09:17] PRINT 0.02656877040863037
[2023-11-12 08:09:17] PRINT =========
[2023-11-12 08:09:19] PRINT 50
[2023-11-12 08:09:19] PRINT 0.044472988694906235
[2023-11-12 08:09:19] PRINT =========
[2023-11-12 08:09:20] PRINT 52
[2023-11-12 08:09:20] PRINT 0.04495053365826607
[2023-11-12 08:09:20] PRINT =========
[2023-11-12 08:09:22] PRINT 54
[2023-11-12 08:09:22] PRINT 0.04224446043372154
[2023-11-12 08:09:22] PRINT =========
[2023-11-12 08:09:23] PRINT 56
[2023-11-12 08:09:23] PRINT 0.0434221513569355
[2023-11-12 08:09:23] PRINT =========
[2023-11-12 08:09:25] PRINT 58
[2023-11-12 08:09:25] PRINT 0.04985358566045761
[2023-11-12 08:09:25] PRINT =========
[2023-11-12 08:09:26] PRINT 60
[2023-11-12 08:09:26] PRINT 0.039081986993551254
[2023-11-12 08:09:26] PRINT =========
[2023-11-12 08:09:27] PRINT 62
[2023-11-12 08:09:27] PRINT 0.02547801285982132
[2023-11-12 08:09:27] PRINT =========
[2023-11-12 08:09:29] PRINT 64
[2023-11-12 08:09:29] PRINT 0.0341150239109993
[2023-11-12 08:09:29] PRINT =========
[2023-11-12 08:09:30] PRINT 66
[2023-11-12 08:09:30] PRINT 0.0193669144064188
[2023-11-12 08:09:30] PRINT =========
[2023-11-12 08:09:32] PRINT 68
[2023-11-12 08:09:32] PRINT 0.023838981986045837
[2023-11-12 08:09:32] PRINT =========
[2023-11-12 08:09:33] PRINT 70
[2023-11-12 08:09:33] PRINT 0.023014036938548088
[2023-11-12 08:09:33] PRINT =========
[2023-11-12 08:09:35] PRINT 72
[2023-11-12 08:09:35] PRINT 0.017851445823907852
[2023-11-12 08:09:35] PRINT =========
[2023-11-12 08:09:36] PRINT 74
[2023-11-12 08:09:36] PRINT 0.027751848101615906
[2023-11-12 08:09:36] PRINT =========
[2023-11-12 08:09:38] PRINT 76
[2023-11-12 08:09:38] PRINT 0.03306429833173752
[2023-11-12 08:09:38] PRINT =========
[2023-11-12 08:09:39] PRINT 78
[2023-11-12 08:09:39] PRINT 0.025740358978509903
[2023-11-12 08:09:39] PRINT =========
[2023-11-12 08:09:40] PRINT 80
[2023-11-12 08:09:40] PRINT 0.027714120224118233
[2023-11-12 08:09:40] PRINT =========
[2023-11-12 08:09:42] PRINT 82
[2023-11-12 08:09:42] PRINT 0.032685037702322006
[2023-11-12 08:09:42] PRINT =========
[2023-11-12 08:09:43] PRINT 84
[2023-11-12 08:09:43] PRINT 0.022363785654306412
[2023-11-12 08:09:43] PRINT =========
[2023-11-12 08:09:45] PRINT 86
[2023-11-12 08:09:45] PRINT 0.020879194140434265
[2023-11-12 08:09:45] PRINT =========
[2023-11-12 08:09:46] PRINT 88
[2023-11-12 08:09:46] PRINT 0.04333334043622017
[2023-11-12 08:09:46] PRINT =========
[2023-11-12 08:09:48] PRINT 90
[2023-11-12 08:09:48] PRINT 0.03147713094949722
[2023-11-12 08:09:48] PRINT =========
[2023-11-12 08:09:50] PRINT 92
[2023-11-12 08:09:50] PRINT 0.028384029865264893
[2023-11-12 08:09:50] PRINT =========
[2023-11-12 08:09:52] PRINT 94
[2023-11-12 08:09:52] PRINT 0.015871452167630196
[2023-11-12 08:09:52] PRINT =========
[2023-11-12 08:09:54] PRINT 96
[2023-11-12 08:09:54] PRINT 0.02521008998155594
[2023-11-12 08:09:54] PRINT =========
[2023-11-12 08:09:56] PRINT 98
[2023-11-12 08:09:56] PRINT 0.03438442945480347
[2023-11-12 08:09:56] PRINT =========
[2023-11-12 08:09:58] PRINT 100
[2023-11-12 08:09:58] PRINT 0.04373778775334358
[2023-11-12 08:09:58] PRINT =========
[2023-11-12 08:10:00] PRINT 102
[2023-11-12 08:10:00] PRINT 0.03327691927552223
[2023-11-12 08:10:00] PRINT =========
[2023-11-12 08:10:02] PRINT 104
[2023-11-12 08:10:02] PRINT 0.032834749668836594
[2023-11-12 08:10:02] PRINT =========
[2023-11-12 08:10:04] PRINT 106
[2023-11-12 08:10:04] PRINT 0.03806263580918312
[2023-11-12 08:10:04] PRINT =========
[2023-11-12 08:10:06] PRINT 108
[2023-11-12 08:10:06] PRINT 0.0235358364880085
[2023-11-12 08:10:06] PRINT =========
[2023-11-12 08:10:07] PRINT 110
[2023-11-12 08:10:07] PRINT 0.023336436599493027
[2023-11-12 08:10:07] PRINT =========
[2023-11-12 08:10:09] PRINT 112
[2023-11-12 08:10:09] PRINT 0.019759999588131905
[2023-11-12 08:10:09] PRINT =========
[2023-11-12 08:10:10] PRINT 114
[2023-11-12 08:10:10] PRINT 0.02714689075946808
[2023-11-12 08:10:10] PRINT =========
[2023-11-12 08:10:12] PRINT 116
[2023-11-12 08:10:12] PRINT 0.020991170778870583
[2023-11-12 08:10:12] PRINT =========
[2023-11-12 08:10:14] PRINT 118
[2023-11-12 08:10:14] PRINT 0.04724367335438728
[2023-11-12 08:10:14] PRINT =========
[2023-11-12 08:10:15] PRINT 120
[2023-11-12 08:10:15] PRINT 0.056988425552845
[2023-11-12 08:10:15] PRINT =========
[2023-11-12 08:10:17] PRINT 122
[2023-11-12 08:10:17] PRINT 0.039646703749895096
[2023-11-12 08:10:17] PRINT =========
[2023-11-12 08:10:18] PRINT 124
[2023-11-12 08:10:18] PRINT 0.02283637411892414
[2023-11-12 08:10:18] PRINT =========
[2023-11-12 08:10:20] PRINT 126
[2023-11-12 08:10:20] PRINT 0.02260461635887623
[2023-11-12 08:10:20] PRINT =========
[2023-11-12 08:10:21] PRINT 128
[2023-11-12 08:10:21] PRINT 0.02709452621638775
[2023-11-12 08:10:21] PRINT =========
[2023-11-12 08:10:23] PRINT 130
[2023-11-12 08:10:23] PRINT 0.03546065464615822
[2023-11-12 08:10:23] PRINT =========
[2023-11-12 08:10:24] PRINT 132
[2023-11-12 08:10:24] PRINT 0.022913457825779915
[2023-11-12 08:10:24] PRINT =========
[2023-11-12 08:10:26] PRINT 134
[2023-11-12 08:10:26] PRINT 0.022477127611637115
[2023-11-12 08:10:26] PRINT =========
[2023-11-12 08:10:27] PRINT 136
[2023-11-12 08:10:27] PRINT 0.01908295974135399
[2023-11-12 08:10:27] PRINT =========
[2023-11-12 08:10:29] PRINT 138
[2023-11-12 08:10:29] PRINT 0.014937412925064564
[2023-11-12 08:10:29] PRINT =========
[2023-11-12 08:10:31] PRINT 140
[2023-11-12 08:10:31] PRINT 0.02794720232486725
[2023-11-12 08:10:31] PRINT =========
[2023-11-12 08:10:32] PRINT 142
[2023-11-12 08:10:32] PRINT 0.02892177738249302
[2023-11-12 08:10:32] PRINT =========
[2023-11-12 08:10:33] PRINT 144
[2023-11-12 08:10:33] PRINT 0.022239044308662415
[2023-11-12 08:10:33] PRINT =========
[2023-11-12 08:10:35] PRINT 146
[2023-11-12 08:10:35] PRINT 0.019869381561875343
[2023-11-12 08:10:35] PRINT =========
[2023-11-12 08:10:36] PRINT 148
[2023-11-12 08:10:36] PRINT 0.031095249578356743
[2023-11-12 08:10:36] PRINT =========
[2023-11-12 08:10:38] PRINT 150
[2023-11-12 08:10:38] PRINT 0.02637373097240925
[2023-11-12 08:10:38] PRINT =========
[2023-11-12 08:10:39] PRINT 152
[2023-11-12 08:10:39] PRINT 0.03653118759393692
[2023-11-12 08:10:39] PRINT =========
[2023-11-12 08:10:41] PRINT 154
[2023-11-12 08:10:41] PRINT 0.03531220182776451
[2023-11-12 08:10:41] PRINT =========
[2023-11-12 08:10:42] PRINT 156
[2023-11-12 08:10:42] PRINT 0.02230088971555233
[2023-11-12 08:10:42] PRINT =========
[2023-11-12 08:10:44] PRINT 158
[2023-11-12 08:10:44] PRINT 0.03248874843120575
[2023-11-12 08:10:44] PRINT =========
[2023-11-12 08:10:45] PRINT 160
[2023-11-12 08:10:45] PRINT 0.029303744435310364
[2023-11-12 08:10:45] PRINT =========
[2023-11-12 08:10:47] PRINT 162
[2023-11-12 08:10:47] PRINT 0.04472813010215759
[2023-11-12 08:10:47] PRINT =========
[2023-11-12 08:10:48] PRINT 164
[2023-11-12 08:10:48] PRINT 0.037739790976047516
[2023-11-12 08:10:48] PRINT =========
[2023-11-12 08:10:50] PRINT 166
[2023-11-12 08:10:50] PRINT 0.022950967773795128
[2023-11-12 08:10:50] PRINT =========
[2023-11-12 08:10:51] PRINT 168
[2023-11-12 08:10:51] PRINT 0.01829894818365574
[2023-11-12 08:10:51] PRINT =========
[2023-11-12 08:10:52] PRINT 170
[2023-11-12 08:10:52] PRINT 0.028312012553215027
[2023-11-12 08:10:52] PRINT =========
[2023-11-12 08:10:54] PRINT 172
[2023-11-12 08:10:54] PRINT 0.023776808753609657
[2023-11-12 08:10:54] PRINT =========
[2023-11-12 08:10:55] PRINT 174
[2023-11-12 08:10:55] PRINT 0.01971874013543129
[2023-11-12 08:10:55] PRINT =========
[2023-11-12 08:10:57] PRINT 176
[2023-11-12 08:10:57] PRINT 0.0351862795650959
[2023-11-12 08:10:57] PRINT =========
[2023-11-12 08:10:58] PRINT 178
[2023-11-12 08:10:58] PRINT 0.033611420542001724
[2023-11-12 08:10:58] PRINT =========
[2023-11-12 08:11:00] PRINT 180
[2023-11-12 08:11:00] PRINT 0.038871996104717255
[2023-11-12 08:11:00] PRINT =========
[2023-11-12 08:11:01] PRINT 182
[2023-11-12 08:11:01] PRINT 0.041750114411115646
[2023-11-12 08:11:01] PRINT =========
[2023-11-12 08:11:03] PRINT 184
[2023-11-12 08:11:03] PRINT 0.02753881923854351
[2023-11-12 08:11:03] PRINT =========
[2023-11-12 08:11:04] PRINT 186
[2023-11-12 08:11:04] PRINT 0.025325942784547806
[2023-11-12 08:11:04] PRINT =========
[2023-11-12 08:11:06] PRINT 188
[2023-11-12 08:11:06] PRINT 0.018593788146972656
[2023-11-12 08:11:06] PRINT =========
[2023-11-12 08:11:07] PRINT 190
[2023-11-12 08:11:07] PRINT 0.016623280942440033
[2023-11-12 08:11:07] PRINT =========
[2023-11-12 08:11:08] PRINT 192
[2023-11-12 08:11:08] PRINT 0.036235835403203964
[2023-11-12 08:11:08] PRINT =========
[2023-11-12 08:11:10] PRINT 194
[2023-11-12 08:11:10] PRINT 0.01848575845360756
[2023-11-12 08:11:10] PRINT =========
[2023-11-12 08:11:11] PRINT 196
[2023-11-12 08:11:11] PRINT 0.018870484083890915
[2023-11-12 08:11:11] PRINT =========
[2023-11-12 08:11:13] PRINT 198
[2023-11-12 08:11:13] PRINT 0.031713977456092834
[2023-11-12 08:11:13] PRINT =========
[2023-11-12 08:11:14] PRINT 200
[2023-11-12 08:11:14] PRINT 0.031674742698669434
[2023-11-12 08:11:14] PRINT =========
[2023-11-12 08:11:16] PRINT 202
[2023-11-12 08:11:16] PRINT 0.0246466975659132
[2023-11-12 08:11:16] PRINT =========
[2023-11-12 08:11:17] PRINT 204
[2023-11-12 08:11:17] PRINT 0.02109621651470661
[2023-11-12 08:11:17] PRINT =========
[2023-11-12 08:11:19] PRINT 206
[2023-11-12 08:11:19] PRINT 0.035712987184524536
[2023-11-12 08:11:19] PRINT =========
[2023-11-12 08:11:20] PRINT 208
[2023-11-12 08:11:20] PRINT 0.025905145332217216
[2023-11-12 08:11:20] PRINT =========
[2023-11-12 08:11:22] PRINT 210
[2023-11-12 08:11:22] PRINT 0.009079148061573505
[2023-11-12 08:11:22] PRINT =========
[2023-11-12 08:11:23] PRINT 212
[2023-11-12 08:11:23] PRINT 0.025233842432498932
[2023-11-12 08:11:23] PRINT =========
[2023-11-12 08:11:24] PRINT 214
[2023-11-12 08:11:24] PRINT 0.023236647248268127
[2023-11-12 08:11:24] PRINT =========
[2023-11-12 08:11:26] PRINT 216
[2023-11-12 08:11:26] PRINT 0.02210945263504982
[2023-11-12 08:11:26] PRINT =========
[2023-11-12 08:11:27] PRINT 218
[2023-11-12 08:11:27] PRINT 0.0230921171605587
[2023-11-12 08:11:27] PRINT =========
[2023-11-12 08:11:28] PRINT 220
[2023-11-12 08:11:28] PRINT 0.015547575429081917
[2023-11-12 08:11:28] PRINT =========
[2023-11-12 08:11:30] PRINT 222
[2023-11-12 08:11:30] PRINT 0.0323052778840065
[2023-11-12 08:11:30] PRINT =========
[2023-11-12 08:11:31] PRINT 224
[2023-11-12 08:11:31] PRINT 0.03732442855834961
[2023-11-12 08:11:31] PRINT =========
[2023-11-12 08:11:33] PRINT 226
[2023-11-12 08:11:33] PRINT 0.026360221207141876
[2023-11-12 08:11:33] PRINT =========
[2023-11-12 08:11:34] PRINT 228
[2023-11-12 08:11:34] PRINT 0.015558116137981415
[2023-11-12 08:11:34] PRINT =========
[2023-11-12 08:11:36] PRINT 230
[2023-11-12 08:11:36] PRINT 0.018750490620732307
[2023-11-12 08:11:36] PRINT =========
[2023-11-12 08:11:37] PRINT 232
[2023-11-12 08:11:37] PRINT 0.025179022923111916
[2023-11-12 08:11:37] PRINT =========
[2023-11-12 08:11:38] PRINT 234
[2023-11-12 08:11:38] PRINT 0.04154418036341667
[2023-11-12 08:11:38] PRINT =========
[2023-11-12 08:11:40] PRINT 236
[2023-11-12 08:11:40] PRINT 0.03048010729253292
[2023-11-12 08:11:40] PRINT =========
[2023-11-12 08:11:41] PRINT 238
[2023-11-12 08:11:41] PRINT 0.01459277793765068
[2023-11-12 08:11:41] PRINT =========
[2023-11-12 08:11:43] PRINT 240
[2023-11-12 08:11:43] PRINT 0.019083812832832336
[2023-11-12 08:11:43] PRINT =========
[2023-11-12 08:11:44] PRINT 242
[2023-11-12 08:11:44] PRINT 0.027455449104309082
[2023-11-12 08:11:44] PRINT =========
[2023-11-12 08:11:46] PRINT 244
[2023-11-12 08:11:46] PRINT 0.03441803529858589
[2023-11-12 08:11:46] PRINT =========
[2023-11-12 08:11:47] PRINT 246
[2023-11-12 08:11:47] PRINT 0.027268992736935616
[2023-11-12 08:11:47] PRINT =========
[2023-11-12 08:11:48] PRINT 248
[2023-11-12 08:11:48] PRINT 0.023758769035339355
[2023-11-12 08:11:48] PRINT =========
[2023-11-12 08:11:50] PRINT 250
[2023-11-12 08:11:50] PRINT 0.01675722748041153
[2023-11-12 08:11:50] PRINT =========
[2023-11-12 08:11:51] PRINT 252
[2023-11-12 08:11:51] PRINT 0.010782621800899506
[2023-11-12 08:11:51] PRINT =========
[2023-11-12 08:11:53] PRINT 254
[2023-11-12 08:11:53] PRINT 0.021329637616872787
[2023-11-12 08:11:53] PRINT =========
[2023-11-12 08:11:54] PRINT 256
[2023-11-12 08:11:54] PRINT 0.01817530021071434
[2023-11-12 08:11:54] PRINT =========
[2023-11-12 08:11:56] PRINT 258
[2023-11-12 08:11:56] PRINT 0.0183606818318367
[2023-11-12 08:11:56] PRINT =========
[2023-11-12 08:11:57] PRINT 260
[2023-11-12 08:11:57] PRINT 0.032944198697805405
[2023-11-12 08:11:57] PRINT =========
[2023-11-12 08:11:58] PRINT 262
[2023-11-12 08:11:59] PRINT 0.02573760412633419
[2023-11-12 08:11:59] PRINT =========
[2023-11-12 08:12:00] PRINT 264
[2023-11-12 08:12:00] PRINT 0.030409976840019226
[2023-11-12 08:12:00] PRINT =========
[2023-11-12 08:12:02] PRINT 266
[2023-11-12 08:12:02] PRINT 0.018566714599728584
[2023-11-12 08:12:02] PRINT =========
[2023-11-12 08:12:03] PRINT 268
[2023-11-12 08:12:03] PRINT 0.02904200367629528
[2023-11-12 08:12:03] PRINT =========
[2023-11-12 08:12:04] PRINT 270
[2023-11-12 08:12:04] PRINT 0.0291365385055542
[2023-11-12 08:12:04] PRINT =========
[2023-11-12 08:12:06] PRINT 272
[2023-11-12 08:12:06] PRINT 0.01607750728726387
[2023-11-12 08:12:06] PRINT =========
[2023-11-12 08:12:07] PRINT 274
[2023-11-12 08:12:07] PRINT 0.025930114090442657
[2023-11-12 08:12:07] PRINT =========
[2023-11-12 08:12:09] PRINT 276
[2023-11-12 08:12:09] PRINT 0.0353848859667778
[2023-11-12 08:12:09] PRINT =========
[2023-11-12 08:12:10] PRINT 278
[2023-11-12 08:12:10] PRINT 0.026589535176753998
[2023-11-12 08:12:10] PRINT =========
[2023-11-12 08:12:12] PRINT 280
[2023-11-12 08:12:12] PRINT 0.01539718359708786
[2023-11-12 08:12:12] PRINT =========
[2023-11-12 08:12:13] PRINT 282
[2023-11-12 08:12:13] PRINT 0.024511536583304405
[2023-11-12 08:12:13] PRINT =========
[2023-11-12 08:12:15] PRINT 284
[2023-11-12 08:12:15] PRINT 0.017231984063982964
[2023-11-12 08:12:15] PRINT =========
[2023-11-12 08:12:16] PRINT 286
[2023-11-12 08:12:16] PRINT 0.016892649233341217
[2023-11-12 08:12:16] PRINT =========
[2023-11-12 08:12:17] PRINT 288
[2023-11-12 08:12:17] PRINT 0.03056466393172741
[2023-11-12 08:12:17] PRINT =========
[2023-11-12 08:12:19] PRINT 290
[2023-11-12 08:12:19] PRINT 0.02145254798233509
[2023-11-12 08:12:19] PRINT =========
[2023-11-12 08:12:20] PRINT 292
[2023-11-12 08:12:20] PRINT 0.02442142367362976
[2023-11-12 08:12:20] PRINT =========
[2023-11-12 08:12:22] PRINT 294
[2023-11-12 08:12:22] PRINT 0.021245606243610382
[2023-11-12 08:12:22] PRINT =========
[2023-11-12 08:12:23] PRINT 296
[2023-11-12 08:12:23] PRINT 0.01933598704636097
[2023-11-12 08:12:23] PRINT =========
[2023-11-12 08:12:25] PRINT 298
[2023-11-12 08:12:25] PRINT 0.0365305170416832
[2023-11-12 08:12:25] PRINT =========
[2023-11-12 08:12:26] PRINT 300
[2023-11-12 08:12:26] PRINT 0.020505214110016823
[2023-11-12 08:12:26] PRINT =========
[2023-11-12 08:12:28] PRINT 302
[2023-11-12 08:12:28] PRINT 0.025719279423356056
[2023-11-12 08:12:28] PRINT =========
[2023-11-12 08:12:29] PRINT 304
[2023-11-12 08:12:29] PRINT 0.039860647171735764
[2023-11-12 08:12:29] PRINT =========
[2023-11-12 08:12:31] PRINT 306
[2023-11-12 08:12:31] PRINT 0.017534885555505753
[2023-11-12 08:12:31] PRINT =========
[2023-11-12 08:12:32] PRINT 308
[2023-11-12 08:12:32] PRINT 0.03551019728183746
[2023-11-12 08:12:32] PRINT =========
[2023-11-12 08:12:33] PRINT 310
[2023-11-12 08:12:33] PRINT 0.025977615267038345
[2023-11-12 08:12:33] PRINT =========
[2023-11-12 08:12:35] PRINT 312
[2023-11-12 08:12:35] PRINT 0.026924503967165947
[2023-11-12 08:12:35] PRINT =========
[2023-11-12 08:12:36] PRINT 314
[2023-11-12 08:12:36] PRINT 0.030809961259365082
[2023-11-12 08:12:36] PRINT =========
[2023-11-12 08:12:38] PRINT 316
[2023-11-12 08:12:38] PRINT 0.010013545863330364
[2023-11-12 08:12:38] PRINT =========
[2023-11-12 08:12:39] PRINT 318
[2023-11-12 08:12:39] PRINT 0.02177301235496998
[2023-11-12 08:12:39] PRINT =========
[2023-11-12 08:12:41] PRINT 320
[2023-11-12 08:12:41] PRINT 0.023525074124336243
[2023-11-12 08:12:41] PRINT =========
[2023-11-12 08:12:42] PRINT 322
[2023-11-12 08:12:42] PRINT 0.023238278925418854
[2023-11-12 08:12:42] PRINT =========
[2023-11-12 08:12:44] PRINT 324
[2023-11-12 08:12:44] PRINT 0.02229217067360878
[2023-11-12 08:12:44] PRINT =========
[2023-11-12 08:12:45] PRINT 326
[2023-11-12 08:12:45] PRINT 0.02098146639764309
[2023-11-12 08:12:45] PRINT =========
[2023-11-12 08:12:47] PRINT 328
[2023-11-12 08:12:47] PRINT 0.02140399068593979
[2023-11-12 08:12:47] PRINT =========
[2023-11-12 08:12:48] PRINT 330
[2023-11-12 08:12:48] PRINT 0.02434811368584633
[2023-11-12 08:12:48] PRINT =========
[2023-11-12 08:12:50] PRINT 332
[2023-11-12 08:12:50] PRINT 0.020961524918675423
[2023-11-12 08:12:50] PRINT =========
[2023-11-12 08:12:51] PRINT 334
[2023-11-12 08:12:51] PRINT 0.02480839565396309
[2023-11-12 08:12:51] PRINT =========
[2023-11-12 08:12:53] PRINT 336
[2023-11-12 08:12:53] PRINT 0.021735671907663345
[2023-11-12 08:12:53] PRINT =========
[2023-11-12 08:12:54] PRINT 338
[2023-11-12 08:12:54] PRINT 0.027042057365179062
[2023-11-12 08:12:54] PRINT =========
[2023-11-12 08:12:56] PRINT 340
[2023-11-12 08:12:56] PRINT 0.044266436249017715
[2023-11-12 08:12:56] PRINT =========
[2023-11-12 08:12:57] PRINT 342
[2023-11-12 08:12:57] PRINT 0.015334606170654297
[2023-11-12 08:12:57] PRINT =========
[2023-11-12 08:12:59] PRINT 344
[2023-11-12 08:12:59] PRINT 0.038238588720560074
[2023-11-12 08:12:59] PRINT =========
[2023-11-12 08:13:00] PRINT 346
[2023-11-12 08:13:00] PRINT 0.02014746703207493
[2023-11-12 08:13:00] PRINT =========
[2023-11-12 08:13:01] PRINT 348
[2023-11-12 08:13:01] PRINT 0.0194766353815794
[2023-11-12 08:13:01] PRINT =========
[2023-11-12 08:13:03] PRINT 350
[2023-11-12 08:13:03] PRINT 0.03273175284266472
[2023-11-12 08:13:03] PRINT =========
[2023-11-12 08:13:04] PRINT 352
[2023-11-12 08:13:04] PRINT 0.035931315273046494
[2023-11-12 08:13:04] PRINT =========
[2023-11-12 08:13:06] PRINT 354
[2023-11-12 08:13:06] PRINT 0.021052559837698936
[2023-11-12 08:13:06] PRINT =========
[2023-11-12 08:13:07] PRINT 356
[2023-11-12 08:13:07] PRINT 0.014261138625442982
[2023-11-12 08:13:07] PRINT =========
[2023-11-12 08:13:09] PRINT 358
[2023-11-12 08:13:09] PRINT 0.024971162900328636
[2023-11-12 08:13:09] PRINT =========
[2023-11-12 08:13:10] PRINT 360
[2023-11-12 08:13:10] PRINT 0.012869089841842651
[2023-11-12 08:13:10] PRINT =========
[2023-11-12 08:13:11] PRINT 362
[2023-11-12 08:13:11] PRINT 0.019619442522525787
[2023-11-12 08:13:11] PRINT =========
[2023-11-12 08:13:13] PRINT 364
[2023-11-12 08:13:13] PRINT 0.028285346925258636
[2023-11-12 08:13:13] PRINT =========
[2023-11-12 08:13:14] PRINT 366
[2023-11-12 08:13:14] PRINT 0.015173581428825855
[2023-11-12 08:13:14] PRINT =========
[2023-11-12 08:13:16] PRINT 368
[2023-11-12 08:13:16] PRINT 0.04082997143268585
[2023-11-12 08:13:16] PRINT =========
[2023-11-12 08:13:17] PRINT 370
[2023-11-12 08:13:17] PRINT 0.013650165870785713
[2023-11-12 08:13:17] PRINT =========
[2023-11-12 08:13:18] PRINT 372
[2023-11-12 08:13:18] PRINT 0.019011832773685455
[2023-11-12 08:13:18] PRINT =========
[2023-11-12 08:13:20] PRINT 374
[2023-11-12 08:13:20] PRINT 0.029041821137070656
[2023-11-12 08:13:20] PRINT =========
[2023-11-12 08:13:21] PRINT 376
[2023-11-12 08:13:21] PRINT 0.018313931301236153
[2023-11-12 08:13:21] PRINT =========
[2023-11-12 08:13:23] PRINT 378
[2023-11-12 08:13:23] PRINT 0.03106502629816532
[2023-11-12 08:13:23] PRINT =========
[2023-11-12 08:13:24] PRINT 380
[2023-11-12 08:13:24] PRINT 0.03920204937458038
[2023-11-12 08:13:24] PRINT =========
[2023-11-12 08:13:26] PRINT 382
[2023-11-12 08:13:26] PRINT 0.03140067309141159
[2023-11-12 08:13:26] PRINT =========
[2023-11-12 08:13:27] PRINT 384
[2023-11-12 08:13:27] PRINT 0.036615096032619476
[2023-11-12 08:13:27] PRINT =========
[2023-11-12 08:13:29] PRINT 386
[2023-11-12 08:13:29] PRINT 0.029343774542212486
[2023-11-12 08:13:29] PRINT =========
[2023-11-12 08:13:30] PRINT 388
[2023-11-12 08:13:30] PRINT 0.021623864769935608
[2023-11-12 08:13:30] PRINT =========
[2023-11-12 08:13:31] PRINT 390
[2023-11-12 08:13:31] PRINT 0.031125782057642937
[2023-11-12 08:13:31] PRINT =========
[2023-11-12 08:13:33] PRINT 392
[2023-11-12 08:13:33] PRINT 0.02164505608379841
[2023-11-12 08:13:33] PRINT =========
[2023-11-12 08:13:34] PRINT 394
[2023-11-12 08:13:34] PRINT 0.03117610327899456
[2023-11-12 08:13:34] PRINT =========
[2023-11-12 08:13:36] PRINT 396
[2023-11-12 08:13:36] PRINT 0.021398553624749184
[2023-11-12 08:13:36] PRINT =========
[2023-11-12 08:13:37] PRINT 398
[2023-11-12 08:13:37] PRINT 0.014449810609221458
[2023-11-12 08:13:37] PRINT =========
[2023-11-12 08:13:39] PRINT 400
[2023-11-12 08:13:39] PRINT 0.026082718744874
[2023-11-12 08:13:39] PRINT =========
[2023-11-12 08:13:40] PRINT 402
[2023-11-12 08:13:40] PRINT 0.03643769398331642
[2023-11-12 08:13:40] PRINT =========
[2023-11-12 08:13:41] PRINT 404
[2023-11-12 08:13:41] PRINT 0.01553643960505724
[2023-11-12 08:13:41] PRINT =========
[2023-11-12 08:13:43] PRINT 406
[2023-11-12 08:13:43] PRINT 0.02705468237400055
[2023-11-12 08:13:43] PRINT =========
[2023-11-12 08:13:44] PRINT 408
[2023-11-12 08:13:44] PRINT 0.02639004960656166
[2023-11-12 08:13:44] PRINT =========
[2023-11-12 08:13:46] PRINT 410
[2023-11-12 08:13:46] PRINT 0.019902871921658516
[2023-11-12 08:13:46] PRINT =========
[2023-11-12 08:13:48] PRINT 412
[2023-11-12 08:13:48] PRINT 0.015263884328305721
[2023-11-12 08:13:48] PRINT =========
[2023-11-12 08:13:49] PRINT 414
[2023-11-12 08:13:49] PRINT 0.02236776612699032
[2023-11-12 08:13:49] PRINT =========
[2023-11-12 08:13:51] PRINT 416
[2023-11-12 08:13:51] PRINT 0.020015431568026543
[2023-11-12 08:13:51] PRINT =========
[2023-11-12 08:13:53] PRINT 418
[2023-11-12 08:13:53] PRINT 0.014536455273628235
[2023-11-12 08:13:53] PRINT =========
[2023-11-12 08:13:54] PRINT 420
[2023-11-12 08:13:54] PRINT 0.016078956425189972
[2023-11-12 08:13:54] PRINT =========
[2023-11-12 08:13:56] PRINT 422
[2023-11-12 08:13:56] PRINT 0.019543344154953957
[2023-11-12 08:13:56] PRINT =========
[2023-11-12 08:13:57] PRINT 424
[2023-11-12 08:13:57] PRINT 0.02534487098455429
[2023-11-12 08:13:57] PRINT =========
[2023-11-12 08:13:59] PRINT 426
[2023-11-12 08:13:59] PRINT 0.02999035082757473
[2023-11-12 08:13:59] PRINT =========
[2023-11-12 08:14:00] PRINT 428
[2023-11-12 08:14:00] PRINT 0.017572574317455292
[2023-11-12 08:14:00] PRINT =========
[2023-11-12 08:14:01] PRINT 430
[2023-11-12 08:14:01] PRINT 0.02714909054338932
[2023-11-12 08:14:01] PRINT =========
[2023-11-12 08:14:03] PRINT 432
[2023-11-12 08:14:03] PRINT 0.02431909181177616
[2023-11-12 08:14:03] PRINT =========
[2023-11-12 08:14:05] PRINT 434
[2023-11-12 08:14:05] PRINT 0.029623795300722122
[2023-11-12 08:14:05] PRINT =========
[2023-11-12 08:14:07] PRINT 436
[2023-11-12 08:14:07] PRINT 0.020735464990139008
[2023-11-12 08:14:07] PRINT =========
[2023-11-12 08:14:08] PRINT 438
[2023-11-12 08:14:08] PRINT 0.016103480011224747
[2023-11-12 08:14:08] PRINT =========
[2023-11-12 08:14:10] PRINT 440
[2023-11-12 08:14:10] PRINT 0.027914971113204956
[2023-11-12 08:14:10] PRINT =========
[2023-11-12 08:14:12] PRINT 442
[2023-11-12 08:14:12] PRINT 0.015730971470475197
[2023-11-12 08:14:12] PRINT =========
[2023-11-12 08:14:13] PRINT 444
[2023-11-12 08:14:13] PRINT 0.016150029376149178
[2023-11-12 08:14:13] PRINT =========
[2023-11-12 08:14:15] PRINT 446
[2023-11-12 08:14:15] PRINT 0.02378990687429905
[2023-11-12 08:14:15] PRINT =========
[2023-11-12 08:14:17] PRINT 448
[2023-11-12 08:14:17] PRINT 0.034470342099666595
[2023-11-12 08:14:17] PRINT =========
[2023-11-12 08:14:18] PRINT 450
[2023-11-12 08:14:18] PRINT 0.02105635218322277
[2023-11-12 08:14:18] PRINT =========
[2023-11-12 08:14:20] PRINT 452
[2023-11-12 08:14:20] PRINT 0.029189515858888626
[2023-11-12 08:14:20] PRINT =========
[2023-11-12 08:14:21] PRINT 454
[2023-11-12 08:14:21] PRINT 0.025482382625341415
[2023-11-12 08:14:21] PRINT =========
[2023-11-12 08:14:23] PRINT 456
[2023-11-12 08:14:23] PRINT 0.017947759479284286
[2023-11-12 08:14:23] PRINT =========
[2023-11-12 08:14:25] PRINT 458
[2023-11-12 08:14:25] PRINT 0.035167474299669266
[2023-11-12 08:14:25] PRINT =========
[2023-11-12 08:14:26] PRINT 460
[2023-11-12 08:14:26] PRINT 0.027225354686379433
[2023-11-12 08:14:26] PRINT =========
[2023-11-12 08:14:28] PRINT 462
[2023-11-12 08:14:28] PRINT 0.022655190899968147
[2023-11-12 08:14:28] PRINT =========
[2023-11-12 08:14:29] PRINT 464
[2023-11-12 08:14:29] PRINT 0.018001874908804893
[2023-11-12 08:14:29] PRINT =========
[2023-11-12 08:14:31] PRINT 466
[2023-11-12 08:14:31] PRINT 0.02324848249554634
[2023-11-12 08:14:31] PRINT =========
[2023-11-12 08:14:32] PRINT 468
[2023-11-12 08:14:32] PRINT 0.014445114880800247
[2023-11-12 08:14:32] PRINT =========
[2023-11-12 08:14:34] PRINT 470
[2023-11-12 08:14:34] PRINT 0.022713126614689827
[2023-11-12 08:14:34] PRINT =========
[2023-11-12 08:14:35] PRINT 472
[2023-11-12 08:14:35] PRINT 0.03310391679406166
[2023-11-12 08:14:35] PRINT =========
[2023-11-12 08:14:37] PRINT 474
[2023-11-12 08:14:37] PRINT 0.032900672405958176
[2023-11-12 08:14:37] PRINT =========
[2023-11-12 08:14:38] PRINT 476
[2023-11-12 08:14:38] PRINT 0.037135619670152664
[2023-11-12 08:14:38] PRINT =========
[2023-11-12 08:14:40] PRINT 478
[2023-11-12 08:14:40] PRINT 0.030727576464414597
[2023-11-12 08:14:40] PRINT =========
[2023-11-12 08:14:41] PRINT 480
[2023-11-12 08:14:41] PRINT 0.030990008264780045
[2023-11-12 08:14:41] PRINT =========
[2023-11-12 08:14:43] PRINT 482
[2023-11-12 08:14:43] PRINT 0.02427615597844124
[2023-11-12 08:14:43] PRINT =========
[2023-11-12 08:14:44] PRINT 484
[2023-11-12 08:14:44] PRINT 0.016912447288632393
[2023-11-12 08:14:44] PRINT =========
[2023-11-12 08:14:46] PRINT 486
[2023-11-12 08:14:46] PRINT 0.02357272244989872
[2023-11-12 08:14:46] PRINT =========
[2023-11-12 08:14:47] PRINT 488
[2023-11-12 08:14:47] PRINT 0.02334045246243477
[2023-11-12 08:14:47] PRINT =========
[2023-11-12 08:14:49] PRINT 490
[2023-11-12 08:14:49] PRINT 0.020851299166679382
[2023-11-12 08:14:49] PRINT =========
[2023-11-12 08:14:50] PRINT 492
[2023-11-12 08:14:50] PRINT 0.011199669912457466
[2023-11-12 08:14:50] PRINT =========
[2023-11-12 08:14:52] PRINT 494
[2023-11-12 08:14:52] PRINT 0.023512614890933037
[2023-11-12 08:14:52] PRINT =========
[2023-11-12 08:14:53] PRINT 496
[2023-11-12 08:14:53] PRINT 0.023668872192502022
[2023-11-12 08:14:53] PRINT =========
[2023-11-12 08:14:55] PRINT 498
[2023-11-12 08:14:55] PRINT 0.021029921248555183
[2023-11-12 08:14:55] PRINT =========
[2023-11-12 08:14:57] PRINT 500
[2023-11-12 08:14:57] PRINT 0.037394195795059204
[2023-11-12 08:14:57] PRINT =========
[2023-11-12 08:14:59] PRINT 502
[2023-11-12 08:14:59] PRINT 0.01806967705488205
[2023-11-12 08:14:59] PRINT =========
[2023-11-12 08:15:00] PRINT 504
[2023-11-12 08:15:00] PRINT 0.021526753902435303
[2023-11-12 08:15:00] PRINT =========
[2023-11-12 08:15:02] PRINT 506
[2023-11-12 08:15:02] PRINT 0.029867013916373253
[2023-11-12 08:15:02] PRINT =========
[2023-11-12 08:15:03] PRINT 508
[2023-11-12 08:15:03] PRINT 0.027815015986561775
[2023-11-12 08:15:03] PRINT =========
[2023-11-12 08:15:05] PRINT 510
[2023-11-12 08:15:05] PRINT 0.016411496326327324
[2023-11-12 08:15:05] PRINT =========
[2023-11-12 08:15:06] PRINT 512
[2023-11-12 08:15:06] PRINT 0.017313184216618538
[2023-11-12 08:15:06] PRINT =========
[2023-11-12 08:15:08] PRINT 514
[2023-11-12 08:15:08] PRINT 0.035875964909791946
[2023-11-12 08:15:08] PRINT =========
[2023-11-12 08:15:09] PRINT 516
[2023-11-12 08:15:09] PRINT 0.015295770950615406
[2023-11-12 08:15:09] PRINT =========
[2023-11-12 08:15:11] PRINT 518
[2023-11-12 08:15:11] PRINT 0.011106564663350582
[2023-11-12 08:15:11] PRINT =========
[2023-11-12 08:15:12] PRINT 520
[2023-11-12 08:15:12] PRINT 0.0419398732483387
[2023-11-12 08:15:12] PRINT =========
[2023-11-12 08:15:13] PRINT 522
[2023-11-12 08:15:13] PRINT 0.03242361918091774
[2023-11-12 08:15:13] PRINT =========
[2023-11-12 08:15:15] PRINT 524
[2023-11-12 08:15:15] PRINT 0.03140471875667572
[2023-11-12 08:15:15] PRINT =========
[2023-11-12 08:15:16] PRINT 526
[2023-11-12 08:15:16] PRINT 0.03255463391542435
[2023-11-12 08:15:16] PRINT =========
[2023-11-12 08:15:18] PRINT 528
[2023-11-12 08:15:18] PRINT 0.011922484263777733
[2023-11-12 08:15:18] PRINT =========
[2023-11-12 08:15:19] PRINT 530
[2023-11-12 08:15:19] PRINT 0.02127469889819622
[2023-11-12 08:15:19] PRINT =========
[2023-11-12 08:15:20] PRINT 532
[2023-11-12 08:15:20] PRINT 0.023458436131477356
[2023-11-12 08:15:20] PRINT =========
[2023-11-12 08:15:22] PRINT 534
[2023-11-12 08:15:22] PRINT 0.017530450597405434
[2023-11-12 08:15:22] PRINT =========
[2023-11-12 08:15:23] PRINT 536
[2023-11-12 08:15:23] PRINT 0.029143881052732468
[2023-11-12 08:15:23] PRINT =========
[2023-11-12 08:15:25] PRINT 538
[2023-11-12 08:15:25] PRINT 0.017549438402056694
[2023-11-12 08:15:25] PRINT =========
[2023-11-12 08:15:26] PRINT 540
[2023-11-12 08:15:26] PRINT 0.02382867969572544
[2023-11-12 08:15:26] PRINT =========
[2023-11-12 08:15:27] PRINT 542
[2023-11-12 08:15:27] PRINT 0.01627071015536785
[2023-11-12 08:15:27] PRINT =========
[2023-11-12 08:15:29] PRINT 544
[2023-11-12 08:15:29] PRINT 0.02507893182337284
[2023-11-12 08:15:29] PRINT =========
[2023-11-12 08:15:30] PRINT 546
[2023-11-12 08:15:30] PRINT 0.027006639167666435
[2023-11-12 08:15:30] PRINT =========
[2023-11-12 08:15:32] PRINT 548
[2023-11-12 08:15:32] PRINT 0.01432109996676445
[2023-11-12 08:15:32] PRINT =========
[2023-11-12 08:15:33] PRINT 550
[2023-11-12 08:15:33] PRINT 0.025317715480923653
[2023-11-12 08:15:33] PRINT =========
[2023-11-12 08:15:35] PRINT 552
[2023-11-12 08:15:35] PRINT 0.0207148976624012
[2023-11-12 08:15:35] PRINT =========
[2023-11-12 08:15:36] PRINT 554
[2023-11-12 08:15:36] PRINT 0.03622918948531151
[2023-11-12 08:15:36] PRINT =========
[2023-11-12 08:15:38] PRINT 556
[2023-11-12 08:15:38] PRINT 0.01774449646472931
[2023-11-12 08:15:38] PRINT =========
[2023-11-12 08:15:40] PRINT 558
[2023-11-12 08:15:40] PRINT 0.017172066494822502
[2023-11-12 08:15:40] PRINT =========
[2023-11-12 08:15:41] PRINT 560
[2023-11-12 08:15:41] PRINT 0.015636708587408066
[2023-11-12 08:15:41] PRINT =========
[2023-11-12 08:15:43] PRINT 562
[2023-11-12 08:15:43] PRINT 0.01297524943947792
[2023-11-12 08:15:43] PRINT =========
[2023-11-12 08:15:44] PRINT 564
[2023-11-12 08:15:44] PRINT 0.02712802030146122
[2023-11-12 08:15:44] PRINT =========
[2023-11-12 08:15:46] PRINT 566
[2023-11-12 08:15:46] PRINT 0.01930895633995533
[2023-11-12 08:15:46] PRINT =========
[2023-11-12 08:15:47] PRINT 568
[2023-11-12 08:15:47] PRINT 0.0157516747713089
[2023-11-12 08:15:47] PRINT =========
[2023-11-12 08:15:48] PRINT 570
[2023-11-12 08:15:48] PRINT 0.029402656480669975
[2023-11-12 08:15:48] PRINT =========
[2023-11-12 08:15:50] PRINT 572
[2023-11-12 08:15:50] PRINT 0.03183002024888992
[2023-11-12 08:15:50] PRINT =========
[2023-11-12 08:15:51] PRINT 574
[2023-11-12 08:15:51] PRINT 0.025394177064299583
[2023-11-12 08:15:51] PRINT =========
[2023-11-12 08:15:53] PRINT 576
[2023-11-12 08:15:53] PRINT 0.02791689708828926
[2023-11-12 08:15:53] PRINT =========
[2023-11-12 08:15:54] PRINT 578
[2023-11-12 08:15:54] PRINT 0.02217792347073555
[2023-11-12 08:15:54] PRINT =========
[2023-11-12 08:15:56] PRINT 580
[2023-11-12 08:15:56] PRINT 0.016922028735280037
[2023-11-12 08:15:56] PRINT =========
[2023-11-12 08:15:57] PRINT 582
[2023-11-12 08:15:57] PRINT 0.01930648274719715
[2023-11-12 08:15:57] PRINT =========
[2023-11-12 08:15:59] PRINT 584
[2023-11-12 08:15:59] PRINT 0.024720072746276855
[2023-11-12 08:15:59] PRINT =========
[2023-11-12 08:16:00] PRINT 586
[2023-11-12 08:16:00] PRINT 0.036677438765764236
[2023-11-12 08:16:00] PRINT =========
[2023-11-12 08:16:02] PRINT 588
[2023-11-12 08:16:02] PRINT 0.030238619074225426
[2023-11-12 08:16:02] PRINT =========
[2023-11-12 08:16:03] PRINT 590
[2023-11-12 08:16:03] PRINT 0.0238888468593359
[2023-11-12 08:16:03] PRINT =========
[2023-11-12 08:16:04] PRINT 592
[2023-11-12 08:16:04] PRINT 0.02256706729531288
[2023-11-12 08:16:04] PRINT =========
[2023-11-12 08:16:06] PRINT 594
[2023-11-12 08:16:06] PRINT 0.005038574803620577
[2023-11-12 08:16:06] PRINT =========
[2023-11-12 08:16:07] PRINT 596
[2023-11-12 08:16:07] PRINT 0.010166131891310215
[2023-11-12 08:16:07] PRINT =========
[2023-11-12 08:16:09] PRINT 598
[2023-11-12 08:16:09] PRINT 0.02319425344467163
[2023-11-12 08:16:09] PRINT =========
[2023-11-12 08:16:11] PRINT 600
[2023-11-12 08:16:11] PRINT 0.015306548215448856
[2023-11-12 08:16:11] PRINT =========
[2023-11-12 08:16:13] PRINT 602
[2023-11-12 08:16:13] PRINT 0.023697173222899437
[2023-11-12 08:16:13] PRINT =========
[2023-11-12 08:16:15] PRINT 604
[2023-11-12 08:16:15] PRINT 0.030947048217058182
[2023-11-12 08:16:15] PRINT =========
[2023-11-12 08:16:17] PRINT 606
[2023-11-12 08:16:17] PRINT 0.022288572043180466
[2023-11-12 08:16:17] PRINT =========
[2023-11-12 08:16:18] PRINT 608
[2023-11-12 08:16:18] PRINT 0.026024196296930313
[2023-11-12 08:16:18] PRINT =========
[2023-11-12 08:16:20] PRINT 610
[2023-11-12 08:16:20] PRINT 0.017460539937019348
[2023-11-12 08:16:20] PRINT =========
[2023-11-12 08:16:21] PRINT 612
[2023-11-12 08:16:21] PRINT 0.025005705654621124
[2023-11-12 08:16:21] PRINT =========
[2023-11-12 08:16:23] PRINT 614
[2023-11-12 08:16:23] PRINT 0.017230316996574402
[2023-11-12 08:16:23] PRINT =========
[2023-11-12 08:16:24] PRINT 616
[2023-11-12 08:16:24] PRINT 0.029882851988077164
[2023-11-12 08:16:24] PRINT =========
[2023-11-12 08:16:26] PRINT 618
[2023-11-12 08:16:26] PRINT 0.017093481495976448
[2023-11-12 08:16:26] PRINT =========
[2023-11-12 08:16:28] PRINT 620
[2023-11-12 08:16:28] PRINT 0.019018681719899178
[2023-11-12 08:16:28] PRINT =========
[2023-11-12 08:16:29] PRINT 622
[2023-11-12 08:16:29] PRINT 0.02590329386293888
[2023-11-12 08:16:29] PRINT =========
[2023-11-12 08:16:31] PRINT 624
[2023-11-12 08:16:31] PRINT 0.031033551320433617
[2023-11-12 08:16:31] PRINT =========
[2023-11-12 08:16:32] PRINT 626
[2023-11-12 08:16:32] PRINT 0.014242629520595074
[2023-11-12 08:16:32] PRINT =========
[2023-11-12 08:16:34] PRINT 628
[2023-11-12 08:16:34] PRINT 0.022701499983668327
[2023-11-12 08:16:34] PRINT =========
[2023-11-12 08:16:36] PRINT 630
[2023-11-12 08:16:36] PRINT 0.020818736404180527
[2023-11-12 08:16:36] PRINT =========
[2023-11-12 08:16:37] PRINT 632
[2023-11-12 08:16:37] PRINT 0.019110318273305893
[2023-11-12 08:16:37] PRINT =========
[2023-11-12 08:16:39] PRINT 634
[2023-11-12 08:16:39] PRINT 0.014428217895328999
[2023-11-12 08:16:39] PRINT =========
[2023-11-12 08:16:41] PRINT 636
[2023-11-12 08:16:41] PRINT 0.013484622351825237
[2023-11-12 08:16:41] PRINT =========
[2023-11-12 08:16:42] PRINT 638
[2023-11-12 08:16:42] PRINT 0.04153123497962952
[2023-11-12 08:16:42] PRINT =========
[2023-11-12 08:16:44] PRINT 640
[2023-11-12 08:16:44] PRINT 0.024691566824913025
[2023-11-12 08:16:44] PRINT =========
[2023-11-12 08:16:45] PRINT 642
[2023-11-12 08:16:45] PRINT 0.021111754700541496
[2023-11-12 08:16:45] PRINT =========
[2023-11-12 08:16:47] PRINT 644
[2023-11-12 08:16:47] PRINT 0.03153025358915329
[2023-11-12 08:16:47] PRINT =========
[2023-11-12 08:16:48] PRINT 646
[2023-11-12 08:16:48] PRINT 0.020390082150697708
[2023-11-12 08:16:48] PRINT =========
[2023-11-12 08:16:50] PRINT 648
[2023-11-12 08:16:50] PRINT 0.024834752082824707
[2023-11-12 08:16:50] PRINT =========
[2023-11-12 08:16:52] PRINT 650
[2023-11-12 08:16:52] PRINT 0.01964644156396389
[2023-11-12 08:16:52] PRINT =========
[2023-11-12 08:16:54] PRINT 652
[2023-11-12 08:16:54] PRINT 0.011247338727116585
[2023-11-12 08:16:54] PRINT =========
[2023-11-12 08:16:55] PRINT 654
[2023-11-12 08:16:55] PRINT 0.013921291567385197
[2023-11-12 08:16:55] PRINT =========
[2023-11-12 08:16:57] PRINT 656
[2023-11-12 08:16:57] PRINT 0.02316286787390709
[2023-11-12 08:16:57] PRINT =========
[2023-11-12 08:16:58] PRINT 658
[2023-11-12 08:16:58] PRINT 0.03070566989481449
[2023-11-12 08:16:58] PRINT =========
[2023-11-12 08:17:00] PRINT 660
[2023-11-12 08:17:00] PRINT 0.03682781010866165
[2023-11-12 08:17:00] PRINT =========
[2023-11-12 08:17:01] PRINT 662
[2023-11-12 08:17:01] PRINT 0.019281867891550064
[2023-11-12 08:17:01] PRINT =========
[2023-11-12 08:17:03] PRINT 664
[2023-11-12 08:17:03] PRINT 0.02860116958618164
[2023-11-12 08:17:03] PRINT =========
[2023-11-12 08:17:05] PRINT 666
[2023-11-12 08:17:05] PRINT 0.016491856426000595
[2023-11-12 08:17:05] PRINT =========
[2023-11-12 08:17:06] PRINT 668
[2023-11-12 08:17:06] PRINT 0.015830712392926216
[2023-11-12 08:17:06] PRINT =========
[2023-11-12 08:17:08] PRINT 670
[2023-11-12 08:17:08] PRINT 0.02164435386657715
[2023-11-12 08:17:08] PRINT =========
[2023-11-12 08:17:09] PRINT 672
[2023-11-12 08:17:09] PRINT 0.028723616153001785
[2023-11-12 08:17:09] PRINT =========
[2023-11-12 08:17:10] PRINT 674
[2023-11-12 08:17:10] PRINT 0.05581354349851608
[2023-11-12 08:17:10] PRINT =========
[2023-11-12 08:17:12] PRINT 676
[2023-11-12 08:17:12] PRINT 0.032162826508283615
[2023-11-12 08:17:12] PRINT =========
[2023-11-12 08:17:13] PRINT 678
[2023-11-12 08:17:13] PRINT 0.03423375263810158
[2023-11-12 08:17:13] PRINT =========
[2023-11-12 08:17:15] PRINT 680
[2023-11-12 08:17:15] PRINT 0.03250296413898468
[2023-11-12 08:17:15] PRINT =========
[2023-11-12 08:17:17] PRINT 682
[2023-11-12 08:17:17] PRINT 0.03236775100231171
[2023-11-12 08:17:17] PRINT =========
[2023-11-12 08:17:18] PRINT 684
[2023-11-12 08:17:18] PRINT 0.02832181751728058
[2023-11-12 08:17:18] PRINT =========
[2023-11-12 08:17:19] PRINT 686
[2023-11-12 08:17:19] PRINT 0.032483719289302826
[2023-11-12 08:17:19] PRINT =========
[2023-11-12 08:17:21] PRINT 688
[2023-11-12 08:17:21] PRINT 0.02749026194214821
[2023-11-12 08:17:21] PRINT =========
[2023-11-12 08:17:23] PRINT 690
[2023-11-12 08:17:23] PRINT 0.048675891011953354
[2023-11-12 08:17:23] PRINT =========
[2023-11-12 08:17:25] PRINT 692
[2023-11-12 08:17:25] PRINT 0.024466119706630707
[2023-11-12 08:17:25] PRINT =========
[2023-11-12 08:17:27] PRINT 694
[2023-11-12 08:17:27] PRINT 0.015462793409824371
[2023-11-12 08:17:27] PRINT =========
[2023-11-12 08:17:28] PRINT 696
[2023-11-12 08:17:28] PRINT 0.023425303399562836
[2023-11-12 08:17:28] PRINT =========
[2023-11-12 08:17:30] PRINT 698
[2023-11-12 08:17:30] PRINT 0.02815227396786213
[2023-11-12 08:17:30] PRINT =========
[2023-11-12 08:17:32] PRINT 700
[2023-11-12 08:17:32] PRINT 0.014783973805606365
[2023-11-12 08:17:32] PRINT =========
[2023-11-12 08:17:33] PRINT 702
[2023-11-12 08:17:33] PRINT 0.030938398092985153
[2023-11-12 08:17:33] PRINT =========
[2023-11-12 08:17:35] PRINT 704
[2023-11-12 08:17:35] PRINT 0.04110846295952797
[2023-11-12 08:17:35] PRINT =========
[2023-11-12 08:17:37] PRINT 706
[2023-11-12 08:17:37] PRINT 0.023516347631812096
[2023-11-12 08:17:37] PRINT =========
[2023-11-12 08:17:39] PRINT 708
[2023-11-12 08:17:39] PRINT 0.011510670185089111
[2023-11-12 08:17:39] PRINT =========
[2023-11-12 08:17:40] PRINT 710
[2023-11-12 08:17:40] PRINT 0.027131834998726845
[2023-11-12 08:17:40] PRINT =========
[2023-11-12 08:17:42] PRINT 712
[2023-11-12 08:17:42] PRINT 0.022935090586543083
[2023-11-12 08:17:42] PRINT =========
[2023-11-12 08:17:44] PRINT 714
[2023-11-12 08:17:44] PRINT 0.02560938149690628
[2023-11-12 08:17:44] PRINT =========
[2023-11-12 08:17:46] PRINT 716
[2023-11-12 08:17:46] PRINT 0.021821705624461174
[2023-11-12 08:17:46] PRINT =========
[2023-11-12 08:17:47] PRINT 718
[2023-11-12 08:17:47] PRINT 0.01997608132660389
[2023-11-12 08:17:47] PRINT =========
[2023-11-12 08:17:49] PRINT 720
[2023-11-12 08:17:49] PRINT 0.028954751789569855
[2023-11-12 08:17:49] PRINT =========
[2023-11-12 08:17:51] PRINT 722
[2023-11-12 08:17:51] PRINT 0.026465393602848053
[2023-11-12 08:17:51] PRINT =========
[2023-11-12 08:17:53] PRINT 724
[2023-11-12 08:17:53] PRINT 0.030172212049365044
[2023-11-12 08:17:53] PRINT =========
[2023-11-12 08:17:54] PRINT 726
[2023-11-12 08:17:54] PRINT 0.03698257356882095
[2023-11-12 08:17:54] PRINT =========
[2023-11-12 08:17:56] PRINT 728
[2023-11-12 08:17:56] PRINT 0.018010860309004784
[2023-11-12 08:17:56] PRINT =========
[2023-11-12 08:17:57] PRINT 730
[2023-11-12 08:17:57] PRINT 0.017030855640769005
[2023-11-12 08:17:57] PRINT =========
[2023-11-12 08:17:59] PRINT 732
[2023-11-12 08:17:59] PRINT 0.03659968823194504
[2023-11-12 08:17:59] PRINT =========
[2023-11-12 08:18:00] PRINT 734
[2023-11-12 08:18:00] PRINT 0.03634116053581238
[2023-11-12 08:18:00] PRINT =========
[2023-11-12 08:18:02] PRINT 736
[2023-11-12 08:18:02] PRINT 0.02234174869954586
[2023-11-12 08:18:02] PRINT =========
[2023-11-12 08:18:03] PRINT 738
[2023-11-12 08:18:03] PRINT 0.03417173773050308
[2023-11-12 08:18:03] PRINT =========
[2023-11-12 08:18:05] PRINT 740
[2023-11-12 08:18:05] PRINT 0.019688740372657776
[2023-11-12 08:18:05] PRINT =========
[2023-11-12 08:18:07] PRINT 742
[2023-11-12 08:18:07] PRINT 0.020450778305530548
[2023-11-12 08:18:07] PRINT =========
[2023-11-12 08:18:08] PRINT 744
[2023-11-12 08:18:08] PRINT 0.02848811075091362
[2023-11-12 08:18:08] PRINT =========
[2023-11-12 08:18:10] PRINT 746
[2023-11-12 08:18:10] PRINT 0.013162005692720413
[2023-11-12 08:18:10] PRINT =========
[2023-11-12 08:18:11] PRINT 748
[2023-11-12 08:18:11] PRINT 0.027640104293823242
[2023-11-12 08:18:11] PRINT =========
[2023-11-12 08:18:13] PRINT 750
[2023-11-12 08:18:13] PRINT 0.015205851756036282
[2023-11-12 08:18:13] PRINT =========
[2023-11-12 08:18:14] PRINT 752
[2023-11-12 08:18:14] PRINT 0.016996391117572784
[2023-11-12 08:18:14] PRINT =========
[2023-11-12 08:18:16] PRINT 754
[2023-11-12 08:18:16] PRINT 0.009654415771365166
[2023-11-12 08:18:16] PRINT =========
[2023-11-12 08:18:17] PRINT 756
[2023-11-12 08:18:17] PRINT 0.025796372443437576
[2023-11-12 08:18:17] PRINT =========
[2023-11-12 08:18:19] PRINT 758
[2023-11-12 08:18:19] PRINT 0.04258048161864281
[2023-11-12 08:18:19] PRINT =========
[2023-11-12 08:18:20] PRINT 760
[2023-11-12 08:18:20] PRINT 0.013766896910965443
[2023-11-12 08:18:20] PRINT =========
[2023-11-12 08:18:21] PRINT 762
[2023-11-12 08:18:21] PRINT 0.027528846636414528
[2023-11-12 08:18:21] PRINT =========
[2023-11-12 08:18:23] PRINT 764
[2023-11-12 08:18:23] PRINT 0.01640470325946808
[2023-11-12 08:18:23] PRINT =========
[2023-11-12 08:18:24] PRINT 766
[2023-11-12 08:18:24] PRINT 0.011489196680486202
[2023-11-12 08:18:24] PRINT =========
[2023-11-12 08:18:26] PRINT 768
[2023-11-12 08:18:26] PRINT 0.019869092851877213
[2023-11-12 08:18:26] PRINT =========
[2023-11-12 08:18:28] PRINT 770
[2023-11-12 08:18:28] PRINT 0.02621784806251526
[2023-11-12 08:18:28] PRINT =========
[2023-11-12 08:18:30] PRINT 772
[2023-11-12 08:18:30] PRINT 0.022779902443289757
[2023-11-12 08:18:30] PRINT =========
[2023-11-12 08:18:31] PRINT 774
[2023-11-12 08:18:31] PRINT 0.020090041682124138
[2023-11-12 08:18:31] PRINT =========
[2023-11-12 08:18:33] PRINT 776
[2023-11-12 08:18:33] PRINT 0.02659214660525322
[2023-11-12 08:18:33] PRINT =========
[2023-11-12 08:18:34] PRINT 778
[2023-11-12 08:18:34] PRINT 0.027773920446634293
[2023-11-12 08:18:34] PRINT =========
[2023-11-12 08:18:36] PRINT 780
[2023-11-12 08:18:36] PRINT 0.02150649018585682
[2023-11-12 08:18:36] PRINT =========
[2023-11-12 08:18:37] PRINT 782
[2023-11-12 08:18:37] PRINT 0.018791355192661285
[2023-11-12 08:18:37] PRINT =========
[2023-11-12 08:18:39] PRINT 784
[2023-11-12 08:18:39] PRINT 0.02550557814538479
[2023-11-12 08:18:39] PRINT =========
[2023-11-12 08:18:41] PRINT 786
[2023-11-12 08:18:41] PRINT 0.021440623328089714
[2023-11-12 08:18:41] PRINT =========
[2023-11-12 08:18:42] PRINT 788
[2023-11-12 08:18:42] PRINT 0.011388249695301056
[2023-11-12 08:18:42] PRINT =========
[2023-11-12 08:18:44] PRINT 790
[2023-11-12 08:18:44] PRINT 0.00997120887041092
[2023-11-12 08:18:44] PRINT =========
[2023-11-12 08:18:45] PRINT 792
[2023-11-12 08:18:45] PRINT 0.01995091512799263
[2023-11-12 08:18:45] PRINT =========
[2023-11-12 08:18:47] PRINT 794
[2023-11-12 08:18:47] PRINT 0.020742176100611687
[2023-11-12 08:18:47] PRINT =========
[2023-11-12 08:18:49] PRINT 796
[2023-11-12 08:18:49] PRINT 0.016959387809038162
[2023-11-12 08:18:49] PRINT =========
[2023-11-12 08:18:50] PRINT 798
[2023-11-12 08:18:50] PRINT 0.02025805227458477
[2023-11-12 08:18:50] PRINT =========
[2023-11-12 08:18:52] PRINT 800
[2023-11-12 08:18:52] PRINT 0.024794138967990875
[2023-11-12 08:18:52] PRINT =========
[2023-11-12 08:18:53] PRINT 802
[2023-11-12 08:18:53] PRINT 0.03083530254662037
[2023-11-12 08:18:53] PRINT =========
[2023-11-12 08:18:55] PRINT 804
[2023-11-12 08:18:55] PRINT 0.02315432019531727
[2023-11-12 08:18:55] PRINT =========
[2023-11-12 08:18:56] PRINT 806
[2023-11-12 08:18:56] PRINT 0.028746936470270157
[2023-11-12 08:18:56] PRINT =========
[2023-11-12 08:18:58] PRINT 808
[2023-11-12 08:18:58] PRINT 0.017740868031978607
[2023-11-12 08:18:58] PRINT =========
[2023-11-12 08:19:00] PRINT 810
[2023-11-12 08:19:00] PRINT 0.03229117766022682
[2023-11-12 08:19:00] PRINT =========
[2023-11-12 08:19:01] PRINT 812
[2023-11-12 08:19:01] PRINT 0.03064880333840847
[2023-11-12 08:19:01] PRINT =========
[2023-11-12 08:19:03] PRINT 814
[2023-11-12 08:19:03] PRINT 0.0354967899620533
[2023-11-12 08:19:03] PRINT =========
[2023-11-12 08:19:05] PRINT 816
[2023-11-12 08:19:05] PRINT 0.01242348738014698
[2023-11-12 08:19:05] PRINT =========
[2023-11-12 08:19:06] PRINT 818
[2023-11-12 08:19:06] PRINT 0.02674943581223488
[2023-11-12 08:19:06] PRINT =========
[2023-11-12 08:19:08] PRINT 820
[2023-11-12 08:19:08] PRINT 0.023711537942290306
[2023-11-12 08:19:08] PRINT =========
[2023-11-12 08:19:09] PRINT 822
[2023-11-12 08:19:09] PRINT 0.020297786220908165
[2023-11-12 08:19:09] PRINT =========
[2023-11-12 08:19:11] PRINT 824
[2023-11-12 08:19:11] PRINT 0.027169259265065193
[2023-11-12 08:19:11] PRINT =========
[2023-11-12 08:19:12] PRINT 826
[2023-11-12 08:19:12] PRINT 0.031201252713799477
[2023-11-12 08:19:12] PRINT =========
[2023-11-12 08:19:14] PRINT 828
[2023-11-12 08:19:14] PRINT 0.016832808032631874
[2023-11-12 08:19:14] PRINT =========
[2023-11-12 08:19:16] PRINT 830
[2023-11-12 08:19:16] PRINT 0.013553460128605366
[2023-11-12 08:19:16] PRINT =========
[2023-11-12 08:19:18] PRINT 832
[2023-11-12 08:19:18] PRINT 0.036519281566143036
[2023-11-12 08:19:18] PRINT =========
[2023-11-12 08:19:19] PRINT 834
[2023-11-12 08:19:19] PRINT 0.013059106655418873
[2023-11-12 08:19:19] PRINT =========
[2023-11-12 08:19:21] PRINT 836
[2023-11-12 08:19:21] PRINT 0.02392669953405857
[2023-11-12 08:19:21] PRINT =========
[2023-11-12 08:19:23] PRINT 838
[2023-11-12 08:19:23] PRINT 0.031038226559758186
[2023-11-12 08:19:23] PRINT =========
[2023-11-12 08:19:24] PRINT 840
[2023-11-12 08:19:24] PRINT 0.022717248648405075
[2023-11-12 08:19:24] PRINT =========
[2023-11-12 08:19:26] PRINT 842
[2023-11-12 08:19:26] PRINT 0.023915400728583336
[2023-11-12 08:19:26] PRINT =========
[2023-11-12 08:19:29] PRINT 844
[2023-11-12 08:19:29] PRINT 0.02604030631482601
[2023-11-12 08:19:29] PRINT =========
[2023-11-12 08:19:31] PRINT 846
[2023-11-12 08:19:31] PRINT 0.025575648993253708
[2023-11-12 08:19:31] PRINT =========
[2023-11-12 08:19:33] PRINT 848
[2023-11-12 08:19:33] PRINT 0.02653489261865616
[2023-11-12 08:19:33] PRINT =========
[2023-11-12 08:19:36] PRINT 850
[2023-11-12 08:19:36] PRINT 0.029675206169486046
[2023-11-12 08:19:36] PRINT =========
[2023-11-12 08:19:39] PRINT 852
[2023-11-12 08:19:39] PRINT 0.02257825806736946
[2023-11-12 08:19:39] PRINT =========
[2023-11-12 08:19:41] PRINT 854
[2023-11-12 08:19:41] PRINT 0.03077770210802555
[2023-11-12 08:19:41] PRINT =========
[2023-11-12 08:19:43] PRINT 856
[2023-11-12 08:19:43] PRINT 0.029244065284729004
[2023-11-12 08:19:43] PRINT =========
[2023-11-12 08:19:44] PRINT 858
[2023-11-12 08:19:44] PRINT 0.02733258344233036
[2023-11-12 08:19:44] PRINT =========
[2023-11-12 08:19:46] PRINT 860
[2023-11-12 08:19:46] PRINT 0.033917397260665894
[2023-11-12 08:19:46] PRINT =========
[2023-11-12 08:19:47] PRINT 862
[2023-11-12 08:19:47] PRINT 0.01433095708489418
[2023-11-12 08:19:47] PRINT =========
[2023-11-12 08:19:48] PRINT 864
[2023-11-12 08:19:48] PRINT 0.022122835740447044
[2023-11-12 08:19:48] PRINT =========
[2023-11-12 08:19:50] PRINT 866
[2023-11-12 08:19:50] PRINT 0.008154203183948994
[2023-11-12 08:19:50] PRINT =========
[2023-11-12 08:19:52] PRINT 868
[2023-11-12 08:19:52] PRINT 0.018723996356129646
[2023-11-12 08:19:52] PRINT =========
[2023-11-12 08:19:53] PRINT 870
[2023-11-12 08:19:53] PRINT 0.02277594432234764
[2023-11-12 08:19:53] PRINT =========
[2023-11-12 08:19:55] PRINT 872
[2023-11-12 08:19:55] PRINT 0.0248294435441494
[2023-11-12 08:19:55] PRINT =========
[2023-11-12 08:19:56] PRINT 874
[2023-11-12 08:19:56] PRINT 0.02641950361430645
[2023-11-12 08:19:56] PRINT =========
[2023-11-12 08:19:58] PRINT 876
[2023-11-12 08:19:58] PRINT 0.015971358865499496
[2023-11-12 08:19:58] PRINT =========
[2023-11-12 08:19:59] PRINT 878
[2023-11-12 08:19:59] PRINT 0.015644792467355728
[2023-11-12 08:19:59] PRINT =========
[2023-11-12 08:20:01] PRINT 880
[2023-11-12 08:20:01] PRINT 0.015046434476971626
[2023-11-12 08:20:01] PRINT =========
[2023-11-12 08:20:02] PRINT 882
[2023-11-12 08:20:02] PRINT 0.029676759615540504
[2023-11-12 08:20:02] PRINT =========
[2023-11-12 08:20:04] PRINT 884
[2023-11-12 08:20:04] PRINT 0.0248233824968338
[2023-11-12 08:20:04] PRINT =========
[2023-11-12 08:20:06] PRINT 886
[2023-11-12 08:20:06] PRINT 0.020308123901486397
[2023-11-12 08:20:06] PRINT =========
[2023-11-12 08:20:07] PRINT 888
[2023-11-12 08:20:07] PRINT 0.01632281206548214
[2023-11-12 08:20:07] PRINT =========
[2023-11-12 08:20:09] PRINT 890
[2023-11-12 08:20:09] PRINT 0.02660147286951542
[2023-11-12 08:20:09] PRINT =========
[2023-11-12 08:20:10] PRINT 892
[2023-11-12 08:20:10] PRINT 0.009093261323869228
[2023-11-12 08:20:10] PRINT =========
[2023-11-12 08:20:12] PRINT 894
[2023-11-12 08:20:12] PRINT 0.013675333000719547
[2023-11-12 08:20:12] PRINT =========
[2023-11-12 08:20:14] PRINT 896
[2023-11-12 08:20:14] PRINT 0.015362552367150784
[2023-11-12 08:20:14] PRINT =========
[2023-11-12 08:20:15] PRINT 898
[2023-11-12 08:20:15] PRINT 0.016525501385331154
[2023-11-12 08:20:15] PRINT =========
[2023-11-12 08:20:16] PRINT 900
[2023-11-12 08:20:16] PRINT 0.03460964933037758
[2023-11-12 08:20:16] PRINT =========
[2023-11-12 08:20:18] PRINT 902
[2023-11-12 08:20:18] PRINT 0.02914620190858841
[2023-11-12 08:20:18] PRINT =========
[2023-11-12 08:20:19] PRINT 904
[2023-11-12 08:20:19] PRINT 0.023062193766236305
[2023-11-12 08:20:19] PRINT =========
[2023-11-12 08:20:21] PRINT 906
[2023-11-12 08:20:21] PRINT 0.024430809542536736
[2023-11-12 08:20:21] PRINT =========
[2023-11-12 08:20:22] PRINT 908
[2023-11-12 08:20:22] PRINT 0.014783026650547981
[2023-11-12 08:20:22] PRINT =========
[2023-11-12 08:20:24] PRINT 910
[2023-11-12 08:20:24] PRINT 0.013834156095981598
[2023-11-12 08:20:24] PRINT =========
[2023-11-12 08:20:25] PRINT 912
[2023-11-12 08:20:25] PRINT 0.02900545671582222
[2023-11-12 08:20:25] PRINT =========
[2023-11-12 08:20:27] PRINT 914
[2023-11-12 08:20:27] PRINT 0.03554544597864151
[2023-11-12 08:20:27] PRINT =========
[2023-11-12 08:20:28] PRINT 916
[2023-11-12 08:20:28] PRINT 0.02237015776336193
[2023-11-12 08:20:28] PRINT =========
[2023-11-12 08:20:30] PRINT 918
[2023-11-12 08:20:30] PRINT 0.02367907576262951
[2023-11-12 08:20:30] PRINT =========
[2023-11-12 08:20:32] PRINT 920
[2023-11-12 08:20:32] PRINT 0.023986000567674637
[2023-11-12 08:20:32] PRINT =========
[2023-11-12 08:20:34] PRINT 922
[2023-11-12 08:20:34] PRINT 0.01821592077612877
[2023-11-12 08:20:34] PRINT =========
[2023-11-12 08:20:35] PRINT 924
[2023-11-12 08:20:35] PRINT 0.041537825018167496
[2023-11-12 08:20:35] PRINT =========
[2023-11-12 08:20:37] PRINT 926
[2023-11-12 08:20:37] PRINT 0.022256072610616684
[2023-11-12 08:20:37] PRINT =========
[2023-11-12 08:20:38] PRINT 928
[2023-11-12 08:20:38] PRINT 0.029467830434441566
[2023-11-12 08:20:38] PRINT =========
[2023-11-12 08:20:40] PRINT 930
[2023-11-12 08:20:40] PRINT 0.014686046168208122
[2023-11-12 08:20:40] PRINT =========
[2023-11-12 08:20:41] PRINT 932
[2023-11-12 08:20:41] PRINT 0.021213097497820854
[2023-11-12 08:20:41] PRINT =========
[2023-11-12 08:20:43] PRINT 934
[2023-11-12 08:20:43] PRINT 0.017438195645809174
[2023-11-12 08:20:43] PRINT =========
[2023-11-12 08:20:44] PRINT 936
[2023-11-12 08:20:44] PRINT 0.011180454865098
[2023-11-12 08:20:44] PRINT =========
[2023-11-12 08:20:46] PRINT 938
[2023-11-12 08:20:46] PRINT 0.027751252055168152
[2023-11-12 08:20:46] PRINT =========
[2023-11-12 08:20:48] PRINT 940
[2023-11-12 08:20:48] PRINT 0.010621640831232071
[2023-11-12 08:20:48] PRINT =========
[2023-11-12 08:20:49] PRINT 942
[2023-11-12 08:20:49] PRINT 0.02120726928114891
[2023-11-12 08:20:49] PRINT =========
[2023-11-12 08:20:51] PRINT 944
[2023-11-12 08:20:51] PRINT 0.02115173637866974
[2023-11-12 08:20:51] PRINT =========
[2023-11-12 08:20:52] PRINT 946
[2023-11-12 08:20:52] PRINT 0.02182449959218502
[2023-11-12 08:20:52] PRINT =========
[2023-11-12 08:20:54] PRINT 948
[2023-11-12 08:20:54] PRINT 0.016789326444268227
[2023-11-12 08:20:54] PRINT =========
[2023-11-12 08:20:56] PRINT 950
[2023-11-12 08:20:56] PRINT 0.03211095556616783
[2023-11-12 08:20:56] PRINT =========
[2023-11-12 08:20:57] PRINT 952
[2023-11-12 08:20:57] PRINT 0.023184949532151222
[2023-11-12 08:20:57] PRINT =========
[2023-11-12 08:20:59] PRINT 954
[2023-11-12 08:20:59] PRINT 0.027002718299627304
[2023-11-12 08:20:59] PRINT =========
[2023-11-12 08:21:01] PRINT 956
[2023-11-12 08:21:01] PRINT 0.023937532678246498
[2023-11-12 08:21:01] PRINT =========
[2023-11-12 08:21:02] PRINT 958
[2023-11-12 08:21:02] PRINT 0.02355247549712658
[2023-11-12 08:21:02] PRINT =========
[2023-11-12 08:21:04] PRINT 960
[2023-11-12 08:21:04] PRINT 0.026705892756581306
[2023-11-12 08:21:04] PRINT =========
[2023-11-12 08:21:05] PRINT 962
[2023-11-12 08:21:05] PRINT 0.017412448301911354
[2023-11-12 08:21:05] PRINT =========
[2023-11-12 08:21:07] PRINT 964
[2023-11-12 08:21:07] PRINT 0.018849579617381096
[2023-11-12 08:21:07] PRINT =========
[2023-11-12 08:21:08] PRINT 966
[2023-11-12 08:21:08] PRINT 0.015685416758060455
[2023-11-12 08:21:08] PRINT =========
[2023-11-12 08:21:10] PRINT 968
[2023-11-12 08:21:10] PRINT 0.02286941558122635
[2023-11-12 08:21:10] PRINT =========
[2023-11-12 08:21:11] PRINT 970
[2023-11-12 08:21:11] PRINT 0.02228093147277832
[2023-11-12 08:21:11] PRINT =========
[2023-11-12 08:21:13] PRINT 972
[2023-11-12 08:21:13] PRINT 0.021453045308589935
[2023-11-12 08:21:13] PRINT =========
[2023-11-12 08:21:14] PRINT 974
[2023-11-12 08:21:14] PRINT 0.032765600830316544
[2023-11-12 08:21:14] PRINT =========
[2023-11-12 08:21:16] PRINT 976
[2023-11-12 08:21:16] PRINT 0.022247085347771645
[2023-11-12 08:21:16] PRINT =========
[2023-11-12 08:21:17] PRINT 978
[2023-11-12 08:21:17] PRINT 0.012771744281053543
[2023-11-12 08:21:17] PRINT =========
[2023-11-12 08:21:19] PRINT 980
[2023-11-12 08:21:19] PRINT 0.013293356634676456
[2023-11-12 08:21:19] PRINT =========
[2023-11-12 08:21:20] PRINT 982
[2023-11-12 08:21:20] PRINT 0.030746549367904663
[2023-11-12 08:21:20] PRINT =========
[2023-11-12 08:21:22] PRINT 984
[2023-11-12 08:21:22] PRINT 0.0241379514336586
[2023-11-12 08:21:22] PRINT =========
[2023-11-12 08:21:23] PRINT 986
[2023-11-12 08:21:23] PRINT 0.027545545250177383
[2023-11-12 08:21:23] PRINT =========
[2023-11-12 08:21:25] PRINT 988
[2023-11-12 08:21:25] PRINT 0.03337203338742256
[2023-11-12 08:21:25] PRINT =========
[2023-11-12 08:21:27] PRINT 990
[2023-11-12 08:21:27] PRINT 0.008584370836615562
[2023-11-12 08:21:27] PRINT =========
[2023-11-12 08:21:28] PRINT 992
[2023-11-12 08:21:28] PRINT 0.018286779522895813
[2023-11-12 08:21:28] PRINT =========
[2023-11-12 08:21:29] PRINT 994
[2023-11-12 08:21:30] PRINT 0.014491269364953041
[2023-11-12 08:21:30] PRINT =========
[2023-11-12 08:21:31] PRINT 996
[2023-11-12 08:21:31] PRINT 0.031064948067069054
[2023-11-12 08:21:31] PRINT =========
[2023-11-12 08:21:33] PRINT 998
[2023-11-12 08:21:33] PRINT 0.02270585484802723
[2023-11-12 08:21:33] PRINT =========
[2023-11-12 08:21:35] PRINT 1000
[2023-11-12 08:21:35] PRINT 0.02339259348809719
[2023-11-12 08:21:35] PRINT =========
[2023-11-12 08:21:37] PRINT 1002
[2023-11-12 08:21:37] PRINT 0.027652276679873466
[2023-11-12 08:21:37] PRINT =========
[2023-11-12 08:21:38] PRINT 1004
[2023-11-12 08:21:38] PRINT 0.01800316944718361
[2023-11-12 08:21:38] PRINT =========
[2023-11-12 08:21:40] PRINT 1006
[2023-11-12 08:21:40] PRINT 0.014223541133105755
[2023-11-12 08:21:40] PRINT =========
