[2023-11-12 01:18:57] INFO (nni.runtime.trial_command_channel.v3/MainThread) Connect to trial command channel http://localhost:8080/env/local-env/RGCvs
[2023-11-12 01:18:57] PRINT Namespace(num_block=16, num_discriminator_blocks=3, conv_kernel_size=3, generator_depth=128, discriminator_depth=128, generator_activation='relu', discriminator_activation='leakyrelu', LR_path='custom_dataset/train_LR', GT_path='custom_dataset/train_HR', res_num=16, num_workers=0, batch_size=16, L2_coeff=1.0, adv_coeff=0.001, tv_loss_coeff=0.0, pre_train_epoch=100, fine_train_epoch=0, scale=4, patch_size=24, feat_layer='relu5_4', vgg_rescale_coeff=0.006, fine_tuning=False, in_memory=True, generator_path=None, mode='train')
[2023-11-12 01:19:07] PRINT 2
[2023-11-12 01:19:07] PRINT 0.13518713414669037
[2023-11-12 01:19:07] PRINT =========
[2023-11-12 01:19:09] PRINT 4
[2023-11-12 01:19:09] PRINT 0.10117083042860031
[2023-11-12 01:19:09] PRINT =========
[2023-11-12 01:19:10] PRINT 6
[2023-11-12 01:19:10] PRINT 0.16839541494846344
[2023-11-12 01:19:10] PRINT =========
[2023-11-12 01:19:12] PRINT 8
[2023-11-12 01:19:12] PRINT 0.07281582802534103
[2023-11-12 01:19:12] PRINT =========
[2023-11-12 01:19:14] PRINT 10
[2023-11-12 01:19:14] PRINT 0.09786037355661392
[2023-11-12 01:19:14] PRINT =========
[2023-11-12 01:19:15] PRINT 12
[2023-11-12 01:19:15] PRINT 0.1198967844247818
[2023-11-12 01:19:15] PRINT =========
[2023-11-12 01:19:17] PRINT 14
[2023-11-12 01:19:17] PRINT 0.08408225327730179
[2023-11-12 01:19:17] PRINT =========
[2023-11-12 01:19:19] PRINT 16
[2023-11-12 01:19:19] PRINT 0.22050997614860535
[2023-11-12 01:19:19] PRINT =========
[2023-11-12 01:19:20] PRINT 18
[2023-11-12 01:19:20] PRINT 0.12200666218996048
[2023-11-12 01:19:20] PRINT =========
[2023-11-12 01:19:22] PRINT 20
[2023-11-12 01:19:22] PRINT 0.08309119939804077
[2023-11-12 01:19:22] PRINT =========
[2023-11-12 01:19:24] PRINT 22
[2023-11-12 01:19:24] PRINT 0.13280418515205383
[2023-11-12 01:19:24] PRINT =========
[2023-11-12 01:19:26] PRINT 24
[2023-11-12 01:19:26] PRINT 0.09941399842500687
[2023-11-12 01:19:26] PRINT =========
[2023-11-12 01:19:27] PRINT 26
[2023-11-12 01:19:27] PRINT 0.06235949322581291
[2023-11-12 01:19:27] PRINT =========
[2023-11-12 01:19:29] PRINT 28
[2023-11-12 01:19:29] PRINT 0.08663672208786011
[2023-11-12 01:19:29] PRINT =========
[2023-11-12 01:19:31] PRINT 30
[2023-11-12 01:19:31] PRINT 0.06165005639195442
[2023-11-12 01:19:31] PRINT =========
[2023-11-12 01:19:32] PRINT 32
[2023-11-12 01:19:32] PRINT 0.06641532480716705
[2023-11-12 01:19:32] PRINT =========
[2023-11-12 01:19:34] PRINT 34
[2023-11-12 01:19:34] PRINT 0.1064484491944313
[2023-11-12 01:19:34] PRINT =========
[2023-11-12 01:19:36] PRINT 36
[2023-11-12 01:19:36] PRINT 0.05803622305393219
[2023-11-12 01:19:36] PRINT =========
[2023-11-12 01:19:38] PRINT 38
[2023-11-12 01:19:38] PRINT 0.07390966266393661
[2023-11-12 01:19:38] PRINT =========
[2023-11-12 01:19:39] PRINT 40
[2023-11-12 01:19:39] PRINT 0.035558439791202545
[2023-11-12 01:19:39] PRINT =========
[2023-11-12 01:19:41] PRINT 42
[2023-11-12 01:19:41] PRINT 0.04677219316363335
[2023-11-12 01:19:41] PRINT =========
[2023-11-12 01:19:42] PRINT 44
[2023-11-12 01:19:42] PRINT 0.06342644989490509
[2023-11-12 01:19:42] PRINT =========
[2023-11-12 01:19:44] PRINT 46
[2023-11-12 01:19:44] PRINT 0.034155335277318954
[2023-11-12 01:19:44] PRINT =========
[2023-11-12 01:19:46] PRINT 48
[2023-11-12 01:19:46] PRINT 0.03848409652709961
[2023-11-12 01:19:46] PRINT =========
[2023-11-12 01:19:47] PRINT 50
[2023-11-12 01:19:47] PRINT 0.04912109673023224
[2023-11-12 01:19:47] PRINT =========
[2023-11-12 01:19:49] PRINT 52
[2023-11-12 01:19:49] PRINT 0.057394709438085556
[2023-11-12 01:19:49] PRINT =========
[2023-11-12 01:19:51] PRINT 54
[2023-11-12 01:19:51] PRINT 0.03594468533992767
[2023-11-12 01:19:51] PRINT =========
[2023-11-12 01:19:52] PRINT 56
[2023-11-12 01:19:52] PRINT 0.040605876594781876
[2023-11-12 01:19:52] PRINT =========
[2023-11-12 01:19:54] PRINT 58
[2023-11-12 01:19:54] PRINT 0.06823471188545227
[2023-11-12 01:19:54] PRINT =========
[2023-11-12 01:19:56] PRINT 60
[2023-11-12 01:19:56] PRINT 0.055361609905958176
[2023-11-12 01:19:56] PRINT =========
[2023-11-12 01:19:57] PRINT 62
[2023-11-12 01:19:57] PRINT 0.032185643911361694
[2023-11-12 01:19:57] PRINT =========
[2023-11-12 01:19:59] PRINT 64
[2023-11-12 01:19:59] PRINT 0.03315138444304466
[2023-11-12 01:19:59] PRINT =========
[2023-11-12 01:20:01] PRINT 66
[2023-11-12 01:20:01] PRINT 0.06860051304101944
[2023-11-12 01:20:01] PRINT =========
[2023-11-12 01:20:02] PRINT 68
[2023-11-12 01:20:02] PRINT 0.04240741580724716
[2023-11-12 01:20:02] PRINT =========
[2023-11-12 01:20:04] PRINT 70
[2023-11-12 01:20:04] PRINT 0.03898845240473747
[2023-11-12 01:20:04] PRINT =========
[2023-11-12 01:20:06] PRINT 72
[2023-11-12 01:20:06] PRINT 0.06897595524787903
[2023-11-12 01:20:06] PRINT =========
[2023-11-12 01:20:07] PRINT 74
[2023-11-12 01:20:07] PRINT 0.046436648815870285
[2023-11-12 01:20:07] PRINT =========
[2023-11-12 01:20:09] PRINT 76
[2023-11-12 01:20:09] PRINT 0.030952423810958862
[2023-11-12 01:20:09] PRINT =========
[2023-11-12 01:20:11] PRINT 78
[2023-11-12 01:20:11] PRINT 0.055251650512218475
[2023-11-12 01:20:11] PRINT =========
[2023-11-12 01:20:13] PRINT 80
[2023-11-12 01:20:13] PRINT 0.04545558989048004
[2023-11-12 01:20:13] PRINT =========
[2023-11-12 01:20:14] PRINT 82
[2023-11-12 01:20:14] PRINT 0.03205137699842453
[2023-11-12 01:20:14] PRINT =========
[2023-11-12 01:20:16] PRINT 84
[2023-11-12 01:20:16] PRINT 0.021911026909947395
[2023-11-12 01:20:16] PRINT =========
[2023-11-12 01:20:18] PRINT 86
[2023-11-12 01:20:18] PRINT 0.03844313696026802
[2023-11-12 01:20:18] PRINT =========
[2023-11-12 01:20:19] PRINT 88
[2023-11-12 01:20:20] PRINT 0.05016947165131569
[2023-11-12 01:20:20] PRINT =========
[2023-11-12 01:20:21] PRINT 90
[2023-11-12 01:20:21] PRINT 0.03223871812224388
[2023-11-12 01:20:21] PRINT =========
[2023-11-12 01:20:23] PRINT 92
[2023-11-12 01:20:23] PRINT 0.013977323658764362
[2023-11-12 01:20:23] PRINT =========
[2023-11-12 01:20:24] PRINT 94
[2023-11-12 01:20:24] PRINT 0.05302237346768379
[2023-11-12 01:20:24] PRINT =========
[2023-11-12 01:20:26] PRINT 96
[2023-11-12 01:20:26] PRINT 0.028775837272405624
[2023-11-12 01:20:26] PRINT =========
[2023-11-12 01:20:28] PRINT 98
[2023-11-12 01:20:28] PRINT 0.023259073495864868
[2023-11-12 01:20:28] PRINT =========
[2023-11-12 01:20:29] PRINT 100
[2023-11-12 01:20:29] PRINT 0.01965702883899212
[2023-11-12 01:20:29] PRINT =========
[2023-11-12 01:20:29] PRINT Average PSNR after pre-training: 18.94160983956637
[2023-11-12 01:20:33] PRINT Average PSNR after fine tuning :  nan
