[2023-11-12 00:32:04] INFO (nni.runtime.trial_command_channel.v3/MainThread) Connect to trial command channel http://localhost:8080/env/local-env/KRchD
[2023-11-12 00:32:04] PRINT Namespace(num_block=8, num_discriminator_blocks=3, conv_kernel_size=5, generator_depth=128, discriminator_depth=64, generator_activation='relu', discriminator_activation='leakyrelu', LR_path='custom_dataset/train_LR', GT_path='custom_dataset/train_HR', res_num=16, num_workers=0, batch_size=16, L2_coeff=1.0, adv_coeff=0.001, tv_loss_coeff=0.0, pre_train_epoch=100, fine_train_epoch=0, scale=4, patch_size=24, feat_layer='relu5_4', vgg_rescale_coeff=0.006, fine_tuning=False, in_memory=True, generator_path=None, mode='train')
[2023-11-12 00:32:14] PRINT 2
[2023-11-12 00:32:14] PRINT 0.2401430308818817
[2023-11-12 00:32:14] PRINT =========
[2023-11-12 00:32:16] PRINT 4
[2023-11-12 00:32:16] PRINT 0.21641919016838074
[2023-11-12 00:32:16] PRINT =========
[2023-11-12 00:32:17] PRINT 6
[2023-11-12 00:32:17] PRINT 0.10749887675046921
[2023-11-12 00:32:17] PRINT =========
[2023-11-12 00:32:19] PRINT 8
[2023-11-12 00:32:19] PRINT 0.08241216093301773
[2023-11-12 00:32:19] PRINT =========
[2023-11-12 00:32:20] PRINT 10
[2023-11-12 00:32:20] PRINT 0.07690273970365524
[2023-11-12 00:32:20] PRINT =========
[2023-11-12 00:32:21] PRINT 12
[2023-11-12 00:32:21] PRINT 0.0652676373720169
[2023-11-12 00:32:21] PRINT =========
[2023-11-12 00:32:23] PRINT 14
[2023-11-12 00:32:23] PRINT 0.11640705168247223
[2023-11-12 00:32:23] PRINT =========
[2023-11-12 00:32:24] PRINT 16
[2023-11-12 00:32:24] PRINT 0.04755436256527901
[2023-11-12 00:32:24] PRINT =========
[2023-11-12 00:32:26] PRINT 18
[2023-11-12 00:32:26] PRINT 0.1629626303911209
[2023-11-12 00:32:26] PRINT =========
[2023-11-12 00:32:27] PRINT 20
[2023-11-12 00:32:27] PRINT 0.07199078053236008
[2023-11-12 00:32:27] PRINT =========
[2023-11-12 00:32:29] PRINT 22
[2023-11-12 00:32:29] PRINT 0.0463949590921402
[2023-11-12 00:32:29] PRINT =========
[2023-11-12 00:32:30] PRINT 24
[2023-11-12 00:32:30] PRINT 0.109974205493927
[2023-11-12 00:32:30] PRINT =========
[2023-11-12 00:32:32] PRINT 26
[2023-11-12 00:32:32] PRINT 0.041426293551921844
[2023-11-12 00:32:32] PRINT =========
[2023-11-12 00:32:33] PRINT 28
[2023-11-12 00:32:33] PRINT 0.08708049356937408
[2023-11-12 00:32:33] PRINT =========
[2023-11-12 00:32:35] PRINT 30
[2023-11-12 00:32:35] PRINT 0.04853704199194908
[2023-11-12 00:32:35] PRINT =========
[2023-11-12 00:32:36] PRINT 32
[2023-11-12 00:32:36] PRINT 0.0674881860613823
[2023-11-12 00:32:36] PRINT =========
[2023-11-12 00:32:38] PRINT 34
[2023-11-12 00:32:38] PRINT 0.034715134650468826
[2023-11-12 00:32:38] PRINT =========
[2023-11-12 00:32:39] PRINT 36
[2023-11-12 00:32:39] PRINT 0.042030103504657745
[2023-11-12 00:32:39] PRINT =========
[2023-11-12 00:32:41] PRINT 38
[2023-11-12 00:32:41] PRINT 0.06280530244112015
[2023-11-12 00:32:41] PRINT =========
[2023-11-12 00:32:42] PRINT 40
[2023-11-12 00:32:42] PRINT 0.03478788584470749
[2023-11-12 00:32:42] PRINT =========
[2023-11-12 00:32:44] PRINT 42
[2023-11-12 00:32:44] PRINT 0.061203692108392715
[2023-11-12 00:32:44] PRINT =========
[2023-11-12 00:32:46] PRINT 44
[2023-11-12 00:32:46] PRINT 0.0801115408539772
[2023-11-12 00:32:46] PRINT =========
[2023-11-12 00:32:48] PRINT 46
[2023-11-12 00:32:48] PRINT 0.04443046823143959
[2023-11-12 00:32:48] PRINT =========
[2023-11-12 00:32:49] PRINT 48
[2023-11-12 00:32:49] PRINT 0.039591964334249496
[2023-11-12 00:32:49] PRINT =========
[2023-11-12 00:32:51] PRINT 50
[2023-11-12 00:32:51] PRINT 0.04862261191010475
[2023-11-12 00:32:51] PRINT =========
[2023-11-12 00:32:52] PRINT 52
[2023-11-12 00:32:52] PRINT 0.043749433010816574
[2023-11-12 00:32:52] PRINT =========
[2023-11-12 00:32:54] PRINT 54
[2023-11-12 00:32:54] PRINT 0.035023633390665054
[2023-11-12 00:32:54] PRINT =========
[2023-11-12 00:32:55] PRINT 56
[2023-11-12 00:32:55] PRINT 0.041449256241321564
[2023-11-12 00:32:55] PRINT =========
[2023-11-12 00:32:57] PRINT 58
[2023-11-12 00:32:57] PRINT 0.05018310993909836
[2023-11-12 00:32:57] PRINT =========
[2023-11-12 00:32:58] PRINT 60
[2023-11-12 00:32:58] PRINT 0.0531170554459095
[2023-11-12 00:32:58] PRINT =========
[2023-11-12 00:33:00] PRINT 62
[2023-11-12 00:33:00] PRINT 0.04568150267004967
[2023-11-12 00:33:00] PRINT =========
[2023-11-12 00:33:01] PRINT 64
[2023-11-12 00:33:01] PRINT 0.06409654021263123
[2023-11-12 00:33:01] PRINT =========
[2023-11-12 00:33:03] PRINT 66
[2023-11-12 00:33:03] PRINT 0.046575240790843964
[2023-11-12 00:33:03] PRINT =========
[2023-11-12 00:33:04] PRINT 68
[2023-11-12 00:33:04] PRINT 0.07094240188598633
[2023-11-12 00:33:04] PRINT =========
[2023-11-12 00:33:06] PRINT 70
[2023-11-12 00:33:06] PRINT 0.021657470613718033
[2023-11-12 00:33:06] PRINT =========
[2023-11-12 00:33:07] PRINT 72
[2023-11-12 00:33:07] PRINT 0.029840217903256416
[2023-11-12 00:33:07] PRINT =========
[2023-11-12 00:33:09] PRINT 74
[2023-11-12 00:33:09] PRINT 0.06015248969197273
[2023-11-12 00:33:09] PRINT =========
[2023-11-12 00:33:10] PRINT 76
[2023-11-12 00:33:10] PRINT 0.05684395134449005
[2023-11-12 00:33:10] PRINT =========
[2023-11-12 00:33:12] PRINT 78
[2023-11-12 00:33:12] PRINT 0.035592444241046906
[2023-11-12 00:33:12] PRINT =========
[2023-11-12 00:33:13] PRINT 80
[2023-11-12 00:33:13] PRINT 0.015697022899985313
[2023-11-12 00:33:13] PRINT =========
[2023-11-12 00:33:15] PRINT 82
[2023-11-12 00:33:15] PRINT 0.027774753049016
[2023-11-12 00:33:15] PRINT =========
[2023-11-12 00:33:17] PRINT 84
[2023-11-12 00:33:17] PRINT 0.04525131732225418
[2023-11-12 00:33:17] PRINT =========
[2023-11-12 00:33:19] PRINT 86
[2023-11-12 00:33:19] PRINT 0.036823246628046036
[2023-11-12 00:33:19] PRINT =========
[2023-11-12 00:33:22] PRINT 88
[2023-11-12 00:33:22] PRINT 0.04255165159702301
[2023-11-12 00:33:22] PRINT =========
[2023-11-12 00:33:24] PRINT 90
[2023-11-12 00:33:24] PRINT 0.04563431814312935
[2023-11-12 00:33:24] PRINT =========
[2023-11-12 00:33:25] PRINT 92
[2023-11-12 00:33:26] PRINT 0.044974636286497116
[2023-11-12 00:33:26] PRINT =========
[2023-11-12 00:33:27] PRINT 94
[2023-11-12 00:33:27] PRINT 0.06257058680057526
[2023-11-12 00:33:27] PRINT =========
[2023-11-12 00:33:29] PRINT 96
[2023-11-12 00:33:29] PRINT 0.0430254265666008
[2023-11-12 00:33:29] PRINT =========
[2023-11-12 00:33:30] PRINT 98
[2023-11-12 00:33:30] PRINT 0.019272346049547195
[2023-11-12 00:33:30] PRINT =========
[2023-11-12 00:33:32] PRINT 100
[2023-11-12 00:33:32] PRINT 0.039014194160699844
[2023-11-12 00:33:32] PRINT =========
[2023-11-12 00:33:32] PRINT Average PSNR after pre-training: 19.054747625516345
[2023-11-12 00:33:36] PRINT Average PSNR after fine tuning :  nan
