[2023-11-12 01:12:07] INFO (nni.runtime.trial_command_channel.v3/MainThread) Connect to trial command channel http://localhost:8080/env/local-env/cIIsu
[2023-11-12 01:12:07] PRINT Namespace(num_block=16, num_discriminator_blocks=3, conv_kernel_size=3, generator_depth=64, discriminator_depth=128, generator_activation='prelu', discriminator_activation='leakyrelu', LR_path='custom_dataset/train_LR', GT_path='custom_dataset/train_HR', res_num=16, num_workers=0, batch_size=16, L2_coeff=1.0, adv_coeff=0.001, tv_loss_coeff=0.0, pre_train_epoch=100, fine_train_epoch=0, scale=4, patch_size=24, feat_layer='relu5_4', vgg_rescale_coeff=0.006, fine_tuning=False, in_memory=True, generator_path=None, mode='train')
[2023-11-12 01:12:17] PRINT 2
[2023-11-12 01:12:17] PRINT 0.20589418709278107
[2023-11-12 01:12:17] PRINT =========
[2023-11-12 01:12:18] PRINT 4
[2023-11-12 01:12:18] PRINT 0.22764958441257477
[2023-11-12 01:12:18] PRINT =========
[2023-11-12 01:12:20] PRINT 6
[2023-11-12 01:12:20] PRINT 0.08012669533491135
[2023-11-12 01:12:20] PRINT =========
[2023-11-12 01:12:21] PRINT 8
[2023-11-12 01:12:21] PRINT 0.07622011750936508
[2023-11-12 01:12:21] PRINT =========
[2023-11-12 01:12:23] PRINT 10
[2023-11-12 01:12:23] PRINT 0.08945570886135101
[2023-11-12 01:12:23] PRINT =========
[2023-11-12 01:12:24] PRINT 12
[2023-11-12 01:12:24] PRINT 0.18857122957706451
[2023-11-12 01:12:24] PRINT =========
[2023-11-12 01:12:26] PRINT 14
[2023-11-12 01:12:26] PRINT 0.07108264416456223
[2023-11-12 01:12:26] PRINT =========
[2023-11-12 01:12:27] PRINT 16
[2023-11-12 01:12:27] PRINT 0.09288278967142105
[2023-11-12 01:12:27] PRINT =========
[2023-11-12 01:12:29] PRINT 18
[2023-11-12 01:12:29] PRINT 0.09811363369226456
[2023-11-12 01:12:29] PRINT =========
[2023-11-12 01:12:30] PRINT 20
[2023-11-12 01:12:30] PRINT 0.07262399792671204
[2023-11-12 01:12:30] PRINT =========
[2023-11-12 01:12:32] PRINT 22
[2023-11-12 01:12:32] PRINT 0.07179263234138489
[2023-11-12 01:12:32] PRINT =========
[2023-11-12 01:12:33] PRINT 24
[2023-11-12 01:12:33] PRINT 0.08141917735338211
[2023-11-12 01:12:33] PRINT =========
[2023-11-12 01:12:34] PRINT 26
[2023-11-12 01:12:34] PRINT 0.05425027757883072
[2023-11-12 01:12:34] PRINT =========
[2023-11-12 01:12:36] PRINT 28
[2023-11-12 01:12:36] PRINT 0.08642572909593582
[2023-11-12 01:12:36] PRINT =========
[2023-11-12 01:12:37] PRINT 30
[2023-11-12 01:12:37] PRINT 0.08787023276090622
[2023-11-12 01:12:37] PRINT =========
[2023-11-12 01:12:39] PRINT 32
[2023-11-12 01:12:39] PRINT 0.11180728673934937
[2023-11-12 01:12:39] PRINT =========
[2023-11-12 01:12:40] PRINT 34
[2023-11-12 01:12:40] PRINT 0.06481938064098358
[2023-11-12 01:12:40] PRINT =========
[2023-11-12 01:12:42] PRINT 36
[2023-11-12 01:12:42] PRINT 0.05923333019018173
[2023-11-12 01:12:42] PRINT =========
[2023-11-12 01:12:43] PRINT 38
[2023-11-12 01:12:43] PRINT 0.0795583724975586
[2023-11-12 01:12:43] PRINT =========
[2023-11-12 01:12:44] PRINT 40
[2023-11-12 01:12:44] PRINT 0.043589238077402115
[2023-11-12 01:12:44] PRINT =========
[2023-11-12 01:12:46] PRINT 42
[2023-11-12 01:12:46] PRINT 0.08758086711168289
[2023-11-12 01:12:46] PRINT =========
[2023-11-12 01:12:47] PRINT 44
[2023-11-12 01:12:47] PRINT 0.037658728659152985
[2023-11-12 01:12:47] PRINT =========
[2023-11-12 01:12:49] PRINT 46
[2023-11-12 01:12:49] PRINT 0.09843266755342484
[2023-11-12 01:12:49] PRINT =========
[2023-11-12 01:12:50] PRINT 48
[2023-11-12 01:12:50] PRINT 0.052037958055734634
[2023-11-12 01:12:50] PRINT =========
[2023-11-12 01:12:52] PRINT 50
[2023-11-12 01:12:52] PRINT 0.07208610326051712
[2023-11-12 01:12:52] PRINT =========
[2023-11-12 01:12:53] PRINT 52
[2023-11-12 01:12:53] PRINT 0.10573244094848633
[2023-11-12 01:12:53] PRINT =========
[2023-11-12 01:12:55] PRINT 54
[2023-11-12 01:12:55] PRINT 0.06047667935490608
[2023-11-12 01:12:55] PRINT =========
[2023-11-12 01:12:56] PRINT 56
[2023-11-12 01:12:56] PRINT 0.021566113457083702
[2023-11-12 01:12:56] PRINT =========
[2023-11-12 01:12:57] PRINT 58
[2023-11-12 01:12:57] PRINT 0.04011071100831032
[2023-11-12 01:12:57] PRINT =========
[2023-11-12 01:12:59] PRINT 60
[2023-11-12 01:12:59] PRINT 0.03285401687026024
[2023-11-12 01:12:59] PRINT =========
[2023-11-12 01:13:00] PRINT 62
[2023-11-12 01:13:00] PRINT 0.06907515227794647
[2023-11-12 01:13:00] PRINT =========
[2023-11-12 01:13:02] PRINT 64
[2023-11-12 01:13:02] PRINT 0.07610486447811127
[2023-11-12 01:13:02] PRINT =========
[2023-11-12 01:13:03] PRINT 66
[2023-11-12 01:13:03] PRINT 0.05828886479139328
[2023-11-12 01:13:03] PRINT =========
[2023-11-12 01:13:05] PRINT 68
[2023-11-12 01:13:05] PRINT 0.022389037534594536
[2023-11-12 01:13:05] PRINT =========
[2023-11-12 01:13:06] PRINT 70
[2023-11-12 01:13:06] PRINT 0.037755195051431656
[2023-11-12 01:13:06] PRINT =========
[2023-11-12 01:13:08] PRINT 72
[2023-11-12 01:13:08] PRINT 0.06769322603940964
[2023-11-12 01:13:08] PRINT =========
[2023-11-12 01:13:10] PRINT 74
[2023-11-12 01:13:10] PRINT 0.02070791646838188
[2023-11-12 01:13:10] PRINT =========
[2023-11-12 01:13:11] PRINT 76
[2023-11-12 01:13:11] PRINT 0.05086807534098625
[2023-11-12 01:13:11] PRINT =========
[2023-11-12 01:13:12] PRINT 78
[2023-11-12 01:13:12] PRINT 0.05333656445145607
[2023-11-12 01:13:12] PRINT =========
[2023-11-12 01:13:14] PRINT 80
[2023-11-12 01:13:14] PRINT 0.07349417358636856
[2023-11-12 01:13:14] PRINT =========
[2023-11-12 01:13:15] PRINT 82
[2023-11-12 01:13:15] PRINT 0.031910624355077744
[2023-11-12 01:13:15] PRINT =========
[2023-11-12 01:13:17] PRINT 84
[2023-11-12 01:13:17] PRINT 0.06721029430627823
[2023-11-12 01:13:17] PRINT =========
[2023-11-12 01:13:18] PRINT 86
[2023-11-12 01:13:18] PRINT 0.029962429776787758
[2023-11-12 01:13:18] PRINT =========
[2023-11-12 01:13:20] PRINT 88
[2023-11-12 01:13:20] PRINT 0.021934565156698227
[2023-11-12 01:13:20] PRINT =========
[2023-11-12 01:13:21] PRINT 90
[2023-11-12 01:13:21] PRINT 0.023584624752402306
[2023-11-12 01:13:21] PRINT =========
[2023-11-12 01:13:23] PRINT 92
[2023-11-12 01:13:23] PRINT 0.023268241435289383
[2023-11-12 01:13:23] PRINT =========
[2023-11-12 01:13:24] PRINT 94
[2023-11-12 01:13:24] PRINT 0.018657149747014046
[2023-11-12 01:13:24] PRINT =========
[2023-11-12 01:13:26] PRINT 96
[2023-11-12 01:13:26] PRINT 0.0387718565762043
[2023-11-12 01:13:26] PRINT =========
[2023-11-12 01:13:27] PRINT 98
[2023-11-12 01:13:27] PRINT 0.05778665095567703
[2023-11-12 01:13:27] PRINT =========
[2023-11-12 01:13:29] PRINT 100
[2023-11-12 01:13:29] PRINT 0.028315968811511993
[2023-11-12 01:13:29] PRINT =========
[2023-11-12 01:13:29] PRINT Average PSNR after pre-training: 18.841259998077238
[2023-11-12 01:13:33] PRINT Average PSNR after fine tuning :  nan
