[2023-11-12 01:48:52] INFO (nni.runtime.trial_command_channel.v3/MainThread) Connect to trial command channel http://localhost:8080/env/local-env/BT52S
[2023-11-12 01:48:52] PRINT Namespace(num_block=16, num_discriminator_blocks=4, conv_kernel_size=5, generator_depth=128, discriminator_depth=64, generator_activation='relu', discriminator_activation='leakyrelu', LR_path='custom_dataset/train_LR', GT_path='custom_dataset/train_HR', res_num=16, num_workers=0, batch_size=16, L2_coeff=1.0, adv_coeff=0.001, tv_loss_coeff=0.0, pre_train_epoch=100, fine_train_epoch=0, scale=4, patch_size=24, feat_layer='relu5_4', vgg_rescale_coeff=0.006, fine_tuning=False, in_memory=True, generator_path=None, mode='train')
[2023-11-12 01:49:03] PRINT 2
[2023-11-12 01:49:03] PRINT 0.11356367915868759
[2023-11-12 01:49:03] PRINT =========
[2023-11-12 01:49:05] PRINT 4
[2023-11-12 01:49:05] PRINT 0.08175458759069443
[2023-11-12 01:49:05] PRINT =========
[2023-11-12 01:49:07] PRINT 6
[2023-11-12 01:49:07] PRINT 0.14778684079647064
[2023-11-12 01:49:07] PRINT =========
[2023-11-12 01:49:09] PRINT 8
[2023-11-12 01:49:09] PRINT 0.07881037145853043
[2023-11-12 01:49:09] PRINT =========
[2023-11-12 01:49:11] PRINT 10
[2023-11-12 01:49:11] PRINT 0.23771484196186066
[2023-11-12 01:49:11] PRINT =========
[2023-11-12 01:49:12] PRINT 12
[2023-11-12 01:49:12] PRINT 0.0908835232257843
[2023-11-12 01:49:12] PRINT =========
[2023-11-12 01:49:14] PRINT 14
[2023-11-12 01:49:14] PRINT 0.07305602729320526
[2023-11-12 01:49:14] PRINT =========
[2023-11-12 01:49:16] PRINT 16
[2023-11-12 01:49:16] PRINT 0.04903431609272957
[2023-11-12 01:49:16] PRINT =========
[2023-11-12 01:49:17] PRINT 18
[2023-11-12 01:49:17] PRINT 0.0968344658613205
[2023-11-12 01:49:17] PRINT =========
[2023-11-12 01:49:19] PRINT 20
[2023-11-12 01:49:19] PRINT 0.05012740194797516
[2023-11-12 01:49:19] PRINT =========
[2023-11-12 01:49:21] PRINT 22
[2023-11-12 01:49:21] PRINT 0.11502464860677719
[2023-11-12 01:49:21] PRINT =========
[2023-11-12 01:49:23] PRINT 24
[2023-11-12 01:49:23] PRINT 0.05491328984498978
[2023-11-12 01:49:23] PRINT =========
[2023-11-12 01:49:24] PRINT 26
[2023-11-12 01:49:24] PRINT 0.05549897998571396
[2023-11-12 01:49:24] PRINT =========
[2023-11-12 01:49:26] PRINT 28
[2023-11-12 01:49:26] PRINT 0.09810204803943634
[2023-11-12 01:49:26] PRINT =========
[2023-11-12 01:49:28] PRINT 30
[2023-11-12 01:49:28] PRINT 0.0884186401963234
[2023-11-12 01:49:28] PRINT =========
[2023-11-12 01:49:30] PRINT 32
[2023-11-12 01:49:30] PRINT 0.04683689773082733
[2023-11-12 01:49:30] PRINT =========
[2023-11-12 01:49:32] PRINT 34
[2023-11-12 01:49:32] PRINT 0.07416003942489624
[2023-11-12 01:49:32] PRINT =========
[2023-11-12 01:49:33] PRINT 36
[2023-11-12 01:49:33] PRINT 0.0715496614575386
[2023-11-12 01:49:33] PRINT =========
[2023-11-12 01:49:35] PRINT 38
[2023-11-12 01:49:35] PRINT 0.08174645155668259
[2023-11-12 01:49:35] PRINT =========
[2023-11-12 01:49:37] PRINT 40
[2023-11-12 01:49:37] PRINT 0.063481405377388
[2023-11-12 01:49:37] PRINT =========
[2023-11-12 01:49:38] PRINT 42
[2023-11-12 01:49:38] PRINT 0.0512024462223053
[2023-11-12 01:49:38] PRINT =========
[2023-11-12 01:49:40] PRINT 44
[2023-11-12 01:49:40] PRINT 0.036123402416706085
[2023-11-12 01:49:40] PRINT =========
[2023-11-12 01:49:42] PRINT 46
[2023-11-12 01:49:42] PRINT 0.04345046356320381
[2023-11-12 01:49:42] PRINT =========
[2023-11-12 01:49:43] PRINT 48
[2023-11-12 01:49:43] PRINT 0.05388825386762619
[2023-11-12 01:49:43] PRINT =========
[2023-11-12 01:49:45] PRINT 50
[2023-11-12 01:49:45] PRINT 0.04262895509600639
[2023-11-12 01:49:45] PRINT =========
[2023-11-12 01:49:47] PRINT 52
[2023-11-12 01:49:47] PRINT 0.10851013660430908
[2023-11-12 01:49:47] PRINT =========
[2023-11-12 01:49:48] PRINT 54
[2023-11-12 01:49:48] PRINT 0.061871644109487534
[2023-11-12 01:49:48] PRINT =========
[2023-11-12 01:49:50] PRINT 56
[2023-11-12 01:49:50] PRINT 0.02221612073481083
[2023-11-12 01:49:50] PRINT =========
[2023-11-12 01:49:52] PRINT 58
[2023-11-12 01:49:52] PRINT 0.05189869925379753
[2023-11-12 01:49:52] PRINT =========
[2023-11-12 01:49:53] PRINT 60
[2023-11-12 01:49:53] PRINT 0.02336125075817108
[2023-11-12 01:49:53] PRINT =========
[2023-11-12 01:49:55] PRINT 62
[2023-11-12 01:49:55] PRINT 0.037157539278268814
[2023-11-12 01:49:55] PRINT =========
[2023-11-12 01:49:57] PRINT 64
[2023-11-12 01:49:57] PRINT 0.04516556113958359
[2023-11-12 01:49:57] PRINT =========
[2023-11-12 01:49:58] PRINT 66
[2023-11-12 01:49:58] PRINT 0.039153024554252625
[2023-11-12 01:49:58] PRINT =========
[2023-11-12 01:50:00] PRINT 68
[2023-11-12 01:50:00] PRINT 0.03234460949897766
[2023-11-12 01:50:00] PRINT =========
[2023-11-12 01:50:02] PRINT 70
[2023-11-12 01:50:02] PRINT 0.06600131839513779
[2023-11-12 01:50:02] PRINT =========
[2023-11-12 01:50:04] PRINT 72
[2023-11-12 01:50:04] PRINT 0.047589294612407684
[2023-11-12 01:50:04] PRINT =========
[2023-11-12 01:50:06] PRINT 74
[2023-11-12 01:50:06] PRINT 0.038450516760349274
[2023-11-12 01:50:06] PRINT =========
[2023-11-12 01:50:07] PRINT 76
[2023-11-12 01:50:07] PRINT 0.05220355838537216
[2023-11-12 01:50:07] PRINT =========
[2023-11-12 01:50:09] PRINT 78
[2023-11-12 01:50:09] PRINT 0.027459893375635147
[2023-11-12 01:50:09] PRINT =========
[2023-11-12 01:50:11] PRINT 80
[2023-11-12 01:50:11] PRINT 0.07744883000850677
[2023-11-12 01:50:11] PRINT =========
[2023-11-12 01:50:13] PRINT 82
[2023-11-12 01:50:13] PRINT 0.05101628601551056
[2023-11-12 01:50:13] PRINT =========
[2023-11-12 01:50:15] PRINT 84
[2023-11-12 01:50:15] PRINT 0.02769159898161888
[2023-11-12 01:50:15] PRINT =========
[2023-11-12 01:50:17] PRINT 86
[2023-11-12 01:50:17] PRINT 0.021365955471992493
[2023-11-12 01:50:17] PRINT =========
[2023-11-12 01:50:19] PRINT 88
[2023-11-12 01:50:19] PRINT 0.055060096085071564
[2023-11-12 01:50:19] PRINT =========
[2023-11-12 01:50:20] PRINT 90
[2023-11-12 01:50:20] PRINT 0.033925771713256836
[2023-11-12 01:50:20] PRINT =========
[2023-11-12 01:50:22] PRINT 92
[2023-11-12 01:50:22] PRINT 0.03504655882716179
[2023-11-12 01:50:22] PRINT =========
[2023-11-12 01:50:24] PRINT 94
[2023-11-12 01:50:24] PRINT 0.028729809448122978
[2023-11-12 01:50:24] PRINT =========
[2023-11-12 01:50:26] PRINT 96
[2023-11-12 01:50:26] PRINT 0.043956853449344635
[2023-11-12 01:50:26] PRINT =========
[2023-11-12 01:50:27] PRINT 98
[2023-11-12 01:50:28] PRINT 0.030028237029910088
[2023-11-12 01:50:28] PRINT =========
[2023-11-12 01:50:29] PRINT 100
[2023-11-12 01:50:29] PRINT 0.0368337407708168
[2023-11-12 01:50:29] PRINT =========
[2023-11-12 01:50:29] PRINT Average PSNR after pre-training: 18.994580794247703
[2023-11-12 01:50:33] PRINT Average PSNR after fine tuning :  nan
