[2023-11-12 00:41:25] INFO (nni.runtime.trial_command_channel.v3/MainThread) Connect to trial command channel http://localhost:8080/env/local-env/jkCcu
[2023-11-12 00:41:25] PRINT Namespace(num_block=8, num_discriminator_blocks=3, conv_kernel_size=5, generator_depth=64, discriminator_depth=64, generator_activation='prelu', discriminator_activation='leakyrelu', LR_path='custom_dataset/train_LR', GT_path='custom_dataset/train_HR', res_num=16, num_workers=0, batch_size=16, L2_coeff=1.0, adv_coeff=0.001, tv_loss_coeff=0.0, pre_train_epoch=100, fine_train_epoch=0, scale=4, patch_size=24, feat_layer='relu5_4', vgg_rescale_coeff=0.006, fine_tuning=False, in_memory=True, generator_path=None, mode='train')
[2023-11-12 00:41:32] PRINT 2
[2023-11-12 00:41:32] PRINT 0.2880193293094635
[2023-11-12 00:41:32] PRINT =========
[2023-11-12 00:41:34] PRINT 4
[2023-11-12 00:41:34] PRINT 0.11557997763156891
[2023-11-12 00:41:34] PRINT =========
[2023-11-12 00:41:35] PRINT 6
[2023-11-12 00:41:35] PRINT 0.12247444689273834
[2023-11-12 00:41:35] PRINT =========
[2023-11-12 00:41:36] PRINT 8
[2023-11-12 00:41:36] PRINT 0.08262835443019867
[2023-11-12 00:41:36] PRINT =========
[2023-11-12 00:41:38] PRINT 10
[2023-11-12 00:41:38] PRINT 0.05232011154294014
[2023-11-12 00:41:38] PRINT =========
[2023-11-12 00:41:39] PRINT 12
[2023-11-12 00:41:39] PRINT 0.06312649697065353
[2023-11-12 00:41:39] PRINT =========
[2023-11-12 00:41:40] PRINT 14
[2023-11-12 00:41:40] PRINT 0.20581397414207458
[2023-11-12 00:41:40] PRINT =========
[2023-11-12 00:41:41] PRINT 16
[2023-11-12 00:41:41] PRINT 0.0742422491312027
[2023-11-12 00:41:41] PRINT =========
[2023-11-12 00:41:43] PRINT 18
[2023-11-12 00:41:43] PRINT 0.05771929770708084
[2023-11-12 00:41:43] PRINT =========
[2023-11-12 00:41:44] PRINT 20
[2023-11-12 00:41:44] PRINT 0.08752266317605972
[2023-11-12 00:41:44] PRINT =========
[2023-11-12 00:41:45] PRINT 22
[2023-11-12 00:41:45] PRINT 0.08750947564840317
[2023-11-12 00:41:45] PRINT =========
[2023-11-12 00:41:47] PRINT 24
[2023-11-12 00:41:47] PRINT 0.07603932917118073
[2023-11-12 00:41:47] PRINT =========
[2023-11-12 00:41:48] PRINT 26
[2023-11-12 00:41:48] PRINT 0.08011668175458908
[2023-11-12 00:41:48] PRINT =========
[2023-11-12 00:41:49] PRINT 28
[2023-11-12 00:41:49] PRINT 0.08497921377420425
[2023-11-12 00:41:49] PRINT =========
[2023-11-12 00:41:51] PRINT 30
[2023-11-12 00:41:51] PRINT 0.08804824948310852
[2023-11-12 00:41:51] PRINT =========
[2023-11-12 00:41:52] PRINT 32
[2023-11-12 00:41:52] PRINT 0.09857242554426193
[2023-11-12 00:41:52] PRINT =========
[2023-11-12 00:41:53] PRINT 34
[2023-11-12 00:41:53] PRINT 0.04754187539219856
[2023-11-12 00:41:53] PRINT =========
[2023-11-12 00:41:54] PRINT 36
[2023-11-12 00:41:54] PRINT 0.06305090337991714
[2023-11-12 00:41:54] PRINT =========
[2023-11-12 00:41:56] PRINT 38
[2023-11-12 00:41:56] PRINT 0.061057545244693756
[2023-11-12 00:41:56] PRINT =========
[2023-11-12 00:41:57] PRINT 40
[2023-11-12 00:41:57] PRINT 0.036115579307079315
[2023-11-12 00:41:57] PRINT =========
[2023-11-12 00:41:58] PRINT 42
[2023-11-12 00:41:58] PRINT 0.041393380612134933
[2023-11-12 00:41:58] PRINT =========
[2023-11-12 00:42:00] PRINT 44
[2023-11-12 00:42:00] PRINT 0.0276340339332819
[2023-11-12 00:42:00] PRINT =========
[2023-11-12 00:42:01] PRINT 46
[2023-11-12 00:42:01] PRINT 0.09549660235643387
[2023-11-12 00:42:01] PRINT =========
[2023-11-12 00:42:02] PRINT 48
[2023-11-12 00:42:02] PRINT 0.08304387331008911
[2023-11-12 00:42:02] PRINT =========
[2023-11-12 00:42:04] PRINT 50
[2023-11-12 00:42:04] PRINT 0.07080794870853424
[2023-11-12 00:42:04] PRINT =========
[2023-11-12 00:42:05] PRINT 52
[2023-11-12 00:42:05] PRINT 0.04626535251736641
[2023-11-12 00:42:05] PRINT =========
[2023-11-12 00:42:06] PRINT 54
[2023-11-12 00:42:06] PRINT 0.04713468253612518
[2023-11-12 00:42:06] PRINT =========
[2023-11-12 00:42:07] PRINT 56
[2023-11-12 00:42:08] PRINT 0.04550725966691971
[2023-11-12 00:42:08] PRINT =========
[2023-11-12 00:42:09] PRINT 58
[2023-11-12 00:42:09] PRINT 0.04128214344382286
[2023-11-12 00:42:09] PRINT =========
[2023-11-12 00:42:10] PRINT 60
[2023-11-12 00:42:10] PRINT 0.06274924427270889
[2023-11-12 00:42:10] PRINT =========
[2023-11-12 00:42:11] PRINT 62
[2023-11-12 00:42:11] PRINT 0.07227106392383575
[2023-11-12 00:42:11] PRINT =========
[2023-11-12 00:42:13] PRINT 64
[2023-11-12 00:42:13] PRINT 0.032792557030916214
[2023-11-12 00:42:13] PRINT =========
[2023-11-12 00:42:14] PRINT 66
[2023-11-12 00:42:14] PRINT 0.021359488368034363
[2023-11-12 00:42:14] PRINT =========
[2023-11-12 00:42:15] PRINT 68
[2023-11-12 00:42:15] PRINT 0.051297593861818314
[2023-11-12 00:42:15] PRINT =========
[2023-11-12 00:42:17] PRINT 70
[2023-11-12 00:42:17] PRINT 0.05224347859621048
[2023-11-12 00:42:17] PRINT =========
[2023-11-12 00:42:18] PRINT 72
[2023-11-12 00:42:18] PRINT 0.0322611965239048
[2023-11-12 00:42:18] PRINT =========
[2023-11-12 00:42:19] PRINT 74
[2023-11-12 00:42:19] PRINT 0.05033509433269501
[2023-11-12 00:42:19] PRINT =========
[2023-11-12 00:42:20] PRINT 76
[2023-11-12 00:42:20] PRINT 0.05397569388151169
[2023-11-12 00:42:20] PRINT =========
[2023-11-12 00:42:22] PRINT 78
[2023-11-12 00:42:22] PRINT 0.04438399523496628
[2023-11-12 00:42:22] PRINT =========
[2023-11-12 00:42:23] PRINT 80
[2023-11-12 00:42:23] PRINT 0.03162695840001106
[2023-11-12 00:42:23] PRINT =========
[2023-11-12 00:42:24] PRINT 82
[2023-11-12 00:42:24] PRINT 0.05741826817393303
[2023-11-12 00:42:24] PRINT =========
[2023-11-12 00:42:26] PRINT 84
[2023-11-12 00:42:26] PRINT 0.023057058453559875
[2023-11-12 00:42:26] PRINT =========
[2023-11-12 00:42:27] PRINT 86
[2023-11-12 00:42:27] PRINT 0.021612737327814102
[2023-11-12 00:42:27] PRINT =========
[2023-11-12 00:42:28] PRINT 88
[2023-11-12 00:42:28] PRINT 0.022099753841757774
[2023-11-12 00:42:28] PRINT =========
[2023-11-12 00:42:29] PRINT 90
[2023-11-12 00:42:29] PRINT 0.04905964806675911
[2023-11-12 00:42:29] PRINT =========
[2023-11-12 00:42:31] PRINT 92
[2023-11-12 00:42:31] PRINT 0.009935776703059673
[2023-11-12 00:42:31] PRINT =========
[2023-11-12 00:42:32] PRINT 94
[2023-11-12 00:42:32] PRINT 0.09568112343549728
[2023-11-12 00:42:32] PRINT =========
[2023-11-12 00:42:33] PRINT 96
[2023-11-12 00:42:33] PRINT 0.03154746815562248
[2023-11-12 00:42:33] PRINT =========
[2023-11-12 00:42:35] PRINT 98
[2023-11-12 00:42:35] PRINT 0.02809610217809677
[2023-11-12 00:42:35] PRINT =========
[2023-11-12 00:42:36] PRINT 100
[2023-11-12 00:42:36] PRINT 0.04922759532928467
[2023-11-12 00:42:36] PRINT =========
[2023-11-12 00:42:36] PRINT Average PSNR after pre-training: 19.034880039845383
[2023-11-12 00:42:39] PRINT Average PSNR after fine tuning :  nan
