[2023-11-12 01:07:18] INFO (nni.runtime.trial_command_channel.v3/MainThread) Connect to trial command channel http://localhost:8080/env/local-env/F4jpa
[2023-11-12 01:07:18] PRINT Namespace(num_block=8, num_discriminator_blocks=4, conv_kernel_size=5, generator_depth=128, discriminator_depth=64, generator_activation='relu', discriminator_activation='leakyrelu', LR_path='custom_dataset/train_LR', GT_path='custom_dataset/train_HR', res_num=16, num_workers=0, batch_size=16, L2_coeff=1.0, adv_coeff=0.001, tv_loss_coeff=0.0, pre_train_epoch=100, fine_train_epoch=0, scale=4, patch_size=24, feat_layer='relu5_4', vgg_rescale_coeff=0.006, fine_tuning=False, in_memory=True, generator_path=None, mode='train')
[2023-11-12 01:07:26] PRINT 2
[2023-11-12 01:07:26] PRINT 0.24719960987567902
[2023-11-12 01:07:26] PRINT =========
[2023-11-12 01:07:27] PRINT 4
[2023-11-12 01:07:27] PRINT 0.14471755921840668
[2023-11-12 01:07:27] PRINT =========
[2023-11-12 01:07:29] PRINT 6
[2023-11-12 01:07:29] PRINT 0.07329563051462173
[2023-11-12 01:07:29] PRINT =========
[2023-11-12 01:07:30] PRINT 8
[2023-11-12 01:07:30] PRINT 0.1033165231347084
[2023-11-12 01:07:30] PRINT =========
[2023-11-12 01:07:32] PRINT 10
[2023-11-12 01:07:32] PRINT 0.43512970209121704
[2023-11-12 01:07:32] PRINT =========
[2023-11-12 01:07:33] PRINT 12
[2023-11-12 01:07:33] PRINT 0.17559775710105896
[2023-11-12 01:07:33] PRINT =========
[2023-11-12 01:07:34] PRINT 14
[2023-11-12 01:07:34] PRINT 0.1229214295744896
[2023-11-12 01:07:34] PRINT =========
[2023-11-12 01:07:36] PRINT 16
[2023-11-12 01:07:36] PRINT 0.07709673047065735
[2023-11-12 01:07:36] PRINT =========
[2023-11-12 01:07:38] PRINT 18
[2023-11-12 01:07:38] PRINT 0.06999561190605164
[2023-11-12 01:07:38] PRINT =========
[2023-11-12 01:07:40] PRINT 20
[2023-11-12 01:07:40] PRINT 0.043187107890844345
[2023-11-12 01:07:40] PRINT =========
[2023-11-12 01:07:41] PRINT 22
[2023-11-12 01:07:41] PRINT 0.07664340734481812
[2023-11-12 01:07:41] PRINT =========
[2023-11-12 01:07:43] PRINT 24
[2023-11-12 01:07:43] PRINT 0.1141868531703949
[2023-11-12 01:07:43] PRINT =========
[2023-11-12 01:07:44] PRINT 26
[2023-11-12 01:07:44] PRINT 0.05716972053050995
[2023-11-12 01:07:44] PRINT =========
[2023-11-12 01:07:46] PRINT 28
[2023-11-12 01:07:46] PRINT 0.0757843479514122
[2023-11-12 01:07:46] PRINT =========
[2023-11-12 01:07:47] PRINT 30
[2023-11-12 01:07:47] PRINT 0.04414962977170944
[2023-11-12 01:07:47] PRINT =========
[2023-11-12 01:07:49] PRINT 32
[2023-11-12 01:07:49] PRINT 0.05872778221964836
[2023-11-12 01:07:49] PRINT =========
[2023-11-12 01:07:50] PRINT 34
[2023-11-12 01:07:50] PRINT 0.050055600702762604
[2023-11-12 01:07:50] PRINT =========
[2023-11-12 01:07:52] PRINT 36
[2023-11-12 01:07:52] PRINT 0.056857846677303314
[2023-11-12 01:07:52] PRINT =========
[2023-11-12 01:07:53] PRINT 38
[2023-11-12 01:07:53] PRINT 0.07023423910140991
[2023-11-12 01:07:53] PRINT =========
[2023-11-12 01:07:55] PRINT 40
[2023-11-12 01:07:55] PRINT 0.05683397501707077
[2023-11-12 01:07:55] PRINT =========
[2023-11-12 01:07:56] PRINT 42
[2023-11-12 01:07:56] PRINT 0.0820745900273323
[2023-11-12 01:07:56] PRINT =========
[2023-11-12 01:07:58] PRINT 44
[2023-11-12 01:07:58] PRINT 0.0522201769053936
[2023-11-12 01:07:58] PRINT =========
[2023-11-12 01:07:59] PRINT 46
[2023-11-12 01:07:59] PRINT 0.058127518743276596
[2023-11-12 01:07:59] PRINT =========
[2023-11-12 01:08:01] PRINT 48
[2023-11-12 01:08:01] PRINT 0.05428454279899597
[2023-11-12 01:08:01] PRINT =========
[2023-11-12 01:08:02] PRINT 50
[2023-11-12 01:08:02] PRINT 0.05989784374833107
[2023-11-12 01:08:02] PRINT =========
[2023-11-12 01:08:04] PRINT 52
[2023-11-12 01:08:04] PRINT 0.052378542721271515
[2023-11-12 01:08:04] PRINT =========
[2023-11-12 01:08:05] PRINT 54
[2023-11-12 01:08:05] PRINT 0.04635951295495033
[2023-11-12 01:08:05] PRINT =========
[2023-11-12 01:08:07] PRINT 56
[2023-11-12 01:08:07] PRINT 0.034946978092193604
[2023-11-12 01:08:07] PRINT =========
[2023-11-12 01:08:08] PRINT 58
[2023-11-12 01:08:08] PRINT 0.05148690938949585
[2023-11-12 01:08:08] PRINT =========
[2023-11-12 01:08:10] PRINT 60
[2023-11-12 01:08:10] PRINT 0.07721872627735138
[2023-11-12 01:08:10] PRINT =========
[2023-11-12 01:08:11] PRINT 62
[2023-11-12 01:08:11] PRINT 0.03399519994854927
[2023-11-12 01:08:11] PRINT =========
[2023-11-12 01:08:13] PRINT 64
[2023-11-12 01:08:13] PRINT 0.03337075188755989
[2023-11-12 01:08:13] PRINT =========
[2023-11-12 01:08:14] PRINT 66
[2023-11-12 01:08:14] PRINT 0.049036167562007904
[2023-11-12 01:08:14] PRINT =========
[2023-11-12 01:08:16] PRINT 68
[2023-11-12 01:08:16] PRINT 0.05928777903318405
[2023-11-12 01:08:16] PRINT =========
[2023-11-12 01:08:17] PRINT 70
[2023-11-12 01:08:17] PRINT 0.06474746763706207
[2023-11-12 01:08:17] PRINT =========
[2023-11-12 01:08:19] PRINT 72
[2023-11-12 01:08:19] PRINT 0.030574163421988487
[2023-11-12 01:08:19] PRINT =========
[2023-11-12 01:08:20] PRINT 74
[2023-11-12 01:08:20] PRINT 0.06974461674690247
[2023-11-12 01:08:20] PRINT =========
[2023-11-12 01:08:22] PRINT 76
[2023-11-12 01:08:22] PRINT 0.028343582525849342
[2023-11-12 01:08:22] PRINT =========
[2023-11-12 01:08:23] PRINT 78
[2023-11-12 01:08:23] PRINT 0.06400221586227417
[2023-11-12 01:08:23] PRINT =========
[2023-11-12 01:08:25] PRINT 80
[2023-11-12 01:08:25] PRINT 0.026241516694426537
[2023-11-12 01:08:25] PRINT =========
[2023-11-12 01:08:26] PRINT 82
[2023-11-12 01:08:26] PRINT 0.03219558298587799
[2023-11-12 01:08:26] PRINT =========
[2023-11-12 01:08:28] PRINT 84
[2023-11-12 01:08:28] PRINT 0.015581422485411167
[2023-11-12 01:08:28] PRINT =========
[2023-11-12 01:08:29] PRINT 86
[2023-11-12 01:08:29] PRINT 0.059280894696712494
[2023-11-12 01:08:29] PRINT =========
[2023-11-12 01:08:31] PRINT 88
[2023-11-12 01:08:31] PRINT 0.0377269983291626
[2023-11-12 01:08:31] PRINT =========
[2023-11-12 01:08:32] PRINT 90
[2023-11-12 01:08:32] PRINT 0.030983611941337585
[2023-11-12 01:08:32] PRINT =========
[2023-11-12 01:08:34] PRINT 92
[2023-11-12 01:08:34] PRINT 0.03306395187973976
[2023-11-12 01:08:34] PRINT =========
[2023-11-12 01:08:36] PRINT 94
[2023-11-12 01:08:36] PRINT 0.02949613146483898
[2023-11-12 01:08:36] PRINT =========
[2023-11-12 01:08:38] PRINT 96
[2023-11-12 01:08:38] PRINT 0.06892932951450348
[2023-11-12 01:08:38] PRINT =========
[2023-11-12 01:08:40] PRINT 98
[2023-11-12 01:08:40] PRINT 0.037605781108140945
[2023-11-12 01:08:40] PRINT =========
[2023-11-12 01:08:41] PRINT 100
[2023-11-12 01:08:41] PRINT 0.03311372548341751
[2023-11-12 01:08:41] PRINT =========
[2023-11-12 01:08:41] PRINT Average PSNR after pre-training: 19.132349145698523
[2023-11-12 01:08:45] PRINT Average PSNR after fine tuning :  nan
