[2023-11-12 01:10:31] INFO (nni.runtime.trial_command_channel.v3/MainThread) Connect to trial command channel http://localhost:8080/env/local-env/pZxCA
[2023-11-12 01:10:31] PRINT Namespace(num_block=16, num_discriminator_blocks=3, conv_kernel_size=3, generator_depth=64, discriminator_depth=64, generator_activation='relu', discriminator_activation='leakyrelu', LR_path='custom_dataset/train_LR', GT_path='custom_dataset/train_HR', res_num=16, num_workers=0, batch_size=16, L2_coeff=1.0, adv_coeff=0.001, tv_loss_coeff=0.0, pre_train_epoch=100, fine_train_epoch=0, scale=4, patch_size=24, feat_layer='relu5_4', vgg_rescale_coeff=0.006, fine_tuning=False, in_memory=True, generator_path=None, mode='train')
[2023-11-12 01:10:40] PRINT 2
[2023-11-12 01:10:40] PRINT 0.22475476562976837
[2023-11-12 01:10:40] PRINT =========
[2023-11-12 01:10:42] PRINT 4
[2023-11-12 01:10:42] PRINT 0.19122961163520813
[2023-11-12 01:10:42] PRINT =========
[2023-11-12 01:10:44] PRINT 6
[2023-11-12 01:10:44] PRINT 0.2708272337913513
[2023-11-12 01:10:44] PRINT =========
[2023-11-12 01:10:45] PRINT 8
[2023-11-12 01:10:45] PRINT 0.14879508316516876
[2023-11-12 01:10:45] PRINT =========
[2023-11-12 01:10:46] PRINT 10
[2023-11-12 01:10:46] PRINT 0.09632396697998047
[2023-11-12 01:10:46] PRINT =========
[2023-11-12 01:10:48] PRINT 12
[2023-11-12 01:10:48] PRINT 0.08404865860939026
[2023-11-12 01:10:48] PRINT =========
[2023-11-12 01:10:49] PRINT 14
[2023-11-12 01:10:49] PRINT 0.06849547475576401
[2023-11-12 01:10:49] PRINT =========
[2023-11-12 01:10:51] PRINT 16
[2023-11-12 01:10:51] PRINT 0.0600416325032711
[2023-11-12 01:10:51] PRINT =========
[2023-11-12 01:10:52] PRINT 18
[2023-11-12 01:10:52] PRINT 0.140137180685997
[2023-11-12 01:10:52] PRINT =========
[2023-11-12 01:10:54] PRINT 20
[2023-11-12 01:10:54] PRINT 0.1520252525806427
[2023-11-12 01:10:54] PRINT =========
[2023-11-12 01:10:55] PRINT 22
[2023-11-12 01:10:55] PRINT 0.22795267403125763
[2023-11-12 01:10:55] PRINT =========
[2023-11-12 01:10:57] PRINT 24
[2023-11-12 01:10:57] PRINT 0.09398958832025528
[2023-11-12 01:10:57] PRINT =========
[2023-11-12 01:10:58] PRINT 26
[2023-11-12 01:10:58] PRINT 0.06799694150686264
[2023-11-12 01:10:58] PRINT =========
[2023-11-12 01:10:59] PRINT 28
[2023-11-12 01:10:59] PRINT 0.052705589681863785
[2023-11-12 01:10:59] PRINT =========
[2023-11-12 01:11:01] PRINT 30
[2023-11-12 01:11:01] PRINT 0.07414531707763672
[2023-11-12 01:11:01] PRINT =========
[2023-11-12 01:11:02] PRINT 32
[2023-11-12 01:11:02] PRINT 0.07277926057577133
[2023-11-12 01:11:02] PRINT =========
[2023-11-12 01:11:04] PRINT 34
[2023-11-12 01:11:04] PRINT 0.06765254586935043
[2023-11-12 01:11:04] PRINT =========
[2023-11-12 01:11:05] PRINT 36
[2023-11-12 01:11:05] PRINT 0.05901908129453659
[2023-11-12 01:11:05] PRINT =========
[2023-11-12 01:11:07] PRINT 38
[2023-11-12 01:11:07] PRINT 0.10951542109251022
[2023-11-12 01:11:07] PRINT =========
[2023-11-12 01:11:08] PRINT 40
[2023-11-12 01:11:08] PRINT 0.05275904759764671
[2023-11-12 01:11:08] PRINT =========
[2023-11-12 01:11:10] PRINT 42
[2023-11-12 01:11:10] PRINT 0.050745196640491486
[2023-11-12 01:11:10] PRINT =========
[2023-11-12 01:11:11] PRINT 44
[2023-11-12 01:11:11] PRINT 0.05345812439918518
[2023-11-12 01:11:11] PRINT =========
[2023-11-12 01:11:13] PRINT 46
[2023-11-12 01:11:13] PRINT 0.07808619737625122
[2023-11-12 01:11:13] PRINT =========
[2023-11-12 01:11:14] PRINT 48
[2023-11-12 01:11:14] PRINT 0.06362395733594894
[2023-11-12 01:11:14] PRINT =========
[2023-11-12 01:11:16] PRINT 50
[2023-11-12 01:11:16] PRINT 0.0487893782556057
[2023-11-12 01:11:16] PRINT =========
[2023-11-12 01:11:18] PRINT 52
[2023-11-12 01:11:18] PRINT 0.09302954375743866
[2023-11-12 01:11:18] PRINT =========
[2023-11-12 01:11:19] PRINT 54
[2023-11-12 01:11:19] PRINT 0.0708063542842865
[2023-11-12 01:11:19] PRINT =========
[2023-11-12 01:11:21] PRINT 56
[2023-11-12 01:11:21] PRINT 0.05183729529380798
[2023-11-12 01:11:21] PRINT =========
[2023-11-12 01:11:22] PRINT 58
[2023-11-12 01:11:22] PRINT 0.03133068233728409
[2023-11-12 01:11:22] PRINT =========
[2023-11-12 01:11:24] PRINT 60
[2023-11-12 01:11:24] PRINT 0.06221194192767143
[2023-11-12 01:11:24] PRINT =========
[2023-11-12 01:11:26] PRINT 62
[2023-11-12 01:11:26] PRINT 0.0381731316447258
[2023-11-12 01:11:26] PRINT =========
[2023-11-12 01:11:27] PRINT 64
[2023-11-12 01:11:27] PRINT 0.05963143706321716
[2023-11-12 01:11:27] PRINT =========
[2023-11-12 01:11:29] PRINT 66
[2023-11-12 01:11:29] PRINT 0.029516279697418213
[2023-11-12 01:11:29] PRINT =========
[2023-11-12 01:11:30] PRINT 68
[2023-11-12 01:11:30] PRINT 0.08630714565515518
[2023-11-12 01:11:30] PRINT =========
[2023-11-12 01:11:31] PRINT 70
[2023-11-12 01:11:31] PRINT 0.04953736066818237
[2023-11-12 01:11:31] PRINT =========
[2023-11-12 01:11:33] PRINT 72
[2023-11-12 01:11:33] PRINT 0.05792535841464996
[2023-11-12 01:11:33] PRINT =========
[2023-11-12 01:11:34] PRINT 74
[2023-11-12 01:11:34] PRINT 0.044679924845695496
[2023-11-12 01:11:34] PRINT =========
[2023-11-12 01:11:36] PRINT 76
[2023-11-12 01:11:36] PRINT 0.08281472325325012
[2023-11-12 01:11:36] PRINT =========
[2023-11-12 01:11:37] PRINT 78
[2023-11-12 01:11:37] PRINT 0.056630223989486694
[2023-11-12 01:11:37] PRINT =========
[2023-11-12 01:11:39] PRINT 80
[2023-11-12 01:11:39] PRINT 0.08777039498090744
[2023-11-12 01:11:39] PRINT =========
[2023-11-12 01:11:40] PRINT 82
[2023-11-12 01:11:40] PRINT 0.06908834725618362
[2023-11-12 01:11:40] PRINT =========
[2023-11-12 01:11:42] PRINT 84
[2023-11-12 01:11:42] PRINT 0.03258100897073746
[2023-11-12 01:11:42] PRINT =========
[2023-11-12 01:11:44] PRINT 86
[2023-11-12 01:11:44] PRINT 0.04610838741064072
[2023-11-12 01:11:44] PRINT =========
[2023-11-12 01:11:46] PRINT 88
[2023-11-12 01:11:46] PRINT 0.04267852380871773
[2023-11-12 01:11:46] PRINT =========
[2023-11-12 01:11:48] PRINT 90
[2023-11-12 01:11:48] PRINT 0.12968741357326508
[2023-11-12 01:11:48] PRINT =========
[2023-11-12 01:11:49] PRINT 92
[2023-11-12 01:11:49] PRINT 0.04300538823008537
[2023-11-12 01:11:49] PRINT =========
[2023-11-12 01:11:50] PRINT 94
[2023-11-12 01:11:50] PRINT 0.05766184255480766
[2023-11-12 01:11:50] PRINT =========
[2023-11-12 01:11:52] PRINT 96
[2023-11-12 01:11:52] PRINT 0.040431372821331024
[2023-11-12 01:11:52] PRINT =========
[2023-11-12 01:11:53] PRINT 98
[2023-11-12 01:11:53] PRINT 0.053814638406038284
[2023-11-12 01:11:53] PRINT =========
[2023-11-12 01:11:55] PRINT 100
[2023-11-12 01:11:55] PRINT 0.045165203511714935
[2023-11-12 01:11:55] PRINT =========
[2023-11-12 01:11:55] PRINT Average PSNR after pre-training: 18.266697205686643
[2023-11-12 01:11:58] PRINT Average PSNR after fine tuning :  nan
