[2023-11-12 00:30:29] INFO (nni.runtime.trial_command_channel.v3/MainThread) Connect to trial command channel http://localhost:8080/env/local-env/FHDLc
[2023-11-12 00:30:29] PRINT Namespace(num_block=8, num_discriminator_blocks=3, conv_kernel_size=5, generator_depth=64, discriminator_depth=64, generator_activation='relu', discriminator_activation='leakyrelu', LR_path='custom_dataset/train_LR', GT_path='custom_dataset/train_HR', res_num=16, num_workers=0, batch_size=16, L2_coeff=1.0, adv_coeff=0.001, tv_loss_coeff=0.0, pre_train_epoch=100, fine_train_epoch=0, scale=4, patch_size=24, feat_layer='relu5_4', vgg_rescale_coeff=0.006, fine_tuning=False, in_memory=True, generator_path=None, mode='train')
[2023-11-12 00:30:38] PRINT 2
[2023-11-12 00:30:38] PRINT 0.3294038474559784
[2023-11-12 00:30:38] PRINT =========
[2023-11-12 00:30:40] PRINT 4
[2023-11-12 00:30:40] PRINT 0.20436763763427734
[2023-11-12 00:30:40] PRINT =========
[2023-11-12 00:30:41] PRINT 6
[2023-11-12 00:30:41] PRINT 0.11409057676792145
[2023-11-12 00:30:41] PRINT =========
[2023-11-12 00:30:43] PRINT 8
[2023-11-12 00:30:43] PRINT 0.09854312241077423
[2023-11-12 00:30:43] PRINT =========
[2023-11-12 00:30:44] PRINT 10
[2023-11-12 00:30:44] PRINT 0.1454576700925827
[2023-11-12 00:30:44] PRINT =========
[2023-11-12 00:30:45] PRINT 12
[2023-11-12 00:30:45] PRINT 0.06434379518032074
[2023-11-12 00:30:45] PRINT =========
[2023-11-12 00:30:47] PRINT 14
[2023-11-12 00:30:47] PRINT 0.14724308252334595
[2023-11-12 00:30:47] PRINT =========
[2023-11-12 00:30:48] PRINT 16
[2023-11-12 00:30:48] PRINT 0.06101461872458458
[2023-11-12 00:30:48] PRINT =========
[2023-11-12 00:30:49] PRINT 18
[2023-11-12 00:30:49] PRINT 0.04726186394691467
[2023-11-12 00:30:49] PRINT =========
[2023-11-12 00:30:51] PRINT 20
[2023-11-12 00:30:51] PRINT 0.13319331407546997
[2023-11-12 00:30:51] PRINT =========
[2023-11-12 00:30:52] PRINT 22
[2023-11-12 00:30:52] PRINT 0.07201772183179855
[2023-11-12 00:30:52] PRINT =========
[2023-11-12 00:30:54] PRINT 24
[2023-11-12 00:30:54] PRINT 0.06069011241197586
[2023-11-12 00:30:54] PRINT =========
[2023-11-12 00:30:55] PRINT 26
[2023-11-12 00:30:55] PRINT 0.0900600403547287
[2023-11-12 00:30:55] PRINT =========
[2023-11-12 00:30:57] PRINT 28
[2023-11-12 00:30:57] PRINT 0.08587916940450668
[2023-11-12 00:30:57] PRINT =========
[2023-11-12 00:30:58] PRINT 30
[2023-11-12 00:30:58] PRINT 0.04823116213083267
[2023-11-12 00:30:58] PRINT =========
[2023-11-12 00:30:59] PRINT 32
[2023-11-12 00:30:59] PRINT 0.11582927405834198
[2023-11-12 00:30:59] PRINT =========
[2023-11-12 00:31:01] PRINT 34
[2023-11-12 00:31:01] PRINT 0.06497779488563538
[2023-11-12 00:31:01] PRINT =========
[2023-11-12 00:31:02] PRINT 36
[2023-11-12 00:31:02] PRINT 0.1078459843993187
[2023-11-12 00:31:02] PRINT =========
[2023-11-12 00:31:04] PRINT 38
[2023-11-12 00:31:04] PRINT 0.05353254824876785
[2023-11-12 00:31:04] PRINT =========
[2023-11-12 00:31:05] PRINT 40
[2023-11-12 00:31:05] PRINT 0.07593630254268646
[2023-11-12 00:31:05] PRINT =========
[2023-11-12 00:31:07] PRINT 42
[2023-11-12 00:31:07] PRINT 0.054975688457489014
[2023-11-12 00:31:07] PRINT =========
[2023-11-12 00:31:08] PRINT 44
[2023-11-12 00:31:08] PRINT 0.09696771204471588
[2023-11-12 00:31:08] PRINT =========
[2023-11-12 00:31:09] PRINT 46
[2023-11-12 00:31:09] PRINT 0.07839879393577576
[2023-11-12 00:31:09] PRINT =========
[2023-11-12 00:31:11] PRINT 48
[2023-11-12 00:31:11] PRINT 0.07839563488960266
[2023-11-12 00:31:11] PRINT =========
[2023-11-12 00:31:12] PRINT 50
[2023-11-12 00:31:12] PRINT 0.11514578759670258
[2023-11-12 00:31:12] PRINT =========
[2023-11-12 00:31:14] PRINT 52
[2023-11-12 00:31:14] PRINT 0.06800118833780289
[2023-11-12 00:31:14] PRINT =========
[2023-11-12 00:31:15] PRINT 54
[2023-11-12 00:31:15] PRINT 0.048805028200149536
[2023-11-12 00:31:15] PRINT =========
[2023-11-12 00:31:17] PRINT 56
[2023-11-12 00:31:17] PRINT 0.040018461644649506
[2023-11-12 00:31:17] PRINT =========
[2023-11-12 00:31:18] PRINT 58
[2023-11-12 00:31:18] PRINT 0.031128760427236557
[2023-11-12 00:31:18] PRINT =========
[2023-11-12 00:31:19] PRINT 60
[2023-11-12 00:31:19] PRINT 0.04497477412223816
[2023-11-12 00:31:19] PRINT =========
[2023-11-12 00:31:21] PRINT 62
[2023-11-12 00:31:21] PRINT 0.02357950434088707
[2023-11-12 00:31:21] PRINT =========
[2023-11-12 00:31:22] PRINT 64
[2023-11-12 00:31:22] PRINT 0.03970903903245926
[2023-11-12 00:31:22] PRINT =========
[2023-11-12 00:31:24] PRINT 66
[2023-11-12 00:31:24] PRINT 0.06250770390033722
[2023-11-12 00:31:24] PRINT =========
[2023-11-12 00:31:25] PRINT 68
[2023-11-12 00:31:25] PRINT 0.04358811676502228
[2023-11-12 00:31:25] PRINT =========
[2023-11-12 00:31:26] PRINT 70
[2023-11-12 00:31:26] PRINT 0.03991908207535744
[2023-11-12 00:31:26] PRINT =========
[2023-11-12 00:31:28] PRINT 72
[2023-11-12 00:31:28] PRINT 0.04431917145848274
[2023-11-12 00:31:28] PRINT =========
[2023-11-12 00:31:29] PRINT 74
[2023-11-12 00:31:29] PRINT 0.0669361874461174
[2023-11-12 00:31:29] PRINT =========
[2023-11-12 00:31:31] PRINT 76
[2023-11-12 00:31:31] PRINT 0.030162259936332703
[2023-11-12 00:31:31] PRINT =========
[2023-11-12 00:31:32] PRINT 78
[2023-11-12 00:31:32] PRINT 0.03901006281375885
[2023-11-12 00:31:32] PRINT =========
[2023-11-12 00:31:33] PRINT 80
[2023-11-12 00:31:33] PRINT 0.052696146070957184
[2023-11-12 00:31:33] PRINT =========
[2023-11-12 00:31:35] PRINT 82
[2023-11-12 00:31:35] PRINT 0.06893399357795715
[2023-11-12 00:31:35] PRINT =========
[2023-11-12 00:31:36] PRINT 84
[2023-11-12 00:31:36] PRINT 0.048463787883520126
[2023-11-12 00:31:36] PRINT =========
[2023-11-12 00:31:37] PRINT 86
[2023-11-12 00:31:37] PRINT 0.09592004120349884
[2023-11-12 00:31:37] PRINT =========
[2023-11-12 00:31:39] PRINT 88
[2023-11-12 00:31:39] PRINT 0.04056793078780174
[2023-11-12 00:31:39] PRINT =========
[2023-11-12 00:31:40] PRINT 90
[2023-11-12 00:31:40] PRINT 0.034307267516851425
[2023-11-12 00:31:40] PRINT =========
[2023-11-12 00:31:42] PRINT 92
[2023-11-12 00:31:42] PRINT 0.04604391008615494
[2023-11-12 00:31:42] PRINT =========
[2023-11-12 00:31:43] PRINT 94
[2023-11-12 00:31:43] PRINT 0.036990661174058914
[2023-11-12 00:31:43] PRINT =========
[2023-11-12 00:31:44] PRINT 96
[2023-11-12 00:31:45] PRINT 0.033990468829870224
[2023-11-12 00:31:45] PRINT =========
[2023-11-12 00:31:46] PRINT 98
[2023-11-12 00:31:46] PRINT 0.01687132753431797
[2023-11-12 00:31:46] PRINT =========
[2023-11-12 00:31:47] PRINT 100
[2023-11-12 00:31:47] PRINT 0.04457995668053627
[2023-11-12 00:31:47] PRINT =========
[2023-11-12 00:31:47] PRINT Average PSNR after pre-training: 18.293800976645436
[2023-11-12 00:31:55] PRINT Average PSNR after fine tuning :  nan
