[2023-11-12 01:29:41] INFO (nni.runtime.trial_command_channel.v3/MainThread) Connect to trial command channel http://localhost:8080/env/local-env/LFJIB
[2023-11-12 01:29:41] PRINT Namespace(num_block=16, num_discriminator_blocks=3, conv_kernel_size=5, generator_depth=128, discriminator_depth=128, generator_activation='relu', discriminator_activation='leakyrelu', LR_path='custom_dataset/train_LR', GT_path='custom_dataset/train_HR', res_num=16, num_workers=0, batch_size=16, L2_coeff=1.0, adv_coeff=0.001, tv_loss_coeff=0.0, pre_train_epoch=100, fine_train_epoch=0, scale=4, patch_size=24, feat_layer='relu5_4', vgg_rescale_coeff=0.006, fine_tuning=False, in_memory=True, generator_path=None, mode='train')
[2023-11-12 01:29:48] PRINT 2
[2023-11-12 01:29:48] PRINT 0.0679367333650589
[2023-11-12 01:29:48] PRINT =========
[2023-11-12 01:29:50] PRINT 4
[2023-11-12 01:29:50] PRINT 0.13351154327392578
[2023-11-12 01:29:50] PRINT =========
[2023-11-12 01:29:52] PRINT 6
[2023-11-12 01:29:52] PRINT 0.16289424896240234
[2023-11-12 01:29:52] PRINT =========
[2023-11-12 01:29:54] PRINT 8
[2023-11-12 01:29:54] PRINT 0.038451164960861206
[2023-11-12 01:29:54] PRINT =========
[2023-11-12 01:29:56] PRINT 10
[2023-11-12 01:29:56] PRINT 0.0672827810049057
[2023-11-12 01:29:56] PRINT =========
[2023-11-12 01:29:57] PRINT 12
[2023-11-12 01:29:57] PRINT 0.16792693734169006
[2023-11-12 01:29:57] PRINT =========
[2023-11-12 01:29:59] PRINT 14
[2023-11-12 01:29:59] PRINT 0.13407085835933685
[2023-11-12 01:29:59] PRINT =========
[2023-11-12 01:30:01] PRINT 16
[2023-11-12 01:30:01] PRINT 0.08035413175821304
[2023-11-12 01:30:01] PRINT =========
[2023-11-12 01:30:03] PRINT 18
[2023-11-12 01:30:03] PRINT 0.15910230576992035
[2023-11-12 01:30:03] PRINT =========
[2023-11-12 01:30:04] PRINT 20
[2023-11-12 01:30:04] PRINT 0.060499608516693115
[2023-11-12 01:30:04] PRINT =========
[2023-11-12 01:30:06] PRINT 22
[2023-11-12 01:30:06] PRINT 0.10455936938524246
[2023-11-12 01:30:06] PRINT =========
[2023-11-12 01:30:07] PRINT 24
[2023-11-12 01:30:07] PRINT 0.07048612087965012
[2023-11-12 01:30:07] PRINT =========
[2023-11-12 01:30:09] PRINT 26
[2023-11-12 01:30:09] PRINT 0.05003148689866066
[2023-11-12 01:30:09] PRINT =========
[2023-11-12 01:30:10] PRINT 28
[2023-11-12 01:30:10] PRINT 0.09301815927028656
[2023-11-12 01:30:10] PRINT =========
[2023-11-12 01:30:12] PRINT 30
[2023-11-12 01:30:12] PRINT 0.04226948693394661
[2023-11-12 01:30:12] PRINT =========
[2023-11-12 01:30:14] PRINT 32
[2023-11-12 01:30:14] PRINT 0.05577082559466362
[2023-11-12 01:30:14] PRINT =========
[2023-11-12 01:30:15] PRINT 34
[2023-11-12 01:30:15] PRINT 0.03229403495788574
[2023-11-12 01:30:15] PRINT =========
[2023-11-12 01:30:17] PRINT 36
[2023-11-12 01:30:17] PRINT 0.07954201102256775
[2023-11-12 01:30:17] PRINT =========
[2023-11-12 01:30:18] PRINT 38
[2023-11-12 01:30:19] PRINT 0.08997078239917755
[2023-11-12 01:30:19] PRINT =========
[2023-11-12 01:30:20] PRINT 40
[2023-11-12 01:30:20] PRINT 0.05170159786939621
[2023-11-12 01:30:20] PRINT =========
[2023-11-12 01:30:22] PRINT 42
[2023-11-12 01:30:22] PRINT 0.07937250286340714
[2023-11-12 01:30:22] PRINT =========
[2023-11-12 01:30:24] PRINT 44
[2023-11-12 01:30:24] PRINT 0.055742379277944565
[2023-11-12 01:30:24] PRINT =========
[2023-11-12 01:30:25] PRINT 46
[2023-11-12 01:30:25] PRINT 0.049324505031108856
[2023-11-12 01:30:25] PRINT =========
[2023-11-12 01:30:27] PRINT 48
[2023-11-12 01:30:27] PRINT 0.026530040428042412
[2023-11-12 01:30:27] PRINT =========
[2023-11-12 01:30:29] PRINT 50
[2023-11-12 01:30:29] PRINT 0.06353674829006195
[2023-11-12 01:30:29] PRINT =========
[2023-11-12 01:30:30] PRINT 52
[2023-11-12 01:30:30] PRINT 0.049018412828445435
[2023-11-12 01:30:30] PRINT =========
[2023-11-12 01:30:32] PRINT 54
[2023-11-12 01:30:32] PRINT 0.04476993903517723
[2023-11-12 01:30:32] PRINT =========
[2023-11-12 01:30:34] PRINT 56
[2023-11-12 01:30:34] PRINT 0.035812344402074814
[2023-11-12 01:30:34] PRINT =========
[2023-11-12 01:30:35] PRINT 58
[2023-11-12 01:30:35] PRINT 0.06284860521554947
[2023-11-12 01:30:35] PRINT =========
[2023-11-12 01:30:37] PRINT 60
[2023-11-12 01:30:37] PRINT 0.0468699187040329
[2023-11-12 01:30:37] PRINT =========
[2023-11-12 01:30:38] PRINT 62
[2023-11-12 01:30:38] PRINT 0.04657818377017975
[2023-11-12 01:30:38] PRINT =========
[2023-11-12 01:30:40] PRINT 64
[2023-11-12 01:30:40] PRINT 0.06782196462154388
[2023-11-12 01:30:40] PRINT =========
[2023-11-12 01:30:42] PRINT 66
[2023-11-12 01:30:42] PRINT 0.054033853113651276
[2023-11-12 01:30:42] PRINT =========
[2023-11-12 01:30:43] PRINT 68
[2023-11-12 01:30:43] PRINT 0.02402787283062935
[2023-11-12 01:30:43] PRINT =========
[2023-11-12 01:30:45] PRINT 70
[2023-11-12 01:30:45] PRINT 0.0296095572412014
[2023-11-12 01:30:45] PRINT =========
[2023-11-12 01:30:47] PRINT 72
[2023-11-12 01:30:47] PRINT 0.042734865099191666
[2023-11-12 01:30:47] PRINT =========
[2023-11-12 01:30:48] PRINT 74
[2023-11-12 01:30:48] PRINT 0.03496177867054939
[2023-11-12 01:30:48] PRINT =========
[2023-11-12 01:30:50] PRINT 76
[2023-11-12 01:30:50] PRINT 0.05637083575129509
[2023-11-12 01:30:50] PRINT =========
[2023-11-12 01:30:51] PRINT 78
[2023-11-12 01:30:52] PRINT 0.07712030410766602
[2023-11-12 01:30:52] PRINT =========
[2023-11-12 01:30:53] PRINT 80
[2023-11-12 01:30:53] PRINT 0.03264329954981804
[2023-11-12 01:30:53] PRINT =========
[2023-11-12 01:30:55] PRINT 82
[2023-11-12 01:30:55] PRINT 0.062428414821624756
[2023-11-12 01:30:55] PRINT =========
[2023-11-12 01:30:56] PRINT 84
[2023-11-12 01:30:56] PRINT 0.03822307288646698
[2023-11-12 01:30:56] PRINT =========
[2023-11-12 01:30:58] PRINT 86
[2023-11-12 01:30:58] PRINT 0.039749875664711
[2023-11-12 01:30:58] PRINT =========
[2023-11-12 01:31:00] PRINT 88
[2023-11-12 01:31:00] PRINT 0.03233961760997772
[2023-11-12 01:31:00] PRINT =========
[2023-11-12 01:31:01] PRINT 90
[2023-11-12 01:31:01] PRINT 0.06034497171640396
[2023-11-12 01:31:01] PRINT =========
[2023-11-12 01:31:03] PRINT 92
[2023-11-12 01:31:03] PRINT 0.02979731559753418
[2023-11-12 01:31:03] PRINT =========
[2023-11-12 01:31:05] PRINT 94
[2023-11-12 01:31:05] PRINT 0.037697624415159225
[2023-11-12 01:31:05] PRINT =========
[2023-11-12 01:31:06] PRINT 96
[2023-11-12 01:31:06] PRINT 0.04298384115099907
[2023-11-12 01:31:06] PRINT =========
[2023-11-12 01:31:08] PRINT 98
[2023-11-12 01:31:08] PRINT 0.04210743308067322
[2023-11-12 01:31:08] PRINT =========
[2023-11-12 01:31:10] PRINT 100
[2023-11-12 01:31:10] PRINT 0.06829018890857697
[2023-11-12 01:31:10] PRINT =========
[2023-11-12 01:31:10] PRINT Average PSNR after pre-training: 18.983819081666265
[2023-11-12 01:31:14] PRINT Average PSNR after fine tuning :  nan
