[2023-11-12 00:50:54] INFO (nni.runtime.trial_command_channel.v3/MainThread) Connect to trial command channel http://localhost:8080/env/local-env/N6O6L
[2023-11-12 00:50:54] PRINT Namespace(num_block=8, num_discriminator_blocks=4, conv_kernel_size=3, generator_depth=64, discriminator_depth=128, generator_activation='prelu', discriminator_activation='leakyrelu', LR_path='custom_dataset/train_LR', GT_path='custom_dataset/train_HR', res_num=16, num_workers=0, batch_size=16, L2_coeff=1.0, adv_coeff=0.001, tv_loss_coeff=0.0, pre_train_epoch=100, fine_train_epoch=0, scale=4, patch_size=24, feat_layer='relu5_4', vgg_rescale_coeff=0.006, fine_tuning=False, in_memory=True, generator_path=None, mode='train')
[2023-11-12 00:51:04] PRINT 2
[2023-11-12 00:51:04] PRINT 0.1985706388950348
[2023-11-12 00:51:04] PRINT =========
[2023-11-12 00:51:06] PRINT 4
[2023-11-12 00:51:06] PRINT 0.22352561354637146
[2023-11-12 00:51:06] PRINT =========
[2023-11-12 00:51:07] PRINT 6
[2023-11-12 00:51:07] PRINT 0.07862840592861176
[2023-11-12 00:51:07] PRINT =========
[2023-11-12 00:51:09] PRINT 8
[2023-11-12 00:51:09] PRINT 0.08350695669651031
[2023-11-12 00:51:09] PRINT =========
[2023-11-12 00:51:10] PRINT 10
[2023-11-12 00:51:10] PRINT 0.10800007730722427
[2023-11-12 00:51:10] PRINT =========
[2023-11-12 00:51:12] PRINT 12
[2023-11-12 00:51:12] PRINT 0.14202402532100677
[2023-11-12 00:51:12] PRINT =========
[2023-11-12 00:51:13] PRINT 14
[2023-11-12 00:51:13] PRINT 0.12589208781719208
[2023-11-12 00:51:13] PRINT =========
[2023-11-12 00:51:14] PRINT 16
[2023-11-12 00:51:14] PRINT 0.10125420987606049
[2023-11-12 00:51:14] PRINT =========
[2023-11-12 00:51:16] PRINT 18
[2023-11-12 00:51:16] PRINT 0.04785123094916344
[2023-11-12 00:51:16] PRINT =========
[2023-11-12 00:51:17] PRINT 20
[2023-11-12 00:51:17] PRINT 0.15759585797786713
[2023-11-12 00:51:17] PRINT =========
[2023-11-12 00:51:19] PRINT 22
[2023-11-12 00:51:19] PRINT 0.0774349793791771
[2023-11-12 00:51:19] PRINT =========
[2023-11-12 00:51:20] PRINT 24
[2023-11-12 00:51:20] PRINT 0.07645972818136215
[2023-11-12 00:51:20] PRINT =========
[2023-11-12 00:51:21] PRINT 26
[2023-11-12 00:51:21] PRINT 0.07081130146980286
[2023-11-12 00:51:21] PRINT =========
[2023-11-12 00:51:23] PRINT 28
[2023-11-12 00:51:23] PRINT 0.06801676750183105
[2023-11-12 00:51:23] PRINT =========
[2023-11-12 00:51:24] PRINT 30
[2023-11-12 00:51:24] PRINT 0.07489072531461716
[2023-11-12 00:51:24] PRINT =========
[2023-11-12 00:51:26] PRINT 32
[2023-11-12 00:51:26] PRINT 0.04218568280339241
[2023-11-12 00:51:26] PRINT =========
[2023-11-12 00:51:27] PRINT 34
[2023-11-12 00:51:27] PRINT 0.07165423780679703
[2023-11-12 00:51:27] PRINT =========
[2023-11-12 00:51:29] PRINT 36
[2023-11-12 00:51:29] PRINT 0.07405947148799896
[2023-11-12 00:51:29] PRINT =========
[2023-11-12 00:51:30] PRINT 38
[2023-11-12 00:51:30] PRINT 0.08152873814105988
[2023-11-12 00:51:30] PRINT =========
[2023-11-12 00:51:31] PRINT 40
[2023-11-12 00:51:31] PRINT 0.03928108513355255
[2023-11-12 00:51:31] PRINT =========
[2023-11-12 00:51:33] PRINT 42
[2023-11-12 00:51:33] PRINT 0.03915094956755638
[2023-11-12 00:51:33] PRINT =========
[2023-11-12 00:51:34] PRINT 44
[2023-11-12 00:51:34] PRINT 0.06680891662836075
[2023-11-12 00:51:34] PRINT =========
[2023-11-12 00:51:35] PRINT 46
[2023-11-12 00:51:35] PRINT 0.11529351770877838
[2023-11-12 00:51:35] PRINT =========
[2023-11-12 00:51:37] PRINT 48
[2023-11-12 00:51:37] PRINT 0.07498384267091751
[2023-11-12 00:51:37] PRINT =========
[2023-11-12 00:51:38] PRINT 50
[2023-11-12 00:51:38] PRINT 0.052140526473522186
[2023-11-12 00:51:38] PRINT =========
[2023-11-12 00:51:40] PRINT 52
[2023-11-12 00:51:40] PRINT 0.04516831040382385
[2023-11-12 00:51:40] PRINT =========
[2023-11-12 00:51:41] PRINT 54
[2023-11-12 00:51:41] PRINT 0.06507495045661926
[2023-11-12 00:51:41] PRINT =========
[2023-11-12 00:51:42] PRINT 56
[2023-11-12 00:51:42] PRINT 0.02728244848549366
[2023-11-12 00:51:42] PRINT =========
[2023-11-12 00:51:44] PRINT 58
[2023-11-12 00:51:44] PRINT 0.08682618290185928
[2023-11-12 00:51:44] PRINT =========
[2023-11-12 00:51:45] PRINT 60
[2023-11-12 00:51:45] PRINT 0.056631799787282944
[2023-11-12 00:51:45] PRINT =========
[2023-11-12 00:51:47] PRINT 62
[2023-11-12 00:51:47] PRINT 0.040362171828746796
[2023-11-12 00:51:47] PRINT =========
[2023-11-12 00:51:48] PRINT 64
[2023-11-12 00:51:48] PRINT 0.035037994384765625
[2023-11-12 00:51:48] PRINT =========
[2023-11-12 00:51:50] PRINT 66
[2023-11-12 00:51:50] PRINT 0.07195030152797699
[2023-11-12 00:51:50] PRINT =========
[2023-11-12 00:51:52] PRINT 68
[2023-11-12 00:51:52] PRINT 0.046259306371212006
[2023-11-12 00:51:52] PRINT =========
[2023-11-12 00:51:53] PRINT 70
[2023-11-12 00:51:53] PRINT 0.06292463839054108
[2023-11-12 00:51:53] PRINT =========
[2023-11-12 00:51:55] PRINT 72
[2023-11-12 00:51:55] PRINT 0.02953910455107689
[2023-11-12 00:51:55] PRINT =========
[2023-11-12 00:51:57] PRINT 74
[2023-11-12 00:51:57] PRINT 0.020415863022208214
[2023-11-12 00:51:57] PRINT =========
[2023-11-12 00:51:58] PRINT 76
[2023-11-12 00:51:58] PRINT 0.0400722399353981
[2023-11-12 00:51:58] PRINT =========
[2023-11-12 00:52:00] PRINT 78
[2023-11-12 00:52:00] PRINT 0.029084470123052597
[2023-11-12 00:52:00] PRINT =========
[2023-11-12 00:52:01] PRINT 80
[2023-11-12 00:52:01] PRINT 0.04100648686289787
[2023-11-12 00:52:01] PRINT =========
[2023-11-12 00:52:03] PRINT 82
[2023-11-12 00:52:03] PRINT 0.04775504395365715
[2023-11-12 00:52:03] PRINT =========
[2023-11-12 00:52:04] PRINT 84
[2023-11-12 00:52:04] PRINT 0.06250414252281189
[2023-11-12 00:52:04] PRINT =========
[2023-11-12 00:52:06] PRINT 86
[2023-11-12 00:52:06] PRINT 0.04035253822803497
[2023-11-12 00:52:06] PRINT =========
[2023-11-12 00:52:07] PRINT 88
[2023-11-12 00:52:07] PRINT 0.040938928723335266
[2023-11-12 00:52:07] PRINT =========
[2023-11-12 00:52:08] PRINT 90
[2023-11-12 00:52:08] PRINT 0.046279050409793854
[2023-11-12 00:52:08] PRINT =========
[2023-11-12 00:52:10] PRINT 92
[2023-11-12 00:52:10] PRINT 0.03279534727334976
[2023-11-12 00:52:10] PRINT =========
[2023-11-12 00:52:11] PRINT 94
[2023-11-12 00:52:11] PRINT 0.023411337286233902
[2023-11-12 00:52:11] PRINT =========
[2023-11-12 00:52:12] PRINT 96
[2023-11-12 00:52:12] PRINT 0.04928511381149292
[2023-11-12 00:52:12] PRINT =========
[2023-11-12 00:52:13] PRINT 98
[2023-11-12 00:52:14] PRINT 0.029945669695734978
[2023-11-12 00:52:14] PRINT =========
[2023-11-12 00:52:15] PRINT 100
[2023-11-12 00:52:15] PRINT 0.0564180426299572
[2023-11-12 00:52:15] PRINT =========
[2023-11-12 00:52:15] PRINT Average PSNR after pre-training: 18.917201574628454
[2023-11-12 00:52:20] PRINT Average PSNR after fine tuning :  nan
