[2023-11-12 00:52:29] INFO (nni.runtime.trial_command_channel.v3/MainThread) Connect to trial command channel http://localhost:8080/env/local-env/rukaY
[2023-11-12 00:52:29] PRINT Namespace(num_block=16, num_discriminator_blocks=3, conv_kernel_size=5, generator_depth=128, discriminator_depth=64, generator_activation='prelu', discriminator_activation='leakyrelu', LR_path='custom_dataset/train_LR', GT_path='custom_dataset/train_HR', res_num=16, num_workers=0, batch_size=16, L2_coeff=1.0, adv_coeff=0.001, tv_loss_coeff=0.0, pre_train_epoch=100, fine_train_epoch=0, scale=4, patch_size=24, feat_layer='relu5_4', vgg_rescale_coeff=0.006, fine_tuning=False, in_memory=True, generator_path=None, mode='train')
[2023-11-12 00:52:38] PRINT 2
[2023-11-12 00:52:38] PRINT 0.14466342329978943
[2023-11-12 00:52:38] PRINT =========
[2023-11-12 00:52:39] PRINT 4
[2023-11-12 00:52:39] PRINT 0.236607626080513
[2023-11-12 00:52:39] PRINT =========
[2023-11-12 00:52:41] PRINT 6
[2023-11-12 00:52:41] PRINT 0.11721974611282349
[2023-11-12 00:52:41] PRINT =========
[2023-11-12 00:52:43] PRINT 8
[2023-11-12 00:52:43] PRINT 0.10487183928489685
[2023-11-12 00:52:43] PRINT =========
[2023-11-12 00:52:44] PRINT 10
[2023-11-12 00:52:44] PRINT 0.0867660865187645
[2023-11-12 00:52:44] PRINT =========
[2023-11-12 00:52:46] PRINT 12
[2023-11-12 00:52:46] PRINT 0.11106832325458527
[2023-11-12 00:52:46] PRINT =========
[2023-11-12 00:52:47] PRINT 14
[2023-11-12 00:52:48] PRINT 0.08357243984937668
[2023-11-12 00:52:48] PRINT =========
[2023-11-12 00:52:49] PRINT 16
[2023-11-12 00:52:49] PRINT 0.06876378506422043
[2023-11-12 00:52:49] PRINT =========
[2023-11-12 00:52:51] PRINT 18
[2023-11-12 00:52:51] PRINT 0.08073166012763977
[2023-11-12 00:52:51] PRINT =========
[2023-11-12 00:52:52] PRINT 20
[2023-11-12 00:52:52] PRINT 0.0627659410238266
[2023-11-12 00:52:52] PRINT =========
[2023-11-12 00:52:54] PRINT 22
[2023-11-12 00:52:54] PRINT 0.06455253809690475
[2023-11-12 00:52:54] PRINT =========
[2023-11-12 00:52:56] PRINT 24
[2023-11-12 00:52:56] PRINT 0.07367609441280365
[2023-11-12 00:52:56] PRINT =========
[2023-11-12 00:52:57] PRINT 26
[2023-11-12 00:52:57] PRINT 0.0808732882142067
[2023-11-12 00:52:57] PRINT =========
[2023-11-12 00:52:59] PRINT 28
[2023-11-12 00:52:59] PRINT 0.04133705049753189
[2023-11-12 00:52:59] PRINT =========
[2023-11-12 00:53:00] PRINT 30
[2023-11-12 00:53:00] PRINT 0.07235167920589447
[2023-11-12 00:53:00] PRINT =========
[2023-11-12 00:53:02] PRINT 32
[2023-11-12 00:53:02] PRINT 0.06755003333091736
[2023-11-12 00:53:02] PRINT =========
[2023-11-12 00:53:04] PRINT 34
[2023-11-12 00:53:04] PRINT 0.040782380849123
[2023-11-12 00:53:04] PRINT =========
[2023-11-12 00:53:05] PRINT 36
[2023-11-12 00:53:05] PRINT 0.07990731298923492
[2023-11-12 00:53:05] PRINT =========
[2023-11-12 00:53:07] PRINT 38
[2023-11-12 00:53:07] PRINT 0.03913826867938042
[2023-11-12 00:53:07] PRINT =========
[2023-11-12 00:53:09] PRINT 40
[2023-11-12 00:53:09] PRINT 0.04463059827685356
[2023-11-12 00:53:09] PRINT =========
[2023-11-12 00:53:10] PRINT 42
[2023-11-12 00:53:10] PRINT 0.034365471452474594
[2023-11-12 00:53:10] PRINT =========
[2023-11-12 00:53:12] PRINT 44
[2023-11-12 00:53:12] PRINT 0.020298436284065247
[2023-11-12 00:53:12] PRINT =========
[2023-11-12 00:53:14] PRINT 46
[2023-11-12 00:53:14] PRINT 0.05818866938352585
[2023-11-12 00:53:14] PRINT =========
[2023-11-12 00:53:15] PRINT 48
[2023-11-12 00:53:15] PRINT 0.03620212525129318
[2023-11-12 00:53:15] PRINT =========
[2023-11-12 00:53:17] PRINT 50
[2023-11-12 00:53:17] PRINT 0.02849513664841652
[2023-11-12 00:53:17] PRINT =========
[2023-11-12 00:53:18] PRINT 52
[2023-11-12 00:53:18] PRINT 0.0884789526462555
[2023-11-12 00:53:18] PRINT =========
[2023-11-12 00:53:20] PRINT 54
[2023-11-12 00:53:20] PRINT 0.011280027218163013
[2023-11-12 00:53:20] PRINT =========
[2023-11-12 00:53:21] PRINT 56
[2023-11-12 00:53:21] PRINT 0.09541051834821701
[2023-11-12 00:53:21] PRINT =========
[2023-11-12 00:53:23] PRINT 58
[2023-11-12 00:53:23] PRINT 0.04767736792564392
[2023-11-12 00:53:23] PRINT =========
[2023-11-12 00:53:25] PRINT 60
[2023-11-12 00:53:25] PRINT 0.05417110025882721
[2023-11-12 00:53:25] PRINT =========
[2023-11-12 00:53:26] PRINT 62
[2023-11-12 00:53:26] PRINT 0.02709932066500187
[2023-11-12 00:53:26] PRINT =========
[2023-11-12 00:53:28] PRINT 64
[2023-11-12 00:53:28] PRINT 0.027655817568302155
[2023-11-12 00:53:28] PRINT =========
[2023-11-12 00:53:29] PRINT 66
[2023-11-12 00:53:29] PRINT 0.03906497359275818
[2023-11-12 00:53:29] PRINT =========
[2023-11-12 00:53:31] PRINT 68
[2023-11-12 00:53:31] PRINT 0.02931760437786579
[2023-11-12 00:53:31] PRINT =========
[2023-11-12 00:53:33] PRINT 70
[2023-11-12 00:53:33] PRINT 0.0272041168063879
[2023-11-12 00:53:33] PRINT =========
[2023-11-12 00:53:35] PRINT 72
[2023-11-12 00:53:35] PRINT 0.03975573182106018
[2023-11-12 00:53:35] PRINT =========
[2023-11-12 00:53:37] PRINT 74
[2023-11-12 00:53:37] PRINT 0.03946339711546898
[2023-11-12 00:53:37] PRINT =========
[2023-11-12 00:53:38] PRINT 76
[2023-11-12 00:53:38] PRINT 0.059354156255722046
[2023-11-12 00:53:38] PRINT =========
[2023-11-12 00:53:40] PRINT 78
[2023-11-12 00:53:40] PRINT 0.017999762669205666
[2023-11-12 00:53:40] PRINT =========
[2023-11-12 00:53:42] PRINT 80
[2023-11-12 00:53:42] PRINT 0.034150782972574234
[2023-11-12 00:53:42] PRINT =========
[2023-11-12 00:53:43] PRINT 82
[2023-11-12 00:53:43] PRINT 0.02007225900888443
[2023-11-12 00:53:43] PRINT =========
[2023-11-12 00:53:45] PRINT 84
[2023-11-12 00:53:45] PRINT 0.03789195045828819
[2023-11-12 00:53:45] PRINT =========
[2023-11-12 00:53:47] PRINT 86
[2023-11-12 00:53:47] PRINT 0.017927348613739014
[2023-11-12 00:53:47] PRINT =========
[2023-11-12 00:53:49] PRINT 88
[2023-11-12 00:53:49] PRINT 0.027185920625925064
[2023-11-12 00:53:49] PRINT =========
[2023-11-12 00:53:51] PRINT 90
[2023-11-12 00:53:51] PRINT 0.04702720046043396
[2023-11-12 00:53:51] PRINT =========
[2023-11-12 00:53:53] PRINT 92
[2023-11-12 00:53:53] PRINT 0.03635954111814499
[2023-11-12 00:53:53] PRINT =========
[2023-11-12 00:53:55] PRINT 94
[2023-11-12 00:53:55] PRINT 0.034347787499427795
[2023-11-12 00:53:55] PRINT =========
[2023-11-12 00:53:57] PRINT 96
[2023-11-12 00:53:57] PRINT 0.07241974771022797
[2023-11-12 00:53:57] PRINT =========
[2023-11-12 00:53:59] PRINT 98
[2023-11-12 00:53:59] PRINT 0.057039760053157806
[2023-11-12 00:53:59] PRINT =========
[2023-11-12 00:54:00] PRINT 100
[2023-11-12 00:54:00] PRINT 0.03354329243302345
[2023-11-12 00:54:00] PRINT =========
[2023-11-12 00:54:00] PRINT Average PSNR after pre-training: 19.599065671333793
[2023-11-12 00:54:03] PRINT Average PSNR after fine tuning :  nan
