[2023-11-12 00:33:48] INFO (nni.runtime.trial_command_channel.v3/MainThread) Connect to trial command channel http://localhost:8080/env/local-env/JOagI
[2023-11-12 00:33:48] PRINT Namespace(num_block=16, num_discriminator_blocks=3, conv_kernel_size=3, generator_depth=64, discriminator_depth=64, generator_activation='prelu', discriminator_activation='leakyrelu', LR_path='custom_dataset/train_LR', GT_path='custom_dataset/train_HR', res_num=16, num_workers=0, batch_size=16, L2_coeff=1.0, adv_coeff=0.001, tv_loss_coeff=0.0, pre_train_epoch=100, fine_train_epoch=0, scale=4, patch_size=24, feat_layer='relu5_4', vgg_rescale_coeff=0.006, fine_tuning=False, in_memory=True, generator_path=None, mode='train')
[2023-11-12 00:33:58] PRINT 2
[2023-11-12 00:33:58] PRINT 0.36952337622642517
[2023-11-12 00:33:58] PRINT =========
[2023-11-12 00:33:59] PRINT 4
[2023-11-12 00:33:59] PRINT 0.1505511999130249
[2023-11-12 00:33:59] PRINT =========
[2023-11-12 00:34:00] PRINT 6
[2023-11-12 00:34:00] PRINT 0.09880198538303375
[2023-11-12 00:34:00] PRINT =========
[2023-11-12 00:34:02] PRINT 8
[2023-11-12 00:34:02] PRINT 0.10235237330198288
[2023-11-12 00:34:02] PRINT =========
[2023-11-12 00:34:03] PRINT 10
[2023-11-12 00:34:03] PRINT 0.23445618152618408
[2023-11-12 00:34:03] PRINT =========
[2023-11-12 00:34:05] PRINT 12
[2023-11-12 00:34:05] PRINT 0.07718876004219055
[2023-11-12 00:34:05] PRINT =========
[2023-11-12 00:34:06] PRINT 14
[2023-11-12 00:34:06] PRINT 0.09096583724021912
[2023-11-12 00:34:06] PRINT =========
[2023-11-12 00:34:07] PRINT 16
[2023-11-12 00:34:07] PRINT 0.07670559734106064
[2023-11-12 00:34:07] PRINT =========
[2023-11-12 00:34:09] PRINT 18
[2023-11-12 00:34:09] PRINT 0.1312607377767563
[2023-11-12 00:34:09] PRINT =========
[2023-11-12 00:34:10] PRINT 20
[2023-11-12 00:34:10] PRINT 0.03540828451514244
[2023-11-12 00:34:10] PRINT =========
[2023-11-12 00:34:11] PRINT 22
[2023-11-12 00:34:11] PRINT 0.07909142225980759
[2023-11-12 00:34:11] PRINT =========
[2023-11-12 00:34:13] PRINT 24
[2023-11-12 00:34:13] PRINT 0.06259170919656754
[2023-11-12 00:34:13] PRINT =========
[2023-11-12 00:34:14] PRINT 26
[2023-11-12 00:34:14] PRINT 0.10245753824710846
[2023-11-12 00:34:14] PRINT =========
[2023-11-12 00:34:16] PRINT 28
[2023-11-12 00:34:16] PRINT 0.07870088517665863
[2023-11-12 00:34:16] PRINT =========
[2023-11-12 00:34:17] PRINT 30
[2023-11-12 00:34:17] PRINT 0.05633046105504036
[2023-11-12 00:34:17] PRINT =========
[2023-11-12 00:34:18] PRINT 32
[2023-11-12 00:34:18] PRINT 0.03713802993297577
[2023-11-12 00:34:18] PRINT =========
[2023-11-12 00:34:20] PRINT 34
[2023-11-12 00:34:20] PRINT 0.06787625700235367
[2023-11-12 00:34:20] PRINT =========
[2023-11-12 00:34:21] PRINT 36
[2023-11-12 00:34:21] PRINT 0.051843930035829544
[2023-11-12 00:34:21] PRINT =========
[2023-11-12 00:34:23] PRINT 38
[2023-11-12 00:34:23] PRINT 0.08530653268098831
[2023-11-12 00:34:23] PRINT =========
[2023-11-12 00:34:24] PRINT 40
[2023-11-12 00:34:24] PRINT 0.0757192075252533
[2023-11-12 00:34:24] PRINT =========
[2023-11-12 00:34:26] PRINT 42
[2023-11-12 00:34:26] PRINT 0.0687606930732727
[2023-11-12 00:34:26] PRINT =========
[2023-11-12 00:34:27] PRINT 44
[2023-11-12 00:34:27] PRINT 0.05915318801999092
[2023-11-12 00:34:27] PRINT =========
[2023-11-12 00:34:28] PRINT 46
[2023-11-12 00:34:28] PRINT 0.060381051152944565
[2023-11-12 00:34:28] PRINT =========
[2023-11-12 00:34:30] PRINT 48
[2023-11-12 00:34:30] PRINT 0.044656965881586075
[2023-11-12 00:34:30] PRINT =========
[2023-11-12 00:34:31] PRINT 50
[2023-11-12 00:34:31] PRINT 0.034736912697553635
[2023-11-12 00:34:31] PRINT =========
[2023-11-12 00:34:32] PRINT 52
[2023-11-12 00:34:32] PRINT 0.19003352522850037
[2023-11-12 00:34:32] PRINT =========
[2023-11-12 00:34:34] PRINT 54
[2023-11-12 00:34:34] PRINT 0.027721889317035675
[2023-11-12 00:34:34] PRINT =========
[2023-11-12 00:34:35] PRINT 56
[2023-11-12 00:34:35] PRINT 0.03712880238890648
[2023-11-12 00:34:35] PRINT =========
[2023-11-12 00:34:36] PRINT 58
[2023-11-12 00:34:36] PRINT 0.05860446020960808
[2023-11-12 00:34:36] PRINT =========
[2023-11-12 00:34:38] PRINT 60
[2023-11-12 00:34:38] PRINT 0.07090173661708832
[2023-11-12 00:34:38] PRINT =========
[2023-11-12 00:34:39] PRINT 62
[2023-11-12 00:34:39] PRINT 0.043041426688432693
[2023-11-12 00:34:39] PRINT =========
[2023-11-12 00:34:41] PRINT 64
[2023-11-12 00:34:41] PRINT 0.036675162613391876
[2023-11-12 00:34:41] PRINT =========
[2023-11-12 00:34:42] PRINT 66
[2023-11-12 00:34:42] PRINT 0.05960744991898537
[2023-11-12 00:34:42] PRINT =========
[2023-11-12 00:34:43] PRINT 68
[2023-11-12 00:34:43] PRINT 0.046465352177619934
[2023-11-12 00:34:43] PRINT =========
[2023-11-12 00:34:45] PRINT 70
[2023-11-12 00:34:45] PRINT 0.0526212602853775
[2023-11-12 00:34:45] PRINT =========
[2023-11-12 00:34:46] PRINT 72
[2023-11-12 00:34:46] PRINT 0.04052386432886124
[2023-11-12 00:34:46] PRINT =========
[2023-11-12 00:34:48] PRINT 74
[2023-11-12 00:34:48] PRINT 0.04597523435950279
[2023-11-12 00:34:48] PRINT =========
[2023-11-12 00:34:49] PRINT 76
[2023-11-12 00:34:49] PRINT 0.03353573754429817
[2023-11-12 00:34:49] PRINT =========
[2023-11-12 00:34:50] PRINT 78
[2023-11-12 00:34:50] PRINT 0.06953740119934082
[2023-11-12 00:34:50] PRINT =========
[2023-11-12 00:34:52] PRINT 80
[2023-11-12 00:34:52] PRINT 0.036995355039834976
[2023-11-12 00:34:52] PRINT =========
[2023-11-12 00:34:53] PRINT 82
[2023-11-12 00:34:53] PRINT 0.056548528373241425
[2023-11-12 00:34:53] PRINT =========
[2023-11-12 00:34:55] PRINT 84
[2023-11-12 00:34:55] PRINT 0.028720246627926826
[2023-11-12 00:34:55] PRINT =========
[2023-11-12 00:34:56] PRINT 86
[2023-11-12 00:34:56] PRINT 0.03147701919078827
[2023-11-12 00:34:56] PRINT =========
[2023-11-12 00:34:57] PRINT 88
[2023-11-12 00:34:57] PRINT 0.06950884312391281
[2023-11-12 00:34:57] PRINT =========
[2023-11-12 00:34:59] PRINT 90
[2023-11-12 00:34:59] PRINT 0.05318113788962364
[2023-11-12 00:34:59] PRINT =========
[2023-11-12 00:35:00] PRINT 92
[2023-11-12 00:35:00] PRINT 0.02758517488837242
[2023-11-12 00:35:00] PRINT =========
[2023-11-12 00:35:01] PRINT 94
[2023-11-12 00:35:01] PRINT 0.07011840492486954
[2023-11-12 00:35:01] PRINT =========
[2023-11-12 00:35:02] PRINT 96
[2023-11-12 00:35:02] PRINT 0.03351147100329399
[2023-11-12 00:35:02] PRINT =========
[2023-11-12 00:35:04] PRINT 98
[2023-11-12 00:35:04] PRINT 0.03941236063838005
[2023-11-12 00:35:04] PRINT =========
[2023-11-12 00:35:05] PRINT 100
[2023-11-12 00:35:05] PRINT 0.051544640213251114
[2023-11-12 00:35:05] PRINT =========
[2023-11-12 00:35:05] PRINT Average PSNR after pre-training: 18.767712076271852
[2023-11-12 00:35:09] PRINT Average PSNR after fine tuning :  nan
