[2023-11-12 01:13:43] INFO (nni.runtime.trial_command_channel.v3/MainThread) Connect to trial command channel http://localhost:8080/env/local-env/U5rWM
[2023-11-12 01:13:43] PRINT Namespace(num_block=16, num_discriminator_blocks=3, conv_kernel_size=3, generator_depth=64, discriminator_depth=128, generator_activation='relu', discriminator_activation='leakyrelu', LR_path='custom_dataset/train_LR', GT_path='custom_dataset/train_HR', res_num=16, num_workers=0, batch_size=16, L2_coeff=1.0, adv_coeff=0.001, tv_loss_coeff=0.0, pre_train_epoch=100, fine_train_epoch=0, scale=4, patch_size=24, feat_layer='relu5_4', vgg_rescale_coeff=0.006, fine_tuning=False, in_memory=True, generator_path=None, mode='train')
[2023-11-12 01:13:52] PRINT 2
[2023-11-12 01:13:52] PRINT 0.14702068269252777
[2023-11-12 01:13:52] PRINT =========
[2023-11-12 01:13:54] PRINT 4
[2023-11-12 01:13:54] PRINT 0.24171200394630432
[2023-11-12 01:13:54] PRINT =========
[2023-11-12 01:13:55] PRINT 6
[2023-11-12 01:13:55] PRINT 0.12184516340494156
[2023-11-12 01:13:55] PRINT =========
[2023-11-12 01:13:57] PRINT 8
[2023-11-12 01:13:57] PRINT 0.23595739901065826
[2023-11-12 01:13:57] PRINT =========
[2023-11-12 01:13:59] PRINT 10
[2023-11-12 01:13:59] PRINT 0.09472378343343735
[2023-11-12 01:13:59] PRINT =========
[2023-11-12 01:14:00] PRINT 12
[2023-11-12 01:14:00] PRINT 0.05880546569824219
[2023-11-12 01:14:00] PRINT =========
[2023-11-12 01:14:02] PRINT 14
[2023-11-12 01:14:02] PRINT 0.1053001657128334
[2023-11-12 01:14:02] PRINT =========
[2023-11-12 01:14:03] PRINT 16
[2023-11-12 01:14:03] PRINT 0.04369952157139778
[2023-11-12 01:14:03] PRINT =========
[2023-11-12 01:14:05] PRINT 18
[2023-11-12 01:14:05] PRINT 0.05229249596595764
[2023-11-12 01:14:05] PRINT =========
[2023-11-12 01:14:07] PRINT 20
[2023-11-12 01:14:07] PRINT 0.07366038858890533
[2023-11-12 01:14:07] PRINT =========
[2023-11-12 01:14:09] PRINT 22
[2023-11-12 01:14:09] PRINT 0.05529119074344635
[2023-11-12 01:14:09] PRINT =========
[2023-11-12 01:14:10] PRINT 24
[2023-11-12 01:14:10] PRINT 0.12488377094268799
[2023-11-12 01:14:10] PRINT =========
[2023-11-12 01:14:12] PRINT 26
[2023-11-12 01:14:12] PRINT 0.07172366231679916
[2023-11-12 01:14:12] PRINT =========
[2023-11-12 01:14:14] PRINT 28
[2023-11-12 01:14:14] PRINT 0.034986890852451324
[2023-11-12 01:14:14] PRINT =========
[2023-11-12 01:14:15] PRINT 30
[2023-11-12 01:14:15] PRINT 0.08307640999555588
[2023-11-12 01:14:15] PRINT =========
[2023-11-12 01:14:17] PRINT 32
[2023-11-12 01:14:17] PRINT 0.07667237520217896
[2023-11-12 01:14:17] PRINT =========
[2023-11-12 01:14:18] PRINT 34
[2023-11-12 01:14:18] PRINT 0.18819598853588104
[2023-11-12 01:14:18] PRINT =========
[2023-11-12 01:14:19] PRINT 36
[2023-11-12 01:14:19] PRINT 0.24503305554389954
[2023-11-12 01:14:19] PRINT =========
[2023-11-12 01:14:21] PRINT 38
[2023-11-12 01:14:21] PRINT 0.1973782330751419
[2023-11-12 01:14:21] PRINT =========
[2023-11-12 01:14:22] PRINT 40
[2023-11-12 01:14:22] PRINT 0.046074461191892624
[2023-11-12 01:14:22] PRINT =========
[2023-11-12 01:14:24] PRINT 42
[2023-11-12 01:14:24] PRINT 0.07847126573324203
[2023-11-12 01:14:24] PRINT =========
[2023-11-12 01:14:25] PRINT 44
[2023-11-12 01:14:25] PRINT 0.11790159344673157
[2023-11-12 01:14:25] PRINT =========
[2023-11-12 01:14:27] PRINT 46
[2023-11-12 01:14:27] PRINT 0.0690038725733757
[2023-11-12 01:14:27] PRINT =========
[2023-11-12 01:14:28] PRINT 48
[2023-11-12 01:14:28] PRINT 0.06672345101833344
[2023-11-12 01:14:28] PRINT =========
[2023-11-12 01:14:30] PRINT 50
[2023-11-12 01:14:30] PRINT 0.07552376389503479
[2023-11-12 01:14:30] PRINT =========
[2023-11-12 01:14:31] PRINT 52
[2023-11-12 01:14:31] PRINT 0.06598283350467682
[2023-11-12 01:14:31] PRINT =========
[2023-11-12 01:14:33] PRINT 54
[2023-11-12 01:14:33] PRINT 0.06028979271650314
[2023-11-12 01:14:33] PRINT =========
[2023-11-12 01:14:34] PRINT 56
[2023-11-12 01:14:34] PRINT 0.0903334692120552
[2023-11-12 01:14:34] PRINT =========
[2023-11-12 01:14:37] PRINT 58
[2023-11-12 01:14:37] PRINT 0.06642375886440277
[2023-11-12 01:14:37] PRINT =========
[2023-11-12 01:14:39] PRINT 60
[2023-11-12 01:14:39] PRINT 0.05945224687457085
[2023-11-12 01:14:39] PRINT =========
[2023-11-12 01:14:41] PRINT 62
[2023-11-12 01:14:41] PRINT 0.04164891690015793
[2023-11-12 01:14:41] PRINT =========
[2023-11-12 01:14:43] PRINT 64
[2023-11-12 01:14:43] PRINT 0.030765043571591377
[2023-11-12 01:14:43] PRINT =========
[2023-11-12 01:14:44] PRINT 66
[2023-11-12 01:14:44] PRINT 0.035098593682050705
[2023-11-12 01:14:44] PRINT =========
[2023-11-12 01:14:45] PRINT 68
[2023-11-12 01:14:45] PRINT 0.05152884125709534
[2023-11-12 01:14:45] PRINT =========
[2023-11-12 01:14:47] PRINT 70
[2023-11-12 01:14:47] PRINT 0.046899907290935516
[2023-11-12 01:14:47] PRINT =========
[2023-11-12 01:14:48] PRINT 72
[2023-11-12 01:14:48] PRINT 0.08022663742303848
[2023-11-12 01:14:48] PRINT =========
[2023-11-12 01:14:50] PRINT 74
[2023-11-12 01:14:50] PRINT 0.06913565844297409
[2023-11-12 01:14:50] PRINT =========
[2023-11-12 01:14:52] PRINT 76
[2023-11-12 01:14:52] PRINT 0.06815260648727417
[2023-11-12 01:14:52] PRINT =========
[2023-11-12 01:14:53] PRINT 78
[2023-11-12 01:14:53] PRINT 0.06814251095056534
[2023-11-12 01:14:53] PRINT =========
[2023-11-12 01:14:55] PRINT 80
[2023-11-12 01:14:55] PRINT 0.04192683473229408
[2023-11-12 01:14:55] PRINT =========
[2023-11-12 01:14:56] PRINT 82
[2023-11-12 01:14:56] PRINT 0.03141007572412491
[2023-11-12 01:14:56] PRINT =========
[2023-11-12 01:14:58] PRINT 84
[2023-11-12 01:14:58] PRINT 0.026642533019185066
[2023-11-12 01:14:58] PRINT =========
[2023-11-12 01:14:59] PRINT 86
[2023-11-12 01:14:59] PRINT 0.02480268105864525
[2023-11-12 01:14:59] PRINT =========
[2023-11-12 01:15:01] PRINT 88
[2023-11-12 01:15:01] PRINT 0.0859801173210144
[2023-11-12 01:15:01] PRINT =========
[2023-11-12 01:15:02] PRINT 90
[2023-11-12 01:15:02] PRINT 0.041918233036994934
[2023-11-12 01:15:02] PRINT =========
[2023-11-12 01:15:03] PRINT 92
[2023-11-12 01:15:03] PRINT 0.08078794181346893
[2023-11-12 01:15:03] PRINT =========
[2023-11-12 01:15:05] PRINT 94
[2023-11-12 01:15:05] PRINT 0.057865746319293976
[2023-11-12 01:15:05] PRINT =========
[2023-11-12 01:15:06] PRINT 96
[2023-11-12 01:15:06] PRINT 0.05555709823966026
[2023-11-12 01:15:06] PRINT =========
[2023-11-12 01:15:08] PRINT 98
[2023-11-12 01:15:08] PRINT 0.03066866472363472
[2023-11-12 01:15:08] PRINT =========
[2023-11-12 01:15:09] PRINT 100
[2023-11-12 01:15:09] PRINT 0.02540402114391327
[2023-11-12 01:15:09] PRINT =========
[2023-11-12 01:15:09] PRINT Average PSNR after pre-training: 18.2025002172435
[2023-11-12 01:15:14] PRINT Average PSNR after fine tuning :  nan
