[2023-11-12 00:57:19] INFO (nni.runtime.trial_command_channel.v3/MainThread) Connect to trial command channel http://localhost:8080/env/local-env/zsl0B
[2023-11-12 00:57:19] PRINT Namespace(num_block=8, num_discriminator_blocks=4, conv_kernel_size=3, generator_depth=128, discriminator_depth=128, generator_activation='prelu', discriminator_activation='leakyrelu', LR_path='custom_dataset/train_LR', GT_path='custom_dataset/train_HR', res_num=16, num_workers=0, batch_size=16, L2_coeff=1.0, adv_coeff=0.001, tv_loss_coeff=0.0, pre_train_epoch=100, fine_train_epoch=0, scale=4, patch_size=24, feat_layer='relu5_4', vgg_rescale_coeff=0.006, fine_tuning=False, in_memory=True, generator_path=None, mode='train')
[2023-11-12 00:57:29] PRINT 2
[2023-11-12 00:57:29] PRINT 0.12596431374549866
[2023-11-12 00:57:29] PRINT =========
[2023-11-12 00:57:31] PRINT 4
[2023-11-12 00:57:31] PRINT 0.08454897999763489
[2023-11-12 00:57:31] PRINT =========
[2023-11-12 00:57:32] PRINT 6
[2023-11-12 00:57:32] PRINT 0.1927996277809143
[2023-11-12 00:57:32] PRINT =========
[2023-11-12 00:57:34] PRINT 8
[2023-11-12 00:57:34] PRINT 0.3090902864933014
[2023-11-12 00:57:34] PRINT =========
[2023-11-12 00:57:36] PRINT 10
[2023-11-12 00:57:36] PRINT 0.12530072033405304
[2023-11-12 00:57:36] PRINT =========
[2023-11-12 00:57:37] PRINT 12
[2023-11-12 00:57:37] PRINT 0.21360212564468384
[2023-11-12 00:57:37] PRINT =========
[2023-11-12 00:57:39] PRINT 14
[2023-11-12 00:57:39] PRINT 0.10403824597597122
[2023-11-12 00:57:39] PRINT =========
[2023-11-12 00:57:40] PRINT 16
[2023-11-12 00:57:40] PRINT 0.08598746359348297
[2023-11-12 00:57:40] PRINT =========
[2023-11-12 00:57:41] PRINT 18
[2023-11-12 00:57:41] PRINT 0.10315464437007904
[2023-11-12 00:57:41] PRINT =========
[2023-11-12 00:57:43] PRINT 20
[2023-11-12 00:57:43] PRINT 0.0882788747549057
[2023-11-12 00:57:43] PRINT =========
[2023-11-12 00:57:44] PRINT 22
[2023-11-12 00:57:44] PRINT 0.03581817448139191
[2023-11-12 00:57:44] PRINT =========
[2023-11-12 00:57:46] PRINT 24
[2023-11-12 00:57:46] PRINT 0.22029078006744385
[2023-11-12 00:57:46] PRINT =========
[2023-11-12 00:57:48] PRINT 26
[2023-11-12 00:57:48] PRINT 0.08283175528049469
[2023-11-12 00:57:48] PRINT =========
[2023-11-12 00:57:50] PRINT 28
[2023-11-12 00:57:50] PRINT 0.06629632413387299
[2023-11-12 00:57:50] PRINT =========
[2023-11-12 00:57:52] PRINT 30
[2023-11-12 00:57:52] PRINT 0.03371895104646683
[2023-11-12 00:57:52] PRINT =========
[2023-11-12 00:57:54] PRINT 32
[2023-11-12 00:57:54] PRINT 0.05541615188121796
[2023-11-12 00:57:54] PRINT =========
[2023-11-12 00:57:56] PRINT 34
[2023-11-12 00:57:56] PRINT 0.07744754105806351
[2023-11-12 00:57:56] PRINT =========
[2023-11-12 00:57:57] PRINT 36
[2023-11-12 00:57:58] PRINT 0.025618530809879303
[2023-11-12 00:57:58] PRINT =========
[2023-11-12 00:58:00] PRINT 38
[2023-11-12 00:58:00] PRINT 0.05340144410729408
[2023-11-12 00:58:00] PRINT =========
[2023-11-12 00:58:02] PRINT 40
[2023-11-12 00:58:02] PRINT 0.0523955300450325
[2023-11-12 00:58:02] PRINT =========
[2023-11-12 00:58:03] PRINT 42
[2023-11-12 00:58:04] PRINT 0.044310931116342545
[2023-11-12 00:58:04] PRINT =========
[2023-11-12 00:58:05] PRINT 44
[2023-11-12 00:58:05] PRINT 0.03168506920337677
[2023-11-12 00:58:05] PRINT =========
[2023-11-12 00:58:07] PRINT 46
[2023-11-12 00:58:07] PRINT 0.040666062384843826
[2023-11-12 00:58:07] PRINT =========
[2023-11-12 00:58:08] PRINT 48
[2023-11-12 00:58:09] PRINT 0.05857871100306511
[2023-11-12 00:58:09] PRINT =========
[2023-11-12 00:58:10] PRINT 50
[2023-11-12 00:58:10] PRINT 0.056127991527318954
[2023-11-12 00:58:10] PRINT =========
[2023-11-12 00:58:12] PRINT 52
[2023-11-12 00:58:12] PRINT 0.06980189681053162
[2023-11-12 00:58:12] PRINT =========
[2023-11-12 00:58:13] PRINT 54
[2023-11-12 00:58:13] PRINT 0.03667670860886574
[2023-11-12 00:58:13] PRINT =========
[2023-11-12 00:58:15] PRINT 56
[2023-11-12 00:58:15] PRINT 0.0713486522436142
[2023-11-12 00:58:15] PRINT =========
[2023-11-12 00:58:16] PRINT 58
[2023-11-12 00:58:16] PRINT 0.015468226745724678
[2023-11-12 00:58:16] PRINT =========
[2023-11-12 00:58:18] PRINT 60
[2023-11-12 00:58:18] PRINT 0.02973105013370514
[2023-11-12 00:58:18] PRINT =========
[2023-11-12 00:58:19] PRINT 62
[2023-11-12 00:58:19] PRINT 0.02066795527935028
[2023-11-12 00:58:19] PRINT =========
[2023-11-12 00:58:21] PRINT 64
[2023-11-12 00:58:21] PRINT 0.036343708634376526
[2023-11-12 00:58:21] PRINT =========
[2023-11-12 00:58:22] PRINT 66
[2023-11-12 00:58:22] PRINT 0.05123937502503395
[2023-11-12 00:58:22] PRINT =========
[2023-11-12 00:58:24] PRINT 68
[2023-11-12 00:58:24] PRINT 0.050929468125104904
[2023-11-12 00:58:24] PRINT =========
[2023-11-12 00:58:25] PRINT 70
[2023-11-12 00:58:25] PRINT 0.03008452244102955
[2023-11-12 00:58:25] PRINT =========
[2023-11-12 00:58:26] PRINT 72
[2023-11-12 00:58:27] PRINT 0.04188735783100128
[2023-11-12 00:58:27] PRINT =========
[2023-11-12 00:58:28] PRINT 74
[2023-11-12 00:58:28] PRINT 0.02418239414691925
[2023-11-12 00:58:28] PRINT =========
[2023-11-12 00:58:29] PRINT 76
[2023-11-12 00:58:29] PRINT 0.04048876464366913
[2023-11-12 00:58:29] PRINT =========
[2023-11-12 00:58:31] PRINT 78
[2023-11-12 00:58:31] PRINT 0.033930547535419464
[2023-11-12 00:58:31] PRINT =========
[2023-11-12 00:58:33] PRINT 80
[2023-11-12 00:58:33] PRINT 0.021011127158999443
[2023-11-12 00:58:33] PRINT =========
[2023-11-12 00:58:34] PRINT 82
[2023-11-12 00:58:34] PRINT 0.05045171082019806
[2023-11-12 00:58:34] PRINT =========
[2023-11-12 00:58:36] PRINT 84
[2023-11-12 00:58:36] PRINT 0.027664294466376305
[2023-11-12 00:58:36] PRINT =========
[2023-11-12 00:58:37] PRINT 86
[2023-11-12 00:58:37] PRINT 0.015151970088481903
[2023-11-12 00:58:37] PRINT =========
[2023-11-12 00:58:39] PRINT 88
[2023-11-12 00:58:39] PRINT 0.058792371302843094
[2023-11-12 00:58:39] PRINT =========
[2023-11-12 00:58:41] PRINT 90
[2023-11-12 00:58:41] PRINT 0.02039519138634205
[2023-11-12 00:58:41] PRINT =========
[2023-11-12 00:58:43] PRINT 92
[2023-11-12 00:58:43] PRINT 0.03237946331501007
[2023-11-12 00:58:43] PRINT =========
[2023-11-12 00:58:45] PRINT 94
[2023-11-12 00:58:45] PRINT 0.036437369883060455
[2023-11-12 00:58:45] PRINT =========
[2023-11-12 00:58:46] PRINT 96
[2023-11-12 00:58:46] PRINT 0.03828330338001251
[2023-11-12 00:58:46] PRINT =========
[2023-11-12 00:58:49] PRINT 98
[2023-11-12 00:58:49] PRINT 0.01481702271848917
[2023-11-12 00:58:49] PRINT =========
[2023-11-12 00:58:51] PRINT 100
[2023-11-12 00:58:51] PRINT 0.017329160124063492
[2023-11-12 00:58:51] PRINT =========
[2023-11-12 00:58:51] PRINT Average PSNR after pre-training: 19.739048357979488
[2023-11-12 00:58:55] PRINT Average PSNR after fine tuning :  nan
