[2023-11-12 01:05:34] INFO (nni.runtime.trial_command_channel.v3/MainThread) Connect to trial command channel http://localhost:8080/env/local-env/Qn5f0
[2023-11-12 01:05:34] PRINT Namespace(num_block=8, num_discriminator_blocks=4, conv_kernel_size=5, generator_depth=128, discriminator_depth=64, generator_activation='prelu', discriminator_activation='leakyrelu', LR_path='custom_dataset/train_LR', GT_path='custom_dataset/train_HR', res_num=16, num_workers=0, batch_size=16, L2_coeff=1.0, adv_coeff=0.001, tv_loss_coeff=0.0, pre_train_epoch=100, fine_train_epoch=0, scale=4, patch_size=24, feat_layer='relu5_4', vgg_rescale_coeff=0.006, fine_tuning=False, in_memory=True, generator_path=None, mode='train')
[2023-11-12 01:05:40] PRINT 2
[2023-11-12 01:05:40] PRINT 0.09917398542165756
[2023-11-12 01:05:40] PRINT =========
[2023-11-12 01:05:42] PRINT 4
[2023-11-12 01:05:42] PRINT 0.09456641972064972
[2023-11-12 01:05:42] PRINT =========
[2023-11-12 01:05:44] PRINT 6
[2023-11-12 01:05:44] PRINT 0.18929573893547058
[2023-11-12 01:05:44] PRINT =========
[2023-11-12 01:05:45] PRINT 8
[2023-11-12 01:05:45] PRINT 0.20451031625270844
[2023-11-12 01:05:45] PRINT =========
[2023-11-12 01:05:46] PRINT 10
[2023-11-12 01:05:46] PRINT 0.2512325942516327
[2023-11-12 01:05:46] PRINT =========
[2023-11-12 01:05:48] PRINT 12
[2023-11-12 01:05:48] PRINT 0.09689859300851822
[2023-11-12 01:05:48] PRINT =========
[2023-11-12 01:05:49] PRINT 14
[2023-11-12 01:05:49] PRINT 0.06765322387218475
[2023-11-12 01:05:49] PRINT =========
[2023-11-12 01:05:51] PRINT 16
[2023-11-12 01:05:51] PRINT 0.08516984432935715
[2023-11-12 01:05:51] PRINT =========
[2023-11-12 01:05:53] PRINT 18
[2023-11-12 01:05:53] PRINT 0.07649610191583633
[2023-11-12 01:05:53] PRINT =========
[2023-11-12 01:05:54] PRINT 20
[2023-11-12 01:05:54] PRINT 0.1289687156677246
[2023-11-12 01:05:54] PRINT =========
[2023-11-12 01:05:56] PRINT 22
[2023-11-12 01:05:56] PRINT 0.05793297663331032
[2023-11-12 01:05:56] PRINT =========
[2023-11-12 01:05:58] PRINT 24
[2023-11-12 01:05:58] PRINT 0.06036271154880524
[2023-11-12 01:05:58] PRINT =========
[2023-11-12 01:05:59] PRINT 26
[2023-11-12 01:05:59] PRINT 0.049739282578229904
[2023-11-12 01:05:59] PRINT =========
[2023-11-12 01:06:01] PRINT 28
[2023-11-12 01:06:01] PRINT 0.0899471566081047
[2023-11-12 01:06:01] PRINT =========
[2023-11-12 01:06:03] PRINT 30
[2023-11-12 01:06:03] PRINT 0.11450915783643723
[2023-11-12 01:06:03] PRINT =========
[2023-11-12 01:06:05] PRINT 32
[2023-11-12 01:06:05] PRINT 0.047885846346616745
[2023-11-12 01:06:05] PRINT =========
[2023-11-12 01:06:06] PRINT 34
[2023-11-12 01:06:06] PRINT 0.04569403827190399
[2023-11-12 01:06:06] PRINT =========
[2023-11-12 01:06:08] PRINT 36
[2023-11-12 01:06:08] PRINT 0.026204708963632584
[2023-11-12 01:06:08] PRINT =========
[2023-11-12 01:06:11] PRINT 38
[2023-11-12 01:06:11] PRINT 0.056733012199401855
[2023-11-12 01:06:11] PRINT =========
[2023-11-12 01:06:13] PRINT 40
[2023-11-12 01:06:13] PRINT 0.0774737298488617
[2023-11-12 01:06:13] PRINT =========
[2023-11-12 01:06:14] PRINT 42
[2023-11-12 01:06:14] PRINT 0.06565991789102554
[2023-11-12 01:06:14] PRINT =========
[2023-11-12 01:06:16] PRINT 44
[2023-11-12 01:06:16] PRINT 0.0429302379488945
[2023-11-12 01:06:16] PRINT =========
[2023-11-12 01:06:18] PRINT 46
[2023-11-12 01:06:18] PRINT 0.05377864092588425
[2023-11-12 01:06:18] PRINT =========
[2023-11-12 01:06:20] PRINT 48
[2023-11-12 01:06:20] PRINT 0.048919059336185455
[2023-11-12 01:06:20] PRINT =========
[2023-11-12 01:06:21] PRINT 50
[2023-11-12 01:06:21] PRINT 0.04061763733625412
[2023-11-12 01:06:21] PRINT =========
[2023-11-12 01:06:23] PRINT 52
[2023-11-12 01:06:23] PRINT 0.04404304549098015
[2023-11-12 01:06:23] PRINT =========
[2023-11-12 01:06:24] PRINT 54
[2023-11-12 01:06:24] PRINT 0.0766129344701767
[2023-11-12 01:06:24] PRINT =========
[2023-11-12 01:06:26] PRINT 56
[2023-11-12 01:06:26] PRINT 0.07629703730344772
[2023-11-12 01:06:26] PRINT =========
[2023-11-12 01:06:29] PRINT 58
[2023-11-12 01:06:29] PRINT 0.031169509515166283
[2023-11-12 01:06:29] PRINT =========
[2023-11-12 01:06:30] PRINT 60
[2023-11-12 01:06:30] PRINT 0.018782837316393852
[2023-11-12 01:06:30] PRINT =========
[2023-11-12 01:06:32] PRINT 62
[2023-11-12 01:06:32] PRINT 0.0460372231900692
[2023-11-12 01:06:32] PRINT =========
[2023-11-12 01:06:33] PRINT 64
[2023-11-12 01:06:33] PRINT 0.052536122500896454
[2023-11-12 01:06:33] PRINT =========
[2023-11-12 01:06:35] PRINT 66
[2023-11-12 01:06:35] PRINT 0.055879849940538406
[2023-11-12 01:06:35] PRINT =========
[2023-11-12 01:06:36] PRINT 68
[2023-11-12 01:06:36] PRINT 0.038987092673778534
[2023-11-12 01:06:36] PRINT =========
[2023-11-12 01:06:38] PRINT 70
[2023-11-12 01:06:38] PRINT 0.029977697879076004
[2023-11-12 01:06:38] PRINT =========
[2023-11-12 01:06:39] PRINT 72
[2023-11-12 01:06:39] PRINT 0.050426531583070755
[2023-11-12 01:06:39] PRINT =========
[2023-11-12 01:06:41] PRINT 74
[2023-11-12 01:06:41] PRINT 0.03348047658801079
[2023-11-12 01:06:41] PRINT =========
[2023-11-12 01:06:43] PRINT 76
[2023-11-12 01:06:43] PRINT 0.08460205793380737
[2023-11-12 01:06:43] PRINT =========
[2023-11-12 01:06:45] PRINT 78
[2023-11-12 01:06:45] PRINT 0.024963028728961945
[2023-11-12 01:06:45] PRINT =========
[2023-11-12 01:06:47] PRINT 80
[2023-11-12 01:06:47] PRINT 0.030973851680755615
[2023-11-12 01:06:47] PRINT =========
[2023-11-12 01:06:49] PRINT 82
[2023-11-12 01:06:49] PRINT 0.035686004906892776
[2023-11-12 01:06:49] PRINT =========
[2023-11-12 01:06:51] PRINT 84
[2023-11-12 01:06:51] PRINT 0.04844719544053078
[2023-11-12 01:06:51] PRINT =========
[2023-11-12 01:06:52] PRINT 86
[2023-11-12 01:06:52] PRINT 0.027219397947192192
[2023-11-12 01:06:52] PRINT =========
[2023-11-12 01:06:54] PRINT 88
[2023-11-12 01:06:54] PRINT 0.0445653460919857
[2023-11-12 01:06:54] PRINT =========
[2023-11-12 01:06:56] PRINT 90
[2023-11-12 01:06:56] PRINT 0.01715119183063507
[2023-11-12 01:06:56] PRINT =========
[2023-11-12 01:06:58] PRINT 92
[2023-11-12 01:06:58] PRINT 0.030311988666653633
[2023-11-12 01:06:58] PRINT =========
[2023-11-12 01:06:59] PRINT 94
[2023-11-12 01:06:59] PRINT 0.05688459053635597
[2023-11-12 01:06:59] PRINT =========
[2023-11-12 01:07:01] PRINT 96
[2023-11-12 01:07:01] PRINT 0.03298633173108101
[2023-11-12 01:07:01] PRINT =========
[2023-11-12 01:07:03] PRINT 98
[2023-11-12 01:07:03] PRINT 0.04090898111462593
[2023-11-12 01:07:03] PRINT =========
[2023-11-12 01:07:06] PRINT 100
[2023-11-12 01:07:06] PRINT 0.0457366481423378
[2023-11-12 01:07:06] PRINT =========
[2023-11-12 01:07:06] PRINT Average PSNR after pre-training: 19.601719452155272
[2023-11-12 01:07:09] PRINT Average PSNR after fine tuning :  nan
