[2023-11-12 00:09:20] INFO (nni.runtime.trial_command_channel.v3/MainThread) Connect to trial command channel http://localhost:8080/env/local-env/LC4eF
[2023-11-12 00:09:20] PRINT Namespace(num_block=16, num_discriminator_blocks=3, conv_kernel_size=5, generator_depth=64, discriminator_depth=128, generator_activation='prelu', discriminator_activation='leakyrelu', LR_path='custom_dataset/train_LR', GT_path='custom_dataset/train_HR', res_num=16, num_workers=0, batch_size=16, L2_coeff=1.0, adv_coeff=0.001, tv_loss_coeff=0.0, pre_train_epoch=100, fine_train_epoch=0, scale=4, patch_size=24, feat_layer='relu5_4', vgg_rescale_coeff=0.006, fine_tuning=False, in_memory=True, generator_path=None, mode='train')
[2023-11-12 00:09:30] PRINT 2
[2023-11-12 00:09:30] PRINT 0.29519784450531006
[2023-11-12 00:09:30] PRINT =========
[2023-11-12 00:09:32] PRINT 4
[2023-11-12 00:09:32] PRINT 0.364166796207428
[2023-11-12 00:09:32] PRINT =========
[2023-11-12 00:09:33] PRINT 6
[2023-11-12 00:09:33] PRINT 0.09773632138967514
[2023-11-12 00:09:33] PRINT =========
[2023-11-12 00:09:35] PRINT 8
[2023-11-12 00:09:35] PRINT 0.10692119598388672
[2023-11-12 00:09:35] PRINT =========
[2023-11-12 00:09:37] PRINT 10
[2023-11-12 00:09:37] PRINT 0.07188855111598969
[2023-11-12 00:09:37] PRINT =========
[2023-11-12 00:09:39] PRINT 12
[2023-11-12 00:09:39] PRINT 0.10835547000169754
[2023-11-12 00:09:39] PRINT =========
[2023-11-12 00:09:41] PRINT 14
[2023-11-12 00:09:41] PRINT 0.05130060017108917
[2023-11-12 00:09:41] PRINT =========
[2023-11-12 00:09:43] PRINT 16
[2023-11-12 00:09:43] PRINT 0.07311733067035675
[2023-11-12 00:09:43] PRINT =========
[2023-11-12 00:09:45] PRINT 18
[2023-11-12 00:09:45] PRINT 0.06792484223842621
[2023-11-12 00:09:45] PRINT =========
[2023-11-12 00:09:46] PRINT 20
[2023-11-12 00:09:46] PRINT 0.10576857626438141
[2023-11-12 00:09:46] PRINT =========
[2023-11-12 00:09:48] PRINT 22
[2023-11-12 00:09:48] PRINT 0.10463885217905045
[2023-11-12 00:09:48] PRINT =========
[2023-11-12 00:09:50] PRINT 24
[2023-11-12 00:09:50] PRINT 0.13837197422981262
[2023-11-12 00:09:50] PRINT =========
[2023-11-12 00:09:51] PRINT 26
[2023-11-12 00:09:51] PRINT 0.10197994858026505
[2023-11-12 00:09:51] PRINT =========
[2023-11-12 00:09:53] PRINT 28
[2023-11-12 00:09:53] PRINT 0.10047515481710434
[2023-11-12 00:09:53] PRINT =========
[2023-11-12 00:09:54] PRINT 30
[2023-11-12 00:09:54] PRINT 0.04311450198292732
[2023-11-12 00:09:54] PRINT =========
[2023-11-12 00:09:56] PRINT 32
[2023-11-12 00:09:56] PRINT 0.096880704164505
[2023-11-12 00:09:56] PRINT =========
[2023-11-12 00:09:58] PRINT 34
[2023-11-12 00:09:58] PRINT 0.03593244031071663
[2023-11-12 00:09:58] PRINT =========
[2023-11-12 00:10:00] PRINT 36
[2023-11-12 00:10:00] PRINT 0.06931144744157791
[2023-11-12 00:10:00] PRINT =========
[2023-11-12 00:10:02] PRINT 38
[2023-11-12 00:10:02] PRINT 0.045763518661260605
[2023-11-12 00:10:02] PRINT =========
[2023-11-12 00:10:03] PRINT 40
[2023-11-12 00:10:03] PRINT 0.04144197329878807
[2023-11-12 00:10:03] PRINT =========
[2023-11-12 00:10:05] PRINT 42
[2023-11-12 00:10:05] PRINT 0.051842670887708664
[2023-11-12 00:10:05] PRINT =========
[2023-11-12 00:10:06] PRINT 44
[2023-11-12 00:10:06] PRINT 0.05100109800696373
[2023-11-12 00:10:06] PRINT =========
[2023-11-12 00:10:07] PRINT 46
[2023-11-12 00:10:07] PRINT 0.08583488315343857
[2023-11-12 00:10:07] PRINT =========
[2023-11-12 00:10:09] PRINT 48
[2023-11-12 00:10:09] PRINT 0.03104334883391857
[2023-11-12 00:10:09] PRINT =========
[2023-11-12 00:10:10] PRINT 50
[2023-11-12 00:10:10] PRINT 0.030997807160019875
[2023-11-12 00:10:10] PRINT =========
[2023-11-12 00:10:12] PRINT 52
[2023-11-12 00:10:12] PRINT 0.047610655426979065
[2023-11-12 00:10:12] PRINT =========
[2023-11-12 00:10:13] PRINT 54
[2023-11-12 00:10:13] PRINT 0.03980247676372528
[2023-11-12 00:10:13] PRINT =========
[2023-11-12 00:10:15] PRINT 56
[2023-11-12 00:10:15] PRINT 0.06654255837202072
[2023-11-12 00:10:15] PRINT =========
[2023-11-12 00:10:16] PRINT 58
[2023-11-12 00:10:16] PRINT 0.04879922792315483
[2023-11-12 00:10:16] PRINT =========
[2023-11-12 00:10:18] PRINT 60
[2023-11-12 00:10:18] PRINT 0.06502292305231094
[2023-11-12 00:10:18] PRINT =========
[2023-11-12 00:10:19] PRINT 62
[2023-11-12 00:10:19] PRINT 0.0371033139526844
[2023-11-12 00:10:19] PRINT =========
[2023-11-12 00:10:21] PRINT 64
[2023-11-12 00:10:21] PRINT 0.055654376745224
[2023-11-12 00:10:21] PRINT =========
[2023-11-12 00:10:22] PRINT 66
[2023-11-12 00:10:22] PRINT 0.07315582782030106
[2023-11-12 00:10:22] PRINT =========
[2023-11-12 00:10:24] PRINT 68
[2023-11-12 00:10:24] PRINT 0.03234098106622696
[2023-11-12 00:10:24] PRINT =========
[2023-11-12 00:10:25] PRINT 70
[2023-11-12 00:10:25] PRINT 0.04691507667303085
[2023-11-12 00:10:25] PRINT =========
[2023-11-12 00:10:26] PRINT 72
[2023-11-12 00:10:26] PRINT 0.06361552327871323
[2023-11-12 00:10:26] PRINT =========
[2023-11-12 00:10:28] PRINT 74
[2023-11-12 00:10:28] PRINT 0.03173014894127846
[2023-11-12 00:10:28] PRINT =========
[2023-11-12 00:10:29] PRINT 76
[2023-11-12 00:10:29] PRINT 0.02355874888598919
[2023-11-12 00:10:29] PRINT =========
[2023-11-12 00:10:31] PRINT 78
[2023-11-12 00:10:31] PRINT 0.03305229917168617
[2023-11-12 00:10:31] PRINT =========
[2023-11-12 00:10:32] PRINT 80
[2023-11-12 00:10:32] PRINT 0.060531117022037506
[2023-11-12 00:10:32] PRINT =========
[2023-11-12 00:10:33] PRINT 82
[2023-11-12 00:10:33] PRINT 0.02895726077258587
[2023-11-12 00:10:33] PRINT =========
[2023-11-12 00:10:35] PRINT 84
[2023-11-12 00:10:35] PRINT 0.044144563376903534
[2023-11-12 00:10:35] PRINT =========
[2023-11-12 00:10:36] PRINT 86
[2023-11-12 00:10:36] PRINT 0.04531843960285187
[2023-11-12 00:10:36] PRINT =========
[2023-11-12 00:10:38] PRINT 88
[2023-11-12 00:10:38] PRINT 0.02217092737555504
[2023-11-12 00:10:38] PRINT =========
[2023-11-12 00:10:40] PRINT 90
[2023-11-12 00:10:40] PRINT 0.025979705154895782
[2023-11-12 00:10:40] PRINT =========
[2023-11-12 00:10:41] PRINT 92
[2023-11-12 00:10:41] PRINT 0.04268637299537659
[2023-11-12 00:10:41] PRINT =========
[2023-11-12 00:10:43] PRINT 94
[2023-11-12 00:10:43] PRINT 0.043196987360715866
[2023-11-12 00:10:43] PRINT =========
[2023-11-12 00:10:44] PRINT 96
[2023-11-12 00:10:44] PRINT 0.03237072005867958
[2023-11-12 00:10:44] PRINT =========
[2023-11-12 00:10:46] PRINT 98
[2023-11-12 00:10:46] PRINT 0.03282793238759041
[2023-11-12 00:10:46] PRINT =========
[2023-11-12 00:10:47] PRINT 100
[2023-11-12 00:10:47] PRINT 0.04951963946223259
[2023-11-12 00:10:47] PRINT =========
[2023-11-12 00:10:47] PRINT Average PSNR after pre-training: 19.087558306210262
[2023-11-12 00:10:52] PRINT Average PSNR after fine tuning :  nan
