[2023-11-12 00:14:19] INFO (nni.runtime.trial_command_channel.v3/MainThread) Connect to trial command channel http://localhost:8080/env/local-env/xJZie
[2023-11-12 00:14:19] PRINT Namespace(num_block=8, num_discriminator_blocks=4, conv_kernel_size=5, generator_depth=64, discriminator_depth=64, generator_activation='prelu', discriminator_activation='leakyrelu', LR_path='custom_dataset/train_LR', GT_path='custom_dataset/train_HR', res_num=16, num_workers=0, batch_size=16, L2_coeff=1.0, adv_coeff=0.001, tv_loss_coeff=0.0, pre_train_epoch=100, fine_train_epoch=0, scale=4, patch_size=24, feat_layer='relu5_4', vgg_rescale_coeff=0.006, fine_tuning=False, in_memory=True, generator_path=None, mode='train')
[2023-11-12 00:14:27] PRINT 2
[2023-11-12 00:14:27] PRINT 0.2367490828037262
[2023-11-12 00:14:27] PRINT =========
[2023-11-12 00:14:29] PRINT 4
[2023-11-12 00:14:29] PRINT 0.12112154811620712
[2023-11-12 00:14:29] PRINT =========
[2023-11-12 00:14:30] PRINT 6
[2023-11-12 00:14:30] PRINT 0.09766224026679993
[2023-11-12 00:14:30] PRINT =========
[2023-11-12 00:14:32] PRINT 8
[2023-11-12 00:14:32] PRINT 0.06952480226755142
[2023-11-12 00:14:32] PRINT =========
[2023-11-12 00:14:33] PRINT 10
[2023-11-12 00:14:33] PRINT 0.1436118185520172
[2023-11-12 00:14:33] PRINT =========
[2023-11-12 00:14:35] PRINT 12
[2023-11-12 00:14:35] PRINT 0.07415548712015152
[2023-11-12 00:14:35] PRINT =========
[2023-11-12 00:14:36] PRINT 14
[2023-11-12 00:14:36] PRINT 0.0645679160952568
[2023-11-12 00:14:36] PRINT =========
[2023-11-12 00:14:38] PRINT 16
[2023-11-12 00:14:38] PRINT 0.0778462290763855
[2023-11-12 00:14:38] PRINT =========
[2023-11-12 00:14:39] PRINT 18
[2023-11-12 00:14:39] PRINT 0.06632228940725327
[2023-11-12 00:14:39] PRINT =========
[2023-11-12 00:14:40] PRINT 20
[2023-11-12 00:14:40] PRINT 0.1321670114994049
[2023-11-12 00:14:40] PRINT =========
[2023-11-12 00:14:42] PRINT 22
[2023-11-12 00:14:42] PRINT 0.09475144743919373
[2023-11-12 00:14:42] PRINT =========
[2023-11-12 00:14:43] PRINT 24
[2023-11-12 00:14:43] PRINT 0.0971779152750969
[2023-11-12 00:14:43] PRINT =========
[2023-11-12 00:14:44] PRINT 26
[2023-11-12 00:14:44] PRINT 0.09176917374134064
[2023-11-12 00:14:44] PRINT =========
[2023-11-12 00:14:46] PRINT 28
[2023-11-12 00:14:46] PRINT 0.047791726887226105
[2023-11-12 00:14:46] PRINT =========
[2023-11-12 00:14:47] PRINT 30
[2023-11-12 00:14:47] PRINT 0.06564699113368988
[2023-11-12 00:14:47] PRINT =========
[2023-11-12 00:14:49] PRINT 32
[2023-11-12 00:14:49] PRINT 0.05969437584280968
[2023-11-12 00:14:49] PRINT =========
[2023-11-12 00:14:50] PRINT 34
[2023-11-12 00:14:50] PRINT 0.05571453273296356
[2023-11-12 00:14:50] PRINT =========
[2023-11-12 00:14:51] PRINT 36
[2023-11-12 00:14:51] PRINT 0.07382075488567352
[2023-11-12 00:14:51] PRINT =========
[2023-11-12 00:14:53] PRINT 38
[2023-11-12 00:14:53] PRINT 0.06458992511034012
[2023-11-12 00:14:53] PRINT =========
[2023-11-12 00:14:54] PRINT 40
[2023-11-12 00:14:54] PRINT 0.06624100357294083
[2023-11-12 00:14:54] PRINT =========
[2023-11-12 00:14:56] PRINT 42
[2023-11-12 00:14:56] PRINT 0.043585680425167084
[2023-11-12 00:14:56] PRINT =========
[2023-11-12 00:14:57] PRINT 44
[2023-11-12 00:14:57] PRINT 0.13412292301654816
[2023-11-12 00:14:57] PRINT =========
[2023-11-12 00:14:58] PRINT 46
[2023-11-12 00:14:58] PRINT 0.05021161586046219
[2023-11-12 00:14:58] PRINT =========
[2023-11-12 00:15:00] PRINT 48
[2023-11-12 00:15:00] PRINT 0.042766377329826355
[2023-11-12 00:15:00] PRINT =========
[2023-11-12 00:15:02] PRINT 50
[2023-11-12 00:15:02] PRINT 0.05163552239537239
[2023-11-12 00:15:02] PRINT =========
[2023-11-12 00:15:03] PRINT 52
[2023-11-12 00:15:03] PRINT 0.07030003517866135
[2023-11-12 00:15:03] PRINT =========
[2023-11-12 00:15:05] PRINT 54
[2023-11-12 00:15:05] PRINT 0.05243911221623421
[2023-11-12 00:15:05] PRINT =========
[2023-11-12 00:15:07] PRINT 56
[2023-11-12 00:15:07] PRINT 0.03387502580881119
[2023-11-12 00:15:07] PRINT =========
[2023-11-12 00:15:09] PRINT 58
[2023-11-12 00:15:09] PRINT 0.08980530500411987
[2023-11-12 00:15:09] PRINT =========
[2023-11-12 00:15:10] PRINT 60
[2023-11-12 00:15:10] PRINT 0.07615700364112854
[2023-11-12 00:15:10] PRINT =========
[2023-11-12 00:15:12] PRINT 62
[2023-11-12 00:15:12] PRINT 0.04070114344358444
[2023-11-12 00:15:12] PRINT =========
[2023-11-12 00:15:14] PRINT 64
[2023-11-12 00:15:14] PRINT 0.029127055779099464
[2023-11-12 00:15:14] PRINT =========
[2023-11-12 00:15:16] PRINT 66
[2023-11-12 00:15:16] PRINT 0.05023600533604622
[2023-11-12 00:15:16] PRINT =========
[2023-11-12 00:15:18] PRINT 68
[2023-11-12 00:15:18] PRINT 0.03323979675769806
[2023-11-12 00:15:18] PRINT =========
[2023-11-12 00:15:19] PRINT 70
[2023-11-12 00:15:19] PRINT 0.03698000684380531
[2023-11-12 00:15:19] PRINT =========
[2023-11-12 00:15:20] PRINT 72
[2023-11-12 00:15:20] PRINT 0.029406793415546417
[2023-11-12 00:15:20] PRINT =========
[2023-11-12 00:15:22] PRINT 74
[2023-11-12 00:15:22] PRINT 0.026778224855661392
[2023-11-12 00:15:22] PRINT =========
[2023-11-12 00:15:23] PRINT 76
[2023-11-12 00:15:23] PRINT 0.03248674422502518
[2023-11-12 00:15:23] PRINT =========
[2023-11-12 00:15:24] PRINT 78
[2023-11-12 00:15:24] PRINT 0.025359343737363815
[2023-11-12 00:15:24] PRINT =========
[2023-11-12 00:15:26] PRINT 80
[2023-11-12 00:15:26] PRINT 0.02719307318329811
[2023-11-12 00:15:26] PRINT =========
[2023-11-12 00:15:27] PRINT 82
[2023-11-12 00:15:27] PRINT 0.04769447445869446
[2023-11-12 00:15:27] PRINT =========
[2023-11-12 00:15:28] PRINT 84
[2023-11-12 00:15:28] PRINT 0.024096647277474403
[2023-11-12 00:15:28] PRINT =========
[2023-11-12 00:15:30] PRINT 86
[2023-11-12 00:15:30] PRINT 0.04773007705807686
[2023-11-12 00:15:30] PRINT =========
[2023-11-12 00:15:31] PRINT 88
[2023-11-12 00:15:31] PRINT 0.04934357479214668
[2023-11-12 00:15:31] PRINT =========
[2023-11-12 00:15:32] PRINT 90
[2023-11-12 00:15:32] PRINT 0.039404887706041336
[2023-11-12 00:15:32] PRINT =========
[2023-11-12 00:15:34] PRINT 92
[2023-11-12 00:15:34] PRINT 0.03224232420325279
[2023-11-12 00:15:34] PRINT =========
[2023-11-12 00:15:35] PRINT 94
[2023-11-12 00:15:35] PRINT 0.028158357366919518
[2023-11-12 00:15:35] PRINT =========
[2023-11-12 00:15:37] PRINT 96
[2023-11-12 00:15:37] PRINT 0.050529710948467255
[2023-11-12 00:15:37] PRINT =========
[2023-11-12 00:15:38] PRINT 98
[2023-11-12 00:15:38] PRINT 0.057904455810785294
[2023-11-12 00:15:38] PRINT =========
[2023-11-12 00:15:39] PRINT 100
[2023-11-12 00:15:39] PRINT 0.02862941287457943
[2023-11-12 00:15:39] PRINT =========
[2023-11-12 00:15:39] PRINT Average PSNR after pre-training: 19.083052633946604
[2023-11-12 00:15:42] PRINT Average PSNR after fine tuning :  nan
