[2023-11-12 01:24:17] INFO (nni.runtime.trial_command_channel.v3/MainThread) Connect to trial command channel http://localhost:8080/env/local-env/RWjg7
[2023-11-12 01:24:17] PRINT Namespace(num_block=16, num_discriminator_blocks=3, conv_kernel_size=5, generator_depth=64, discriminator_depth=128, generator_activation='relu', discriminator_activation='leakyrelu', LR_path='custom_dataset/train_LR', GT_path='custom_dataset/train_HR', res_num=16, num_workers=0, batch_size=16, L2_coeff=1.0, adv_coeff=0.001, tv_loss_coeff=0.0, pre_train_epoch=100, fine_train_epoch=0, scale=4, patch_size=24, feat_layer='relu5_4', vgg_rescale_coeff=0.006, fine_tuning=False, in_memory=True, generator_path=None, mode='train')
[2023-11-12 01:24:29] PRINT 2
[2023-11-12 01:24:29] PRINT 0.19814841449260712
[2023-11-12 01:24:29] PRINT =========
[2023-11-12 01:24:31] PRINT 4
[2023-11-12 01:24:31] PRINT 0.23049111664295197
[2023-11-12 01:24:31] PRINT =========
[2023-11-12 01:24:33] PRINT 6
[2023-11-12 01:24:33] PRINT 0.1114107221364975
[2023-11-12 01:24:33] PRINT =========
[2023-11-12 01:24:35] PRINT 8
[2023-11-12 01:24:35] PRINT 0.09717253595590591
[2023-11-12 01:24:35] PRINT =========
[2023-11-12 01:24:37] PRINT 10
[2023-11-12 01:24:37] PRINT 0.13114890456199646
[2023-11-12 01:24:37] PRINT =========
[2023-11-12 01:24:40] PRINT 12
[2023-11-12 01:24:40] PRINT 0.11545352637767792
[2023-11-12 01:24:40] PRINT =========
[2023-11-12 01:24:42] PRINT 14
[2023-11-12 01:24:42] PRINT 0.12948520481586456
[2023-11-12 01:24:42] PRINT =========
[2023-11-12 01:24:44] PRINT 16
[2023-11-12 01:24:44] PRINT 0.10777238756418228
[2023-11-12 01:24:44] PRINT =========
[2023-11-12 01:24:46] PRINT 18
[2023-11-12 01:24:46] PRINT 0.13357478380203247
[2023-11-12 01:24:46] PRINT =========
[2023-11-12 01:24:47] PRINT 20
[2023-11-12 01:24:47] PRINT 0.2292482852935791
[2023-11-12 01:24:47] PRINT =========
[2023-11-12 01:24:49] PRINT 22
[2023-11-12 01:24:49] PRINT 0.1212567612528801
[2023-11-12 01:24:49] PRINT =========
[2023-11-12 01:24:51] PRINT 24
[2023-11-12 01:24:51] PRINT 0.09522540867328644
[2023-11-12 01:24:51] PRINT =========
[2023-11-12 01:24:54] PRINT 26
[2023-11-12 01:24:54] PRINT 0.11352074146270752
[2023-11-12 01:24:54] PRINT =========
[2023-11-12 01:24:56] PRINT 28
[2023-11-12 01:24:56] PRINT 0.08725208044052124
[2023-11-12 01:24:56] PRINT =========
[2023-11-12 01:24:57] PRINT 30
[2023-11-12 01:24:58] PRINT 0.08918936550617218
[2023-11-12 01:24:58] PRINT =========
[2023-11-12 01:24:59] PRINT 32
[2023-11-12 01:24:59] PRINT 0.11701849102973938
[2023-11-12 01:24:59] PRINT =========
[2023-11-12 01:25:01] PRINT 34
[2023-11-12 01:25:01] PRINT 0.07080977410078049
[2023-11-12 01:25:01] PRINT =========
[2023-11-12 01:25:02] PRINT 36
[2023-11-12 01:25:02] PRINT 0.061060480773448944
[2023-11-12 01:25:02] PRINT =========
[2023-11-12 01:25:04] PRINT 38
[2023-11-12 01:25:04] PRINT 0.08916231244802475
[2023-11-12 01:25:04] PRINT =========
[2023-11-12 01:25:05] PRINT 40
[2023-11-12 01:25:05] PRINT 0.05736539512872696
[2023-11-12 01:25:05] PRINT =========
[2023-11-12 01:25:06] PRINT 42
[2023-11-12 01:25:06] PRINT 0.1628156453371048
[2023-11-12 01:25:06] PRINT =========
[2023-11-12 01:25:08] PRINT 44
[2023-11-12 01:25:08] PRINT 0.05589105933904648
[2023-11-12 01:25:08] PRINT =========
[2023-11-12 01:25:09] PRINT 46
[2023-11-12 01:25:09] PRINT 0.08641089498996735
[2023-11-12 01:25:09] PRINT =========
[2023-11-12 01:25:10] PRINT 48
[2023-11-12 01:25:10] PRINT 0.07833836227655411
[2023-11-12 01:25:10] PRINT =========
[2023-11-12 01:25:12] PRINT 50
[2023-11-12 01:25:12] PRINT 0.08753259479999542
[2023-11-12 01:25:12] PRINT =========
[2023-11-12 01:25:13] PRINT 52
[2023-11-12 01:25:13] PRINT 0.04908301308751106
[2023-11-12 01:25:13] PRINT =========
[2023-11-12 01:25:15] PRINT 54
[2023-11-12 01:25:15] PRINT 0.047971826046705246
[2023-11-12 01:25:15] PRINT =========
[2023-11-12 01:25:16] PRINT 56
[2023-11-12 01:25:16] PRINT 0.11053744703531265
[2023-11-12 01:25:16] PRINT =========
[2023-11-12 01:25:17] PRINT 58
[2023-11-12 01:25:17] PRINT 0.058228909969329834
[2023-11-12 01:25:17] PRINT =========
[2023-11-12 01:25:19] PRINT 60
[2023-11-12 01:25:19] PRINT 0.042890001088380814
[2023-11-12 01:25:19] PRINT =========
[2023-11-12 01:25:20] PRINT 62
[2023-11-12 01:25:20] PRINT 0.08413127064704895
[2023-11-12 01:25:20] PRINT =========
[2023-11-12 01:25:22] PRINT 64
[2023-11-12 01:25:22] PRINT 0.05127554386854172
[2023-11-12 01:25:22] PRINT =========
[2023-11-12 01:25:23] PRINT 66
[2023-11-12 01:25:23] PRINT 0.04616520181298256
[2023-11-12 01:25:23] PRINT =========
[2023-11-12 01:25:25] PRINT 68
[2023-11-12 01:25:25] PRINT 0.05320597440004349
[2023-11-12 01:25:25] PRINT =========
[2023-11-12 01:25:26] PRINT 70
[2023-11-12 01:25:26] PRINT 0.05036841705441475
[2023-11-12 01:25:26] PRINT =========
[2023-11-12 01:25:28] PRINT 72
[2023-11-12 01:25:28] PRINT 0.07528849691152573
[2023-11-12 01:25:28] PRINT =========
[2023-11-12 01:25:29] PRINT 74
[2023-11-12 01:25:29] PRINT 0.05427057668566704
[2023-11-12 01:25:29] PRINT =========
[2023-11-12 01:25:31] PRINT 76
[2023-11-12 01:25:31] PRINT 0.04622730240225792
[2023-11-12 01:25:31] PRINT =========
[2023-11-12 01:25:32] PRINT 78
[2023-11-12 01:25:32] PRINT 0.06882117688655853
[2023-11-12 01:25:32] PRINT =========
[2023-11-12 01:25:34] PRINT 80
[2023-11-12 01:25:34] PRINT 0.04468941316008568
[2023-11-12 01:25:34] PRINT =========
[2023-11-12 01:25:36] PRINT 82
[2023-11-12 01:25:36] PRINT 0.04355010762810707
[2023-11-12 01:25:36] PRINT =========
[2023-11-12 01:25:37] PRINT 84
[2023-11-12 01:25:37] PRINT 0.03396004065871239
[2023-11-12 01:25:37] PRINT =========
[2023-11-12 01:25:39] PRINT 86
[2023-11-12 01:25:39] PRINT 0.06348053365945816
[2023-11-12 01:25:39] PRINT =========
[2023-11-12 01:25:40] PRINT 88
[2023-11-12 01:25:40] PRINT 0.06614603847265244
[2023-11-12 01:25:40] PRINT =========
[2023-11-12 01:25:42] PRINT 90
[2023-11-12 01:25:42] PRINT 0.030724992975592613
[2023-11-12 01:25:42] PRINT =========
[2023-11-12 01:25:43] PRINT 92
[2023-11-12 01:25:43] PRINT 0.03149241581559181
[2023-11-12 01:25:43] PRINT =========
[2023-11-12 01:25:45] PRINT 94
[2023-11-12 01:25:45] PRINT 0.055227287113666534
[2023-11-12 01:25:45] PRINT =========
[2023-11-12 01:25:47] PRINT 96
[2023-11-12 01:25:47] PRINT 0.0509830005466938
[2023-11-12 01:25:47] PRINT =========
[2023-11-12 01:25:48] PRINT 98
[2023-11-12 01:25:48] PRINT 0.039341624826192856
[2023-11-12 01:25:48] PRINT =========
[2023-11-12 01:25:50] PRINT 100
[2023-11-12 01:25:50] PRINT 0.041333939880132675
[2023-11-12 01:25:50] PRINT =========
[2023-11-12 01:25:50] PRINT Average PSNR after pre-training: 18.060004352168917
[2023-11-12 01:25:54] PRINT Average PSNR after fine tuning :  nan
