[2023-11-12 00:07:38] INFO (nni.runtime.trial_command_channel.v3/MainThread) Connect to trial command channel http://localhost:8080/env/local-env/dYNi9
[2023-11-12 00:07:38] PRINT Namespace(num_block=8, num_discriminator_blocks=3, conv_kernel_size=3, generator_depth=64, discriminator_depth=64, generator_activation='prelu', discriminator_activation='leakyrelu', LR_path='custom_dataset/train_LR', GT_path='custom_dataset/train_HR', res_num=16, num_workers=0, batch_size=16, L2_coeff=1.0, adv_coeff=0.001, tv_loss_coeff=0.0, pre_train_epoch=100, fine_train_epoch=0, scale=4, patch_size=24, feat_layer='relu5_4', vgg_rescale_coeff=0.006, fine_tuning=False, in_memory=True, generator_path=None, mode='train')
[2023-11-12 00:07:50] PRINT 2
[2023-11-12 00:07:50] PRINT 0.12620489299297333
[2023-11-12 00:07:50] PRINT =========
[2023-11-12 00:07:51] PRINT 4
[2023-11-12 00:07:51] PRINT 0.12338455021381378
[2023-11-12 00:07:51] PRINT =========
[2023-11-12 00:07:53] PRINT 6
[2023-11-12 00:07:53] PRINT 0.13513976335525513
[2023-11-12 00:07:53] PRINT =========
[2023-11-12 00:07:54] PRINT 8
[2023-11-12 00:07:54] PRINT 0.050955116748809814
[2023-11-12 00:07:54] PRINT =========
[2023-11-12 00:07:55] PRINT 10
[2023-11-12 00:07:55] PRINT 0.08117832243442535
[2023-11-12 00:07:55] PRINT =========
[2023-11-12 00:07:57] PRINT 12
[2023-11-12 00:07:57] PRINT 0.08104706555604935
[2023-11-12 00:07:57] PRINT =========
[2023-11-12 00:07:58] PRINT 14
[2023-11-12 00:07:58] PRINT 0.0570489764213562
[2023-11-12 00:07:58] PRINT =========
[2023-11-12 00:08:00] PRINT 16
[2023-11-12 00:08:00] PRINT 0.12559311091899872
[2023-11-12 00:08:00] PRINT =========
[2023-11-12 00:08:01] PRINT 18
[2023-11-12 00:08:01] PRINT 0.16074520349502563
[2023-11-12 00:08:01] PRINT =========
[2023-11-12 00:08:02] PRINT 20
[2023-11-12 00:08:02] PRINT 0.05431107431650162
[2023-11-12 00:08:02] PRINT =========
[2023-11-12 00:08:04] PRINT 22
[2023-11-12 00:08:04] PRINT 0.10741710662841797
[2023-11-12 00:08:04] PRINT =========
[2023-11-12 00:08:06] PRINT 24
[2023-11-12 00:08:06] PRINT 0.06006653234362602
[2023-11-12 00:08:06] PRINT =========
[2023-11-12 00:08:08] PRINT 26
[2023-11-12 00:08:08] PRINT 0.03316792845726013
[2023-11-12 00:08:08] PRINT =========
[2023-11-12 00:08:11] PRINT 28
[2023-11-12 00:08:11] PRINT 0.11590088158845901
[2023-11-12 00:08:11] PRINT =========
[2023-11-12 00:08:12] PRINT 30
[2023-11-12 00:08:12] PRINT 0.04934980347752571
[2023-11-12 00:08:12] PRINT =========
[2023-11-12 00:08:13] PRINT 32
[2023-11-12 00:08:13] PRINT 0.03029683418571949
[2023-11-12 00:08:13] PRINT =========
[2023-11-12 00:08:15] PRINT 34
[2023-11-12 00:08:15] PRINT 0.06470511108636856
[2023-11-12 00:08:15] PRINT =========
[2023-11-12 00:08:16] PRINT 36
[2023-11-12 00:08:16] PRINT 0.09213772416114807
[2023-11-12 00:08:16] PRINT =========
[2023-11-12 00:08:17] PRINT 38
[2023-11-12 00:08:17] PRINT 0.05774354562163353
[2023-11-12 00:08:17] PRINT =========
[2023-11-12 00:08:19] PRINT 40
[2023-11-12 00:08:19] PRINT 0.08078677952289581
[2023-11-12 00:08:19] PRINT =========
[2023-11-12 00:08:21] PRINT 42
[2023-11-12 00:08:21] PRINT 0.04529378190636635
[2023-11-12 00:08:21] PRINT =========
[2023-11-12 00:08:23] PRINT 44
[2023-11-12 00:08:23] PRINT 0.12755724787712097
[2023-11-12 00:08:23] PRINT =========
[2023-11-12 00:08:24] PRINT 46
[2023-11-12 00:08:24] PRINT 0.10450601577758789
[2023-11-12 00:08:24] PRINT =========
[2023-11-12 00:08:26] PRINT 48
[2023-11-12 00:08:26] PRINT 0.05795547738671303
[2023-11-12 00:08:26] PRINT =========
[2023-11-12 00:08:28] PRINT 50
[2023-11-12 00:08:28] PRINT 0.09452919661998749
[2023-11-12 00:08:28] PRINT =========
[2023-11-12 00:08:30] PRINT 52
[2023-11-12 00:08:30] PRINT 0.0835835412144661
[2023-11-12 00:08:30] PRINT =========
[2023-11-12 00:08:33] PRINT 54
[2023-11-12 00:08:33] PRINT 0.04199643433094025
[2023-11-12 00:08:33] PRINT =========
[2023-11-12 00:08:35] PRINT 56
[2023-11-12 00:08:35] PRINT 0.05108542740345001
[2023-11-12 00:08:35] PRINT =========
[2023-11-12 00:08:36] PRINT 58
[2023-11-12 00:08:36] PRINT 0.03915156424045563
[2023-11-12 00:08:36] PRINT =========
[2023-11-12 00:08:38] PRINT 60
[2023-11-12 00:08:38] PRINT 0.04591789469122887
[2023-11-12 00:08:38] PRINT =========
[2023-11-12 00:08:39] PRINT 62
[2023-11-12 00:08:39] PRINT 0.03666779026389122
[2023-11-12 00:08:39] PRINT =========
[2023-11-12 00:08:41] PRINT 64
[2023-11-12 00:08:41] PRINT 0.07229181379079819
[2023-11-12 00:08:41] PRINT =========
[2023-11-12 00:08:42] PRINT 66
[2023-11-12 00:08:42] PRINT 0.03031172975897789
[2023-11-12 00:08:42] PRINT =========
[2023-11-12 00:08:44] PRINT 68
[2023-11-12 00:08:44] PRINT 0.056776463985443115
[2023-11-12 00:08:44] PRINT =========
[2023-11-12 00:08:45] PRINT 70
[2023-11-12 00:08:45] PRINT 0.0602094940841198
[2023-11-12 00:08:45] PRINT =========
[2023-11-12 00:08:47] PRINT 72
[2023-11-12 00:08:47] PRINT 0.0582510307431221
[2023-11-12 00:08:47] PRINT =========
[2023-11-12 00:08:48] PRINT 74
[2023-11-12 00:08:48] PRINT 0.041425712406635284
[2023-11-12 00:08:48] PRINT =========
[2023-11-12 00:08:50] PRINT 76
[2023-11-12 00:08:50] PRINT 0.04408496245741844
[2023-11-12 00:08:50] PRINT =========
[2023-11-12 00:08:51] PRINT 78
[2023-11-12 00:08:51] PRINT 0.06605110317468643
[2023-11-12 00:08:51] PRINT =========
[2023-11-12 00:08:53] PRINT 80
[2023-11-12 00:08:53] PRINT 0.024631548672914505
[2023-11-12 00:08:53] PRINT =========
[2023-11-12 00:08:54] PRINT 82
[2023-11-12 00:08:54] PRINT 0.05313921719789505
[2023-11-12 00:08:54] PRINT =========
[2023-11-12 00:08:56] PRINT 84
[2023-11-12 00:08:56] PRINT 0.03488003462553024
[2023-11-12 00:08:56] PRINT =========
[2023-11-12 00:08:57] PRINT 86
[2023-11-12 00:08:57] PRINT 0.07791513204574585
[2023-11-12 00:08:57] PRINT =========
[2023-11-12 00:08:59] PRINT 88
[2023-11-12 00:08:59] PRINT 0.017585579305887222
[2023-11-12 00:08:59] PRINT =========
[2023-11-12 00:09:00] PRINT 90
[2023-11-12 00:09:01] PRINT 0.038994818925857544
[2023-11-12 00:09:01] PRINT =========
[2023-11-12 00:09:02] PRINT 92
[2023-11-12 00:09:02] PRINT 0.046220652759075165
[2023-11-12 00:09:02] PRINT =========
[2023-11-12 00:09:03] PRINT 94
[2023-11-12 00:09:04] PRINT 0.01650095358490944
[2023-11-12 00:09:04] PRINT =========
[2023-11-12 00:09:05] PRINT 96
[2023-11-12 00:09:05] PRINT 0.03614434599876404
[2023-11-12 00:09:05] PRINT =========
[2023-11-12 00:09:06] PRINT 98
[2023-11-12 00:09:06] PRINT 0.04268553480505943
[2023-11-12 00:09:06] PRINT =========
[2023-11-12 00:09:08] PRINT 100
[2023-11-12 00:09:08] PRINT 0.03083651140332222
[2023-11-12 00:09:08] PRINT =========
[2023-11-12 00:09:08] PRINT Average PSNR after pre-training: 18.885335319478074
[2023-11-12 00:09:11] PRINT Average PSNR after fine tuning :  nan
