[2023-11-12 00:39:57] INFO (nni.runtime.trial_command_channel.v3/MainThread) Connect to trial command channel http://localhost:8080/env/local-env/q9gCU
[2023-11-12 00:39:57] PRINT Namespace(num_block=8, num_discriminator_blocks=3, conv_kernel_size=3, generator_depth=128, discriminator_depth=128, generator_activation='relu', discriminator_activation='leakyrelu', LR_path='custom_dataset/train_LR', GT_path='custom_dataset/train_HR', res_num=16, num_workers=0, batch_size=16, L2_coeff=1.0, adv_coeff=0.001, tv_loss_coeff=0.0, pre_train_epoch=100, fine_train_epoch=0, scale=4, patch_size=24, feat_layer='relu5_4', vgg_rescale_coeff=0.006, fine_tuning=False, in_memory=True, generator_path=None, mode='train')
[2023-11-12 00:40:04] PRINT 2
[2023-11-12 00:40:04] PRINT 0.12151063233613968
[2023-11-12 00:40:04] PRINT =========
[2023-11-12 00:40:06] PRINT 4
[2023-11-12 00:40:06] PRINT 0.10517720133066177
[2023-11-12 00:40:06] PRINT =========
[2023-11-12 00:40:07] PRINT 6
[2023-11-12 00:40:07] PRINT 0.07396059483289719
[2023-11-12 00:40:07] PRINT =========
[2023-11-12 00:40:09] PRINT 8
[2023-11-12 00:40:09] PRINT 0.10552500933408737
[2023-11-12 00:40:09] PRINT =========
[2023-11-12 00:40:10] PRINT 10
[2023-11-12 00:40:10] PRINT 0.08002856373786926
[2023-11-12 00:40:10] PRINT =========
[2023-11-12 00:40:11] PRINT 12
[2023-11-12 00:40:11] PRINT 0.057577550411224365
[2023-11-12 00:40:11] PRINT =========
[2023-11-12 00:40:13] PRINT 14
[2023-11-12 00:40:13] PRINT 0.12257694453001022
[2023-11-12 00:40:13] PRINT =========
[2023-11-12 00:40:14] PRINT 16
[2023-11-12 00:40:14] PRINT 0.056746385991573334
[2023-11-12 00:40:14] PRINT =========
[2023-11-12 00:40:15] PRINT 18
[2023-11-12 00:40:15] PRINT 0.08351753652095795
[2023-11-12 00:40:15] PRINT =========
[2023-11-12 00:40:17] PRINT 20
[2023-11-12 00:40:17] PRINT 0.04297399893403053
[2023-11-12 00:40:17] PRINT =========
[2023-11-12 00:40:18] PRINT 22
[2023-11-12 00:40:18] PRINT 0.07913392037153244
[2023-11-12 00:40:18] PRINT =========
[2023-11-12 00:40:20] PRINT 24
[2023-11-12 00:40:20] PRINT 0.05635211616754532
[2023-11-12 00:40:20] PRINT =========
[2023-11-12 00:40:21] PRINT 26
[2023-11-12 00:40:21] PRINT 0.11668609827756882
[2023-11-12 00:40:21] PRINT =========
[2023-11-12 00:40:22] PRINT 28
[2023-11-12 00:40:22] PRINT 0.035773295909166336
[2023-11-12 00:40:22] PRINT =========
[2023-11-12 00:40:24] PRINT 30
[2023-11-12 00:40:24] PRINT 0.07456846535205841
[2023-11-12 00:40:24] PRINT =========
[2023-11-12 00:40:25] PRINT 32
[2023-11-12 00:40:25] PRINT 0.09138388186693192
[2023-11-12 00:40:25] PRINT =========
[2023-11-12 00:40:26] PRINT 34
[2023-11-12 00:40:26] PRINT 0.11280720680952072
[2023-11-12 00:40:26] PRINT =========
[2023-11-12 00:40:28] PRINT 36
[2023-11-12 00:40:28] PRINT 0.1197001114487648
[2023-11-12 00:40:28] PRINT =========
[2023-11-12 00:40:29] PRINT 38
[2023-11-12 00:40:29] PRINT 0.09010330587625504
[2023-11-12 00:40:29] PRINT =========
[2023-11-12 00:40:30] PRINT 40
[2023-11-12 00:40:30] PRINT 0.07233905047178268
[2023-11-12 00:40:30] PRINT =========
[2023-11-12 00:40:32] PRINT 42
[2023-11-12 00:40:32] PRINT 0.06792614609003067
[2023-11-12 00:40:32] PRINT =========
[2023-11-12 00:40:33] PRINT 44
[2023-11-12 00:40:33] PRINT 0.08855552971363068
[2023-11-12 00:40:33] PRINT =========
[2023-11-12 00:40:34] PRINT 46
[2023-11-12 00:40:34] PRINT 0.03816234692931175
[2023-11-12 00:40:34] PRINT =========
[2023-11-12 00:40:36] PRINT 48
[2023-11-12 00:40:36] PRINT 0.04095393791794777
[2023-11-12 00:40:36] PRINT =========
[2023-11-12 00:40:37] PRINT 50
[2023-11-12 00:40:37] PRINT 0.051563721150159836
[2023-11-12 00:40:37] PRINT =========
[2023-11-12 00:40:39] PRINT 52
[2023-11-12 00:40:39] PRINT 0.07278265058994293
[2023-11-12 00:40:39] PRINT =========
[2023-11-12 00:40:40] PRINT 54
[2023-11-12 00:40:40] PRINT 0.07586957514286041
[2023-11-12 00:40:40] PRINT =========
[2023-11-12 00:40:42] PRINT 56
[2023-11-12 00:40:42] PRINT 0.09058519452810287
[2023-11-12 00:40:42] PRINT =========
[2023-11-12 00:40:43] PRINT 58
[2023-11-12 00:40:43] PRINT 0.023708464577794075
[2023-11-12 00:40:43] PRINT =========
[2023-11-12 00:40:44] PRINT 60
[2023-11-12 00:40:44] PRINT 0.04657809063792229
[2023-11-12 00:40:44] PRINT =========
[2023-11-12 00:40:46] PRINT 62
[2023-11-12 00:40:46] PRINT 0.033975567668676376
[2023-11-12 00:40:46] PRINT =========
[2023-11-12 00:40:47] PRINT 64
[2023-11-12 00:40:47] PRINT 0.032317154109478
[2023-11-12 00:40:47] PRINT =========
[2023-11-12 00:40:49] PRINT 66
[2023-11-12 00:40:49] PRINT 0.045047976076602936
[2023-11-12 00:40:49] PRINT =========
[2023-11-12 00:40:50] PRINT 68
[2023-11-12 00:40:50] PRINT 0.0840064063668251
[2023-11-12 00:40:50] PRINT =========
[2023-11-12 00:40:52] PRINT 70
[2023-11-12 00:40:52] PRINT 0.03824524208903313
[2023-11-12 00:40:52] PRINT =========
[2023-11-12 00:40:53] PRINT 72
[2023-11-12 00:40:53] PRINT 0.04499681666493416
[2023-11-12 00:40:53] PRINT =========
[2023-11-12 00:40:54] PRINT 74
[2023-11-12 00:40:54] PRINT 0.04095111042261124
[2023-11-12 00:40:54] PRINT =========
[2023-11-12 00:40:56] PRINT 76
[2023-11-12 00:40:56] PRINT 0.055170103907585144
[2023-11-12 00:40:56] PRINT =========
[2023-11-12 00:40:57] PRINT 78
[2023-11-12 00:40:57] PRINT 0.04069575294852257
[2023-11-12 00:40:57] PRINT =========
[2023-11-12 00:40:59] PRINT 80
[2023-11-12 00:40:59] PRINT 0.07400427758693695
[2023-11-12 00:40:59] PRINT =========
[2023-11-12 00:41:00] PRINT 82
[2023-11-12 00:41:00] PRINT 0.010885457508265972
[2023-11-12 00:41:00] PRINT =========
[2023-11-12 00:41:01] PRINT 84
[2023-11-12 00:41:01] PRINT 0.048405151814222336
[2023-11-12 00:41:01] PRINT =========
[2023-11-12 00:41:03] PRINT 86
[2023-11-12 00:41:03] PRINT 0.04116208478808403
[2023-11-12 00:41:03] PRINT =========
[2023-11-12 00:41:04] PRINT 88
[2023-11-12 00:41:04] PRINT 0.03693235665559769
[2023-11-12 00:41:04] PRINT =========
[2023-11-12 00:41:05] PRINT 90
[2023-11-12 00:41:05] PRINT 0.04355199635028839
[2023-11-12 00:41:05] PRINT =========
[2023-11-12 00:41:07] PRINT 92
[2023-11-12 00:41:07] PRINT 0.0359455831348896
[2023-11-12 00:41:07] PRINT =========
[2023-11-12 00:41:08] PRINT 94
[2023-11-12 00:41:08] PRINT 0.01907246746122837
[2023-11-12 00:41:08] PRINT =========
[2023-11-12 00:41:10] PRINT 96
[2023-11-12 00:41:10] PRINT 0.03575936704874039
[2023-11-12 00:41:10] PRINT =========
[2023-11-12 00:41:11] PRINT 98
[2023-11-12 00:41:11] PRINT 0.05727994814515114
[2023-11-12 00:41:11] PRINT =========
[2023-11-12 00:41:12] PRINT 100
[2023-11-12 00:41:12] PRINT 0.02602214924991131
[2023-11-12 00:41:12] PRINT =========
[2023-11-12 00:41:12] PRINT Average PSNR after pre-training: 19.036447778226588
[2023-11-12 00:41:15] PRINT Average PSNR after fine tuning :  nan
