[2023-11-12 01:27:51] INFO (nni.runtime.trial_command_channel.v3/MainThread) Connect to trial command channel http://localhost:8080/env/local-env/k05bY
[2023-11-12 01:27:51] PRINT Namespace(num_block=16, num_discriminator_blocks=3, conv_kernel_size=5, generator_depth=128, discriminator_depth=128, generator_activation='prelu', discriminator_activation='leakyrelu', LR_path='custom_dataset/train_LR', GT_path='custom_dataset/train_HR', res_num=16, num_workers=0, batch_size=16, L2_coeff=1.0, adv_coeff=0.001, tv_loss_coeff=0.0, pre_train_epoch=100, fine_train_epoch=0, scale=4, patch_size=24, feat_layer='relu5_4', vgg_rescale_coeff=0.006, fine_tuning=False, in_memory=True, generator_path=None, mode='train')
[2023-11-12 01:28:02] PRINT 2
[2023-11-12 01:28:02] PRINT 0.11537432670593262
[2023-11-12 01:28:02] PRINT =========
[2023-11-12 01:28:04] PRINT 4
[2023-11-12 01:28:04] PRINT 0.16430416703224182
[2023-11-12 01:28:04] PRINT =========
[2023-11-12 01:28:05] PRINT 6
[2023-11-12 01:28:05] PRINT 0.1856689453125
[2023-11-12 01:28:05] PRINT =========
[2023-11-12 01:28:07] PRINT 8
[2023-11-12 01:28:07] PRINT 0.08119072765111923
[2023-11-12 01:28:07] PRINT =========
[2023-11-12 01:28:08] PRINT 10
[2023-11-12 01:28:08] PRINT 0.11834962666034698
[2023-11-12 01:28:08] PRINT =========
[2023-11-12 01:28:10] PRINT 12
[2023-11-12 01:28:10] PRINT 0.07857614010572433
[2023-11-12 01:28:10] PRINT =========
[2023-11-12 01:28:12] PRINT 14
[2023-11-12 01:28:12] PRINT 0.09102357178926468
[2023-11-12 01:28:12] PRINT =========
[2023-11-12 01:28:13] PRINT 16
[2023-11-12 01:28:13] PRINT 0.06918404996395111
[2023-11-12 01:28:13] PRINT =========
[2023-11-12 01:28:15] PRINT 18
[2023-11-12 01:28:15] PRINT 0.05147590488195419
[2023-11-12 01:28:15] PRINT =========
[2023-11-12 01:28:17] PRINT 20
[2023-11-12 01:28:17] PRINT 0.04853701591491699
[2023-11-12 01:28:17] PRINT =========
[2023-11-12 01:28:19] PRINT 22
[2023-11-12 01:28:19] PRINT 0.06797380745410919
[2023-11-12 01:28:19] PRINT =========
[2023-11-12 01:28:21] PRINT 24
[2023-11-12 01:28:21] PRINT 0.05126331374049187
[2023-11-12 01:28:21] PRINT =========
[2023-11-12 01:28:22] PRINT 26
[2023-11-12 01:28:22] PRINT 0.05977625399827957
[2023-11-12 01:28:22] PRINT =========
[2023-11-12 01:28:24] PRINT 28
[2023-11-12 01:28:24] PRINT 0.08882822096347809
[2023-11-12 01:28:24] PRINT =========
[2023-11-12 01:28:26] PRINT 30
[2023-11-12 01:28:26] PRINT 0.08047211915254593
[2023-11-12 01:28:26] PRINT =========
[2023-11-12 01:28:28] PRINT 32
[2023-11-12 01:28:28] PRINT 0.03567757457494736
[2023-11-12 01:28:28] PRINT =========
[2023-11-12 01:28:29] PRINT 34
[2023-11-12 01:28:29] PRINT 0.047362275421619415
[2023-11-12 01:28:29] PRINT =========
[2023-11-12 01:28:31] PRINT 36
[2023-11-12 01:28:31] PRINT 0.04945332929491997
[2023-11-12 01:28:31] PRINT =========
[2023-11-12 01:28:33] PRINT 38
[2023-11-12 01:28:33] PRINT 0.05017083138227463
[2023-11-12 01:28:33] PRINT =========
[2023-11-12 01:28:34] PRINT 40
[2023-11-12 01:28:34] PRINT 0.04562170431017876
[2023-11-12 01:28:34] PRINT =========
[2023-11-12 01:28:36] PRINT 42
[2023-11-12 01:28:36] PRINT 0.06502826511859894
[2023-11-12 01:28:36] PRINT =========
[2023-11-12 01:28:37] PRINT 44
[2023-11-12 01:28:37] PRINT 0.0760311558842659
[2023-11-12 01:28:37] PRINT =========
[2023-11-12 01:28:39] PRINT 46
[2023-11-12 01:28:39] PRINT 0.08838189393281937
[2023-11-12 01:28:39] PRINT =========
[2023-11-12 01:28:41] PRINT 48
[2023-11-12 01:28:41] PRINT 0.12245411425828934
[2023-11-12 01:28:41] PRINT =========
[2023-11-12 01:28:42] PRINT 50
[2023-11-12 01:28:42] PRINT 0.05974140763282776
[2023-11-12 01:28:42] PRINT =========
[2023-11-12 01:28:44] PRINT 52
[2023-11-12 01:28:44] PRINT 0.031873669475317
[2023-11-12 01:28:44] PRINT =========
[2023-11-12 01:28:46] PRINT 54
[2023-11-12 01:28:46] PRINT 0.03151635825634003
[2023-11-12 01:28:46] PRINT =========
[2023-11-12 01:28:47] PRINT 56
[2023-11-12 01:28:47] PRINT 0.054033320397138596
[2023-11-12 01:28:47] PRINT =========
[2023-11-12 01:28:49] PRINT 58
[2023-11-12 01:28:49] PRINT 0.058995749801397324
[2023-11-12 01:28:49] PRINT =========
[2023-11-12 01:28:51] PRINT 60
[2023-11-12 01:28:51] PRINT 0.04725579917430878
[2023-11-12 01:28:51] PRINT =========
[2023-11-12 01:28:53] PRINT 62
[2023-11-12 01:28:53] PRINT 0.06039928272366524
[2023-11-12 01:28:53] PRINT =========
[2023-11-12 01:28:55] PRINT 64
[2023-11-12 01:28:55] PRINT 0.045124903321266174
[2023-11-12 01:28:55] PRINT =========
[2023-11-12 01:28:57] PRINT 66
[2023-11-12 01:28:57] PRINT 0.0644802376627922
[2023-11-12 01:28:57] PRINT =========
[2023-11-12 01:28:59] PRINT 68
[2023-11-12 01:28:59] PRINT 0.058433081954717636
[2023-11-12 01:28:59] PRINT =========
[2023-11-12 01:29:01] PRINT 70
[2023-11-12 01:29:01] PRINT 0.03862496837973595
[2023-11-12 01:29:01] PRINT =========
[2023-11-12 01:29:03] PRINT 72
[2023-11-12 01:29:03] PRINT 0.03312849998474121
[2023-11-12 01:29:03] PRINT =========
[2023-11-12 01:29:06] PRINT 74
[2023-11-12 01:29:06] PRINT 0.02570091001689434
[2023-11-12 01:29:06] PRINT =========
[2023-11-12 01:29:08] PRINT 76
[2023-11-12 01:29:08] PRINT 0.04285256192088127
[2023-11-12 01:29:08] PRINT =========
[2023-11-12 01:29:10] PRINT 78
[2023-11-12 01:29:10] PRINT 0.05460849404335022
[2023-11-12 01:29:10] PRINT =========
[2023-11-12 01:29:12] PRINT 80
[2023-11-12 01:29:12] PRINT 0.04158265143632889
[2023-11-12 01:29:12] PRINT =========
[2023-11-12 01:29:14] PRINT 82
[2023-11-12 01:29:14] PRINT 0.023635612800717354
[2023-11-12 01:29:14] PRINT =========
[2023-11-12 01:29:15] PRINT 84
[2023-11-12 01:29:15] PRINT 0.04012782499194145
[2023-11-12 01:29:15] PRINT =========
[2023-11-12 01:29:17] PRINT 86
[2023-11-12 01:29:17] PRINT 0.033634286373853683
[2023-11-12 01:29:17] PRINT =========
[2023-11-12 01:29:18] PRINT 88
[2023-11-12 01:29:18] PRINT 0.03261658176779747
[2023-11-12 01:29:18] PRINT =========
[2023-11-12 01:29:20] PRINT 90
[2023-11-12 01:29:20] PRINT 0.058255597949028015
[2023-11-12 01:29:20] PRINT =========
[2023-11-12 01:29:22] PRINT 92
[2023-11-12 01:29:22] PRINT 0.048690468072891235
[2023-11-12 01:29:22] PRINT =========
[2023-11-12 01:29:23] PRINT 94
[2023-11-12 01:29:23] PRINT 0.04288272559642792
[2023-11-12 01:29:23] PRINT =========
[2023-11-12 01:29:25] PRINT 96
[2023-11-12 01:29:25] PRINT 0.05786490812897682
[2023-11-12 01:29:25] PRINT =========
[2023-11-12 01:29:27] PRINT 98
[2023-11-12 01:29:27] PRINT 0.03276112675666809
[2023-11-12 01:29:27] PRINT =========
[2023-11-12 01:29:28] PRINT 100
[2023-11-12 01:29:28] PRINT 0.02350589819252491
[2023-11-12 01:29:28] PRINT =========
[2023-11-12 01:29:28] PRINT Average PSNR after pre-training: 19.56149245653105
[2023-11-12 01:29:32] PRINT Average PSNR after fine tuning :  nan
