[2023-11-12 01:50:43] INFO (nni.runtime.trial_command_channel.v3/MainThread) Connect to trial command channel http://localhost:8080/env/local-env/K91xT
[2023-11-12 01:50:43] PRINT Namespace(num_block=16, num_discriminator_blocks=4, conv_kernel_size=5, generator_depth=128, discriminator_depth=128, generator_activation='prelu', discriminator_activation='leakyrelu', LR_path='custom_dataset/train_LR', GT_path='custom_dataset/train_HR', res_num=16, num_workers=0, batch_size=16, L2_coeff=1.0, adv_coeff=0.001, tv_loss_coeff=0.0, pre_train_epoch=100, fine_train_epoch=0, scale=4, patch_size=24, feat_layer='relu5_4', vgg_rescale_coeff=0.006, fine_tuning=False, in_memory=True, generator_path=None, mode='train')
[2023-11-12 01:50:52] PRINT 2
[2023-11-12 01:50:52] PRINT 0.25056740641593933
[2023-11-12 01:50:52] PRINT =========
[2023-11-12 01:50:54] PRINT 4
[2023-11-12 01:50:54] PRINT 0.1211734414100647
[2023-11-12 01:50:54] PRINT =========
[2023-11-12 01:50:56] PRINT 6
[2023-11-12 01:50:56] PRINT 0.0653095692396164
[2023-11-12 01:50:56] PRINT =========
[2023-11-12 01:50:57] PRINT 8
[2023-11-12 01:50:58] PRINT 0.10579024255275726
[2023-11-12 01:50:58] PRINT =========
[2023-11-12 01:50:59] PRINT 10
[2023-11-12 01:50:59] PRINT 0.15863902866840363
[2023-11-12 01:50:59] PRINT =========
[2023-11-12 01:51:01] PRINT 12
[2023-11-12 01:51:01] PRINT 0.08495564013719559
[2023-11-12 01:51:01] PRINT =========
[2023-11-12 01:51:02] PRINT 14
[2023-11-12 01:51:02] PRINT 0.08400692790746689
[2023-11-12 01:51:02] PRINT =========
[2023-11-12 01:51:04] PRINT 16
[2023-11-12 01:51:04] PRINT 0.1626579463481903
[2023-11-12 01:51:04] PRINT =========
[2023-11-12 01:51:06] PRINT 18
[2023-11-12 01:51:06] PRINT 0.20979741215705872
[2023-11-12 01:51:06] PRINT =========
[2023-11-12 01:51:08] PRINT 20
[2023-11-12 01:51:08] PRINT 0.10818956792354584
[2023-11-12 01:51:08] PRINT =========
[2023-11-12 01:51:09] PRINT 22
[2023-11-12 01:51:09] PRINT 0.10608800500631332
[2023-11-12 01:51:09] PRINT =========
[2023-11-12 01:51:11] PRINT 24
[2023-11-12 01:51:11] PRINT 0.13319560885429382
[2023-11-12 01:51:11] PRINT =========
[2023-11-12 01:51:12] PRINT 26
[2023-11-12 01:51:12] PRINT 0.1312038004398346
[2023-11-12 01:51:12] PRINT =========
[2023-11-12 01:51:14] PRINT 28
[2023-11-12 01:51:14] PRINT 0.04963605850934982
[2023-11-12 01:51:14] PRINT =========
[2023-11-12 01:51:16] PRINT 30
[2023-11-12 01:51:16] PRINT 0.03222912549972534
[2023-11-12 01:51:16] PRINT =========
[2023-11-12 01:51:17] PRINT 32
[2023-11-12 01:51:17] PRINT 0.09999807178974152
[2023-11-12 01:51:17] PRINT =========
[2023-11-12 01:51:19] PRINT 34
[2023-11-12 01:51:19] PRINT 0.03636613115668297
[2023-11-12 01:51:19] PRINT =========
[2023-11-12 01:51:21] PRINT 36
[2023-11-12 01:51:21] PRINT 0.06940366327762604
[2023-11-12 01:51:21] PRINT =========
[2023-11-12 01:51:22] PRINT 38
[2023-11-12 01:51:22] PRINT 0.06572914123535156
[2023-11-12 01:51:22] PRINT =========
[2023-11-12 01:51:24] PRINT 40
[2023-11-12 01:51:24] PRINT 0.08392595499753952
[2023-11-12 01:51:24] PRINT =========
[2023-11-12 01:51:26] PRINT 42
[2023-11-12 01:51:26] PRINT 0.032640647143125534
[2023-11-12 01:51:26] PRINT =========
[2023-11-12 01:51:27] PRINT 44
[2023-11-12 01:51:27] PRINT 0.060240067541599274
[2023-11-12 01:51:27] PRINT =========
[2023-11-12 01:51:29] PRINT 46
[2023-11-12 01:51:29] PRINT 0.09391036629676819
[2023-11-12 01:51:29] PRINT =========
[2023-11-12 01:51:31] PRINT 48
[2023-11-12 01:51:31] PRINT 0.042147256433963776
[2023-11-12 01:51:31] PRINT =========
[2023-11-12 01:51:32] PRINT 50
[2023-11-12 01:51:32] PRINT 0.04542160779237747
[2023-11-12 01:51:32] PRINT =========
[2023-11-12 01:51:34] PRINT 52
[2023-11-12 01:51:34] PRINT 0.0757303386926651
[2023-11-12 01:51:34] PRINT =========
[2023-11-12 01:51:36] PRINT 54
[2023-11-12 01:51:36] PRINT 0.04620315879583359
[2023-11-12 01:51:36] PRINT =========
[2023-11-12 01:51:38] PRINT 56
[2023-11-12 01:51:38] PRINT 0.03444192558526993
[2023-11-12 01:51:38] PRINT =========
[2023-11-12 01:51:39] PRINT 58
[2023-11-12 01:51:39] PRINT 0.015102463774383068
[2023-11-12 01:51:39] PRINT =========
[2023-11-12 01:51:41] PRINT 60
[2023-11-12 01:51:41] PRINT 0.04166644066572189
[2023-11-12 01:51:41] PRINT =========
[2023-11-12 01:51:43] PRINT 62
[2023-11-12 01:51:43] PRINT 0.047587987035512924
[2023-11-12 01:51:43] PRINT =========
[2023-11-12 01:51:44] PRINT 64
[2023-11-12 01:51:44] PRINT 0.04047081992030144
[2023-11-12 01:51:44] PRINT =========
[2023-11-12 01:51:46] PRINT 66
[2023-11-12 01:51:46] PRINT 0.04139069467782974
[2023-11-12 01:51:46] PRINT =========
[2023-11-12 01:51:48] PRINT 68
[2023-11-12 01:51:48] PRINT 0.04288492724299431
[2023-11-12 01:51:48] PRINT =========
[2023-11-12 01:51:50] PRINT 70
[2023-11-12 01:51:50] PRINT 0.08461461216211319
[2023-11-12 01:51:50] PRINT =========
[2023-11-12 01:51:51] PRINT 72
[2023-11-12 01:51:51] PRINT 0.037068869918584824
[2023-11-12 01:51:51] PRINT =========
[2023-11-12 01:51:53] PRINT 74
[2023-11-12 01:51:53] PRINT 0.021569915115833282
[2023-11-12 01:51:53] PRINT =========
[2023-11-12 01:51:55] PRINT 76
[2023-11-12 01:51:55] PRINT 0.04164572060108185
[2023-11-12 01:51:55] PRINT =========
[2023-11-12 01:51:57] PRINT 78
[2023-11-12 01:51:57] PRINT 0.04019670560956001
[2023-11-12 01:51:57] PRINT =========
[2023-11-12 01:51:59] PRINT 80
[2023-11-12 01:51:59] PRINT 0.01946895197033882
[2023-11-12 01:51:59] PRINT =========
[2023-11-12 01:52:00] PRINT 82
[2023-11-12 01:52:00] PRINT 0.04409894719719887
[2023-11-12 01:52:00] PRINT =========
[2023-11-12 01:52:02] PRINT 84
[2023-11-12 01:52:02] PRINT 0.04209890961647034
[2023-11-12 01:52:02] PRINT =========
[2023-11-12 01:52:04] PRINT 86
[2023-11-12 01:52:04] PRINT 0.02124307118356228
[2023-11-12 01:52:04] PRINT =========
[2023-11-12 01:52:06] PRINT 88
[2023-11-12 01:52:06] PRINT 0.028944822028279305
[2023-11-12 01:52:06] PRINT =========
[2023-11-12 01:52:07] PRINT 90
[2023-11-12 01:52:08] PRINT 0.029418090358376503
[2023-11-12 01:52:08] PRINT =========
[2023-11-12 01:52:09] PRINT 92
[2023-11-12 01:52:09] PRINT 0.023610888049006462
[2023-11-12 01:52:09] PRINT =========
[2023-11-12 01:52:11] PRINT 94
[2023-11-12 01:52:11] PRINT 0.038476813584566116
[2023-11-12 01:52:11] PRINT =========
[2023-11-12 01:52:13] PRINT 96
[2023-11-12 01:52:13] PRINT 0.05815054476261139
[2023-11-12 01:52:13] PRINT =========
[2023-11-12 01:52:14] PRINT 98
[2023-11-12 01:52:14] PRINT 0.026790238916873932
[2023-11-12 01:52:14] PRINT =========
[2023-11-12 01:52:16] PRINT 100
[2023-11-12 01:52:16] PRINT 0.03746190667152405
[2023-11-12 01:52:16] PRINT =========
[2023-11-12 01:52:16] PRINT Average PSNR after pre-training: 19.47573605667892
[2023-11-12 01:52:22] PRINT Average PSNR after fine tuning :  nan
