[2023-11-12 00:20:56] INFO (nni.runtime.trial_command_channel.v3/MainThread) Connect to trial command channel http://localhost:8080/env/local-env/Lx8Sl
[2023-11-12 00:20:56] PRINT Namespace(num_block=8, num_discriminator_blocks=3, conv_kernel_size=3, generator_depth=128, discriminator_depth=128, generator_activation='prelu', discriminator_activation='leakyrelu', LR_path='custom_dataset/train_LR', GT_path='custom_dataset/train_HR', res_num=16, num_workers=0, batch_size=16, L2_coeff=1.0, adv_coeff=0.001, tv_loss_coeff=0.0, pre_train_epoch=100, fine_train_epoch=0, scale=4, patch_size=24, feat_layer='relu5_4', vgg_rescale_coeff=0.006, fine_tuning=False, in_memory=True, generator_path=None, mode='train')
[2023-11-12 00:21:05] PRINT 2
[2023-11-12 00:21:05] PRINT 0.16985417902469635
[2023-11-12 00:21:05] PRINT =========
[2023-11-12 00:21:07] PRINT 4
[2023-11-12 00:21:07] PRINT 0.12241511791944504
[2023-11-12 00:21:07] PRINT =========
[2023-11-12 00:21:08] PRINT 6
[2023-11-12 00:21:08] PRINT 0.069232277572155
[2023-11-12 00:21:08] PRINT =========
[2023-11-12 00:21:10] PRINT 8
[2023-11-12 00:21:10] PRINT 0.07317643612623215
[2023-11-12 00:21:10] PRINT =========
[2023-11-12 00:21:12] PRINT 10
[2023-11-12 00:21:12] PRINT 0.221296027302742
[2023-11-12 00:21:12] PRINT =========
[2023-11-12 00:21:14] PRINT 12
[2023-11-12 00:21:14] PRINT 0.042550768703222275
[2023-11-12 00:21:14] PRINT =========
[2023-11-12 00:21:16] PRINT 14
[2023-11-12 00:21:16] PRINT 0.09881559759378433
[2023-11-12 00:21:16] PRINT =========
[2023-11-12 00:21:17] PRINT 16
[2023-11-12 00:21:17] PRINT 0.06762824952602386
[2023-11-12 00:21:17] PRINT =========
[2023-11-12 00:21:19] PRINT 18
[2023-11-12 00:21:19] PRINT 0.14722615480422974
[2023-11-12 00:21:19] PRINT =========
[2023-11-12 00:21:20] PRINT 20
[2023-11-12 00:21:20] PRINT 0.056085627526044846
[2023-11-12 00:21:20] PRINT =========
[2023-11-12 00:21:22] PRINT 22
[2023-11-12 00:21:22] PRINT 0.05705754831433296
[2023-11-12 00:21:22] PRINT =========
[2023-11-12 00:21:23] PRINT 24
[2023-11-12 00:21:23] PRINT 0.04128219559788704
[2023-11-12 00:21:23] PRINT =========
[2023-11-12 00:21:25] PRINT 26
[2023-11-12 00:21:25] PRINT 0.07979327440261841
[2023-11-12 00:21:25] PRINT =========
[2023-11-12 00:21:26] PRINT 28
[2023-11-12 00:21:26] PRINT 0.0742802545428276
[2023-11-12 00:21:26] PRINT =========
[2023-11-12 00:21:27] PRINT 30
[2023-11-12 00:21:27] PRINT 0.0873262956738472
[2023-11-12 00:21:27] PRINT =========
[2023-11-12 00:21:29] PRINT 32
[2023-11-12 00:21:29] PRINT 0.061562780290842056
[2023-11-12 00:21:29] PRINT =========
[2023-11-12 00:21:30] PRINT 34
[2023-11-12 00:21:30] PRINT 0.06552639603614807
[2023-11-12 00:21:30] PRINT =========
[2023-11-12 00:21:32] PRINT 36
[2023-11-12 00:21:32] PRINT 0.08276042342185974
[2023-11-12 00:21:32] PRINT =========
[2023-11-12 00:21:33] PRINT 38
[2023-11-12 00:21:33] PRINT 0.09182661771774292
[2023-11-12 00:21:33] PRINT =========
[2023-11-12 00:21:35] PRINT 40
[2023-11-12 00:21:35] PRINT 0.07278146594762802
[2023-11-12 00:21:35] PRINT =========
[2023-11-12 00:21:36] PRINT 42
[2023-11-12 00:21:36] PRINT 0.059060219675302505
[2023-11-12 00:21:36] PRINT =========
[2023-11-12 00:21:38] PRINT 44
[2023-11-12 00:21:38] PRINT 0.10515084117650986
[2023-11-12 00:21:38] PRINT =========
[2023-11-12 00:21:39] PRINT 46
[2023-11-12 00:21:39] PRINT 0.030775845050811768
[2023-11-12 00:21:39] PRINT =========
[2023-11-12 00:21:41] PRINT 48
[2023-11-12 00:21:41] PRINT 0.04778658226132393
[2023-11-12 00:21:41] PRINT =========
[2023-11-12 00:21:42] PRINT 50
[2023-11-12 00:21:42] PRINT 0.032625652849674225
[2023-11-12 00:21:42] PRINT =========
[2023-11-12 00:21:44] PRINT 52
[2023-11-12 00:21:44] PRINT 0.040905024856328964
[2023-11-12 00:21:44] PRINT =========
[2023-11-12 00:21:46] PRINT 54
[2023-11-12 00:21:46] PRINT 0.02844400703907013
[2023-11-12 00:21:46] PRINT =========
[2023-11-12 00:21:48] PRINT 56
[2023-11-12 00:21:48] PRINT 0.052274979650974274
[2023-11-12 00:21:48] PRINT =========
[2023-11-12 00:21:49] PRINT 58
[2023-11-12 00:21:49] PRINT 0.03183742240071297
[2023-11-12 00:21:49] PRINT =========
[2023-11-12 00:21:51] PRINT 60
[2023-11-12 00:21:51] PRINT 0.03514086827635765
[2023-11-12 00:21:51] PRINT =========
[2023-11-12 00:21:52] PRINT 62
[2023-11-12 00:21:52] PRINT 0.04172905161976814
[2023-11-12 00:21:52] PRINT =========
[2023-11-12 00:21:54] PRINT 64
[2023-11-12 00:21:54] PRINT 0.05037291720509529
[2023-11-12 00:21:54] PRINT =========
[2023-11-12 00:21:55] PRINT 66
[2023-11-12 00:21:55] PRINT 0.044285766780376434
[2023-11-12 00:21:55] PRINT =========
[2023-11-12 00:21:57] PRINT 68
[2023-11-12 00:21:57] PRINT 0.039386458694934845
[2023-11-12 00:21:57] PRINT =========
[2023-11-12 00:21:58] PRINT 70
[2023-11-12 00:21:58] PRINT 0.046229712665081024
[2023-11-12 00:21:58] PRINT =========
[2023-11-12 00:22:00] PRINT 72
[2023-11-12 00:22:00] PRINT 0.035373859107494354
[2023-11-12 00:22:00] PRINT =========
[2023-11-12 00:22:01] PRINT 74
[2023-11-12 00:22:01] PRINT 0.025923265144228935
[2023-11-12 00:22:01] PRINT =========
[2023-11-12 00:22:03] PRINT 76
[2023-11-12 00:22:03] PRINT 0.019310306757688522
[2023-11-12 00:22:03] PRINT =========
[2023-11-12 00:22:04] PRINT 78
[2023-11-12 00:22:04] PRINT 0.03490927815437317
[2023-11-12 00:22:04] PRINT =========
[2023-11-12 00:22:06] PRINT 80
[2023-11-12 00:22:06] PRINT 0.04527461156249046
[2023-11-12 00:22:06] PRINT =========
[2023-11-12 00:22:07] PRINT 82
[2023-11-12 00:22:07] PRINT 0.039893630892038345
[2023-11-12 00:22:07] PRINT =========
[2023-11-12 00:22:09] PRINT 84
[2023-11-12 00:22:09] PRINT 0.02531575597822666
[2023-11-12 00:22:09] PRINT =========
[2023-11-12 00:22:10] PRINT 86
[2023-11-12 00:22:10] PRINT 0.04603590816259384
[2023-11-12 00:22:10] PRINT =========
[2023-11-12 00:22:12] PRINT 88
[2023-11-12 00:22:12] PRINT 0.028511283919215202
[2023-11-12 00:22:12] PRINT =========
[2023-11-12 00:22:14] PRINT 90
[2023-11-12 00:22:14] PRINT 0.04302990809082985
[2023-11-12 00:22:14] PRINT =========
[2023-11-12 00:22:15] PRINT 92
[2023-11-12 00:22:15] PRINT 0.013997224159538746
[2023-11-12 00:22:15] PRINT =========
[2023-11-12 00:22:17] PRINT 94
[2023-11-12 00:22:17] PRINT 0.04151225835084915
[2023-11-12 00:22:17] PRINT =========
[2023-11-12 00:22:19] PRINT 96
[2023-11-12 00:22:19] PRINT 0.04324294999241829
[2023-11-12 00:22:19] PRINT =========
[2023-11-12 00:22:20] PRINT 98
[2023-11-12 00:22:20] PRINT 0.030958935618400574
[2023-11-12 00:22:20] PRINT =========
[2023-11-12 00:22:22] PRINT 100
[2023-11-12 00:22:22] PRINT 0.02342902310192585
[2023-11-12 00:22:22] PRINT =========
[2023-11-12 00:22:22] PRINT Average PSNR after pre-training: 19.608970907340183
[2023-11-12 00:22:27] PRINT Average PSNR after fine tuning :  nan
