[2023-11-12 01:02:27] INFO (nni.runtime.trial_command_channel.v3/MainThread) Connect to trial command channel http://localhost:8080/env/local-env/OB4f8
[2023-11-12 01:02:27] PRINT Namespace(num_block=8, num_discriminator_blocks=4, conv_kernel_size=5, generator_depth=64, discriminator_depth=64, generator_activation='relu', discriminator_activation='leakyrelu', LR_path='custom_dataset/train_LR', GT_path='custom_dataset/train_HR', res_num=16, num_workers=0, batch_size=16, L2_coeff=1.0, adv_coeff=0.001, tv_loss_coeff=0.0, pre_train_epoch=100, fine_train_epoch=0, scale=4, patch_size=24, feat_layer='relu5_4', vgg_rescale_coeff=0.006, fine_tuning=False, in_memory=True, generator_path=None, mode='train')
[2023-11-12 01:02:35] PRINT 2
[2023-11-12 01:02:35] PRINT 0.44678208231925964
[2023-11-12 01:02:35] PRINT =========
[2023-11-12 01:02:36] PRINT 4
[2023-11-12 01:02:36] PRINT 0.08391956984996796
[2023-11-12 01:02:36] PRINT =========
[2023-11-12 01:02:38] PRINT 6
[2023-11-12 01:02:38] PRINT 0.20694266259670258
[2023-11-12 01:02:38] PRINT =========
[2023-11-12 01:02:39] PRINT 8
[2023-11-12 01:02:39] PRINT 0.08387930691242218
[2023-11-12 01:02:39] PRINT =========
[2023-11-12 01:02:41] PRINT 10
[2023-11-12 01:02:41] PRINT 0.13315244019031525
[2023-11-12 01:02:41] PRINT =========
[2023-11-12 01:02:42] PRINT 12
[2023-11-12 01:02:42] PRINT 0.09238694608211517
[2023-11-12 01:02:42] PRINT =========
[2023-11-12 01:02:44] PRINT 14
[2023-11-12 01:02:44] PRINT 0.07949043810367584
[2023-11-12 01:02:44] PRINT =========
[2023-11-12 01:02:46] PRINT 16
[2023-11-12 01:02:46] PRINT 0.13389918208122253
[2023-11-12 01:02:46] PRINT =========
[2023-11-12 01:02:47] PRINT 18
[2023-11-12 01:02:47] PRINT 0.10345300287008286
[2023-11-12 01:02:47] PRINT =========
[2023-11-12 01:02:49] PRINT 20
[2023-11-12 01:02:49] PRINT 0.16703346371650696
[2023-11-12 01:02:49] PRINT =========
[2023-11-12 01:02:50] PRINT 22
[2023-11-12 01:02:50] PRINT 0.07962790131568909
[2023-11-12 01:02:50] PRINT =========
[2023-11-12 01:02:52] PRINT 24
[2023-11-12 01:02:52] PRINT 0.08034272491931915
[2023-11-12 01:02:52] PRINT =========
[2023-11-12 01:02:53] PRINT 26
[2023-11-12 01:02:53] PRINT 0.07484019547700882
[2023-11-12 01:02:53] PRINT =========
[2023-11-12 01:02:54] PRINT 28
[2023-11-12 01:02:54] PRINT 0.04469044879078865
[2023-11-12 01:02:54] PRINT =========
[2023-11-12 01:02:56] PRINT 30
[2023-11-12 01:02:56] PRINT 0.07820135354995728
[2023-11-12 01:02:56] PRINT =========
[2023-11-12 01:02:57] PRINT 32
[2023-11-12 01:02:57] PRINT 0.03604726865887642
[2023-11-12 01:02:57] PRINT =========
[2023-11-12 01:02:59] PRINT 34
[2023-11-12 01:02:59] PRINT 0.12172994017601013
[2023-11-12 01:02:59] PRINT =========
[2023-11-12 01:03:00] PRINT 36
[2023-11-12 01:03:00] PRINT 0.11180257797241211
[2023-11-12 01:03:00] PRINT =========
[2023-11-12 01:03:02] PRINT 38
[2023-11-12 01:03:02] PRINT 0.06805097311735153
[2023-11-12 01:03:02] PRINT =========
[2023-11-12 01:03:03] PRINT 40
[2023-11-12 01:03:03] PRINT 0.040187228471040726
[2023-11-12 01:03:03] PRINT =========
[2023-11-12 01:03:04] PRINT 42
[2023-11-12 01:03:04] PRINT 0.049006760120391846
[2023-11-12 01:03:04] PRINT =========
[2023-11-12 01:03:06] PRINT 44
[2023-11-12 01:03:06] PRINT 0.07334823906421661
[2023-11-12 01:03:06] PRINT =========
[2023-11-12 01:03:07] PRINT 46
[2023-11-12 01:03:07] PRINT 0.07290109992027283
[2023-11-12 01:03:07] PRINT =========
[2023-11-12 01:03:09] PRINT 48
[2023-11-12 01:03:09] PRINT 0.06059783697128296
[2023-11-12 01:03:09] PRINT =========
[2023-11-12 01:03:10] PRINT 50
[2023-11-12 01:03:10] PRINT 0.060165245085954666
[2023-11-12 01:03:10] PRINT =========
[2023-11-12 01:03:12] PRINT 52
[2023-11-12 01:03:12] PRINT 0.08823524415493011
[2023-11-12 01:03:12] PRINT =========
[2023-11-12 01:03:13] PRINT 54
[2023-11-12 01:03:13] PRINT 0.05898108705878258
[2023-11-12 01:03:13] PRINT =========
[2023-11-12 01:03:15] PRINT 56
[2023-11-12 01:03:15] PRINT 0.06424588710069656
[2023-11-12 01:03:15] PRINT =========
[2023-11-12 01:03:16] PRINT 58
[2023-11-12 01:03:16] PRINT 0.03233368694782257
[2023-11-12 01:03:16] PRINT =========
[2023-11-12 01:03:17] PRINT 60
[2023-11-12 01:03:17] PRINT 0.06115450710058212
[2023-11-12 01:03:17] PRINT =========
[2023-11-12 01:03:19] PRINT 62
[2023-11-12 01:03:19] PRINT 0.04054979979991913
[2023-11-12 01:03:19] PRINT =========
[2023-11-12 01:03:21] PRINT 64
[2023-11-12 01:03:21] PRINT 0.030479775741696358
[2023-11-12 01:03:21] PRINT =========
[2023-11-12 01:03:22] PRINT 66
[2023-11-12 01:03:22] PRINT 0.02690444141626358
[2023-11-12 01:03:22] PRINT =========
[2023-11-12 01:03:24] PRINT 68
[2023-11-12 01:03:24] PRINT 0.04075460880994797
[2023-11-12 01:03:24] PRINT =========
[2023-11-12 01:03:25] PRINT 70
[2023-11-12 01:03:25] PRINT 0.03748698532581329
[2023-11-12 01:03:25] PRINT =========
[2023-11-12 01:03:27] PRINT 72
[2023-11-12 01:03:27] PRINT 0.07096802443265915
[2023-11-12 01:03:27] PRINT =========
[2023-11-12 01:03:29] PRINT 74
[2023-11-12 01:03:29] PRINT 0.043532028794288635
[2023-11-12 01:03:29] PRINT =========
[2023-11-12 01:03:30] PRINT 76
[2023-11-12 01:03:30] PRINT 0.06352779269218445
[2023-11-12 01:03:30] PRINT =========
[2023-11-12 01:03:32] PRINT 78
[2023-11-12 01:03:32] PRINT 0.023645814508199692
[2023-11-12 01:03:32] PRINT =========
[2023-11-12 01:03:33] PRINT 80
[2023-11-12 01:03:33] PRINT 0.034546755254268646
[2023-11-12 01:03:33] PRINT =========
[2023-11-12 01:03:35] PRINT 82
[2023-11-12 01:03:35] PRINT 0.061603933572769165
[2023-11-12 01:03:35] PRINT =========
[2023-11-12 01:03:36] PRINT 84
[2023-11-12 01:03:36] PRINT 0.03710489347577095
[2023-11-12 01:03:36] PRINT =========
[2023-11-12 01:03:37] PRINT 86
[2023-11-12 01:03:37] PRINT 0.048465076833963394
[2023-11-12 01:03:37] PRINT =========
[2023-11-12 01:03:39] PRINT 88
[2023-11-12 01:03:39] PRINT 0.05980804190039635
[2023-11-12 01:03:39] PRINT =========
[2023-11-12 01:03:41] PRINT 90
[2023-11-12 01:03:41] PRINT 0.05211504176259041
[2023-11-12 01:03:41] PRINT =========
[2023-11-12 01:03:43] PRINT 92
[2023-11-12 01:03:43] PRINT 0.06309645622968674
[2023-11-12 01:03:43] PRINT =========
[2023-11-12 01:03:44] PRINT 94
[2023-11-12 01:03:44] PRINT 0.03437710553407669
[2023-11-12 01:03:44] PRINT =========
[2023-11-12 01:03:46] PRINT 96
[2023-11-12 01:03:46] PRINT 0.040167681872844696
[2023-11-12 01:03:46] PRINT =========
[2023-11-12 01:03:48] PRINT 98
[2023-11-12 01:03:48] PRINT 0.0948004350066185
[2023-11-12 01:03:48] PRINT =========
[2023-11-12 01:03:49] PRINT 100
[2023-11-12 01:03:49] PRINT 0.04013524204492569
[2023-11-12 01:03:49] PRINT =========
[2023-11-12 01:03:49] PRINT Average PSNR after pre-training: 18.395296802803124
[2023-11-12 01:03:52] PRINT Average PSNR after fine tuning :  nan
