[2023-11-12 00:05:56] INFO (nni.runtime.trial_command_channel.v3/MainThread) Connect to trial command channel http://localhost:8080/env/local-env/YTvAC
[2023-11-12 00:05:56] PRINT Namespace(num_block=8, num_discriminator_blocks=3, conv_kernel_size=3, generator_depth=128, discriminator_depth=64, generator_activation='prelu', discriminator_activation='leakyrelu', LR_path='custom_dataset/train_LR', GT_path='custom_dataset/train_HR', res_num=16, num_workers=0, batch_size=16, L2_coeff=1.0, adv_coeff=0.001, tv_loss_coeff=0.0, pre_train_epoch=100, fine_train_epoch=0, scale=4, patch_size=24, feat_layer='relu5_4', vgg_rescale_coeff=0.006, fine_tuning=False, in_memory=True, generator_path=None, mode='train')
[2023-11-12 00:06:08] PRINT 2
[2023-11-12 00:06:08] PRINT 0.1724667102098465
[2023-11-12 00:06:08] PRINT =========
[2023-11-12 00:06:10] PRINT 4
[2023-11-12 00:06:10] PRINT 0.18408940732479095
[2023-11-12 00:06:10] PRINT =========
[2023-11-12 00:06:11] PRINT 6
[2023-11-12 00:06:11] PRINT 0.11703511327505112
[2023-11-12 00:06:11] PRINT =========
[2023-11-12 00:06:13] PRINT 8
[2023-11-12 00:06:13] PRINT 0.0842161551117897
[2023-11-12 00:06:13] PRINT =========
[2023-11-12 00:06:15] PRINT 10
[2023-11-12 00:06:15] PRINT 0.05728602409362793
[2023-11-12 00:06:15] PRINT =========
[2023-11-12 00:06:16] PRINT 12
[2023-11-12 00:06:16] PRINT 0.10540229082107544
[2023-11-12 00:06:16] PRINT =========
[2023-11-12 00:06:18] PRINT 14
[2023-11-12 00:06:18] PRINT 0.05008137971162796
[2023-11-12 00:06:18] PRINT =========
[2023-11-12 00:06:19] PRINT 16
[2023-11-12 00:06:19] PRINT 0.1591288447380066
[2023-11-12 00:06:19] PRINT =========
[2023-11-12 00:06:21] PRINT 18
[2023-11-12 00:06:21] PRINT 0.05764736235141754
[2023-11-12 00:06:21] PRINT =========
[2023-11-12 00:06:22] PRINT 20
[2023-11-12 00:06:22] PRINT 0.06451162695884705
[2023-11-12 00:06:22] PRINT =========
[2023-11-12 00:06:24] PRINT 22
[2023-11-12 00:06:24] PRINT 0.07477406412363052
[2023-11-12 00:06:24] PRINT =========
[2023-11-12 00:06:25] PRINT 24
[2023-11-12 00:06:25] PRINT 0.02112196944653988
[2023-11-12 00:06:25] PRINT =========
[2023-11-12 00:06:27] PRINT 26
[2023-11-12 00:06:27] PRINT 0.06638364493846893
[2023-11-12 00:06:27] PRINT =========
[2023-11-12 00:06:28] PRINT 28
[2023-11-12 00:06:28] PRINT 0.05148803070187569
[2023-11-12 00:06:28] PRINT =========
[2023-11-12 00:06:30] PRINT 30
[2023-11-12 00:06:30] PRINT 0.05151735618710518
[2023-11-12 00:06:30] PRINT =========
[2023-11-12 00:06:32] PRINT 32
[2023-11-12 00:06:32] PRINT 0.06891228258609772
[2023-11-12 00:06:32] PRINT =========
[2023-11-12 00:06:33] PRINT 34
[2023-11-12 00:06:33] PRINT 0.05027660354971886
[2023-11-12 00:06:33] PRINT =========
[2023-11-12 00:06:34] PRINT 36
[2023-11-12 00:06:34] PRINT 0.0370279885828495
[2023-11-12 00:06:34] PRINT =========
[2023-11-12 00:06:36] PRINT 38
[2023-11-12 00:06:36] PRINT 0.08932283520698547
[2023-11-12 00:06:36] PRINT =========
[2023-11-12 00:06:37] PRINT 40
[2023-11-12 00:06:37] PRINT 0.03640500828623772
[2023-11-12 00:06:37] PRINT =========
[2023-11-12 00:06:38] PRINT 42
[2023-11-12 00:06:38] PRINT 0.049229372292757034
[2023-11-12 00:06:38] PRINT =========
[2023-11-12 00:06:40] PRINT 44
[2023-11-12 00:06:40] PRINT 0.04621283337473869
[2023-11-12 00:06:40] PRINT =========
[2023-11-12 00:06:41] PRINT 46
[2023-11-12 00:06:41] PRINT 0.04314417392015457
[2023-11-12 00:06:41] PRINT =========
[2023-11-12 00:06:43] PRINT 48
[2023-11-12 00:06:43] PRINT 0.05656810104846954
[2023-11-12 00:06:43] PRINT =========
[2023-11-12 00:06:44] PRINT 50
[2023-11-12 00:06:44] PRINT 0.04289562255144119
[2023-11-12 00:06:44] PRINT =========
[2023-11-12 00:06:45] PRINT 52
[2023-11-12 00:06:45] PRINT 0.042322516441345215
[2023-11-12 00:06:45] PRINT =========
[2023-11-12 00:06:47] PRINT 54
[2023-11-12 00:06:47] PRINT 0.03748786076903343
[2023-11-12 00:06:47] PRINT =========
[2023-11-12 00:06:48] PRINT 56
[2023-11-12 00:06:48] PRINT 0.037491004914045334
[2023-11-12 00:06:48] PRINT =========
[2023-11-12 00:06:50] PRINT 58
[2023-11-12 00:06:50] PRINT 0.0331396721303463
[2023-11-12 00:06:50] PRINT =========
[2023-11-12 00:06:51] PRINT 60
[2023-11-12 00:06:51] PRINT 0.04484604671597481
[2023-11-12 00:06:51] PRINT =========
[2023-11-12 00:06:52] PRINT 62
[2023-11-12 00:06:52] PRINT 0.034990206360816956
[2023-11-12 00:06:52] PRINT =========
[2023-11-12 00:06:54] PRINT 64
[2023-11-12 00:06:54] PRINT 0.059737056493759155
[2023-11-12 00:06:54] PRINT =========
[2023-11-12 00:06:55] PRINT 66
[2023-11-12 00:06:55] PRINT 0.057691168040037155
[2023-11-12 00:06:55] PRINT =========
[2023-11-12 00:06:57] PRINT 68
[2023-11-12 00:06:57] PRINT 0.045597996562719345
[2023-11-12 00:06:57] PRINT =========
[2023-11-12 00:06:58] PRINT 70
[2023-11-12 00:06:58] PRINT 0.02506086975336075
[2023-11-12 00:06:58] PRINT =========
[2023-11-12 00:06:59] PRINT 72
[2023-11-12 00:06:59] PRINT 0.05953189358115196
[2023-11-12 00:06:59] PRINT =========
[2023-11-12 00:07:01] PRINT 74
[2023-11-12 00:07:01] PRINT 0.03334031254053116
[2023-11-12 00:07:01] PRINT =========
[2023-11-12 00:07:03] PRINT 76
[2023-11-12 00:07:03] PRINT 0.03788728639483452
[2023-11-12 00:07:03] PRINT =========
[2023-11-12 00:07:04] PRINT 78
[2023-11-12 00:07:04] PRINT 0.056186988949775696
[2023-11-12 00:07:04] PRINT =========
[2023-11-12 00:07:06] PRINT 80
[2023-11-12 00:07:06] PRINT 0.025235094130039215
[2023-11-12 00:07:06] PRINT =========
[2023-11-12 00:07:08] PRINT 82
[2023-11-12 00:07:08] PRINT 0.03904762864112854
[2023-11-12 00:07:08] PRINT =========
[2023-11-12 00:07:09] PRINT 84
[2023-11-12 00:07:09] PRINT 0.026708688586950302
[2023-11-12 00:07:09] PRINT =========
[2023-11-12 00:07:12] PRINT 86
[2023-11-12 00:07:12] PRINT 0.01670427992939949
[2023-11-12 00:07:12] PRINT =========
[2023-11-12 00:07:14] PRINT 88
[2023-11-12 00:07:14] PRINT 0.03468098118901253
[2023-11-12 00:07:14] PRINT =========
[2023-11-12 00:07:15] PRINT 90
[2023-11-12 00:07:16] PRINT 0.02716054767370224
[2023-11-12 00:07:16] PRINT =========
[2023-11-12 00:07:17] PRINT 92
[2023-11-12 00:07:17] PRINT 0.044234443455934525
[2023-11-12 00:07:17] PRINT =========
[2023-11-12 00:07:19] PRINT 94
[2023-11-12 00:07:19] PRINT 0.017702186480164528
[2023-11-12 00:07:19] PRINT =========
[2023-11-12 00:07:20] PRINT 96
[2023-11-12 00:07:20] PRINT 0.031017113476991653
[2023-11-12 00:07:20] PRINT =========
[2023-11-12 00:07:22] PRINT 98
[2023-11-12 00:07:22] PRINT 0.048592135310173035
[2023-11-12 00:07:22] PRINT =========
[2023-11-12 00:07:24] PRINT 100
[2023-11-12 00:07:24] PRINT 0.02361443266272545
[2023-11-12 00:07:24] PRINT =========
[2023-11-12 00:07:24] PRINT Average PSNR after pre-training: 19.70314836528578
[2023-11-12 00:07:29] PRINT Average PSNR after fine tuning :  nan
