[2023-11-12 00:15:52] INFO (nni.runtime.trial_command_channel.v3/MainThread) Connect to trial command channel http://localhost:8080/env/local-env/IuM5t
[2023-11-12 00:15:52] PRINT Namespace(num_block=8, num_discriminator_blocks=4, conv_kernel_size=5, generator_depth=128, discriminator_depth=128, generator_activation='prelu', discriminator_activation='leakyrelu', LR_path='custom_dataset/train_LR', GT_path='custom_dataset/train_HR', res_num=16, num_workers=0, batch_size=16, L2_coeff=1.0, adv_coeff=0.001, tv_loss_coeff=0.0, pre_train_epoch=100, fine_train_epoch=0, scale=4, patch_size=24, feat_layer='relu5_4', vgg_rescale_coeff=0.006, fine_tuning=False, in_memory=True, generator_path=None, mode='train')
[2023-11-12 00:16:02] PRINT 2
[2023-11-12 00:16:02] PRINT 0.12404445558786392
[2023-11-12 00:16:02] PRINT =========
[2023-11-12 00:16:03] PRINT 4
[2023-11-12 00:16:03] PRINT 0.10564468055963516
[2023-11-12 00:16:03] PRINT =========
[2023-11-12 00:16:05] PRINT 6
[2023-11-12 00:16:05] PRINT 0.12143320590257645
[2023-11-12 00:16:05] PRINT =========
[2023-11-12 00:16:06] PRINT 8
[2023-11-12 00:16:06] PRINT 0.10883698612451553
[2023-11-12 00:16:06] PRINT =========
[2023-11-12 00:16:08] PRINT 10
[2023-11-12 00:16:08] PRINT 0.23823203146457672
[2023-11-12 00:16:08] PRINT =========
[2023-11-12 00:16:09] PRINT 12
[2023-11-12 00:16:09] PRINT 0.06962379068136215
[2023-11-12 00:16:09] PRINT =========
[2023-11-12 00:16:10] PRINT 14
[2023-11-12 00:16:10] PRINT 0.04020748287439346
[2023-11-12 00:16:10] PRINT =========
[2023-11-12 00:16:12] PRINT 16
[2023-11-12 00:16:12] PRINT 0.1479226052761078
[2023-11-12 00:16:12] PRINT =========
[2023-11-12 00:16:13] PRINT 18
[2023-11-12 00:16:13] PRINT 0.09657702594995499
[2023-11-12 00:16:13] PRINT =========
[2023-11-12 00:16:15] PRINT 20
[2023-11-12 00:16:15] PRINT 0.07948604226112366
[2023-11-12 00:16:15] PRINT =========
[2023-11-12 00:16:16] PRINT 22
[2023-11-12 00:16:16] PRINT 0.044106438755989075
[2023-11-12 00:16:16] PRINT =========
[2023-11-12 00:16:18] PRINT 24
[2023-11-12 00:16:18] PRINT 0.055386871099472046
[2023-11-12 00:16:18] PRINT =========
[2023-11-12 00:16:19] PRINT 26
[2023-11-12 00:16:19] PRINT 0.14746759831905365
[2023-11-12 00:16:19] PRINT =========
[2023-11-12 00:16:21] PRINT 28
[2023-11-12 00:16:21] PRINT 0.07584546506404877
[2023-11-12 00:16:21] PRINT =========
[2023-11-12 00:16:22] PRINT 30
[2023-11-12 00:16:22] PRINT 0.047859758138656616
[2023-11-12 00:16:22] PRINT =========
[2023-11-12 00:16:24] PRINT 32
[2023-11-12 00:16:24] PRINT 0.08928407728672028
[2023-11-12 00:16:24] PRINT =========
[2023-11-12 00:16:26] PRINT 34
[2023-11-12 00:16:26] PRINT 0.06690309196710587
[2023-11-12 00:16:26] PRINT =========
[2023-11-12 00:16:27] PRINT 36
[2023-11-12 00:16:27] PRINT 0.0346805565059185
[2023-11-12 00:16:27] PRINT =========
[2023-11-12 00:16:29] PRINT 38
[2023-11-12 00:16:29] PRINT 0.0637805238366127
[2023-11-12 00:16:29] PRINT =========
[2023-11-12 00:16:30] PRINT 40
[2023-11-12 00:16:30] PRINT 0.04266607016324997
[2023-11-12 00:16:30] PRINT =========
[2023-11-12 00:16:32] PRINT 42
[2023-11-12 00:16:32] PRINT 0.03978297486901283
[2023-11-12 00:16:32] PRINT =========
[2023-11-12 00:16:34] PRINT 44
[2023-11-12 00:16:34] PRINT 0.04185359552502632
[2023-11-12 00:16:34] PRINT =========
[2023-11-12 00:16:35] PRINT 46
[2023-11-12 00:16:35] PRINT 0.04686596244573593
[2023-11-12 00:16:35] PRINT =========
[2023-11-12 00:16:37] PRINT 48
[2023-11-12 00:16:37] PRINT 0.029062094166874886
[2023-11-12 00:16:37] PRINT =========
[2023-11-12 00:16:38] PRINT 50
[2023-11-12 00:16:38] PRINT 0.04450174793601036
[2023-11-12 00:16:38] PRINT =========
[2023-11-12 00:16:40] PRINT 52
[2023-11-12 00:16:40] PRINT 0.07513359189033508
[2023-11-12 00:16:40] PRINT =========
[2023-11-12 00:16:41] PRINT 54
[2023-11-12 00:16:41] PRINT 0.024782052263617516
[2023-11-12 00:16:41] PRINT =========
[2023-11-12 00:16:43] PRINT 56
[2023-11-12 00:16:43] PRINT 0.08293720334768295
[2023-11-12 00:16:43] PRINT =========
[2023-11-12 00:16:44] PRINT 58
[2023-11-12 00:16:44] PRINT 0.03838708996772766
[2023-11-12 00:16:44] PRINT =========
[2023-11-12 00:16:46] PRINT 60
[2023-11-12 00:16:46] PRINT 0.05357152596116066
[2023-11-12 00:16:46] PRINT =========
[2023-11-12 00:16:48] PRINT 62
[2023-11-12 00:16:48] PRINT 0.04466545209288597
[2023-11-12 00:16:48] PRINT =========
[2023-11-12 00:16:49] PRINT 64
[2023-11-12 00:16:49] PRINT 0.03180487081408501
[2023-11-12 00:16:49] PRINT =========
[2023-11-12 00:16:51] PRINT 66
[2023-11-12 00:16:51] PRINT 0.04185531660914421
[2023-11-12 00:16:51] PRINT =========
[2023-11-12 00:16:52] PRINT 68
[2023-11-12 00:16:52] PRINT 0.0698152482509613
[2023-11-12 00:16:52] PRINT =========
[2023-11-12 00:16:54] PRINT 70
[2023-11-12 00:16:54] PRINT 0.024883225560188293
[2023-11-12 00:16:54] PRINT =========
[2023-11-12 00:16:56] PRINT 72
[2023-11-12 00:16:56] PRINT 0.02071014791727066
[2023-11-12 00:16:56] PRINT =========
[2023-11-12 00:16:57] PRINT 74
[2023-11-12 00:16:57] PRINT 0.01955314911901951
[2023-11-12 00:16:57] PRINT =========
[2023-11-12 00:16:59] PRINT 76
[2023-11-12 00:16:59] PRINT 0.03502791374921799
[2023-11-12 00:16:59] PRINT =========
[2023-11-12 00:17:00] PRINT 78
[2023-11-12 00:17:00] PRINT 0.03657763823866844
[2023-11-12 00:17:00] PRINT =========
[2023-11-12 00:17:02] PRINT 80
[2023-11-12 00:17:02] PRINT 0.03735557198524475
[2023-11-12 00:17:02] PRINT =========
[2023-11-12 00:17:04] PRINT 82
[2023-11-12 00:17:04] PRINT 0.035269349813461304
[2023-11-12 00:17:04] PRINT =========
[2023-11-12 00:17:05] PRINT 84
[2023-11-12 00:17:05] PRINT 0.043542295694351196
[2023-11-12 00:17:05] PRINT =========
[2023-11-12 00:17:07] PRINT 86
[2023-11-12 00:17:07] PRINT 0.02376420795917511
[2023-11-12 00:17:07] PRINT =========
[2023-11-12 00:17:08] PRINT 88
[2023-11-12 00:17:08] PRINT 0.04437326639890671
[2023-11-12 00:17:08] PRINT =========
[2023-11-12 00:17:10] PRINT 90
[2023-11-12 00:17:10] PRINT 0.02794489450752735
[2023-11-12 00:17:10] PRINT =========
[2023-11-12 00:17:11] PRINT 92
[2023-11-12 00:17:12] PRINT 0.040947381407022476
[2023-11-12 00:17:12] PRINT =========
[2023-11-12 00:17:13] PRINT 94
[2023-11-12 00:17:13] PRINT 0.060063786804676056
[2023-11-12 00:17:13] PRINT =========
[2023-11-12 00:17:15] PRINT 96
[2023-11-12 00:17:15] PRINT 0.027408435940742493
[2023-11-12 00:17:15] PRINT =========
[2023-11-12 00:17:16] PRINT 98
[2023-11-12 00:17:16] PRINT 0.0257326140999794
[2023-11-12 00:17:16] PRINT =========
[2023-11-12 00:17:18] PRINT 100
[2023-11-12 00:17:18] PRINT 0.05653351917862892
[2023-11-12 00:17:18] PRINT =========
[2023-11-12 00:17:18] PRINT Average PSNR after pre-training: 19.4968614799983
[2023-11-12 00:17:23] PRINT Average PSNR after fine tuning :  nan
