[2023-11-12 00:47:35] INFO (nni.runtime.trial_command_channel.v3/MainThread) Connect to trial command channel http://localhost:8080/env/local-env/ySFg1
[2023-11-12 00:47:35] PRINT Namespace(num_block=8, num_discriminator_blocks=3, conv_kernel_size=5, generator_depth=128, discriminator_depth=128, generator_activation='relu', discriminator_activation='leakyrelu', LR_path='custom_dataset/train_LR', GT_path='custom_dataset/train_HR', res_num=16, num_workers=0, batch_size=16, L2_coeff=1.0, adv_coeff=0.001, tv_loss_coeff=0.0, pre_train_epoch=100, fine_train_epoch=0, scale=4, patch_size=24, feat_layer='relu5_4', vgg_rescale_coeff=0.006, fine_tuning=False, in_memory=True, generator_path=None, mode='train')
[2023-11-12 00:47:45] PRINT 2
[2023-11-12 00:47:45] PRINT 0.11570680141448975
[2023-11-12 00:47:45] PRINT =========
[2023-11-12 00:47:47] PRINT 4
[2023-11-12 00:47:47] PRINT 0.11338392645120621
[2023-11-12 00:47:47] PRINT =========
[2023-11-12 00:47:48] PRINT 6
[2023-11-12 00:47:48] PRINT 0.10713354498147964
[2023-11-12 00:47:48] PRINT =========
[2023-11-12 00:47:51] PRINT 8
[2023-11-12 00:47:51] PRINT 0.09947768598794937
[2023-11-12 00:47:51] PRINT =========
[2023-11-12 00:47:53] PRINT 10
[2023-11-12 00:47:53] PRINT 0.10729417204856873
[2023-11-12 00:47:53] PRINT =========
[2023-11-12 00:47:56] PRINT 12
[2023-11-12 00:47:56] PRINT 0.10439367592334747
[2023-11-12 00:47:56] PRINT =========
[2023-11-12 00:47:59] PRINT 14
[2023-11-12 00:47:59] PRINT 0.09313526749610901
[2023-11-12 00:47:59] PRINT =========
[2023-11-12 00:48:01] PRINT 16
[2023-11-12 00:48:01] PRINT 0.05347977951169014
[2023-11-12 00:48:01] PRINT =========
[2023-11-12 00:48:02] PRINT 18
[2023-11-12 00:48:02] PRINT 0.07169411331415176
[2023-11-12 00:48:02] PRINT =========
[2023-11-12 00:48:04] PRINT 20
[2023-11-12 00:48:04] PRINT 0.1884051114320755
[2023-11-12 00:48:04] PRINT =========
[2023-11-12 00:48:05] PRINT 22
[2023-11-12 00:48:05] PRINT 0.044577404856681824
[2023-11-12 00:48:05] PRINT =========
[2023-11-12 00:48:07] PRINT 24
[2023-11-12 00:48:07] PRINT 0.06747714430093765
[2023-11-12 00:48:07] PRINT =========
[2023-11-12 00:48:08] PRINT 26
[2023-11-12 00:48:08] PRINT 0.06555114686489105
[2023-11-12 00:48:08] PRINT =========
[2023-11-12 00:48:10] PRINT 28
[2023-11-12 00:48:10] PRINT 0.0483558252453804
[2023-11-12 00:48:10] PRINT =========
[2023-11-12 00:48:12] PRINT 30
[2023-11-12 00:48:12] PRINT 0.06091161444783211
[2023-11-12 00:48:12] PRINT =========
[2023-11-12 00:48:14] PRINT 32
[2023-11-12 00:48:14] PRINT 0.030279941856861115
[2023-11-12 00:48:14] PRINT =========
[2023-11-12 00:48:15] PRINT 34
[2023-11-12 00:48:15] PRINT 0.05461747944355011
[2023-11-12 00:48:15] PRINT =========
[2023-11-12 00:48:17] PRINT 36
[2023-11-12 00:48:17] PRINT 0.0550711564719677
[2023-11-12 00:48:17] PRINT =========
[2023-11-12 00:48:18] PRINT 38
[2023-11-12 00:48:18] PRINT 0.07439320534467697
[2023-11-12 00:48:18] PRINT =========
[2023-11-12 00:48:20] PRINT 40
[2023-11-12 00:48:20] PRINT 0.048340246081352234
[2023-11-12 00:48:20] PRINT =========
[2023-11-12 00:48:21] PRINT 42
[2023-11-12 00:48:21] PRINT 0.07236279547214508
[2023-11-12 00:48:21] PRINT =========
[2023-11-12 00:48:23] PRINT 44
[2023-11-12 00:48:23] PRINT 0.052048277109861374
[2023-11-12 00:48:23] PRINT =========
[2023-11-12 00:48:24] PRINT 46
[2023-11-12 00:48:24] PRINT 0.055095281451940536
[2023-11-12 00:48:24] PRINT =========
[2023-11-12 00:48:26] PRINT 48
[2023-11-12 00:48:26] PRINT 0.056288983672857285
[2023-11-12 00:48:26] PRINT =========
[2023-11-12 00:48:27] PRINT 50
[2023-11-12 00:48:27] PRINT 0.06359592825174332
[2023-11-12 00:48:27] PRINT =========
[2023-11-12 00:48:29] PRINT 52
[2023-11-12 00:48:29] PRINT 0.06407995522022247
[2023-11-12 00:48:29] PRINT =========
[2023-11-12 00:48:30] PRINT 54
[2023-11-12 00:48:30] PRINT 0.07728448510169983
[2023-11-12 00:48:30] PRINT =========
[2023-11-12 00:48:32] PRINT 56
[2023-11-12 00:48:32] PRINT 0.03326072543859482
[2023-11-12 00:48:32] PRINT =========
[2023-11-12 00:48:33] PRINT 58
[2023-11-12 00:48:33] PRINT 0.06990667432546616
[2023-11-12 00:48:33] PRINT =========
[2023-11-12 00:48:35] PRINT 60
[2023-11-12 00:48:35] PRINT 0.08507747948169708
[2023-11-12 00:48:35] PRINT =========
[2023-11-12 00:48:36] PRINT 62
[2023-11-12 00:48:36] PRINT 0.04750104248523712
[2023-11-12 00:48:36] PRINT =========
[2023-11-12 00:48:38] PRINT 64
[2023-11-12 00:48:38] PRINT 0.04893920198082924
[2023-11-12 00:48:38] PRINT =========
[2023-11-12 00:48:39] PRINT 66
[2023-11-12 00:48:39] PRINT 0.031617965549230576
[2023-11-12 00:48:39] PRINT =========
[2023-11-12 00:48:41] PRINT 68
[2023-11-12 00:48:41] PRINT 0.029976531863212585
[2023-11-12 00:48:41] PRINT =========
[2023-11-12 00:48:42] PRINT 70
[2023-11-12 00:48:42] PRINT 0.041593000292778015
[2023-11-12 00:48:42] PRINT =========
[2023-11-12 00:48:44] PRINT 72
[2023-11-12 00:48:44] PRINT 0.08783301711082458
[2023-11-12 00:48:44] PRINT =========
[2023-11-12 00:48:45] PRINT 74
[2023-11-12 00:48:45] PRINT 0.04208454117178917
[2023-11-12 00:48:45] PRINT =========
[2023-11-12 00:48:47] PRINT 76
[2023-11-12 00:48:47] PRINT 0.020290562883019447
[2023-11-12 00:48:47] PRINT =========
[2023-11-12 00:48:48] PRINT 78
[2023-11-12 00:48:48] PRINT 0.036931734532117844
[2023-11-12 00:48:48] PRINT =========
[2023-11-12 00:48:50] PRINT 80
[2023-11-12 00:48:50] PRINT 0.03564203530550003
[2023-11-12 00:48:50] PRINT =========
[2023-11-12 00:48:51] PRINT 82
[2023-11-12 00:48:51] PRINT 0.049364276230335236
[2023-11-12 00:48:51] PRINT =========
[2023-11-12 00:48:53] PRINT 84
[2023-11-12 00:48:53] PRINT 0.03140992298722267
[2023-11-12 00:48:53] PRINT =========
[2023-11-12 00:48:54] PRINT 86
[2023-11-12 00:48:54] PRINT 0.03610740974545479
[2023-11-12 00:48:54] PRINT =========
[2023-11-12 00:48:56] PRINT 88
[2023-11-12 00:48:56] PRINT 0.024178046733140945
[2023-11-12 00:48:56] PRINT =========
[2023-11-12 00:48:57] PRINT 90
[2023-11-12 00:48:57] PRINT 0.04570787027478218
[2023-11-12 00:48:57] PRINT =========
[2023-11-12 00:48:59] PRINT 92
[2023-11-12 00:48:59] PRINT 0.051353443413972855
[2023-11-12 00:48:59] PRINT =========
[2023-11-12 00:49:00] PRINT 94
[2023-11-12 00:49:00] PRINT 0.05469042807817459
[2023-11-12 00:49:00] PRINT =========
[2023-11-12 00:49:02] PRINT 96
[2023-11-12 00:49:02] PRINT 0.057419873774051666
[2023-11-12 00:49:02] PRINT =========
[2023-11-12 00:49:03] PRINT 98
[2023-11-12 00:49:03] PRINT 0.04389019310474396
[2023-11-12 00:49:03] PRINT =========
[2023-11-12 00:49:05] PRINT 100
[2023-11-12 00:49:05] PRINT 0.030850818380713463
[2023-11-12 00:49:05] PRINT =========
[2023-11-12 00:49:05] PRINT Average PSNR after pre-training: 19.04647819221537
[2023-11-12 00:49:09] PRINT Average PSNR after fine tuning :  nan
