[2023-11-12 01:04:00] INFO (nni.runtime.trial_command_channel.v3/MainThread) Connect to trial command channel http://localhost:8080/env/local-env/RJxpD
[2023-11-12 01:04:00] PRINT Namespace(num_block=8, num_discriminator_blocks=4, conv_kernel_size=5, generator_depth=64, discriminator_depth=128, generator_activation='relu', discriminator_activation='leakyrelu', LR_path='custom_dataset/train_LR', GT_path='custom_dataset/train_HR', res_num=16, num_workers=0, batch_size=16, L2_coeff=1.0, adv_coeff=0.001, tv_loss_coeff=0.0, pre_train_epoch=100, fine_train_epoch=0, scale=4, patch_size=24, feat_layer='relu5_4', vgg_rescale_coeff=0.006, fine_tuning=False, in_memory=True, generator_path=None, mode='train')
[2023-11-12 01:04:08] PRINT 2
[2023-11-12 01:04:08] PRINT 0.2636812627315521
[2023-11-12 01:04:08] PRINT =========
[2023-11-12 01:04:09] PRINT 4
[2023-11-12 01:04:09] PRINT 0.15874792635440826
[2023-11-12 01:04:09] PRINT =========
[2023-11-12 01:04:10] PRINT 6
[2023-11-12 01:04:10] PRINT 0.13237158954143524
[2023-11-12 01:04:10] PRINT =========
[2023-11-12 01:04:12] PRINT 8
[2023-11-12 01:04:12] PRINT 0.10156895220279694
[2023-11-12 01:04:12] PRINT =========
[2023-11-12 01:04:13] PRINT 10
[2023-11-12 01:04:13] PRINT 0.09258148819208145
[2023-11-12 01:04:13] PRINT =========
[2023-11-12 01:04:15] PRINT 12
[2023-11-12 01:04:15] PRINT 0.1717846691608429
[2023-11-12 01:04:15] PRINT =========
[2023-11-12 01:04:16] PRINT 14
[2023-11-12 01:04:16] PRINT 0.06008143723011017
[2023-11-12 01:04:16] PRINT =========
[2023-11-12 01:04:17] PRINT 16
[2023-11-12 01:04:17] PRINT 0.2896801829338074
[2023-11-12 01:04:17] PRINT =========
[2023-11-12 01:04:19] PRINT 18
[2023-11-12 01:04:19] PRINT 0.16084741055965424
[2023-11-12 01:04:19] PRINT =========
[2023-11-12 01:04:20] PRINT 20
[2023-11-12 01:04:20] PRINT 0.10388538986444473
[2023-11-12 01:04:20] PRINT =========
[2023-11-12 01:04:22] PRINT 22
[2023-11-12 01:04:22] PRINT 0.09015367925167084
[2023-11-12 01:04:22] PRINT =========
[2023-11-12 01:04:23] PRINT 24
[2023-11-12 01:04:23] PRINT 0.08795881271362305
[2023-11-12 01:04:23] PRINT =========
[2023-11-12 01:04:24] PRINT 26
[2023-11-12 01:04:24] PRINT 0.12322429567575455
[2023-11-12 01:04:24] PRINT =========
[2023-11-12 01:04:26] PRINT 28
[2023-11-12 01:04:26] PRINT 0.16015951335430145
[2023-11-12 01:04:26] PRINT =========
[2023-11-12 01:04:27] PRINT 30
[2023-11-12 01:04:27] PRINT 0.06941234320402145
[2023-11-12 01:04:27] PRINT =========
[2023-11-12 01:04:29] PRINT 32
[2023-11-12 01:04:29] PRINT 0.10970111191272736
[2023-11-12 01:04:29] PRINT =========
[2023-11-12 01:04:30] PRINT 34
[2023-11-12 01:04:30] PRINT 0.09404373168945312
[2023-11-12 01:04:30] PRINT =========
[2023-11-12 01:04:31] PRINT 36
[2023-11-12 01:04:31] PRINT 0.07469944655895233
[2023-11-12 01:04:31] PRINT =========
[2023-11-12 01:04:33] PRINT 38
[2023-11-12 01:04:33] PRINT 0.07095106691122055
[2023-11-12 01:04:33] PRINT =========
[2023-11-12 01:04:34] PRINT 40
[2023-11-12 01:04:34] PRINT 0.09488529711961746
[2023-11-12 01:04:34] PRINT =========
[2023-11-12 01:04:36] PRINT 42
[2023-11-12 01:04:36] PRINT 0.03297720104455948
[2023-11-12 01:04:36] PRINT =========
[2023-11-12 01:04:38] PRINT 44
[2023-11-12 01:04:38] PRINT 0.05385630577802658
[2023-11-12 01:04:38] PRINT =========
[2023-11-12 01:04:39] PRINT 46
[2023-11-12 01:04:39] PRINT 0.09090976417064667
[2023-11-12 01:04:39] PRINT =========
[2023-11-12 01:04:41] PRINT 48
[2023-11-12 01:04:41] PRINT 0.038861457258462906
[2023-11-12 01:04:41] PRINT =========
[2023-11-12 01:04:42] PRINT 50
[2023-11-12 01:04:42] PRINT 0.0478651225566864
[2023-11-12 01:04:42] PRINT =========
[2023-11-12 01:04:44] PRINT 52
[2023-11-12 01:04:44] PRINT 0.06450413912534714
[2023-11-12 01:04:44] PRINT =========
[2023-11-12 01:04:45] PRINT 54
[2023-11-12 01:04:45] PRINT 0.06669676303863525
[2023-11-12 01:04:45] PRINT =========
[2023-11-12 01:04:47] PRINT 56
[2023-11-12 01:04:47] PRINT 0.06788419932126999
[2023-11-12 01:04:47] PRINT =========
[2023-11-12 01:04:48] PRINT 58
[2023-11-12 01:04:48] PRINT 0.09074562788009644
[2023-11-12 01:04:48] PRINT =========
[2023-11-12 01:04:49] PRINT 60
[2023-11-12 01:04:49] PRINT 0.06020984426140785
[2023-11-12 01:04:49] PRINT =========
[2023-11-12 01:04:51] PRINT 62
[2023-11-12 01:04:51] PRINT 0.03265847638249397
[2023-11-12 01:04:51] PRINT =========
[2023-11-12 01:04:53] PRINT 64
[2023-11-12 01:04:53] PRINT 0.03297731280326843
[2023-11-12 01:04:53] PRINT =========
[2023-11-12 01:04:54] PRINT 66
[2023-11-12 01:04:54] PRINT 0.04831273481249809
[2023-11-12 01:04:54] PRINT =========
[2023-11-12 01:04:56] PRINT 68
[2023-11-12 01:04:56] PRINT 0.04454189911484718
[2023-11-12 01:04:56] PRINT =========
[2023-11-12 01:04:58] PRINT 70
[2023-11-12 01:04:58] PRINT 0.04454195871949196
[2023-11-12 01:04:58] PRINT =========
[2023-11-12 01:04:59] PRINT 72
[2023-11-12 01:04:59] PRINT 0.02842937782406807
[2023-11-12 01:04:59] PRINT =========
[2023-11-12 01:05:01] PRINT 74
[2023-11-12 01:05:01] PRINT 0.03991927206516266
[2023-11-12 01:05:01] PRINT =========
[2023-11-12 01:05:03] PRINT 76
[2023-11-12 01:05:03] PRINT 0.0292985662817955
[2023-11-12 01:05:03] PRINT =========
[2023-11-12 01:05:04] PRINT 78
[2023-11-12 01:05:04] PRINT 0.08256754279136658
[2023-11-12 01:05:04] PRINT =========
[2023-11-12 01:05:06] PRINT 80
[2023-11-12 01:05:06] PRINT 0.04940607771277428
[2023-11-12 01:05:06] PRINT =========
[2023-11-12 01:05:07] PRINT 82
[2023-11-12 01:05:07] PRINT 0.09308900684118271
[2023-11-12 01:05:07] PRINT =========
[2023-11-12 01:05:09] PRINT 84
[2023-11-12 01:05:09] PRINT 0.03233395889401436
[2023-11-12 01:05:09] PRINT =========
[2023-11-12 01:05:10] PRINT 86
[2023-11-12 01:05:10] PRINT 0.02077624946832657
[2023-11-12 01:05:10] PRINT =========
[2023-11-12 01:05:12] PRINT 88
[2023-11-12 01:05:12] PRINT 0.06648338586091995
[2023-11-12 01:05:12] PRINT =========
[2023-11-12 01:05:13] PRINT 90
[2023-11-12 01:05:13] PRINT 0.024702725932002068
[2023-11-12 01:05:13] PRINT =========
[2023-11-12 01:05:15] PRINT 92
[2023-11-12 01:05:15] PRINT 0.18102215230464935
[2023-11-12 01:05:15] PRINT =========
[2023-11-12 01:05:16] PRINT 94
[2023-11-12 01:05:16] PRINT 0.03135080263018608
[2023-11-12 01:05:16] PRINT =========
[2023-11-12 01:05:17] PRINT 96
[2023-11-12 01:05:17] PRINT 0.05686211958527565
[2023-11-12 01:05:17] PRINT =========
[2023-11-12 01:05:19] PRINT 98
[2023-11-12 01:05:19] PRINT 0.03916895017027855
[2023-11-12 01:05:19] PRINT =========
[2023-11-12 01:05:20] PRINT 100
[2023-11-12 01:05:20] PRINT 0.04045344144105911
[2023-11-12 01:05:20] PRINT =========
[2023-11-12 01:05:20] PRINT Average PSNR after pre-training: 18.29945105344015
[2023-11-12 01:05:26] PRINT Average PSNR after fine tuning :  nan
