[2023-11-12 01:00:44] INFO (nni.runtime.trial_command_channel.v3/MainThread) Connect to trial command channel http://localhost:8080/env/local-env/VepcG
[2023-11-12 01:00:44] PRINT Namespace(num_block=16, num_discriminator_blocks=4, conv_kernel_size=3, generator_depth=128, discriminator_depth=64, generator_activation='prelu', discriminator_activation='leakyrelu', LR_path='custom_dataset/train_LR', GT_path='custom_dataset/train_HR', res_num=16, num_workers=0, batch_size=16, L2_coeff=1.0, adv_coeff=0.001, tv_loss_coeff=0.0, pre_train_epoch=100, fine_train_epoch=0, scale=4, patch_size=24, feat_layer='relu5_4', vgg_rescale_coeff=0.006, fine_tuning=False, in_memory=True, generator_path=None, mode='train')
[2023-11-12 01:00:52] PRINT 2
[2023-11-12 01:00:52] PRINT 0.08372783660888672
[2023-11-12 01:00:52] PRINT =========
[2023-11-12 01:00:53] PRINT 4
[2023-11-12 01:00:53] PRINT 0.12651166319847107
[2023-11-12 01:00:53] PRINT =========
[2023-11-12 01:00:55] PRINT 6
[2023-11-12 01:00:55] PRINT 0.17535898089408875
[2023-11-12 01:00:55] PRINT =========
[2023-11-12 01:00:57] PRINT 8
[2023-11-12 01:00:57] PRINT 0.14459188282489777
[2023-11-12 01:00:57] PRINT =========
[2023-11-12 01:00:58] PRINT 10
[2023-11-12 01:00:58] PRINT 0.175144761800766
[2023-11-12 01:00:58] PRINT =========
[2023-11-12 01:01:00] PRINT 12
[2023-11-12 01:01:00] PRINT 0.07074480503797531
[2023-11-12 01:01:00] PRINT =========
[2023-11-12 01:01:01] PRINT 14
[2023-11-12 01:01:02] PRINT 0.05970406532287598
[2023-11-12 01:01:02] PRINT =========
[2023-11-12 01:01:03] PRINT 16
[2023-11-12 01:01:03] PRINT 0.06518303602933884
[2023-11-12 01:01:03] PRINT =========
[2023-11-12 01:01:05] PRINT 18
[2023-11-12 01:01:05] PRINT 0.04172440245747566
[2023-11-12 01:01:05] PRINT =========
[2023-11-12 01:01:07] PRINT 20
[2023-11-12 01:01:07] PRINT 0.04495806619524956
[2023-11-12 01:01:07] PRINT =========
[2023-11-12 01:01:09] PRINT 22
[2023-11-12 01:01:09] PRINT 0.06188935041427612
[2023-11-12 01:01:09] PRINT =========
[2023-11-12 01:01:11] PRINT 24
[2023-11-12 01:01:11] PRINT 0.08035317808389664
[2023-11-12 01:01:11] PRINT =========
[2023-11-12 01:01:12] PRINT 26
[2023-11-12 01:01:12] PRINT 0.048540662974119186
[2023-11-12 01:01:12] PRINT =========
[2023-11-12 01:01:14] PRINT 28
[2023-11-12 01:01:14] PRINT 0.05200618505477905
[2023-11-12 01:01:14] PRINT =========
[2023-11-12 01:01:16] PRINT 30
[2023-11-12 01:01:16] PRINT 0.10655194520950317
[2023-11-12 01:01:16] PRINT =========
[2023-11-12 01:01:17] PRINT 32
[2023-11-12 01:01:17] PRINT 0.09726031869649887
[2023-11-12 01:01:17] PRINT =========
[2023-11-12 01:01:19] PRINT 34
[2023-11-12 01:01:19] PRINT 0.02825552597641945
[2023-11-12 01:01:19] PRINT =========
[2023-11-12 01:01:20] PRINT 36
[2023-11-12 01:01:20] PRINT 0.08407190442085266
[2023-11-12 01:01:20] PRINT =========
[2023-11-12 01:01:22] PRINT 38
[2023-11-12 01:01:22] PRINT 0.03801238164305687
[2023-11-12 01:01:22] PRINT =========
[2023-11-12 01:01:23] PRINT 40
[2023-11-12 01:01:23] PRINT 0.042696546763181686
[2023-11-12 01:01:23] PRINT =========
[2023-11-12 01:01:25] PRINT 42
[2023-11-12 01:01:25] PRINT 0.04701283201575279
[2023-11-12 01:01:25] PRINT =========
[2023-11-12 01:01:27] PRINT 44
[2023-11-12 01:01:27] PRINT 0.06355439871549606
[2023-11-12 01:01:27] PRINT =========
[2023-11-12 01:01:28] PRINT 46
[2023-11-12 01:01:28] PRINT 0.0689724013209343
[2023-11-12 01:01:28] PRINT =========
[2023-11-12 01:01:30] PRINT 48
[2023-11-12 01:01:30] PRINT 0.03859958052635193
[2023-11-12 01:01:30] PRINT =========
[2023-11-12 01:01:32] PRINT 50
[2023-11-12 01:01:32] PRINT 0.028903601691126823
[2023-11-12 01:01:32] PRINT =========
[2023-11-12 01:01:33] PRINT 52
[2023-11-12 01:01:33] PRINT 0.0439392626285553
[2023-11-12 01:01:33] PRINT =========
[2023-11-12 01:01:35] PRINT 54
[2023-11-12 01:01:35] PRINT 0.03794529661536217
[2023-11-12 01:01:35] PRINT =========
[2023-11-12 01:01:37] PRINT 56
[2023-11-12 01:01:37] PRINT 0.047414593398571014
[2023-11-12 01:01:37] PRINT =========
[2023-11-12 01:01:38] PRINT 58
[2023-11-12 01:01:38] PRINT 0.027975045144557953
[2023-11-12 01:01:38] PRINT =========
[2023-11-12 01:01:40] PRINT 60
[2023-11-12 01:01:40] PRINT 0.03899329528212547
[2023-11-12 01:01:40] PRINT =========
[2023-11-12 01:01:42] PRINT 62
[2023-11-12 01:01:42] PRINT 0.040193311870098114
[2023-11-12 01:01:42] PRINT =========
[2023-11-12 01:01:43] PRINT 64
[2023-11-12 01:01:43] PRINT 0.05520625784993172
[2023-11-12 01:01:43] PRINT =========
[2023-11-12 01:01:45] PRINT 66
[2023-11-12 01:01:45] PRINT 0.03615278750658035
[2023-11-12 01:01:45] PRINT =========
[2023-11-12 01:01:46] PRINT 68
[2023-11-12 01:01:46] PRINT 0.03963564708828926
[2023-11-12 01:01:46] PRINT =========
[2023-11-12 01:01:48] PRINT 70
[2023-11-12 01:01:48] PRINT 0.02242537960410118
[2023-11-12 01:01:48] PRINT =========
[2023-11-12 01:01:49] PRINT 72
[2023-11-12 01:01:49] PRINT 0.032982829958200455
[2023-11-12 01:01:49] PRINT =========
[2023-11-12 01:01:51] PRINT 74
[2023-11-12 01:01:51] PRINT 0.061861734837293625
[2023-11-12 01:01:51] PRINT =========
[2023-11-12 01:01:53] PRINT 76
[2023-11-12 01:01:53] PRINT 0.032663196325302124
[2023-11-12 01:01:53] PRINT =========
[2023-11-12 01:01:55] PRINT 78
[2023-11-12 01:01:55] PRINT 0.03612012788653374
[2023-11-12 01:01:55] PRINT =========
[2023-11-12 01:01:57] PRINT 80
[2023-11-12 01:01:57] PRINT 0.03237687051296234
[2023-11-12 01:01:57] PRINT =========
[2023-11-12 01:01:58] PRINT 82
[2023-11-12 01:01:58] PRINT 0.032866962254047394
[2023-11-12 01:01:58] PRINT =========
[2023-11-12 01:02:00] PRINT 84
[2023-11-12 01:02:00] PRINT 0.030286867171525955
[2023-11-12 01:02:00] PRINT =========
[2023-11-12 01:02:03] PRINT 86
[2023-11-12 01:02:03] PRINT 0.03925509750843048
[2023-11-12 01:02:03] PRINT =========
[2023-11-12 01:02:04] PRINT 88
[2023-11-12 01:02:04] PRINT 0.03626968339085579
[2023-11-12 01:02:04] PRINT =========
[2023-11-12 01:02:06] PRINT 90
[2023-11-12 01:02:06] PRINT 0.02178885042667389
[2023-11-12 01:02:06] PRINT =========
[2023-11-12 01:02:08] PRINT 92
[2023-11-12 01:02:08] PRINT 0.02130671590566635
[2023-11-12 01:02:08] PRINT =========
[2023-11-12 01:02:10] PRINT 94
[2023-11-12 01:02:10] PRINT 0.02455674298107624
[2023-11-12 01:02:10] PRINT =========
[2023-11-12 01:02:12] PRINT 96
[2023-11-12 01:02:12] PRINT 0.03658156096935272
[2023-11-12 01:02:12] PRINT =========
[2023-11-12 01:02:13] PRINT 98
[2023-11-12 01:02:13] PRINT 0.047613196074962616
[2023-11-12 01:02:13] PRINT =========
[2023-11-12 01:02:15] PRINT 100
[2023-11-12 01:02:15] PRINT 0.022116219624876976
[2023-11-12 01:02:15] PRINT =========
[2023-11-12 01:02:15] PRINT Average PSNR after pre-training: 19.53104073400771
[2023-11-12 01:02:19] PRINT Average PSNR after fine tuning :  nan
