[2023-11-12 00:22:35] INFO (nni.runtime.trial_command_channel.v3/MainThread) Connect to trial command channel http://localhost:8080/env/local-env/O6ahO
[2023-11-12 00:22:36] PRINT Namespace(num_block=8, num_discriminator_blocks=3, conv_kernel_size=3, generator_depth=64, discriminator_depth=64, generator_activation='relu', discriminator_activation='leakyrelu', LR_path='custom_dataset/train_LR', GT_path='custom_dataset/train_HR', res_num=16, num_workers=0, batch_size=16, L2_coeff=1.0, adv_coeff=0.001, tv_loss_coeff=0.0, pre_train_epoch=100, fine_train_epoch=0, scale=4, patch_size=24, feat_layer='relu5_4', vgg_rescale_coeff=0.006, fine_tuning=False, in_memory=True, generator_path=None, mode='train')
[2023-11-12 00:22:46] PRINT 2
[2023-11-12 00:22:46] PRINT 0.3311728835105896
[2023-11-12 00:22:46] PRINT =========
[2023-11-12 00:22:47] PRINT 4
[2023-11-12 00:22:47] PRINT 0.3896220922470093
[2023-11-12 00:22:47] PRINT =========
[2023-11-12 00:22:49] PRINT 6
[2023-11-12 00:22:49] PRINT 0.2956963777542114
[2023-11-12 00:22:49] PRINT =========
[2023-11-12 00:22:50] PRINT 8
[2023-11-12 00:22:50] PRINT 0.11216277629137039
[2023-11-12 00:22:50] PRINT =========
[2023-11-12 00:22:52] PRINT 10
[2023-11-12 00:22:52] PRINT 0.09484465420246124
[2023-11-12 00:22:52] PRINT =========
[2023-11-12 00:22:54] PRINT 12
[2023-11-12 00:22:54] PRINT 0.33100655674934387
[2023-11-12 00:22:54] PRINT =========
[2023-11-12 00:22:55] PRINT 14
[2023-11-12 00:22:55] PRINT 0.30541449785232544
[2023-11-12 00:22:55] PRINT =========
[2023-11-12 00:22:56] PRINT 16
[2023-11-12 00:22:56] PRINT 0.14522525668144226
[2023-11-12 00:22:56] PRINT =========
[2023-11-12 00:22:58] PRINT 18
[2023-11-12 00:22:58] PRINT 0.2642458975315094
[2023-11-12 00:22:58] PRINT =========
[2023-11-12 00:22:59] PRINT 20
[2023-11-12 00:22:59] PRINT 0.06421073526144028
[2023-11-12 00:22:59] PRINT =========
[2023-11-12 00:23:00] PRINT 22
[2023-11-12 00:23:00] PRINT 0.09047932177782059
[2023-11-12 00:23:00] PRINT =========
[2023-11-12 00:23:02] PRINT 24
[2023-11-12 00:23:02] PRINT 0.07915452867746353
[2023-11-12 00:23:02] PRINT =========
[2023-11-12 00:23:03] PRINT 26
[2023-11-12 00:23:03] PRINT 0.07337359338998795
[2023-11-12 00:23:03] PRINT =========
[2023-11-12 00:23:05] PRINT 28
[2023-11-12 00:23:05] PRINT 0.05377132073044777
[2023-11-12 00:23:05] PRINT =========
[2023-11-12 00:23:07] PRINT 30
[2023-11-12 00:23:07] PRINT 0.058826666325330734
[2023-11-12 00:23:07] PRINT =========
[2023-11-12 00:23:08] PRINT 32
[2023-11-12 00:23:08] PRINT 0.07677971571683884
[2023-11-12 00:23:08] PRINT =========
[2023-11-12 00:23:09] PRINT 34
[2023-11-12 00:23:09] PRINT 0.055652204900979996
[2023-11-12 00:23:09] PRINT =========
[2023-11-12 00:23:11] PRINT 36
[2023-11-12 00:23:11] PRINT 0.0868535190820694
[2023-11-12 00:23:11] PRINT =========
[2023-11-12 00:23:12] PRINT 38
[2023-11-12 00:23:12] PRINT 0.044446539133787155
[2023-11-12 00:23:12] PRINT =========
[2023-11-12 00:23:14] PRINT 40
[2023-11-12 00:23:14] PRINT 0.14360789954662323
[2023-11-12 00:23:14] PRINT =========
[2023-11-12 00:23:15] PRINT 42
[2023-11-12 00:23:15] PRINT 0.07657909393310547
[2023-11-12 00:23:15] PRINT =========
[2023-11-12 00:23:16] PRINT 44
[2023-11-12 00:23:16] PRINT 0.07328758388757706
[2023-11-12 00:23:16] PRINT =========
[2023-11-12 00:23:18] PRINT 46
[2023-11-12 00:23:18] PRINT 0.04116040840744972
[2023-11-12 00:23:18] PRINT =========
[2023-11-12 00:23:19] PRINT 48
[2023-11-12 00:23:19] PRINT 0.1000198945403099
[2023-11-12 00:23:19] PRINT =========
[2023-11-12 00:23:21] PRINT 50
[2023-11-12 00:23:21] PRINT 0.05362970009446144
[2023-11-12 00:23:21] PRINT =========
[2023-11-12 00:23:22] PRINT 52
[2023-11-12 00:23:22] PRINT 0.04897141456604004
[2023-11-12 00:23:22] PRINT =========
[2023-11-12 00:23:24] PRINT 54
[2023-11-12 00:23:24] PRINT 0.07794030755758286
[2023-11-12 00:23:24] PRINT =========
[2023-11-12 00:23:25] PRINT 56
[2023-11-12 00:23:25] PRINT 0.03114192560315132
[2023-11-12 00:23:25] PRINT =========
[2023-11-12 00:23:27] PRINT 58
[2023-11-12 00:23:27] PRINT 0.0831744447350502
[2023-11-12 00:23:27] PRINT =========
[2023-11-12 00:23:28] PRINT 60
[2023-11-12 00:23:28] PRINT 0.03555113449692726
[2023-11-12 00:23:28] PRINT =========
[2023-11-12 00:23:29] PRINT 62
[2023-11-12 00:23:29] PRINT 0.07461585849523544
[2023-11-12 00:23:29] PRINT =========
[2023-11-12 00:23:31] PRINT 64
[2023-11-12 00:23:31] PRINT 0.06439129263162613
[2023-11-12 00:23:31] PRINT =========
[2023-11-12 00:23:32] PRINT 66
[2023-11-12 00:23:32] PRINT 0.055577244609594345
[2023-11-12 00:23:32] PRINT =========
[2023-11-12 00:23:34] PRINT 68
[2023-11-12 00:23:34] PRINT 0.07815156877040863
[2023-11-12 00:23:34] PRINT =========
[2023-11-12 00:23:35] PRINT 70
[2023-11-12 00:23:35] PRINT 0.06868892163038254
[2023-11-12 00:23:35] PRINT =========
[2023-11-12 00:23:37] PRINT 72
[2023-11-12 00:23:37] PRINT 0.061821117997169495
[2023-11-12 00:23:37] PRINT =========
[2023-11-12 00:23:38] PRINT 74
[2023-11-12 00:23:38] PRINT 0.07886695861816406
[2023-11-12 00:23:38] PRINT =========
[2023-11-12 00:23:40] PRINT 76
[2023-11-12 00:23:40] PRINT 0.07157403975725174
[2023-11-12 00:23:40] PRINT =========
[2023-11-12 00:23:41] PRINT 78
[2023-11-12 00:23:41] PRINT 0.07422778755426407
[2023-11-12 00:23:41] PRINT =========
[2023-11-12 00:23:43] PRINT 80
[2023-11-12 00:23:43] PRINT 0.051791977137327194
[2023-11-12 00:23:43] PRINT =========
[2023-11-12 00:23:45] PRINT 82
[2023-11-12 00:23:45] PRINT 0.051695242524147034
[2023-11-12 00:23:45] PRINT =========
[2023-11-12 00:23:46] PRINT 84
[2023-11-12 00:23:46] PRINT 0.07189490646123886
[2023-11-12 00:23:46] PRINT =========
[2023-11-12 00:23:48] PRINT 86
[2023-11-12 00:23:48] PRINT 0.04229092597961426
[2023-11-12 00:23:48] PRINT =========
[2023-11-12 00:23:50] PRINT 88
[2023-11-12 00:23:50] PRINT 0.0317186675965786
[2023-11-12 00:23:50] PRINT =========
[2023-11-12 00:23:51] PRINT 90
[2023-11-12 00:23:51] PRINT 0.025827625766396523
[2023-11-12 00:23:51] PRINT =========
[2023-11-12 00:23:52] PRINT 92
[2023-11-12 00:23:52] PRINT 0.03833537548780441
[2023-11-12 00:23:52] PRINT =========
[2023-11-12 00:23:54] PRINT 94
[2023-11-12 00:23:54] PRINT 0.026681462302803993
[2023-11-12 00:23:54] PRINT =========
[2023-11-12 00:23:56] PRINT 96
[2023-11-12 00:23:56] PRINT 0.030225390568375587
[2023-11-12 00:23:56] PRINT =========
[2023-11-12 00:23:57] PRINT 98
[2023-11-12 00:23:57] PRINT 0.04219386354088783
[2023-11-12 00:23:57] PRINT =========
[2023-11-12 00:23:59] PRINT 100
[2023-11-12 00:23:59] PRINT 0.051093198359012604
[2023-11-12 00:23:59] PRINT =========
[2023-11-12 00:23:59] PRINT Average PSNR after pre-training: 18.214497248079592
[2023-11-12 00:24:01] PRINT Average PSNR after fine tuning :  nan
