[2023-11-12 01:17:11] INFO (nni.runtime.trial_command_channel.v3/MainThread) Connect to trial command channel http://localhost:8080/env/local-env/ygXJ0
[2023-11-12 01:17:11] PRINT Namespace(num_block=16, num_discriminator_blocks=3, conv_kernel_size=3, generator_depth=128, discriminator_depth=128, generator_activation='prelu', discriminator_activation='leakyrelu', LR_path='custom_dataset/train_LR', GT_path='custom_dataset/train_HR', res_num=16, num_workers=0, batch_size=16, L2_coeff=1.0, adv_coeff=0.001, tv_loss_coeff=0.0, pre_train_epoch=100, fine_train_epoch=0, scale=4, patch_size=24, feat_layer='relu5_4', vgg_rescale_coeff=0.006, fine_tuning=False, in_memory=True, generator_path=None, mode='train')
[2023-11-12 01:17:21] PRINT 2
[2023-11-12 01:17:21] PRINT 0.1627025604248047
[2023-11-12 01:17:21] PRINT =========
[2023-11-12 01:17:23] PRINT 4
[2023-11-12 01:17:23] PRINT 0.14139395952224731
[2023-11-12 01:17:23] PRINT =========
[2023-11-12 01:17:25] PRINT 6
[2023-11-12 01:17:25] PRINT 0.09480246901512146
[2023-11-12 01:17:25] PRINT =========
[2023-11-12 01:17:26] PRINT 8
[2023-11-12 01:17:26] PRINT 0.08954397588968277
[2023-11-12 01:17:26] PRINT =========
[2023-11-12 01:17:28] PRINT 10
[2023-11-12 01:17:28] PRINT 0.24345214664936066
[2023-11-12 01:17:28] PRINT =========
[2023-11-12 01:17:30] PRINT 12
[2023-11-12 01:17:30] PRINT 0.07844792306423187
[2023-11-12 01:17:30] PRINT =========
[2023-11-12 01:17:31] PRINT 14
[2023-11-12 01:17:31] PRINT 0.040199924260377884
[2023-11-12 01:17:31] PRINT =========
[2023-11-12 01:17:33] PRINT 16
[2023-11-12 01:17:33] PRINT 0.08303621411323547
[2023-11-12 01:17:33] PRINT =========
[2023-11-12 01:17:35] PRINT 18
[2023-11-12 01:17:35] PRINT 0.10198631882667542
[2023-11-12 01:17:35] PRINT =========
[2023-11-12 01:17:36] PRINT 20
[2023-11-12 01:17:36] PRINT 0.12380418181419373
[2023-11-12 01:17:36] PRINT =========
[2023-11-12 01:17:38] PRINT 22
[2023-11-12 01:17:38] PRINT 0.07788015156984329
[2023-11-12 01:17:38] PRINT =========
[2023-11-12 01:17:39] PRINT 24
[2023-11-12 01:17:39] PRINT 0.07327015697956085
[2023-11-12 01:17:39] PRINT =========
[2023-11-12 01:17:41] PRINT 26
[2023-11-12 01:17:41] PRINT 0.05111498013138771
[2023-11-12 01:17:41] PRINT =========
[2023-11-12 01:17:43] PRINT 28
[2023-11-12 01:17:43] PRINT 0.044793304055929184
[2023-11-12 01:17:43] PRINT =========
[2023-11-12 01:17:44] PRINT 30
[2023-11-12 01:17:44] PRINT 0.15080328285694122
[2023-11-12 01:17:44] PRINT =========
[2023-11-12 01:17:46] PRINT 32
[2023-11-12 01:17:46] PRINT 0.04177495837211609
[2023-11-12 01:17:46] PRINT =========
[2023-11-12 01:17:48] PRINT 34
[2023-11-12 01:17:48] PRINT 0.10209351778030396
[2023-11-12 01:17:48] PRINT =========
[2023-11-12 01:17:49] PRINT 36
[2023-11-12 01:17:49] PRINT 0.03759722411632538
[2023-11-12 01:17:49] PRINT =========
[2023-11-12 01:17:51] PRINT 38
[2023-11-12 01:17:51] PRINT 0.09392417967319489
[2023-11-12 01:17:51] PRINT =========
[2023-11-12 01:17:53] PRINT 40
[2023-11-12 01:17:53] PRINT 0.08468660712242126
[2023-11-12 01:17:53] PRINT =========
[2023-11-12 01:17:55] PRINT 42
[2023-11-12 01:17:55] PRINT 0.05692291259765625
[2023-11-12 01:17:55] PRINT =========
[2023-11-12 01:17:56] PRINT 44
[2023-11-12 01:17:56] PRINT 0.04106611758470535
[2023-11-12 01:17:56] PRINT =========
[2023-11-12 01:17:58] PRINT 46
[2023-11-12 01:17:58] PRINT 0.03233764320611954
[2023-11-12 01:17:58] PRINT =========
[2023-11-12 01:18:00] PRINT 48
[2023-11-12 01:18:00] PRINT 0.07452736794948578
[2023-11-12 01:18:00] PRINT =========
[2023-11-12 01:18:01] PRINT 50
[2023-11-12 01:18:01] PRINT 0.037043578922748566
[2023-11-12 01:18:01] PRINT =========
[2023-11-12 01:18:03] PRINT 52
[2023-11-12 01:18:03] PRINT 0.05825328454375267
[2023-11-12 01:18:03] PRINT =========
[2023-11-12 01:18:05] PRINT 54
[2023-11-12 01:18:05] PRINT 0.05568690598011017
[2023-11-12 01:18:05] PRINT =========
[2023-11-12 01:18:06] PRINT 56
[2023-11-12 01:18:06] PRINT 0.07601548731327057
[2023-11-12 01:18:06] PRINT =========
[2023-11-12 01:18:08] PRINT 58
[2023-11-12 01:18:08] PRINT 0.06371507048606873
[2023-11-12 01:18:08] PRINT =========
[2023-11-12 01:18:10] PRINT 60
[2023-11-12 01:18:10] PRINT 0.04213225096464157
[2023-11-12 01:18:10] PRINT =========
[2023-11-12 01:18:12] PRINT 62
[2023-11-12 01:18:12] PRINT 0.04609287157654762
[2023-11-12 01:18:12] PRINT =========
[2023-11-12 01:18:13] PRINT 64
[2023-11-12 01:18:13] PRINT 0.05399297922849655
[2023-11-12 01:18:13] PRINT =========
[2023-11-12 01:18:15] PRINT 66
[2023-11-12 01:18:15] PRINT 0.052408959716558456
[2023-11-12 01:18:15] PRINT =========
[2023-11-12 01:18:16] PRINT 68
[2023-11-12 01:18:16] PRINT 0.02936626225709915
[2023-11-12 01:18:16] PRINT =========
[2023-11-12 01:18:18] PRINT 70
[2023-11-12 01:18:18] PRINT 0.03040221892297268
[2023-11-12 01:18:18] PRINT =========
[2023-11-12 01:18:20] PRINT 72
[2023-11-12 01:18:20] PRINT 0.03126245364546776
[2023-11-12 01:18:20] PRINT =========
[2023-11-12 01:18:21] PRINT 74
[2023-11-12 01:18:21] PRINT 0.04418638348579407
[2023-11-12 01:18:21] PRINT =========
[2023-11-12 01:18:23] PRINT 76
[2023-11-12 01:18:23] PRINT 0.04835820943117142
[2023-11-12 01:18:23] PRINT =========
[2023-11-12 01:18:25] PRINT 78
[2023-11-12 01:18:25] PRINT 0.03163686394691467
[2023-11-12 01:18:25] PRINT =========
[2023-11-12 01:18:26] PRINT 80
[2023-11-12 01:18:26] PRINT 0.0345488004386425
[2023-11-12 01:18:26] PRINT =========
[2023-11-12 01:18:28] PRINT 82
[2023-11-12 01:18:28] PRINT 0.01787259802222252
[2023-11-12 01:18:28] PRINT =========
[2023-11-12 01:18:30] PRINT 84
[2023-11-12 01:18:30] PRINT 0.013655077666044235
[2023-11-12 01:18:30] PRINT =========
[2023-11-12 01:18:31] PRINT 86
[2023-11-12 01:18:31] PRINT 0.055529214441776276
[2023-11-12 01:18:31] PRINT =========
[2023-11-12 01:18:33] PRINT 88
[2023-11-12 01:18:33] PRINT 0.031085718423128128
[2023-11-12 01:18:33] PRINT =========
[2023-11-12 01:18:35] PRINT 90
[2023-11-12 01:18:35] PRINT 0.039300981909036636
[2023-11-12 01:18:35] PRINT =========
[2023-11-12 01:18:37] PRINT 92
[2023-11-12 01:18:37] PRINT 0.020444033667445183
[2023-11-12 01:18:37] PRINT =========
[2023-11-12 01:18:38] PRINT 94
[2023-11-12 01:18:38] PRINT 0.028318408876657486
[2023-11-12 01:18:38] PRINT =========
[2023-11-12 01:18:40] PRINT 96
[2023-11-12 01:18:40] PRINT 0.0762835443019867
[2023-11-12 01:18:40] PRINT =========
[2023-11-12 01:18:42] PRINT 98
[2023-11-12 01:18:42] PRINT 0.04039573669433594
[2023-11-12 01:18:42] PRINT =========
[2023-11-12 01:18:44] PRINT 100
[2023-11-12 01:18:44] PRINT 0.04658316448330879
[2023-11-12 01:18:44] PRINT =========
[2023-11-12 01:18:44] PRINT Average PSNR after pre-training: 19.515242846889368
[2023-11-12 01:18:47] PRINT Average PSNR after fine tuning :  nan
