[2023-11-12 00:49:19] INFO (nni.runtime.trial_command_channel.v3/MainThread) Connect to trial command channel http://localhost:8080/env/local-env/DhbyG
[2023-11-12 00:49:19] PRINT Namespace(num_block=8, num_discriminator_blocks=4, conv_kernel_size=3, generator_depth=64, discriminator_depth=64, generator_activation='prelu', discriminator_activation='leakyrelu', LR_path='custom_dataset/train_LR', GT_path='custom_dataset/train_HR', res_num=16, num_workers=0, batch_size=16, L2_coeff=1.0, adv_coeff=0.001, tv_loss_coeff=0.0, pre_train_epoch=100, fine_train_epoch=0, scale=4, patch_size=24, feat_layer='relu5_4', vgg_rescale_coeff=0.006, fine_tuning=False, in_memory=True, generator_path=None, mode='train')
[2023-11-12 00:49:31] PRINT 2
[2023-11-12 00:49:31] PRINT 0.30487683415412903
[2023-11-12 00:49:31] PRINT =========
[2023-11-12 00:49:32] PRINT 4
[2023-11-12 00:49:32] PRINT 0.11313129216432571
[2023-11-12 00:49:32] PRINT =========
[2023-11-12 00:49:33] PRINT 6
[2023-11-12 00:49:33] PRINT 0.12551726400852203
[2023-11-12 00:49:33] PRINT =========
[2023-11-12 00:49:35] PRINT 8
[2023-11-12 00:49:35] PRINT 0.4039587080478668
[2023-11-12 00:49:35] PRINT =========
[2023-11-12 00:49:36] PRINT 10
[2023-11-12 00:49:36] PRINT 0.09502158313989639
[2023-11-12 00:49:36] PRINT =========
[2023-11-12 00:49:38] PRINT 12
[2023-11-12 00:49:38] PRINT 0.14140398800373077
[2023-11-12 00:49:38] PRINT =========
[2023-11-12 00:49:39] PRINT 14
[2023-11-12 00:49:39] PRINT 0.07408790290355682
[2023-11-12 00:49:39] PRINT =========
[2023-11-12 00:49:41] PRINT 16
[2023-11-12 00:49:41] PRINT 0.19673120975494385
[2023-11-12 00:49:41] PRINT =========
[2023-11-12 00:49:42] PRINT 18
[2023-11-12 00:49:42] PRINT 0.049139030277729034
[2023-11-12 00:49:42] PRINT =========
[2023-11-12 00:49:43] PRINT 20
[2023-11-12 00:49:43] PRINT 0.07668309658765793
[2023-11-12 00:49:43] PRINT =========
[2023-11-12 00:49:45] PRINT 22
[2023-11-12 00:49:45] PRINT 0.06052744761109352
[2023-11-12 00:49:45] PRINT =========
[2023-11-12 00:49:46] PRINT 24
[2023-11-12 00:49:46] PRINT 0.10215611755847931
[2023-11-12 00:49:46] PRINT =========
[2023-11-12 00:49:47] PRINT 26
[2023-11-12 00:49:47] PRINT 0.07124856859445572
[2023-11-12 00:49:47] PRINT =========
[2023-11-12 00:49:49] PRINT 28
[2023-11-12 00:49:49] PRINT 0.11840829253196716
[2023-11-12 00:49:49] PRINT =========
[2023-11-12 00:49:50] PRINT 30
[2023-11-12 00:49:50] PRINT 0.033678505569696426
[2023-11-12 00:49:50] PRINT =========
[2023-11-12 00:49:52] PRINT 32
[2023-11-12 00:49:52] PRINT 0.04611455276608467
[2023-11-12 00:49:52] PRINT =========
[2023-11-12 00:49:53] PRINT 34
[2023-11-12 00:49:53] PRINT 0.05604593828320503
[2023-11-12 00:49:53] PRINT =========
[2023-11-12 00:49:54] PRINT 36
[2023-11-12 00:49:54] PRINT 0.11780966818332672
[2023-11-12 00:49:54] PRINT =========
[2023-11-12 00:49:56] PRINT 38
[2023-11-12 00:49:56] PRINT 0.08208583295345306
[2023-11-12 00:49:56] PRINT =========
[2023-11-12 00:49:57] PRINT 40
[2023-11-12 00:49:57] PRINT 0.09736999124288559
[2023-11-12 00:49:57] PRINT =========
[2023-11-12 00:49:59] PRINT 42
[2023-11-12 00:49:59] PRINT 0.09314364194869995
[2023-11-12 00:49:59] PRINT =========
[2023-11-12 00:50:00] PRINT 44
[2023-11-12 00:50:00] PRINT 0.03085288405418396
[2023-11-12 00:50:00] PRINT =========
[2023-11-12 00:50:02] PRINT 46
[2023-11-12 00:50:02] PRINT 0.05907074734568596
[2023-11-12 00:50:02] PRINT =========
[2023-11-12 00:50:03] PRINT 48
[2023-11-12 00:50:03] PRINT 0.031743504106998444
[2023-11-12 00:50:03] PRINT =========
[2023-11-12 00:50:04] PRINT 50
[2023-11-12 00:50:04] PRINT 0.07862471044063568
[2023-11-12 00:50:04] PRINT =========
[2023-11-12 00:50:06] PRINT 52
[2023-11-12 00:50:06] PRINT 0.0563141368329525
[2023-11-12 00:50:06] PRINT =========
[2023-11-12 00:50:07] PRINT 54
[2023-11-12 00:50:07] PRINT 0.08781833946704865
[2023-11-12 00:50:07] PRINT =========
[2023-11-12 00:50:09] PRINT 56
[2023-11-12 00:50:09] PRINT 0.04212675243616104
[2023-11-12 00:50:09] PRINT =========
[2023-11-12 00:50:10] PRINT 58
[2023-11-12 00:50:10] PRINT 0.0668693408370018
[2023-11-12 00:50:10] PRINT =========
[2023-11-12 00:50:11] PRINT 60
[2023-11-12 00:50:11] PRINT 0.06479798257350922
[2023-11-12 00:50:11] PRINT =========
[2023-11-12 00:50:13] PRINT 62
[2023-11-12 00:50:13] PRINT 0.041926730424165726
[2023-11-12 00:50:13] PRINT =========
[2023-11-12 00:50:14] PRINT 64
[2023-11-12 00:50:14] PRINT 0.05465852841734886
[2023-11-12 00:50:14] PRINT =========
[2023-11-12 00:50:16] PRINT 66
[2023-11-12 00:50:16] PRINT 0.08824086934328079
[2023-11-12 00:50:16] PRINT =========
[2023-11-12 00:50:17] PRINT 68
[2023-11-12 00:50:17] PRINT 0.046508222818374634
[2023-11-12 00:50:17] PRINT =========
[2023-11-12 00:50:18] PRINT 70
[2023-11-12 00:50:18] PRINT 0.04826800152659416
[2023-11-12 00:50:18] PRINT =========
[2023-11-12 00:50:20] PRINT 72
[2023-11-12 00:50:20] PRINT 0.04088206589221954
[2023-11-12 00:50:20] PRINT =========
[2023-11-12 00:50:21] PRINT 74
[2023-11-12 00:50:21] PRINT 0.06837566941976547
[2023-11-12 00:50:21] PRINT =========
[2023-11-12 00:50:23] PRINT 76
[2023-11-12 00:50:23] PRINT 0.05845613032579422
[2023-11-12 00:50:23] PRINT =========
[2023-11-12 00:50:24] PRINT 78
[2023-11-12 00:50:24] PRINT 0.058375995606184006
[2023-11-12 00:50:24] PRINT =========
[2023-11-12 00:50:25] PRINT 80
[2023-11-12 00:50:25] PRINT 0.032817259430885315
[2023-11-12 00:50:25] PRINT =========
[2023-11-12 00:50:27] PRINT 82
[2023-11-12 00:50:27] PRINT 0.04198300465941429
[2023-11-12 00:50:27] PRINT =========
[2023-11-12 00:50:28] PRINT 84
[2023-11-12 00:50:28] PRINT 0.026961376890540123
[2023-11-12 00:50:28] PRINT =========
[2023-11-12 00:50:29] PRINT 86
[2023-11-12 00:50:29] PRINT 0.05017322301864624
[2023-11-12 00:50:29] PRINT =========
[2023-11-12 00:50:31] PRINT 88
[2023-11-12 00:50:31] PRINT 0.034431762993335724
[2023-11-12 00:50:31] PRINT =========
[2023-11-12 00:50:32] PRINT 90
[2023-11-12 00:50:32] PRINT 0.04282025992870331
[2023-11-12 00:50:32] PRINT =========
[2023-11-12 00:50:34] PRINT 92
[2023-11-12 00:50:34] PRINT 0.021491797640919685
[2023-11-12 00:50:34] PRINT =========
[2023-11-12 00:50:35] PRINT 94
[2023-11-12 00:50:35] PRINT 0.01716378517448902
[2023-11-12 00:50:35] PRINT =========
[2023-11-12 00:50:36] PRINT 96
[2023-11-12 00:50:36] PRINT 0.03636343777179718
[2023-11-12 00:50:36] PRINT =========
[2023-11-12 00:50:38] PRINT 98
[2023-11-12 00:50:38] PRINT 0.04983152821660042
[2023-11-12 00:50:38] PRINT =========
[2023-11-12 00:50:39] PRINT 100
[2023-11-12 00:50:39] PRINT 0.06529783457517624
[2023-11-12 00:50:39] PRINT =========
[2023-11-12 00:50:39] PRINT Average PSNR after pre-training: 18.83607100629267
[2023-11-12 00:50:44] PRINT Average PSNR after fine tuning :  nan
