[2023-11-12 01:34:42] INFO (nni.runtime.trial_command_channel.v3/MainThread) Connect to trial command channel http://localhost:8080/env/local-env/YpPwr
[2023-11-12 01:34:42] PRINT Namespace(num_block=16, num_discriminator_blocks=4, conv_kernel_size=3, generator_depth=64, discriminator_depth=128, generator_activation='prelu', discriminator_activation='leakyrelu', LR_path='custom_dataset/train_LR', GT_path='custom_dataset/train_HR', res_num=16, num_workers=0, batch_size=16, L2_coeff=1.0, adv_coeff=0.001, tv_loss_coeff=0.0, pre_train_epoch=100, fine_train_epoch=0, scale=4, patch_size=24, feat_layer='relu5_4', vgg_rescale_coeff=0.006, fine_tuning=False, in_memory=True, generator_path=None, mode='train')
[2023-11-12 01:34:49] PRINT 2
[2023-11-12 01:34:49] PRINT 0.14881765842437744
[2023-11-12 01:34:49] PRINT =========
[2023-11-12 01:34:51] PRINT 4
[2023-11-12 01:34:51] PRINT 0.31778717041015625
[2023-11-12 01:34:51] PRINT =========
[2023-11-12 01:34:53] PRINT 6
[2023-11-12 01:34:53] PRINT 0.16881144046783447
[2023-11-12 01:34:53] PRINT =========
[2023-11-12 01:34:55] PRINT 8
[2023-11-12 01:34:55] PRINT 0.1999279111623764
[2023-11-12 01:34:55] PRINT =========
[2023-11-12 01:34:56] PRINT 10
[2023-11-12 01:34:56] PRINT 0.21827362477779388
[2023-11-12 01:34:56] PRINT =========
[2023-11-12 01:34:58] PRINT 12
[2023-11-12 01:34:58] PRINT 0.10444674640893936
[2023-11-12 01:34:58] PRINT =========
[2023-11-12 01:34:59] PRINT 14
[2023-11-12 01:34:59] PRINT 0.1544211059808731
[2023-11-12 01:34:59] PRINT =========
[2023-11-12 01:35:01] PRINT 16
[2023-11-12 01:35:01] PRINT 0.09846559911966324
[2023-11-12 01:35:01] PRINT =========
[2023-11-12 01:35:03] PRINT 18
[2023-11-12 01:35:03] PRINT 0.2104598879814148
[2023-11-12 01:35:03] PRINT =========
[2023-11-12 01:35:04] PRINT 20
[2023-11-12 01:35:04] PRINT 0.13748641312122345
[2023-11-12 01:35:04] PRINT =========
[2023-11-12 01:35:06] PRINT 22
[2023-11-12 01:35:06] PRINT 0.11478036642074585
[2023-11-12 01:35:06] PRINT =========
[2023-11-12 01:35:07] PRINT 24
[2023-11-12 01:35:07] PRINT 0.12000670284032822
[2023-11-12 01:35:07] PRINT =========
[2023-11-12 01:35:09] PRINT 26
[2023-11-12 01:35:09] PRINT 0.08415780961513519
[2023-11-12 01:35:09] PRINT =========
[2023-11-12 01:35:10] PRINT 28
[2023-11-12 01:35:10] PRINT 0.059962399303913116
[2023-11-12 01:35:10] PRINT =========
[2023-11-12 01:35:12] PRINT 30
[2023-11-12 01:35:12] PRINT 0.08722130209207535
[2023-11-12 01:35:12] PRINT =========
[2023-11-12 01:35:13] PRINT 32
[2023-11-12 01:35:13] PRINT 0.09343171864748001
[2023-11-12 01:35:13] PRINT =========
[2023-11-12 01:35:15] PRINT 34
[2023-11-12 01:35:15] PRINT 0.0680605098605156
[2023-11-12 01:35:15] PRINT =========
[2023-11-12 01:35:16] PRINT 36
[2023-11-12 01:35:16] PRINT 0.0759010836482048
[2023-11-12 01:35:16] PRINT =========
[2023-11-12 01:35:18] PRINT 38
[2023-11-12 01:35:18] PRINT 0.044535983353853226
[2023-11-12 01:35:18] PRINT =========
[2023-11-12 01:35:19] PRINT 40
[2023-11-12 01:35:19] PRINT 0.03801145404577255
[2023-11-12 01:35:19] PRINT =========
[2023-11-12 01:35:21] PRINT 42
[2023-11-12 01:35:21] PRINT 0.07864249497652054
[2023-11-12 01:35:21] PRINT =========
[2023-11-12 01:35:22] PRINT 44
[2023-11-12 01:35:22] PRINT 0.05684191733598709
[2023-11-12 01:35:22] PRINT =========
[2023-11-12 01:35:24] PRINT 46
[2023-11-12 01:35:24] PRINT 0.053828638046979904
[2023-11-12 01:35:24] PRINT =========
[2023-11-12 01:35:25] PRINT 48
[2023-11-12 01:35:25] PRINT 0.06663824617862701
[2023-11-12 01:35:25] PRINT =========
[2023-11-12 01:35:27] PRINT 50
[2023-11-12 01:35:27] PRINT 0.026916230097413063
[2023-11-12 01:35:27] PRINT =========
[2023-11-12 01:35:28] PRINT 52
[2023-11-12 01:35:28] PRINT 0.04108717292547226
[2023-11-12 01:35:28] PRINT =========
[2023-11-12 01:35:30] PRINT 54
[2023-11-12 01:35:30] PRINT 0.049327801913022995
[2023-11-12 01:35:30] PRINT =========
[2023-11-12 01:35:31] PRINT 56
[2023-11-12 01:35:31] PRINT 0.06113763153553009
[2023-11-12 01:35:31] PRINT =========
[2023-11-12 01:35:33] PRINT 58
[2023-11-12 01:35:33] PRINT 0.03912171721458435
[2023-11-12 01:35:33] PRINT =========
[2023-11-12 01:35:34] PRINT 60
[2023-11-12 01:35:34] PRINT 0.04577000066637993
[2023-11-12 01:35:34] PRINT =========
[2023-11-12 01:35:36] PRINT 62
[2023-11-12 01:35:36] PRINT 0.022320963442325592
[2023-11-12 01:35:36] PRINT =========
[2023-11-12 01:35:37] PRINT 64
[2023-11-12 01:35:37] PRINT 0.038201410323381424
[2023-11-12 01:35:37] PRINT =========
[2023-11-12 01:35:39] PRINT 66
[2023-11-12 01:35:39] PRINT 0.07534012943506241
[2023-11-12 01:35:39] PRINT =========
[2023-11-12 01:35:40] PRINT 68
[2023-11-12 01:35:40] PRINT 0.028849419206380844
[2023-11-12 01:35:40] PRINT =========
[2023-11-12 01:35:42] PRINT 70
[2023-11-12 01:35:42] PRINT 0.06595969945192337
[2023-11-12 01:35:42] PRINT =========
[2023-11-12 01:35:43] PRINT 72
[2023-11-12 01:35:43] PRINT 0.025576552376151085
[2023-11-12 01:35:43] PRINT =========
[2023-11-12 01:35:45] PRINT 74
[2023-11-12 01:35:45] PRINT 0.03193476051092148
[2023-11-12 01:35:45] PRINT =========
[2023-11-12 01:35:46] PRINT 76
[2023-11-12 01:35:46] PRINT 0.04646360129117966
[2023-11-12 01:35:46] PRINT =========
[2023-11-12 01:35:48] PRINT 78
[2023-11-12 01:35:48] PRINT 0.0352267362177372
[2023-11-12 01:35:48] PRINT =========
[2023-11-12 01:35:49] PRINT 80
[2023-11-12 01:35:49] PRINT 0.009251867420971394
[2023-11-12 01:35:49] PRINT =========
[2023-11-12 01:35:51] PRINT 82
[2023-11-12 01:35:51] PRINT 0.04295651242136955
[2023-11-12 01:35:51] PRINT =========
[2023-11-12 01:35:52] PRINT 84
[2023-11-12 01:35:52] PRINT 0.0345119908452034
[2023-11-12 01:35:52] PRINT =========
[2023-11-12 01:35:54] PRINT 86
[2023-11-12 01:35:54] PRINT 0.02989867329597473
[2023-11-12 01:35:54] PRINT =========
[2023-11-12 01:35:55] PRINT 88
[2023-11-12 01:35:55] PRINT 0.031283095479011536
[2023-11-12 01:35:55] PRINT =========
[2023-11-12 01:35:57] PRINT 90
[2023-11-12 01:35:57] PRINT 0.02115793153643608
[2023-11-12 01:35:57] PRINT =========
[2023-11-12 01:35:58] PRINT 92
[2023-11-12 01:35:58] PRINT 0.053562089800834656
[2023-11-12 01:35:58] PRINT =========
[2023-11-12 01:36:00] PRINT 94
[2023-11-12 01:36:00] PRINT 0.031204214319586754
[2023-11-12 01:36:00] PRINT =========
[2023-11-12 01:36:01] PRINT 96
[2023-11-12 01:36:01] PRINT 0.017460010945796967
[2023-11-12 01:36:01] PRINT =========
[2023-11-12 01:36:03] PRINT 98
[2023-11-12 01:36:03] PRINT 0.026748044416308403
[2023-11-12 01:36:03] PRINT =========
[2023-11-12 01:36:04] PRINT 100
[2023-11-12 01:36:04] PRINT 0.03302387148141861
[2023-11-12 01:36:04] PRINT =========
[2023-11-12 01:36:04] PRINT Average PSNR after pre-training: 18.956650585892937
[2023-11-12 01:36:11] PRINT Average PSNR after fine tuning :  nan
