[2023-11-12 01:08:55] INFO (nni.runtime.trial_command_channel.v3/MainThread) Connect to trial command channel http://localhost:8080/env/local-env/pPecS
[2023-11-12 01:08:55] PRINT Namespace(num_block=8, num_discriminator_blocks=4, conv_kernel_size=5, generator_depth=128, discriminator_depth=128, generator_activation='relu', discriminator_activation='leakyrelu', LR_path='custom_dataset/train_LR', GT_path='custom_dataset/train_HR', res_num=16, num_workers=0, batch_size=16, L2_coeff=1.0, adv_coeff=0.001, tv_loss_coeff=0.0, pre_train_epoch=100, fine_train_epoch=0, scale=4, patch_size=24, feat_layer='relu5_4', vgg_rescale_coeff=0.006, fine_tuning=False, in_memory=True, generator_path=None, mode='train')
[2023-11-12 01:09:05] PRINT 2
[2023-11-12 01:09:05] PRINT 0.17234984040260315
[2023-11-12 01:09:05] PRINT =========
[2023-11-12 01:09:07] PRINT 4
[2023-11-12 01:09:07] PRINT 0.17183847725391388
[2023-11-12 01:09:07] PRINT =========
[2023-11-12 01:09:08] PRINT 6
[2023-11-12 01:09:08] PRINT 0.19739146530628204
[2023-11-12 01:09:08] PRINT =========
[2023-11-12 01:09:10] PRINT 8
[2023-11-12 01:09:10] PRINT 0.1314980834722519
[2023-11-12 01:09:10] PRINT =========
[2023-11-12 01:09:11] PRINT 10
[2023-11-12 01:09:11] PRINT 0.0824194848537445
[2023-11-12 01:09:11] PRINT =========
[2023-11-12 01:09:13] PRINT 12
[2023-11-12 01:09:13] PRINT 0.11012197285890579
[2023-11-12 01:09:13] PRINT =========
[2023-11-12 01:09:14] PRINT 14
[2023-11-12 01:09:14] PRINT 0.10737601667642593
[2023-11-12 01:09:14] PRINT =========
[2023-11-12 01:09:16] PRINT 16
[2023-11-12 01:09:16] PRINT 0.1278506964445114
[2023-11-12 01:09:16] PRINT =========
[2023-11-12 01:09:17] PRINT 18
[2023-11-12 01:09:17] PRINT 0.15743473172187805
[2023-11-12 01:09:17] PRINT =========
[2023-11-12 01:09:19] PRINT 20
[2023-11-12 01:09:19] PRINT 0.06266321241855621
[2023-11-12 01:09:19] PRINT =========
[2023-11-12 01:09:20] PRINT 22
[2023-11-12 01:09:20] PRINT 0.06998761743307114
[2023-11-12 01:09:20] PRINT =========
[2023-11-12 01:09:22] PRINT 24
[2023-11-12 01:09:22] PRINT 0.11147961020469666
[2023-11-12 01:09:22] PRINT =========
[2023-11-12 01:09:23] PRINT 26
[2023-11-12 01:09:23] PRINT 0.0946497842669487
[2023-11-12 01:09:23] PRINT =========
[2023-11-12 01:09:25] PRINT 28
[2023-11-12 01:09:25] PRINT 0.047904569655656815
[2023-11-12 01:09:25] PRINT =========
[2023-11-12 01:09:26] PRINT 30
[2023-11-12 01:09:26] PRINT 0.03376274183392525
[2023-11-12 01:09:26] PRINT =========
[2023-11-12 01:09:28] PRINT 32
[2023-11-12 01:09:28] PRINT 0.046128589659929276
[2023-11-12 01:09:28] PRINT =========
[2023-11-12 01:09:29] PRINT 34
[2023-11-12 01:09:29] PRINT 0.061875708401203156
[2023-11-12 01:09:29] PRINT =========
[2023-11-12 01:09:30] PRINT 36
[2023-11-12 01:09:30] PRINT 0.11141858249902725
[2023-11-12 01:09:30] PRINT =========
[2023-11-12 01:09:32] PRINT 38
[2023-11-12 01:09:32] PRINT 0.06697393953800201
[2023-11-12 01:09:32] PRINT =========
[2023-11-12 01:09:33] PRINT 40
[2023-11-12 01:09:33] PRINT 0.05229342356324196
[2023-11-12 01:09:33] PRINT =========
[2023-11-12 01:09:35] PRINT 42
[2023-11-12 01:09:35] PRINT 0.029766198247671127
[2023-11-12 01:09:35] PRINT =========
[2023-11-12 01:09:36] PRINT 44
[2023-11-12 01:09:36] PRINT 0.0448603630065918
[2023-11-12 01:09:36] PRINT =========
[2023-11-12 01:09:37] PRINT 46
[2023-11-12 01:09:38] PRINT 0.0772215873003006
[2023-11-12 01:09:38] PRINT =========
[2023-11-12 01:09:39] PRINT 48
[2023-11-12 01:09:39] PRINT 0.11848346143960953
[2023-11-12 01:09:39] PRINT =========
[2023-11-12 01:09:40] PRINT 50
[2023-11-12 01:09:40] PRINT 0.03900277242064476
[2023-11-12 01:09:40] PRINT =========
[2023-11-12 01:09:42] PRINT 52
[2023-11-12 01:09:42] PRINT 0.03752518072724342
[2023-11-12 01:09:42] PRINT =========
[2023-11-12 01:09:43] PRINT 54
[2023-11-12 01:09:43] PRINT 0.044351693242788315
[2023-11-12 01:09:43] PRINT =========
[2023-11-12 01:09:45] PRINT 56
[2023-11-12 01:09:45] PRINT 0.037136275321245193
[2023-11-12 01:09:45] PRINT =========
[2023-11-12 01:09:46] PRINT 58
[2023-11-12 01:09:46] PRINT 0.024700740352272987
[2023-11-12 01:09:46] PRINT =========
[2023-11-12 01:09:48] PRINT 60
[2023-11-12 01:09:48] PRINT 0.028753746300935745
[2023-11-12 01:09:48] PRINT =========
[2023-11-12 01:09:49] PRINT 62
[2023-11-12 01:09:49] PRINT 0.048284415155649185
[2023-11-12 01:09:49] PRINT =========
[2023-11-12 01:09:50] PRINT 64
[2023-11-12 01:09:51] PRINT 0.03552357852458954
[2023-11-12 01:09:51] PRINT =========
[2023-11-12 01:09:52] PRINT 66
[2023-11-12 01:09:52] PRINT 0.034760575741529465
[2023-11-12 01:09:52] PRINT =========
[2023-11-12 01:09:53] PRINT 68
[2023-11-12 01:09:53] PRINT 0.06025481969118118
[2023-11-12 01:09:53] PRINT =========
[2023-11-12 01:09:55] PRINT 70
[2023-11-12 01:09:55] PRINT 0.04016919434070587
[2023-11-12 01:09:55] PRINT =========
[2023-11-12 01:09:56] PRINT 72
[2023-11-12 01:09:56] PRINT 0.040427859872579575
[2023-11-12 01:09:56] PRINT =========
[2023-11-12 01:09:58] PRINT 74
[2023-11-12 01:09:58] PRINT 0.036934785544872284
[2023-11-12 01:09:58] PRINT =========
[2023-11-12 01:09:59] PRINT 76
[2023-11-12 01:09:59] PRINT 0.032060522586107254
[2023-11-12 01:09:59] PRINT =========
[2023-11-12 01:10:01] PRINT 78
[2023-11-12 01:10:01] PRINT 0.04601394385099411
[2023-11-12 01:10:01] PRINT =========
[2023-11-12 01:10:02] PRINT 80
[2023-11-12 01:10:02] PRINT 0.03713948652148247
[2023-11-12 01:10:02] PRINT =========
[2023-11-12 01:10:04] PRINT 82
[2023-11-12 01:10:04] PRINT 0.031125016510486603
[2023-11-12 01:10:04] PRINT =========
[2023-11-12 01:10:05] PRINT 84
[2023-11-12 01:10:05] PRINT 0.03839339688420296
[2023-11-12 01:10:05] PRINT =========
[2023-11-12 01:10:07] PRINT 86
[2023-11-12 01:10:07] PRINT 0.029695987701416016
[2023-11-12 01:10:07] PRINT =========
[2023-11-12 01:10:08] PRINT 88
[2023-11-12 01:10:08] PRINT 0.020597215741872787
[2023-11-12 01:10:08] PRINT =========
[2023-11-12 01:10:10] PRINT 90
[2023-11-12 01:10:10] PRINT 0.03602493554353714
[2023-11-12 01:10:10] PRINT =========
[2023-11-12 01:10:11] PRINT 92
[2023-11-12 01:10:11] PRINT 0.04480437934398651
[2023-11-12 01:10:11] PRINT =========
[2023-11-12 01:10:13] PRINT 94
[2023-11-12 01:10:13] PRINT 0.03918341547250748
[2023-11-12 01:10:13] PRINT =========
[2023-11-12 01:10:14] PRINT 96
[2023-11-12 01:10:14] PRINT 0.03794550150632858
[2023-11-12 01:10:14] PRINT =========
[2023-11-12 01:10:16] PRINT 98
[2023-11-12 01:10:16] PRINT 0.011915675364434719
[2023-11-12 01:10:16] PRINT =========
[2023-11-12 01:10:17] PRINT 100
[2023-11-12 01:10:17] PRINT 0.05719098448753357
[2023-11-12 01:10:17] PRINT =========
[2023-11-12 01:10:17] PRINT Average PSNR after pre-training: 18.977015653924674
[2023-11-12 01:10:22] PRINT Average PSNR after fine tuning :  nan
