[2023-11-12 01:40:09] INFO (nni.runtime.trial_command_channel.v3/MainThread) Connect to trial command channel http://localhost:8080/env/local-env/g11Pg
[2023-11-12 01:40:09] PRINT Namespace(num_block=16, num_discriminator_blocks=4, conv_kernel_size=3, generator_depth=128, discriminator_depth=128, generator_activation='relu', discriminator_activation='leakyrelu', LR_path='custom_dataset/train_LR', GT_path='custom_dataset/train_HR', res_num=16, num_workers=0, batch_size=16, L2_coeff=1.0, adv_coeff=0.001, tv_loss_coeff=0.0, pre_train_epoch=100, fine_train_epoch=0, scale=4, patch_size=24, feat_layer='relu5_4', vgg_rescale_coeff=0.006, fine_tuning=False, in_memory=True, generator_path=None, mode='train')
[2023-11-12 01:40:17] PRINT 2
[2023-11-12 01:40:17] PRINT 0.14442601799964905
[2023-11-12 01:40:17] PRINT =========
[2023-11-12 01:40:19] PRINT 4
[2023-11-12 01:40:19] PRINT 0.15536147356033325
[2023-11-12 01:40:19] PRINT =========
[2023-11-12 01:40:21] PRINT 6
[2023-11-12 01:40:21] PRINT 0.11052782833576202
[2023-11-12 01:40:21] PRINT =========
[2023-11-12 01:40:22] PRINT 8
[2023-11-12 01:40:22] PRINT 0.10647393763065338
[2023-11-12 01:40:22] PRINT =========
[2023-11-12 01:40:24] PRINT 10
[2023-11-12 01:40:24] PRINT 0.099263034760952
[2023-11-12 01:40:24] PRINT =========
[2023-11-12 01:40:26] PRINT 12
[2023-11-12 01:40:26] PRINT 0.24024339020252228
[2023-11-12 01:40:26] PRINT =========
[2023-11-12 01:40:27] PRINT 14
[2023-11-12 01:40:27] PRINT 0.058770984411239624
[2023-11-12 01:40:27] PRINT =========
[2023-11-12 01:40:29] PRINT 16
[2023-11-12 01:40:29] PRINT 0.10594949871301651
[2023-11-12 01:40:29] PRINT =========
[2023-11-12 01:40:31] PRINT 18
[2023-11-12 01:40:31] PRINT 0.08294739574193954
[2023-11-12 01:40:31] PRINT =========
[2023-11-12 01:40:32] PRINT 20
[2023-11-12 01:40:32] PRINT 0.06616304069757462
[2023-11-12 01:40:32] PRINT =========
[2023-11-12 01:40:34] PRINT 22
[2023-11-12 01:40:34] PRINT 0.053523920476436615
[2023-11-12 01:40:34] PRINT =========
[2023-11-12 01:40:35] PRINT 24
[2023-11-12 01:40:35] PRINT 0.07065355032682419
[2023-11-12 01:40:35] PRINT =========
[2023-11-12 01:40:37] PRINT 26
[2023-11-12 01:40:37] PRINT 0.13699690997600555
[2023-11-12 01:40:37] PRINT =========
[2023-11-12 01:40:39] PRINT 28
[2023-11-12 01:40:39] PRINT 0.0646178349852562
[2023-11-12 01:40:39] PRINT =========
[2023-11-12 01:40:41] PRINT 30
[2023-11-12 01:40:41] PRINT 0.08109597861766815
[2023-11-12 01:40:41] PRINT =========
[2023-11-12 01:40:43] PRINT 32
[2023-11-12 01:40:43] PRINT 0.18357181549072266
[2023-11-12 01:40:43] PRINT =========
[2023-11-12 01:40:44] PRINT 34
[2023-11-12 01:40:44] PRINT 0.10945345461368561
[2023-11-12 01:40:44] PRINT =========
[2023-11-12 01:40:46] PRINT 36
[2023-11-12 01:40:46] PRINT 0.05995029956102371
[2023-11-12 01:40:46] PRINT =========
[2023-11-12 01:40:48] PRINT 38
[2023-11-12 01:40:48] PRINT 0.049231693148612976
[2023-11-12 01:40:48] PRINT =========
[2023-11-12 01:40:49] PRINT 40
[2023-11-12 01:40:49] PRINT 0.05660279467701912
[2023-11-12 01:40:49] PRINT =========
[2023-11-12 01:40:51] PRINT 42
[2023-11-12 01:40:51] PRINT 0.0414276048541069
[2023-11-12 01:40:51] PRINT =========
[2023-11-12 01:40:53] PRINT 44
[2023-11-12 01:40:53] PRINT 0.09565693140029907
[2023-11-12 01:40:53] PRINT =========
[2023-11-12 01:40:54] PRINT 46
[2023-11-12 01:40:54] PRINT 0.06565738469362259
[2023-11-12 01:40:54] PRINT =========
[2023-11-12 01:40:56] PRINT 48
[2023-11-12 01:40:56] PRINT 0.0446736179292202
[2023-11-12 01:40:56] PRINT =========
[2023-11-12 01:40:58] PRINT 50
[2023-11-12 01:40:58] PRINT 0.05992037430405617
[2023-11-12 01:40:58] PRINT =========
[2023-11-12 01:40:59] PRINT 52
[2023-11-12 01:40:59] PRINT 0.05650248005986214
[2023-11-12 01:40:59] PRINT =========
[2023-11-12 01:41:01] PRINT 54
[2023-11-12 01:41:01] PRINT 0.07884106040000916
[2023-11-12 01:41:01] PRINT =========
[2023-11-12 01:41:03] PRINT 56
[2023-11-12 01:41:03] PRINT 0.04339727759361267
[2023-11-12 01:41:03] PRINT =========
[2023-11-12 01:41:04] PRINT 58
[2023-11-12 01:41:04] PRINT 0.035483065992593765
[2023-11-12 01:41:04] PRINT =========
[2023-11-12 01:41:06] PRINT 60
[2023-11-12 01:41:06] PRINT 0.0392293818295002
[2023-11-12 01:41:06] PRINT =========
[2023-11-12 01:41:08] PRINT 62
[2023-11-12 01:41:08] PRINT 0.06184718385338783
[2023-11-12 01:41:08] PRINT =========
[2023-11-12 01:41:10] PRINT 64
[2023-11-12 01:41:10] PRINT 0.029121244326233864
[2023-11-12 01:41:10] PRINT =========
[2023-11-12 01:41:11] PRINT 66
[2023-11-12 01:41:11] PRINT 0.027395838871598244
[2023-11-12 01:41:11] PRINT =========
[2023-11-12 01:41:13] PRINT 68
[2023-11-12 01:41:13] PRINT 0.047212522476911545
[2023-11-12 01:41:13] PRINT =========
[2023-11-12 01:41:14] PRINT 70
[2023-11-12 01:41:14] PRINT 0.023935891687870026
[2023-11-12 01:41:14] PRINT =========
[2023-11-12 01:41:16] PRINT 72
[2023-11-12 01:41:16] PRINT 0.07013917714357376
[2023-11-12 01:41:16] PRINT =========
[2023-11-12 01:41:18] PRINT 74
[2023-11-12 01:41:18] PRINT 0.04860657453536987
[2023-11-12 01:41:18] PRINT =========
[2023-11-12 01:41:20] PRINT 76
[2023-11-12 01:41:20] PRINT 0.04506595432758331
[2023-11-12 01:41:20] PRINT =========
[2023-11-12 01:41:22] PRINT 78
[2023-11-12 01:41:22] PRINT 0.043972041457891464
[2023-11-12 01:41:22] PRINT =========
[2023-11-12 01:41:23] PRINT 80
[2023-11-12 01:41:23] PRINT 0.04792837053537369
[2023-11-12 01:41:23] PRINT =========
[2023-11-12 01:41:25] PRINT 82
[2023-11-12 01:41:25] PRINT 0.032833077013492584
[2023-11-12 01:41:25] PRINT =========
[2023-11-12 01:41:27] PRINT 84
[2023-11-12 01:41:27] PRINT 0.04315154254436493
[2023-11-12 01:41:27] PRINT =========
[2023-11-12 01:41:28] PRINT 86
[2023-11-12 01:41:28] PRINT 0.040845852345228195
[2023-11-12 01:41:28] PRINT =========
[2023-11-12 01:41:30] PRINT 88
[2023-11-12 01:41:30] PRINT 0.025506557896733284
[2023-11-12 01:41:30] PRINT =========
[2023-11-12 01:41:32] PRINT 90
[2023-11-12 01:41:32] PRINT 0.029950523748993874
[2023-11-12 01:41:32] PRINT =========
[2023-11-12 01:41:34] PRINT 92
[2023-11-12 01:41:34] PRINT 0.02201608195900917
[2023-11-12 01:41:34] PRINT =========
[2023-11-12 01:41:35] PRINT 94
[2023-11-12 01:41:35] PRINT 0.028081106022000313
[2023-11-12 01:41:35] PRINT =========
[2023-11-12 01:41:37] PRINT 96
[2023-11-12 01:41:37] PRINT 0.02886543981730938
[2023-11-12 01:41:37] PRINT =========
[2023-11-12 01:41:38] PRINT 98
[2023-11-12 01:41:38] PRINT 0.030525559559464455
[2023-11-12 01:41:38] PRINT =========
[2023-11-12 01:41:40] PRINT 100
[2023-11-12 01:41:40] PRINT 0.02320794202387333
[2023-11-12 01:41:40] PRINT =========
[2023-11-12 01:41:40] PRINT Average PSNR after pre-training: 18.96959010548051
[2023-11-12 01:41:46] PRINT Average PSNR after fine tuning :  nan
