[2023-11-12 00:11:01] INFO (nni.runtime.trial_command_channel.v3/MainThread) Connect to trial command channel http://localhost:8080/env/local-env/J6cxf
[2023-11-12 00:11:01] PRINT Namespace(num_block=8, num_discriminator_blocks=3, conv_kernel_size=5, generator_depth=64, discriminator_depth=128, generator_activation='relu', discriminator_activation='leakyrelu', LR_path='custom_dataset/train_LR', GT_path='custom_dataset/train_HR', res_num=16, num_workers=0, batch_size=16, L2_coeff=1.0, adv_coeff=0.001, tv_loss_coeff=0.0, pre_train_epoch=100, fine_train_epoch=0, scale=4, patch_size=24, feat_layer='relu5_4', vgg_rescale_coeff=0.006, fine_tuning=False, in_memory=True, generator_path=None, mode='train')
[2023-11-12 00:11:12] PRINT 2
[2023-11-12 00:11:12] PRINT 0.3066898584365845
[2023-11-12 00:11:12] PRINT =========
[2023-11-12 00:11:13] PRINT 4
[2023-11-12 00:11:13] PRINT 0.2553102970123291
[2023-11-12 00:11:13] PRINT =========
[2023-11-12 00:11:15] PRINT 6
[2023-11-12 00:11:15] PRINT 0.15658588707447052
[2023-11-12 00:11:15] PRINT =========
[2023-11-12 00:11:16] PRINT 8
[2023-11-12 00:11:16] PRINT 0.24567539989948273
[2023-11-12 00:11:16] PRINT =========
[2023-11-12 00:11:17] PRINT 10
[2023-11-12 00:11:17] PRINT 0.12563644349575043
[2023-11-12 00:11:17] PRINT =========
[2023-11-12 00:11:19] PRINT 12
[2023-11-12 00:11:19] PRINT 0.08195710927248001
[2023-11-12 00:11:19] PRINT =========
[2023-11-12 00:11:20] PRINT 14
[2023-11-12 00:11:20] PRINT 0.11263400316238403
[2023-11-12 00:11:20] PRINT =========
[2023-11-12 00:11:21] PRINT 16
[2023-11-12 00:11:21] PRINT 0.2359645664691925
[2023-11-12 00:11:21] PRINT =========
[2023-11-12 00:11:23] PRINT 18
[2023-11-12 00:11:23] PRINT 0.06664460897445679
[2023-11-12 00:11:23] PRINT =========
[2023-11-12 00:11:24] PRINT 20
[2023-11-12 00:11:24] PRINT 0.07228028774261475
[2023-11-12 00:11:24] PRINT =========
[2023-11-12 00:11:25] PRINT 22
[2023-11-12 00:11:25] PRINT 0.05536694824695587
[2023-11-12 00:11:25] PRINT =========
[2023-11-12 00:11:27] PRINT 24
[2023-11-12 00:11:27] PRINT 0.050808146595954895
[2023-11-12 00:11:27] PRINT =========
[2023-11-12 00:11:28] PRINT 26
[2023-11-12 00:11:28] PRINT 0.1034649983048439
[2023-11-12 00:11:28] PRINT =========
[2023-11-12 00:11:29] PRINT 28
[2023-11-12 00:11:29] PRINT 0.07714509963989258
[2023-11-12 00:11:29] PRINT =========
[2023-11-12 00:11:31] PRINT 30
[2023-11-12 00:11:31] PRINT 0.050947025418281555
[2023-11-12 00:11:31] PRINT =========
[2023-11-12 00:11:32] PRINT 32
[2023-11-12 00:11:32] PRINT 0.07356172800064087
[2023-11-12 00:11:32] PRINT =========
[2023-11-12 00:11:33] PRINT 34
[2023-11-12 00:11:33] PRINT 0.103795126080513
[2023-11-12 00:11:33] PRINT =========
[2023-11-12 00:11:35] PRINT 36
[2023-11-12 00:11:35] PRINT 0.07621587067842484
[2023-11-12 00:11:35] PRINT =========
[2023-11-12 00:11:36] PRINT 38
[2023-11-12 00:11:36] PRINT 0.07895165681838989
[2023-11-12 00:11:36] PRINT =========
[2023-11-12 00:11:37] PRINT 40
[2023-11-12 00:11:37] PRINT 0.11344044655561447
[2023-11-12 00:11:37] PRINT =========
[2023-11-12 00:11:39] PRINT 42
[2023-11-12 00:11:39] PRINT 0.04466032236814499
[2023-11-12 00:11:39] PRINT =========
[2023-11-12 00:11:40] PRINT 44
[2023-11-12 00:11:40] PRINT 0.1141233891248703
[2023-11-12 00:11:40] PRINT =========
[2023-11-12 00:11:42] PRINT 46
[2023-11-12 00:11:42] PRINT 0.09822383522987366
[2023-11-12 00:11:42] PRINT =========
[2023-11-12 00:11:43] PRINT 48
[2023-11-12 00:11:43] PRINT 0.05975884571671486
[2023-11-12 00:11:43] PRINT =========
[2023-11-12 00:11:45] PRINT 50
[2023-11-12 00:11:45] PRINT 0.059599898755550385
[2023-11-12 00:11:45] PRINT =========
[2023-11-12 00:11:46] PRINT 52
[2023-11-12 00:11:46] PRINT 0.04247913882136345
[2023-11-12 00:11:46] PRINT =========
[2023-11-12 00:11:48] PRINT 54
[2023-11-12 00:11:48] PRINT 0.04963643103837967
[2023-11-12 00:11:48] PRINT =========
[2023-11-12 00:11:50] PRINT 56
[2023-11-12 00:11:50] PRINT 0.04319482669234276
[2023-11-12 00:11:50] PRINT =========
[2023-11-12 00:11:51] PRINT 58
[2023-11-12 00:11:51] PRINT 0.06913875788450241
[2023-11-12 00:11:51] PRINT =========
[2023-11-12 00:11:53] PRINT 60
[2023-11-12 00:11:53] PRINT 0.0988958403468132
[2023-11-12 00:11:53] PRINT =========
[2023-11-12 00:11:55] PRINT 62
[2023-11-12 00:11:55] PRINT 0.047445815056562424
[2023-11-12 00:11:55] PRINT =========
[2023-11-12 00:11:57] PRINT 64
[2023-11-12 00:11:57] PRINT 0.0476824976503849
[2023-11-12 00:11:57] PRINT =========
[2023-11-12 00:11:59] PRINT 66
[2023-11-12 00:11:59] PRINT 0.048789218068122864
[2023-11-12 00:11:59] PRINT =========
[2023-11-12 00:12:01] PRINT 68
[2023-11-12 00:12:01] PRINT 0.04901561886072159
[2023-11-12 00:12:01] PRINT =========
[2023-11-12 00:12:02] PRINT 70
[2023-11-12 00:12:02] PRINT 0.05119612440466881
[2023-11-12 00:12:02] PRINT =========
[2023-11-12 00:12:04] PRINT 72
[2023-11-12 00:12:04] PRINT 0.04825219511985779
[2023-11-12 00:12:04] PRINT =========
[2023-11-12 00:12:06] PRINT 74
[2023-11-12 00:12:06] PRINT 0.060415856540203094
[2023-11-12 00:12:06] PRINT =========
[2023-11-12 00:12:08] PRINT 76
[2023-11-12 00:12:08] PRINT 0.03724861890077591
[2023-11-12 00:12:08] PRINT =========
[2023-11-12 00:12:09] PRINT 78
[2023-11-12 00:12:09] PRINT 0.05495753139257431
[2023-11-12 00:12:09] PRINT =========
[2023-11-12 00:12:11] PRINT 80
[2023-11-12 00:12:11] PRINT 0.07944604009389877
[2023-11-12 00:12:11] PRINT =========
[2023-11-12 00:12:12] PRINT 82
[2023-11-12 00:12:12] PRINT 0.12982895970344543
[2023-11-12 00:12:12] PRINT =========
[2023-11-12 00:12:13] PRINT 84
[2023-11-12 00:12:13] PRINT 0.042208947241306305
[2023-11-12 00:12:13] PRINT =========
[2023-11-12 00:12:15] PRINT 86
[2023-11-12 00:12:15] PRINT 0.04987623170018196
[2023-11-12 00:12:15] PRINT =========
[2023-11-12 00:12:16] PRINT 88
[2023-11-12 00:12:16] PRINT 0.03290928900241852
[2023-11-12 00:12:16] PRINT =========
[2023-11-12 00:12:17] PRINT 90
[2023-11-12 00:12:17] PRINT 0.07391776889562607
[2023-11-12 00:12:17] PRINT =========
[2023-11-12 00:12:18] PRINT 92
[2023-11-12 00:12:18] PRINT 0.04308563098311424
[2023-11-12 00:12:18] PRINT =========
[2023-11-12 00:12:20] PRINT 94
[2023-11-12 00:12:20] PRINT 0.05662481486797333
[2023-11-12 00:12:20] PRINT =========
[2023-11-12 00:12:21] PRINT 96
[2023-11-12 00:12:21] PRINT 0.05259513109922409
[2023-11-12 00:12:21] PRINT =========
[2023-11-12 00:12:22] PRINT 98
[2023-11-12 00:12:22] PRINT 0.028214527294039726
[2023-11-12 00:12:22] PRINT =========
[2023-11-12 00:12:24] PRINT 100
[2023-11-12 00:12:24] PRINT 0.03628288954496384
[2023-11-12 00:12:24] PRINT =========
[2023-11-12 00:12:24] PRINT Average PSNR after pre-training: 18.18479263638633
[2023-11-12 00:12:29] PRINT Average PSNR after fine tuning :  nan
