[2023-11-12 00:27:24] INFO (nni.runtime.trial_command_channel.v3/MainThread) Connect to trial command channel http://localhost:8080/env/local-env/mOKu4
[2023-11-12 00:27:24] PRINT Namespace(num_block=16, num_discriminator_blocks=4, conv_kernel_size=3, generator_depth=64, discriminator_depth=128, generator_activation='relu', discriminator_activation='leakyrelu', LR_path='custom_dataset/train_LR', GT_path='custom_dataset/train_HR', res_num=16, num_workers=0, batch_size=16, L2_coeff=1.0, adv_coeff=0.001, tv_loss_coeff=0.0, pre_train_epoch=100, fine_train_epoch=0, scale=4, patch_size=24, feat_layer='relu5_4', vgg_rescale_coeff=0.006, fine_tuning=False, in_memory=True, generator_path=None, mode='train')
[2023-11-12 00:27:34] PRINT 2
[2023-11-12 00:27:34] PRINT 0.18578219413757324
[2023-11-12 00:27:34] PRINT =========
[2023-11-12 00:27:35] PRINT 4
[2023-11-12 00:27:35] PRINT 0.11692465096712112
[2023-11-12 00:27:35] PRINT =========
[2023-11-12 00:27:37] PRINT 6
[2023-11-12 00:27:37] PRINT 0.09769882261753082
[2023-11-12 00:27:37] PRINT =========
[2023-11-12 00:27:38] PRINT 8
[2023-11-12 00:27:38] PRINT 0.1514388769865036
[2023-11-12 00:27:38] PRINT =========
[2023-11-12 00:27:40] PRINT 10
[2023-11-12 00:27:40] PRINT 0.16729938983917236
[2023-11-12 00:27:40] PRINT =========
[2023-11-12 00:27:41] PRINT 12
[2023-11-12 00:27:41] PRINT 0.09127524495124817
[2023-11-12 00:27:41] PRINT =========
[2023-11-12 00:27:43] PRINT 14
[2023-11-12 00:27:43] PRINT 0.180040642619133
[2023-11-12 00:27:43] PRINT =========
[2023-11-12 00:27:44] PRINT 16
[2023-11-12 00:27:44] PRINT 0.17951694130897522
[2023-11-12 00:27:44] PRINT =========
[2023-11-12 00:27:46] PRINT 18
[2023-11-12 00:27:46] PRINT 0.0668514296412468
[2023-11-12 00:27:46] PRINT =========
[2023-11-12 00:27:47] PRINT 20
[2023-11-12 00:27:47] PRINT 0.11947976052761078
[2023-11-12 00:27:47] PRINT =========
[2023-11-12 00:27:49] PRINT 22
[2023-11-12 00:27:49] PRINT 0.11307897418737411
[2023-11-12 00:27:49] PRINT =========
[2023-11-12 00:27:50] PRINT 24
[2023-11-12 00:27:50] PRINT 0.07750419527292252
[2023-11-12 00:27:50] PRINT =========
[2023-11-12 00:27:51] PRINT 26
[2023-11-12 00:27:51] PRINT 0.2946372330188751
[2023-11-12 00:27:51] PRINT =========
[2023-11-12 00:27:53] PRINT 28
[2023-11-12 00:27:53] PRINT 0.07019013166427612
[2023-11-12 00:27:53] PRINT =========
[2023-11-12 00:27:54] PRINT 30
[2023-11-12 00:27:54] PRINT 0.08255112916231155
[2023-11-12 00:27:54] PRINT =========
[2023-11-12 00:27:56] PRINT 32
[2023-11-12 00:27:56] PRINT 0.06947528570890427
[2023-11-12 00:27:56] PRINT =========
[2023-11-12 00:27:58] PRINT 34
[2023-11-12 00:27:58] PRINT 0.10293084383010864
[2023-11-12 00:27:58] PRINT =========
[2023-11-12 00:27:59] PRINT 36
[2023-11-12 00:27:59] PRINT 0.11029577255249023
[2023-11-12 00:27:59] PRINT =========
[2023-11-12 00:28:01] PRINT 38
[2023-11-12 00:28:01] PRINT 0.056943316012620926
[2023-11-12 00:28:01] PRINT =========
[2023-11-12 00:28:02] PRINT 40
[2023-11-12 00:28:02] PRINT 0.10678340494632721
[2023-11-12 00:28:02] PRINT =========
[2023-11-12 00:28:03] PRINT 42
[2023-11-12 00:28:03] PRINT 0.04356110841035843
[2023-11-12 00:28:03] PRINT =========
[2023-11-12 00:28:05] PRINT 44
[2023-11-12 00:28:05] PRINT 0.03286614269018173
[2023-11-12 00:28:05] PRINT =========
[2023-11-12 00:28:06] PRINT 46
[2023-11-12 00:28:06] PRINT 0.05655970424413681
[2023-11-12 00:28:06] PRINT =========
[2023-11-12 00:28:08] PRINT 48
[2023-11-12 00:28:08] PRINT 0.1317284256219864
[2023-11-12 00:28:08] PRINT =========
[2023-11-12 00:28:09] PRINT 50
[2023-11-12 00:28:09] PRINT 0.05151642858982086
[2023-11-12 00:28:09] PRINT =========
[2023-11-12 00:28:10] PRINT 52
[2023-11-12 00:28:10] PRINT 0.0571892075240612
[2023-11-12 00:28:10] PRINT =========
[2023-11-12 00:28:12] PRINT 54
[2023-11-12 00:28:12] PRINT 0.07929430156946182
[2023-11-12 00:28:12] PRINT =========
[2023-11-12 00:28:13] PRINT 56
[2023-11-12 00:28:13] PRINT 0.05358082428574562
[2023-11-12 00:28:13] PRINT =========
[2023-11-12 00:28:15] PRINT 58
[2023-11-12 00:28:15] PRINT 0.045897334814071655
[2023-11-12 00:28:15] PRINT =========
[2023-11-12 00:28:16] PRINT 60
[2023-11-12 00:28:16] PRINT 0.055888380855321884
[2023-11-12 00:28:16] PRINT =========
[2023-11-12 00:28:18] PRINT 62
[2023-11-12 00:28:18] PRINT 0.05548145994544029
[2023-11-12 00:28:18] PRINT =========
[2023-11-12 00:28:19] PRINT 64
[2023-11-12 00:28:19] PRINT 0.07189720124006271
[2023-11-12 00:28:19] PRINT =========
[2023-11-12 00:28:21] PRINT 66
[2023-11-12 00:28:21] PRINT 0.06608497351408005
[2023-11-12 00:28:21] PRINT =========
[2023-11-12 00:28:22] PRINT 68
[2023-11-12 00:28:22] PRINT 0.03641865774989128
[2023-11-12 00:28:22] PRINT =========
[2023-11-12 00:28:23] PRINT 70
[2023-11-12 00:28:24] PRINT 0.046992018818855286
[2023-11-12 00:28:24] PRINT =========
[2023-11-12 00:28:25] PRINT 72
[2023-11-12 00:28:25] PRINT 0.057608362287282944
[2023-11-12 00:28:25] PRINT =========
[2023-11-12 00:28:26] PRINT 74
[2023-11-12 00:28:26] PRINT 0.03928670287132263
[2023-11-12 00:28:26] PRINT =========
[2023-11-12 00:28:28] PRINT 76
[2023-11-12 00:28:28] PRINT 0.049747537821531296
[2023-11-12 00:28:28] PRINT =========
[2023-11-12 00:28:29] PRINT 78
[2023-11-12 00:28:29] PRINT 0.03202948719263077
[2023-11-12 00:28:29] PRINT =========
[2023-11-12 00:28:31] PRINT 80
[2023-11-12 00:28:31] PRINT 0.08463559299707413
[2023-11-12 00:28:31] PRINT =========
[2023-11-12 00:28:32] PRINT 82
[2023-11-12 00:28:32] PRINT 0.04416244104504585
[2023-11-12 00:28:32] PRINT =========
[2023-11-12 00:28:34] PRINT 84
[2023-11-12 00:28:34] PRINT 0.09201210737228394
[2023-11-12 00:28:34] PRINT =========
[2023-11-12 00:28:35] PRINT 86
[2023-11-12 00:28:35] PRINT 0.06723115593194962
[2023-11-12 00:28:35] PRINT =========
[2023-11-12 00:28:36] PRINT 88
[2023-11-12 00:28:36] PRINT 0.053565721958875656
[2023-11-12 00:28:36] PRINT =========
[2023-11-12 00:28:38] PRINT 90
[2023-11-12 00:28:38] PRINT 0.03992912545800209
[2023-11-12 00:28:38] PRINT =========
[2023-11-12 00:28:39] PRINT 92
[2023-11-12 00:28:39] PRINT 0.055043045431375504
[2023-11-12 00:28:39] PRINT =========
[2023-11-12 00:28:41] PRINT 94
[2023-11-12 00:28:41] PRINT 0.046218305826187134
[2023-11-12 00:28:41] PRINT =========
[2023-11-12 00:28:42] PRINT 96
[2023-11-12 00:28:42] PRINT 0.03464559465646744
[2023-11-12 00:28:42] PRINT =========
[2023-11-12 00:28:44] PRINT 98
[2023-11-12 00:28:44] PRINT 0.015329312533140182
[2023-11-12 00:28:44] PRINT =========
[2023-11-12 00:28:46] PRINT 100
[2023-11-12 00:28:46] PRINT 0.025003261864185333
[2023-11-12 00:28:46] PRINT =========
[2023-11-12 00:28:46] PRINT Average PSNR after pre-training: 18.373253894935125
[2023-11-12 00:28:50] PRINT Average PSNR after fine tuning :  nan
