[2023-11-12 00:42:47] INFO (nni.runtime.trial_command_channel.v3/MainThread) Connect to trial command channel http://localhost:8080/env/local-env/ZVG7N
[2023-11-12 00:42:47] PRINT Namespace(num_block=8, num_discriminator_blocks=3, conv_kernel_size=5, generator_depth=64, discriminator_depth=128, generator_activation='prelu', discriminator_activation='leakyrelu', LR_path='custom_dataset/train_LR', GT_path='custom_dataset/train_HR', res_num=16, num_workers=0, batch_size=16, L2_coeff=1.0, adv_coeff=0.001, tv_loss_coeff=0.0, pre_train_epoch=100, fine_train_epoch=0, scale=4, patch_size=24, feat_layer='relu5_4', vgg_rescale_coeff=0.006, fine_tuning=False, in_memory=True, generator_path=None, mode='train')
[2023-11-12 00:42:56] PRINT 2
[2023-11-12 00:42:56] PRINT 0.1702851504087448
[2023-11-12 00:42:56] PRINT =========
[2023-11-12 00:42:57] PRINT 4
[2023-11-12 00:42:57] PRINT 0.17250898480415344
[2023-11-12 00:42:57] PRINT =========
[2023-11-12 00:42:58] PRINT 6
[2023-11-12 00:42:58] PRINT 0.13889935612678528
[2023-11-12 00:42:58] PRINT =========
[2023-11-12 00:43:00] PRINT 8
[2023-11-12 00:43:00] PRINT 0.13906452059745789
[2023-11-12 00:43:00] PRINT =========
[2023-11-12 00:43:01] PRINT 10
[2023-11-12 00:43:01] PRINT 0.1796906441450119
[2023-11-12 00:43:01] PRINT =========
[2023-11-12 00:43:02] PRINT 12
[2023-11-12 00:43:02] PRINT 0.07651539146900177
[2023-11-12 00:43:02] PRINT =========
[2023-11-12 00:43:03] PRINT 14
[2023-11-12 00:43:03] PRINT 0.05954563245177269
[2023-11-12 00:43:03] PRINT =========
[2023-11-12 00:43:05] PRINT 16
[2023-11-12 00:43:05] PRINT 0.13937832415103912
[2023-11-12 00:43:05] PRINT =========
[2023-11-12 00:43:06] PRINT 18
[2023-11-12 00:43:06] PRINT 0.050053805112838745
[2023-11-12 00:43:06] PRINT =========
[2023-11-12 00:43:07] PRINT 20
[2023-11-12 00:43:07] PRINT 0.062095172703266144
[2023-11-12 00:43:07] PRINT =========
[2023-11-12 00:43:09] PRINT 22
[2023-11-12 00:43:09] PRINT 0.15540103614330292
[2023-11-12 00:43:09] PRINT =========
[2023-11-12 00:43:10] PRINT 24
[2023-11-12 00:43:10] PRINT 0.09554032981395721
[2023-11-12 00:43:10] PRINT =========
[2023-11-12 00:43:11] PRINT 26
[2023-11-12 00:43:11] PRINT 0.033490169793367386
[2023-11-12 00:43:11] PRINT =========
[2023-11-12 00:43:12] PRINT 28
[2023-11-12 00:43:12] PRINT 0.04550430178642273
[2023-11-12 00:43:12] PRINT =========
[2023-11-12 00:43:14] PRINT 30
[2023-11-12 00:43:14] PRINT 0.06991312652826309
[2023-11-12 00:43:14] PRINT =========
[2023-11-12 00:43:15] PRINT 32
[2023-11-12 00:43:15] PRINT 0.07202812284231186
[2023-11-12 00:43:15] PRINT =========
[2023-11-12 00:43:16] PRINT 34
[2023-11-12 00:43:16] PRINT 0.0463884063065052
[2023-11-12 00:43:16] PRINT =========
[2023-11-12 00:43:18] PRINT 36
[2023-11-12 00:43:18] PRINT 0.06919434666633606
[2023-11-12 00:43:18] PRINT =========
[2023-11-12 00:43:19] PRINT 38
[2023-11-12 00:43:19] PRINT 0.0582815557718277
[2023-11-12 00:43:19] PRINT =========
[2023-11-12 00:43:20] PRINT 40
[2023-11-12 00:43:20] PRINT 0.05329234525561333
[2023-11-12 00:43:20] PRINT =========
[2023-11-12 00:43:21] PRINT 42
[2023-11-12 00:43:21] PRINT 0.15435031056404114
[2023-11-12 00:43:21] PRINT =========
[2023-11-12 00:43:23] PRINT 44
[2023-11-12 00:43:23] PRINT 0.034535959362983704
[2023-11-12 00:43:23] PRINT =========
[2023-11-12 00:43:24] PRINT 46
[2023-11-12 00:43:24] PRINT 0.0692703127861023
[2023-11-12 00:43:24] PRINT =========
[2023-11-12 00:43:25] PRINT 48
[2023-11-12 00:43:25] PRINT 0.12429511547088623
[2023-11-12 00:43:25] PRINT =========
[2023-11-12 00:43:27] PRINT 50
[2023-11-12 00:43:27] PRINT 0.04334879666566849
[2023-11-12 00:43:27] PRINT =========
[2023-11-12 00:43:28] PRINT 52
[2023-11-12 00:43:28] PRINT 0.031004557386040688
[2023-11-12 00:43:28] PRINT =========
[2023-11-12 00:43:29] PRINT 54
[2023-11-12 00:43:29] PRINT 0.04446570202708244
[2023-11-12 00:43:29] PRINT =========
[2023-11-12 00:43:30] PRINT 56
[2023-11-12 00:43:30] PRINT 0.048747316002845764
[2023-11-12 00:43:30] PRINT =========
[2023-11-12 00:43:32] PRINT 58
[2023-11-12 00:43:32] PRINT 0.03300139307975769
[2023-11-12 00:43:32] PRINT =========
[2023-11-12 00:43:33] PRINT 60
[2023-11-12 00:43:33] PRINT 0.03475417569279671
[2023-11-12 00:43:33] PRINT =========
[2023-11-12 00:43:34] PRINT 62
[2023-11-12 00:43:34] PRINT 0.05757564306259155
[2023-11-12 00:43:34] PRINT =========
[2023-11-12 00:43:36] PRINT 64
[2023-11-12 00:43:36] PRINT 0.04776856675744057
[2023-11-12 00:43:36] PRINT =========
[2023-11-12 00:43:37] PRINT 66
[2023-11-12 00:43:37] PRINT 0.04799613729119301
[2023-11-12 00:43:37] PRINT =========
[2023-11-12 00:43:38] PRINT 68
[2023-11-12 00:43:38] PRINT 0.0720970407128334
[2023-11-12 00:43:38] PRINT =========
[2023-11-12 00:43:39] PRINT 70
[2023-11-12 00:43:39] PRINT 0.06075393036007881
[2023-11-12 00:43:39] PRINT =========
[2023-11-12 00:43:41] PRINT 72
[2023-11-12 00:43:41] PRINT 0.06170429289340973
[2023-11-12 00:43:41] PRINT =========
[2023-11-12 00:43:42] PRINT 74
[2023-11-12 00:43:42] PRINT 0.04493517428636551
[2023-11-12 00:43:42] PRINT =========
[2023-11-12 00:43:43] PRINT 76
[2023-11-12 00:43:43] PRINT 0.04747171700000763
[2023-11-12 00:43:43] PRINT =========
[2023-11-12 00:43:44] PRINT 78
[2023-11-12 00:43:44] PRINT 0.049698811024427414
[2023-11-12 00:43:44] PRINT =========
[2023-11-12 00:43:46] PRINT 80
[2023-11-12 00:43:46] PRINT 0.0637262687087059
[2023-11-12 00:43:46] PRINT =========
[2023-11-12 00:43:47] PRINT 82
[2023-11-12 00:43:47] PRINT 0.02737272158265114
[2023-11-12 00:43:47] PRINT =========
[2023-11-12 00:43:48] PRINT 84
[2023-11-12 00:43:48] PRINT 0.027405954897403717
[2023-11-12 00:43:48] PRINT =========
[2023-11-12 00:43:49] PRINT 86
[2023-11-12 00:43:49] PRINT 0.06193307787179947
[2023-11-12 00:43:49] PRINT =========
[2023-11-12 00:43:51] PRINT 88
[2023-11-12 00:43:51] PRINT 0.04844614490866661
[2023-11-12 00:43:51] PRINT =========
[2023-11-12 00:43:52] PRINT 90
[2023-11-12 00:43:52] PRINT 0.02657388336956501
[2023-11-12 00:43:52] PRINT =========
[2023-11-12 00:43:53] PRINT 92
[2023-11-12 00:43:53] PRINT 0.04270479455590248
[2023-11-12 00:43:53] PRINT =========
[2023-11-12 00:43:55] PRINT 94
[2023-11-12 00:43:55] PRINT 0.0570046566426754
[2023-11-12 00:43:55] PRINT =========
[2023-11-12 00:43:56] PRINT 96
[2023-11-12 00:43:56] PRINT 0.03031742200255394
[2023-11-12 00:43:56] PRINT =========
[2023-11-12 00:43:57] PRINT 98
[2023-11-12 00:43:57] PRINT 0.03834884986281395
[2023-11-12 00:43:57] PRINT =========
[2023-11-12 00:43:58] PRINT 100
[2023-11-12 00:43:58] PRINT 0.02078639157116413
[2023-11-12 00:43:58] PRINT =========
[2023-11-12 00:43:58] PRINT Average PSNR after pre-training: 18.917595043525857
[2023-11-12 00:44:02] PRINT Average PSNR after fine tuning :  nan
