[2023-11-12 01:33:07] INFO (nni.runtime.trial_command_channel.v3/MainThread) Connect to trial command channel http://localhost:8080/env/local-env/vK0SW
[2023-11-12 01:33:07] PRINT Namespace(num_block=16, num_discriminator_blocks=4, conv_kernel_size=3, generator_depth=64, discriminator_depth=64, generator_activation='relu', discriminator_activation='leakyrelu', LR_path='custom_dataset/train_LR', GT_path='custom_dataset/train_HR', res_num=16, num_workers=0, batch_size=16, L2_coeff=1.0, adv_coeff=0.001, tv_loss_coeff=0.0, pre_train_epoch=100, fine_train_epoch=0, scale=4, patch_size=24, feat_layer='relu5_4', vgg_rescale_coeff=0.006, fine_tuning=False, in_memory=True, generator_path=None, mode='train')
[2023-11-12 01:33:16] PRINT 2
[2023-11-12 01:33:16] PRINT 0.48693692684173584
[2023-11-12 01:33:16] PRINT =========
[2023-11-12 01:33:18] PRINT 4
[2023-11-12 01:33:18] PRINT 0.11585965007543564
[2023-11-12 01:33:18] PRINT =========
[2023-11-12 01:33:19] PRINT 6
[2023-11-12 01:33:19] PRINT 0.17126618325710297
[2023-11-12 01:33:19] PRINT =========
[2023-11-12 01:33:21] PRINT 8
[2023-11-12 01:33:21] PRINT 0.06474017351865768
[2023-11-12 01:33:21] PRINT =========
[2023-11-12 01:33:22] PRINT 10
[2023-11-12 01:33:22] PRINT 0.06884277611970901
[2023-11-12 01:33:22] PRINT =========
[2023-11-12 01:33:24] PRINT 12
[2023-11-12 01:33:24] PRINT 0.10029185563325882
[2023-11-12 01:33:24] PRINT =========
[2023-11-12 01:33:25] PRINT 14
[2023-11-12 01:33:25] PRINT 0.08949092030525208
[2023-11-12 01:33:25] PRINT =========
[2023-11-12 01:33:26] PRINT 16
[2023-11-12 01:33:26] PRINT 0.08559123426675797
[2023-11-12 01:33:26] PRINT =========
[2023-11-12 01:33:28] PRINT 18
[2023-11-12 01:33:28] PRINT 0.07552801072597504
[2023-11-12 01:33:28] PRINT =========
[2023-11-12 01:33:29] PRINT 20
[2023-11-12 01:33:29] PRINT 0.2457420974969864
[2023-11-12 01:33:29] PRINT =========
[2023-11-12 01:33:31] PRINT 22
[2023-11-12 01:33:31] PRINT 0.043649736791849136
[2023-11-12 01:33:31] PRINT =========
[2023-11-12 01:33:32] PRINT 24
[2023-11-12 01:33:32] PRINT 0.11586393415927887
[2023-11-12 01:33:32] PRINT =========
[2023-11-12 01:33:33] PRINT 26
[2023-11-12 01:33:33] PRINT 0.04822322353720665
[2023-11-12 01:33:33] PRINT =========
[2023-11-12 01:33:35] PRINT 28
[2023-11-12 01:33:35] PRINT 0.0786895677447319
[2023-11-12 01:33:35] PRINT =========
[2023-11-12 01:33:36] PRINT 30
[2023-11-12 01:33:36] PRINT 0.09287089854478836
[2023-11-12 01:33:36] PRINT =========
[2023-11-12 01:33:38] PRINT 32
[2023-11-12 01:33:38] PRINT 0.08990442007780075
[2023-11-12 01:33:38] PRINT =========
[2023-11-12 01:33:39] PRINT 34
[2023-11-12 01:33:39] PRINT 0.058392759412527084
[2023-11-12 01:33:39] PRINT =========
[2023-11-12 01:33:40] PRINT 36
[2023-11-12 01:33:40] PRINT 0.06429719179868698
[2023-11-12 01:33:40] PRINT =========
[2023-11-12 01:33:42] PRINT 38
[2023-11-12 01:33:42] PRINT 0.058948107063770294
[2023-11-12 01:33:42] PRINT =========
[2023-11-12 01:33:44] PRINT 40
[2023-11-12 01:33:44] PRINT 0.05272311717271805
[2023-11-12 01:33:44] PRINT =========
[2023-11-12 01:33:45] PRINT 42
[2023-11-12 01:33:45] PRINT 0.06838744878768921
[2023-11-12 01:33:45] PRINT =========
[2023-11-12 01:33:46] PRINT 44
[2023-11-12 01:33:46] PRINT 0.05927250161767006
[2023-11-12 01:33:46] PRINT =========
[2023-11-12 01:33:48] PRINT 46
[2023-11-12 01:33:48] PRINT 0.12092071026563644
[2023-11-12 01:33:48] PRINT =========
[2023-11-12 01:33:50] PRINT 48
[2023-11-12 01:33:50] PRINT 0.05057263374328613
[2023-11-12 01:33:50] PRINT =========
[2023-11-12 01:33:51] PRINT 50
[2023-11-12 01:33:51] PRINT 0.045883700251579285
[2023-11-12 01:33:51] PRINT =========
[2023-11-12 01:33:53] PRINT 52
[2023-11-12 01:33:53] PRINT 0.07043322175741196
[2023-11-12 01:33:53] PRINT =========
[2023-11-12 01:33:55] PRINT 54
[2023-11-12 01:33:55] PRINT 0.037706755101680756
[2023-11-12 01:33:55] PRINT =========
[2023-11-12 01:33:57] PRINT 56
[2023-11-12 01:33:57] PRINT 0.06965470314025879
[2023-11-12 01:33:57] PRINT =========
[2023-11-12 01:33:58] PRINT 58
[2023-11-12 01:33:58] PRINT 0.10041947662830353
[2023-11-12 01:33:58] PRINT =========
[2023-11-12 01:34:00] PRINT 60
[2023-11-12 01:34:00] PRINT 0.045402564108371735
[2023-11-12 01:34:00] PRINT =========
[2023-11-12 01:34:01] PRINT 62
[2023-11-12 01:34:01] PRINT 0.048829156905412674
[2023-11-12 01:34:01] PRINT =========
[2023-11-12 01:34:03] PRINT 64
[2023-11-12 01:34:03] PRINT 0.05186265707015991
[2023-11-12 01:34:03] PRINT =========
[2023-11-12 01:34:05] PRINT 66
[2023-11-12 01:34:05] PRINT 0.018642408773303032
[2023-11-12 01:34:05] PRINT =========
[2023-11-12 01:34:06] PRINT 68
[2023-11-12 01:34:06] PRINT 0.026692332699894905
[2023-11-12 01:34:06] PRINT =========
[2023-11-12 01:34:08] PRINT 70
[2023-11-12 01:34:08] PRINT 0.06390953063964844
[2023-11-12 01:34:08] PRINT =========
[2023-11-12 01:34:09] PRINT 72
[2023-11-12 01:34:09] PRINT 0.06890090554952621
[2023-11-12 01:34:09] PRINT =========
[2023-11-12 01:34:10] PRINT 74
[2023-11-12 01:34:10] PRINT 0.04222436621785164
[2023-11-12 01:34:10] PRINT =========
[2023-11-12 01:34:12] PRINT 76
[2023-11-12 01:34:12] PRINT 0.06285525113344193
[2023-11-12 01:34:12] PRINT =========
[2023-11-12 01:34:13] PRINT 78
[2023-11-12 01:34:13] PRINT 0.07271473854780197
[2023-11-12 01:34:13] PRINT =========
[2023-11-12 01:34:15] PRINT 80
[2023-11-12 01:34:15] PRINT 0.09964542090892792
[2023-11-12 01:34:15] PRINT =========
[2023-11-12 01:34:16] PRINT 82
[2023-11-12 01:34:16] PRINT 0.03848367556929588
[2023-11-12 01:34:16] PRINT =========
[2023-11-12 01:34:18] PRINT 84
[2023-11-12 01:34:18] PRINT 0.04756719991564751
[2023-11-12 01:34:18] PRINT =========
[2023-11-12 01:34:19] PRINT 86
[2023-11-12 01:34:19] PRINT 0.026753529906272888
[2023-11-12 01:34:19] PRINT =========
[2023-11-12 01:34:21] PRINT 88
[2023-11-12 01:34:21] PRINT 0.03163020312786102
[2023-11-12 01:34:21] PRINT =========
[2023-11-12 01:34:22] PRINT 90
[2023-11-12 01:34:22] PRINT 0.08420703560113907
[2023-11-12 01:34:22] PRINT =========
[2023-11-12 01:34:24] PRINT 92
[2023-11-12 01:34:24] PRINT 0.04911940172314644
[2023-11-12 01:34:24] PRINT =========
[2023-11-12 01:34:25] PRINT 94
[2023-11-12 01:34:25] PRINT 0.04205775633454323
[2023-11-12 01:34:25] PRINT =========
[2023-11-12 01:34:27] PRINT 96
[2023-11-12 01:34:27] PRINT 0.045454468578100204
[2023-11-12 01:34:27] PRINT =========
[2023-11-12 01:34:29] PRINT 98
[2023-11-12 01:34:29] PRINT 0.04842464253306389
[2023-11-12 01:34:29] PRINT =========
[2023-11-12 01:34:30] PRINT 100
[2023-11-12 01:34:30] PRINT 0.058965135365724564
[2023-11-12 01:34:30] PRINT =========
[2023-11-12 01:34:30] PRINT Average PSNR after pre-training: 18.28827593747476
[2023-11-12 01:34:33] PRINT Average PSNR after fine tuning :  nan
