[2023-11-12 00:35:18] INFO (nni.runtime.trial_command_channel.v3/MainThread) Connect to trial command channel http://localhost:8080/env/local-env/LCGhP
[2023-11-12 00:35:18] PRINT Namespace(num_block=8, num_discriminator_blocks=4, conv_kernel_size=3, generator_depth=64, discriminator_depth=128, generator_activation='relu', discriminator_activation='leakyrelu', LR_path='custom_dataset/train_LR', GT_path='custom_dataset/train_HR', res_num=16, num_workers=0, batch_size=16, L2_coeff=1.0, adv_coeff=0.001, tv_loss_coeff=0.0, pre_train_epoch=100, fine_train_epoch=0, scale=4, patch_size=24, feat_layer='relu5_4', vgg_rescale_coeff=0.006, fine_tuning=False, in_memory=True, generator_path=None, mode='train')
[2023-11-12 00:35:27] PRINT 2
[2023-11-12 00:35:28] PRINT 0.1768902689218521
[2023-11-12 00:35:28] PRINT =========
[2023-11-12 00:35:29] PRINT 4
[2023-11-12 00:35:29] PRINT 0.12805064022541046
[2023-11-12 00:35:29] PRINT =========
[2023-11-12 00:35:30] PRINT 6
[2023-11-12 00:35:30] PRINT 0.05876816064119339
[2023-11-12 00:35:30] PRINT =========
[2023-11-12 00:35:31] PRINT 8
[2023-11-12 00:35:31] PRINT 0.0995345264673233
[2023-11-12 00:35:31] PRINT =========
[2023-11-12 00:35:33] PRINT 10
[2023-11-12 00:35:33] PRINT 0.1292261779308319
[2023-11-12 00:35:33] PRINT =========
[2023-11-12 00:35:34] PRINT 12
[2023-11-12 00:35:34] PRINT 0.09243093430995941
[2023-11-12 00:35:34] PRINT =========
[2023-11-12 00:35:35] PRINT 14
[2023-11-12 00:35:35] PRINT 0.07106553763151169
[2023-11-12 00:35:35] PRINT =========
[2023-11-12 00:35:37] PRINT 16
[2023-11-12 00:35:37] PRINT 0.1639677882194519
[2023-11-12 00:35:37] PRINT =========
[2023-11-12 00:35:38] PRINT 18
[2023-11-12 00:35:38] PRINT 0.07806447893381119
[2023-11-12 00:35:38] PRINT =========
[2023-11-12 00:35:39] PRINT 20
[2023-11-12 00:35:39] PRINT 0.12068808823823929
[2023-11-12 00:35:39] PRINT =========
[2023-11-12 00:35:41] PRINT 22
[2023-11-12 00:35:41] PRINT 0.06370573490858078
[2023-11-12 00:35:41] PRINT =========
[2023-11-12 00:35:42] PRINT 24
[2023-11-12 00:35:42] PRINT 0.082518570125103
[2023-11-12 00:35:42] PRINT =========
[2023-11-12 00:35:43] PRINT 26
[2023-11-12 00:35:43] PRINT 0.04913373291492462
[2023-11-12 00:35:43] PRINT =========
[2023-11-12 00:35:45] PRINT 28
[2023-11-12 00:35:45] PRINT 0.11727552860975266
[2023-11-12 00:35:45] PRINT =========
[2023-11-12 00:35:46] PRINT 30
[2023-11-12 00:35:46] PRINT 0.05325901135802269
[2023-11-12 00:35:46] PRINT =========
[2023-11-12 00:35:47] PRINT 32
[2023-11-12 00:35:47] PRINT 0.1286756545305252
[2023-11-12 00:35:47] PRINT =========
[2023-11-12 00:35:49] PRINT 34
[2023-11-12 00:35:49] PRINT 0.0891115814447403
[2023-11-12 00:35:49] PRINT =========
[2023-11-12 00:35:50] PRINT 36
[2023-11-12 00:35:50] PRINT 0.07649490982294083
[2023-11-12 00:35:50] PRINT =========
[2023-11-12 00:35:51] PRINT 38
[2023-11-12 00:35:51] PRINT 0.07592254132032394
[2023-11-12 00:35:51] PRINT =========
[2023-11-12 00:35:53] PRINT 40
[2023-11-12 00:35:53] PRINT 0.051355138421058655
[2023-11-12 00:35:53] PRINT =========
[2023-11-12 00:35:54] PRINT 42
[2023-11-12 00:35:54] PRINT 0.06053314730525017
[2023-11-12 00:35:54] PRINT =========
[2023-11-12 00:35:55] PRINT 44
[2023-11-12 00:35:55] PRINT 0.04487784579396248
[2023-11-12 00:35:55] PRINT =========
[2023-11-12 00:35:57] PRINT 46
[2023-11-12 00:35:57] PRINT 0.029863521456718445
[2023-11-12 00:35:57] PRINT =========
[2023-11-12 00:35:58] PRINT 48
[2023-11-12 00:35:58] PRINT 0.0503513477742672
[2023-11-12 00:35:58] PRINT =========
[2023-11-12 00:35:59] PRINT 50
[2023-11-12 00:35:59] PRINT 0.051678020507097244
[2023-11-12 00:35:59] PRINT =========
[2023-11-12 00:36:00] PRINT 52
[2023-11-12 00:36:00] PRINT 0.03476744890213013
[2023-11-12 00:36:00] PRINT =========
[2023-11-12 00:36:02] PRINT 54
[2023-11-12 00:36:02] PRINT 0.09853297472000122
[2023-11-12 00:36:02] PRINT =========
[2023-11-12 00:36:03] PRINT 56
[2023-11-12 00:36:03] PRINT 0.07501684129238129
[2023-11-12 00:36:03] PRINT =========
[2023-11-12 00:36:04] PRINT 58
[2023-11-12 00:36:04] PRINT 0.05754400044679642
[2023-11-12 00:36:04] PRINT =========
[2023-11-12 00:36:06] PRINT 60
[2023-11-12 00:36:06] PRINT 0.0567849837243557
[2023-11-12 00:36:06] PRINT =========
[2023-11-12 00:36:07] PRINT 62
[2023-11-12 00:36:07] PRINT 0.05768616124987602
[2023-11-12 00:36:07] PRINT =========
[2023-11-12 00:36:08] PRINT 64
[2023-11-12 00:36:08] PRINT 0.0509355254471302
[2023-11-12 00:36:08] PRINT =========
[2023-11-12 00:36:10] PRINT 66
[2023-11-12 00:36:10] PRINT 0.03666061535477638
[2023-11-12 00:36:10] PRINT =========
[2023-11-12 00:36:11] PRINT 68
[2023-11-12 00:36:11] PRINT 0.06752229481935501
[2023-11-12 00:36:11] PRINT =========
[2023-11-12 00:36:12] PRINT 70
[2023-11-12 00:36:12] PRINT 0.05398084595799446
[2023-11-12 00:36:12] PRINT =========
[2023-11-12 00:36:13] PRINT 72
[2023-11-12 00:36:13] PRINT 0.027614938095211983
[2023-11-12 00:36:13] PRINT =========
[2023-11-12 00:36:15] PRINT 74
[2023-11-12 00:36:15] PRINT 0.050047617405653
[2023-11-12 00:36:15] PRINT =========
[2023-11-12 00:36:16] PRINT 76
[2023-11-12 00:36:16] PRINT 0.05986602604389191
[2023-11-12 00:36:16] PRINT =========
[2023-11-12 00:36:17] PRINT 78
[2023-11-12 00:36:17] PRINT 0.03786538168787956
[2023-11-12 00:36:17] PRINT =========
[2023-11-12 00:36:19] PRINT 80
[2023-11-12 00:36:19] PRINT 0.04689342528581619
[2023-11-12 00:36:19] PRINT =========
[2023-11-12 00:36:20] PRINT 82
[2023-11-12 00:36:20] PRINT 0.04340272396802902
[2023-11-12 00:36:20] PRINT =========
[2023-11-12 00:36:21] PRINT 84
[2023-11-12 00:36:21] PRINT 0.07529725134372711
[2023-11-12 00:36:21] PRINT =========
[2023-11-12 00:36:22] PRINT 86
[2023-11-12 00:36:22] PRINT 0.0433163158595562
[2023-11-12 00:36:22] PRINT =========
[2023-11-12 00:36:24] PRINT 88
[2023-11-12 00:36:24] PRINT 0.05680070072412491
[2023-11-12 00:36:24] PRINT =========
[2023-11-12 00:36:25] PRINT 90
[2023-11-12 00:36:25] PRINT 0.048975713551044464
[2023-11-12 00:36:25] PRINT =========
[2023-11-12 00:36:26] PRINT 92
[2023-11-12 00:36:26] PRINT 0.05650336667895317
[2023-11-12 00:36:26] PRINT =========
[2023-11-12 00:36:28] PRINT 94
[2023-11-12 00:36:28] PRINT 0.061510320752859116
[2023-11-12 00:36:28] PRINT =========
[2023-11-12 00:36:29] PRINT 96
[2023-11-12 00:36:29] PRINT 0.03362284600734711
[2023-11-12 00:36:29] PRINT =========
[2023-11-12 00:36:30] PRINT 98
[2023-11-12 00:36:30] PRINT 0.0387209877371788
[2023-11-12 00:36:30] PRINT =========
[2023-11-12 00:36:31] PRINT 100
[2023-11-12 00:36:31] PRINT 0.15484431385993958
[2023-11-12 00:36:31] PRINT =========
[2023-11-12 00:36:31] PRINT Average PSNR after pre-training: 18.34918136321388
[2023-11-12 00:36:36] PRINT Average PSNR after fine tuning :  nan
