[2023-11-12 01:41:57] INFO (nni.runtime.trial_command_channel.v3/MainThread) Connect to trial command channel http://localhost:8080/env/local-env/iZGmn
[2023-11-12 01:41:57] PRINT Namespace(num_block=16, num_discriminator_blocks=4, conv_kernel_size=5, generator_depth=64, discriminator_depth=64, generator_activation='prelu', discriminator_activation='leakyrelu', LR_path='custom_dataset/train_LR', GT_path='custom_dataset/train_HR', res_num=16, num_workers=0, batch_size=16, L2_coeff=1.0, adv_coeff=0.001, tv_loss_coeff=0.0, pre_train_epoch=100, fine_train_epoch=0, scale=4, patch_size=24, feat_layer='relu5_4', vgg_rescale_coeff=0.006, fine_tuning=False, in_memory=True, generator_path=None, mode='train')
[2023-11-12 01:42:09] PRINT 2
[2023-11-12 01:42:09] PRINT 0.27552080154418945
[2023-11-12 01:42:09] PRINT =========
[2023-11-12 01:42:10] PRINT 4
[2023-11-12 01:42:10] PRINT 0.04470982402563095
[2023-11-12 01:42:10] PRINT =========
[2023-11-12 01:42:12] PRINT 6
[2023-11-12 01:42:12] PRINT 0.13031505048274994
[2023-11-12 01:42:12] PRINT =========
[2023-11-12 01:42:13] PRINT 8
[2023-11-12 01:42:13] PRINT 0.0901874452829361
[2023-11-12 01:42:13] PRINT =========
[2023-11-12 01:42:15] PRINT 10
[2023-11-12 01:42:15] PRINT 0.1843496561050415
[2023-11-12 01:42:15] PRINT =========
[2023-11-12 01:42:16] PRINT 12
[2023-11-12 01:42:16] PRINT 0.07223556190729141
[2023-11-12 01:42:16] PRINT =========
[2023-11-12 01:42:18] PRINT 14
[2023-11-12 01:42:18] PRINT 0.060932133346796036
[2023-11-12 01:42:18] PRINT =========
[2023-11-12 01:42:19] PRINT 16
[2023-11-12 01:42:19] PRINT 0.05419757962226868
[2023-11-12 01:42:19] PRINT =========
[2023-11-12 01:42:20] PRINT 18
[2023-11-12 01:42:20] PRINT 0.08425645530223846
[2023-11-12 01:42:20] PRINT =========
[2023-11-12 01:42:22] PRINT 20
[2023-11-12 01:42:22] PRINT 0.21799026429653168
[2023-11-12 01:42:22] PRINT =========
[2023-11-12 01:42:24] PRINT 22
[2023-11-12 01:42:24] PRINT 0.07439173758029938
[2023-11-12 01:42:24] PRINT =========
[2023-11-12 01:42:25] PRINT 24
[2023-11-12 01:42:25] PRINT 0.06797926127910614
[2023-11-12 01:42:25] PRINT =========
[2023-11-12 01:42:27] PRINT 26
[2023-11-12 01:42:27] PRINT 0.11857491731643677
[2023-11-12 01:42:27] PRINT =========
[2023-11-12 01:42:28] PRINT 28
[2023-11-12 01:42:28] PRINT 0.07199937850236893
[2023-11-12 01:42:28] PRINT =========
[2023-11-12 01:42:30] PRINT 30
[2023-11-12 01:42:30] PRINT 0.03091227076947689
[2023-11-12 01:42:30] PRINT =========
[2023-11-12 01:42:31] PRINT 32
[2023-11-12 01:42:31] PRINT 0.05575169622898102
[2023-11-12 01:42:31] PRINT =========
[2023-11-12 01:42:34] PRINT 34
[2023-11-12 01:42:34] PRINT 0.2080221027135849
[2023-11-12 01:42:34] PRINT =========
[2023-11-12 01:42:35] PRINT 36
[2023-11-12 01:42:35] PRINT 0.08972708135843277
[2023-11-12 01:42:35] PRINT =========
[2023-11-12 01:42:37] PRINT 38
[2023-11-12 01:42:37] PRINT 0.17985545098781586
[2023-11-12 01:42:37] PRINT =========
[2023-11-12 01:42:38] PRINT 40
[2023-11-12 01:42:38] PRINT 0.06289087235927582
[2023-11-12 01:42:38] PRINT =========
[2023-11-12 01:42:39] PRINT 42
[2023-11-12 01:42:39] PRINT 0.07016933709383011
[2023-11-12 01:42:39] PRINT =========
[2023-11-12 01:42:41] PRINT 44
[2023-11-12 01:42:41] PRINT 0.04567296802997589
[2023-11-12 01:42:41] PRINT =========
[2023-11-12 01:42:42] PRINT 46
[2023-11-12 01:42:42] PRINT 0.15931744873523712
[2023-11-12 01:42:42] PRINT =========
[2023-11-12 01:42:44] PRINT 48
[2023-11-12 01:42:44] PRINT 0.05433621257543564
[2023-11-12 01:42:44] PRINT =========
[2023-11-12 01:42:46] PRINT 50
[2023-11-12 01:42:46] PRINT 0.07008267194032669
[2023-11-12 01:42:46] PRINT =========
[2023-11-12 01:42:47] PRINT 52
[2023-11-12 01:42:47] PRINT 0.026691243052482605
[2023-11-12 01:42:47] PRINT =========
[2023-11-12 01:42:49] PRINT 54
[2023-11-12 01:42:49] PRINT 0.05210532248020172
[2023-11-12 01:42:49] PRINT =========
[2023-11-12 01:42:50] PRINT 56
[2023-11-12 01:42:50] PRINT 0.047649312764406204
[2023-11-12 01:42:50] PRINT =========
[2023-11-12 01:42:52] PRINT 58
[2023-11-12 01:42:52] PRINT 0.03995615988969803
[2023-11-12 01:42:52] PRINT =========
[2023-11-12 01:42:53] PRINT 60
[2023-11-12 01:42:53] PRINT 0.03379759564995766
[2023-11-12 01:42:53] PRINT =========
[2023-11-12 01:42:55] PRINT 62
[2023-11-12 01:42:55] PRINT 0.06034683436155319
[2023-11-12 01:42:55] PRINT =========
[2023-11-12 01:42:56] PRINT 64
[2023-11-12 01:42:56] PRINT 0.04915551841259003
[2023-11-12 01:42:56] PRINT =========
[2023-11-12 01:42:58] PRINT 66
[2023-11-12 01:42:58] PRINT 0.07398815453052521
[2023-11-12 01:42:58] PRINT =========
[2023-11-12 01:42:59] PRINT 68
[2023-11-12 01:42:59] PRINT 0.015502654016017914
[2023-11-12 01:42:59] PRINT =========
[2023-11-12 01:43:01] PRINT 70
[2023-11-12 01:43:01] PRINT 0.02491237036883831
[2023-11-12 01:43:01] PRINT =========
[2023-11-12 01:43:02] PRINT 72
[2023-11-12 01:43:02] PRINT 0.02489550970494747
[2023-11-12 01:43:02] PRINT =========
[2023-11-12 01:43:04] PRINT 74
[2023-11-12 01:43:04] PRINT 0.02837364934384823
[2023-11-12 01:43:04] PRINT =========
[2023-11-12 01:43:05] PRINT 76
[2023-11-12 01:43:05] PRINT 0.033670004457235336
[2023-11-12 01:43:05] PRINT =========
[2023-11-12 01:43:07] PRINT 78
[2023-11-12 01:43:07] PRINT 0.07961367815732956
[2023-11-12 01:43:07] PRINT =========
[2023-11-12 01:43:08] PRINT 80
[2023-11-12 01:43:08] PRINT 0.03931204602122307
[2023-11-12 01:43:08] PRINT =========
[2023-11-12 01:43:10] PRINT 82
[2023-11-12 01:43:10] PRINT 0.04693537950515747
[2023-11-12 01:43:10] PRINT =========
[2023-11-12 01:43:11] PRINT 84
[2023-11-12 01:43:11] PRINT 0.04066545143723488
[2023-11-12 01:43:11] PRINT =========
[2023-11-12 01:43:13] PRINT 86
[2023-11-12 01:43:13] PRINT 0.021802643314003944
[2023-11-12 01:43:13] PRINT =========
[2023-11-12 01:43:14] PRINT 88
[2023-11-12 01:43:14] PRINT 0.03427333012223244
[2023-11-12 01:43:14] PRINT =========
[2023-11-12 01:43:16] PRINT 90
[2023-11-12 01:43:16] PRINT 0.028221866115927696
[2023-11-12 01:43:16] PRINT =========
[2023-11-12 01:43:17] PRINT 92
[2023-11-12 01:43:17] PRINT 0.027542896568775177
[2023-11-12 01:43:17] PRINT =========
[2023-11-12 01:43:19] PRINT 94
[2023-11-12 01:43:19] PRINT 0.06920700520277023
[2023-11-12 01:43:19] PRINT =========
[2023-11-12 01:43:20] PRINT 96
[2023-11-12 01:43:20] PRINT 0.04483221098780632
[2023-11-12 01:43:20] PRINT =========
[2023-11-12 01:43:22] PRINT 98
[2023-11-12 01:43:22] PRINT 0.019374171271920204
[2023-11-12 01:43:22] PRINT =========
[2023-11-12 01:43:23] PRINT 100
[2023-11-12 01:43:23] PRINT 0.01658356375992298
[2023-11-12 01:43:23] PRINT =========
[2023-11-12 01:43:23] PRINT Average PSNR after pre-training: 18.834362904228996
[2023-11-12 01:43:27] PRINT Average PSNR after fine tuning :  nan
