[2023-11-12 01:20:43] INFO (nni.runtime.trial_command_channel.v3/MainThread) Connect to trial command channel http://localhost:8080/env/local-env/zryJn
[2023-11-12 01:20:43] PRINT Namespace(num_block=16, num_discriminator_blocks=3, conv_kernel_size=5, generator_depth=64, discriminator_depth=64, generator_activation='prelu', discriminator_activation='leakyrelu', LR_path='custom_dataset/train_LR', GT_path='custom_dataset/train_HR', res_num=16, num_workers=0, batch_size=16, L2_coeff=1.0, adv_coeff=0.001, tv_loss_coeff=0.0, pre_train_epoch=100, fine_train_epoch=0, scale=4, patch_size=24, feat_layer='relu5_4', vgg_rescale_coeff=0.006, fine_tuning=False, in_memory=True, generator_path=None, mode='train')
[2023-11-12 01:20:53] PRINT 2
[2023-11-12 01:20:53] PRINT 0.0990617573261261
[2023-11-12 01:20:53] PRINT =========
[2023-11-12 01:20:55] PRINT 4
[2023-11-12 01:20:55] PRINT 0.1034044697880745
[2023-11-12 01:20:55] PRINT =========
[2023-11-12 01:20:56] PRINT 6
[2023-11-12 01:20:56] PRINT 0.17631326615810394
[2023-11-12 01:20:56] PRINT =========
[2023-11-12 01:20:58] PRINT 8
[2023-11-12 01:20:58] PRINT 0.0954890102148056
[2023-11-12 01:20:58] PRINT =========
[2023-11-12 01:20:59] PRINT 10
[2023-11-12 01:20:59] PRINT 0.10547451674938202
[2023-11-12 01:20:59] PRINT =========
[2023-11-12 01:21:00] PRINT 12
[2023-11-12 01:21:00] PRINT 0.052708812057971954
[2023-11-12 01:21:00] PRINT =========
[2023-11-12 01:21:02] PRINT 14
[2023-11-12 01:21:02] PRINT 0.11827641725540161
[2023-11-12 01:21:02] PRINT =========
[2023-11-12 01:21:04] PRINT 16
[2023-11-12 01:21:04] PRINT 0.17606064677238464
[2023-11-12 01:21:04] PRINT =========
[2023-11-12 01:21:05] PRINT 18
[2023-11-12 01:21:05] PRINT 0.11069739609956741
[2023-11-12 01:21:05] PRINT =========
[2023-11-12 01:21:06] PRINT 20
[2023-11-12 01:21:06] PRINT 0.07609318196773529
[2023-11-12 01:21:06] PRINT =========
[2023-11-12 01:21:08] PRINT 22
[2023-11-12 01:21:08] PRINT 0.10942398011684418
[2023-11-12 01:21:08] PRINT =========
[2023-11-12 01:21:09] PRINT 24
[2023-11-12 01:21:09] PRINT 0.08372239768505096
[2023-11-12 01:21:09] PRINT =========
[2023-11-12 01:21:11] PRINT 26
[2023-11-12 01:21:11] PRINT 0.1515524834394455
[2023-11-12 01:21:11] PRINT =========
[2023-11-12 01:21:12] PRINT 28
[2023-11-12 01:21:12] PRINT 0.06388051807880402
[2023-11-12 01:21:12] PRINT =========
[2023-11-12 01:21:14] PRINT 30
[2023-11-12 01:21:14] PRINT 0.05292579159140587
[2023-11-12 01:21:14] PRINT =========
[2023-11-12 01:21:15] PRINT 32
[2023-11-12 01:21:15] PRINT 0.07827743887901306
[2023-11-12 01:21:15] PRINT =========
[2023-11-12 01:21:17] PRINT 34
[2023-11-12 01:21:17] PRINT 0.07528280466794968
[2023-11-12 01:21:17] PRINT =========
[2023-11-12 01:21:18] PRINT 36
[2023-11-12 01:21:18] PRINT 0.07385960221290588
[2023-11-12 01:21:18] PRINT =========
[2023-11-12 01:21:19] PRINT 38
[2023-11-12 01:21:19] PRINT 0.09311351925134659
[2023-11-12 01:21:19] PRINT =========
[2023-11-12 01:21:21] PRINT 40
[2023-11-12 01:21:21] PRINT 0.05994557589292526
[2023-11-12 01:21:21] PRINT =========
[2023-11-12 01:21:22] PRINT 42
[2023-11-12 01:21:22] PRINT 0.044341519474983215
[2023-11-12 01:21:22] PRINT =========
[2023-11-12 01:21:24] PRINT 44
[2023-11-12 01:21:24] PRINT 0.05515429005026817
[2023-11-12 01:21:24] PRINT =========
[2023-11-12 01:21:25] PRINT 46
[2023-11-12 01:21:25] PRINT 0.04188017547130585
[2023-11-12 01:21:25] PRINT =========
[2023-11-12 01:21:26] PRINT 48
[2023-11-12 01:21:26] PRINT 0.034183744341135025
[2023-11-12 01:21:26] PRINT =========
[2023-11-12 01:21:28] PRINT 50
[2023-11-12 01:21:28] PRINT 0.16141840815544128
[2023-11-12 01:21:28] PRINT =========
[2023-11-12 01:21:29] PRINT 52
[2023-11-12 01:21:29] PRINT 0.049970388412475586
[2023-11-12 01:21:29] PRINT =========
[2023-11-12 01:21:31] PRINT 54
[2023-11-12 01:21:31] PRINT 0.05123480036854744
[2023-11-12 01:21:31] PRINT =========
[2023-11-12 01:21:32] PRINT 56
[2023-11-12 01:21:32] PRINT 0.027277708053588867
[2023-11-12 01:21:32] PRINT =========
[2023-11-12 01:21:34] PRINT 58
[2023-11-12 01:21:34] PRINT 0.03985777497291565
[2023-11-12 01:21:34] PRINT =========
[2023-11-12 01:21:36] PRINT 60
[2023-11-12 01:21:36] PRINT 0.06968575716018677
[2023-11-12 01:21:36] PRINT =========
[2023-11-12 01:21:38] PRINT 62
[2023-11-12 01:21:38] PRINT 0.08239302039146423
[2023-11-12 01:21:38] PRINT =========
[2023-11-12 01:21:40] PRINT 64
[2023-11-12 01:21:40] PRINT 0.04354775696992874
[2023-11-12 01:21:40] PRINT =========
[2023-11-12 01:21:43] PRINT 66
[2023-11-12 01:21:43] PRINT 0.0681406632065773
[2023-11-12 01:21:43] PRINT =========
[2023-11-12 01:21:46] PRINT 68
[2023-11-12 01:21:46] PRINT 0.03989255055785179
[2023-11-12 01:21:46] PRINT =========
[2023-11-12 01:21:48] PRINT 70
[2023-11-12 01:21:48] PRINT 0.04003138467669487
[2023-11-12 01:21:48] PRINT =========
[2023-11-12 01:21:51] PRINT 72
[2023-11-12 01:21:51] PRINT 0.04828644543886185
[2023-11-12 01:21:51] PRINT =========
[2023-11-12 01:21:52] PRINT 74
[2023-11-12 01:21:52] PRINT 0.04288085177540779
[2023-11-12 01:21:52] PRINT =========
[2023-11-12 01:21:54] PRINT 76
[2023-11-12 01:21:54] PRINT 0.07208610326051712
[2023-11-12 01:21:54] PRINT =========
[2023-11-12 01:21:56] PRINT 78
[2023-11-12 01:21:56] PRINT 0.09610804915428162
[2023-11-12 01:21:56] PRINT =========
[2023-11-12 01:21:58] PRINT 80
[2023-11-12 01:21:58] PRINT 0.03772788494825363
[2023-11-12 01:21:58] PRINT =========
[2023-11-12 01:22:00] PRINT 82
[2023-11-12 01:22:00] PRINT 0.05471913143992424
[2023-11-12 01:22:00] PRINT =========
[2023-11-12 01:22:02] PRINT 84
[2023-11-12 01:22:02] PRINT 0.023236945271492004
[2023-11-12 01:22:02] PRINT =========
[2023-11-12 01:22:03] PRINT 86
[2023-11-12 01:22:03] PRINT 0.021312618628144264
[2023-11-12 01:22:03] PRINT =========
[2023-11-12 01:22:05] PRINT 88
[2023-11-12 01:22:05] PRINT 0.03653772547841072
[2023-11-12 01:22:05] PRINT =========
[2023-11-12 01:22:06] PRINT 90
[2023-11-12 01:22:06] PRINT 0.02870642952620983
[2023-11-12 01:22:06] PRINT =========
[2023-11-12 01:22:08] PRINT 92
[2023-11-12 01:22:08] PRINT 0.04550250992178917
[2023-11-12 01:22:08] PRINT =========
[2023-11-12 01:22:09] PRINT 94
[2023-11-12 01:22:09] PRINT 0.04701075702905655
[2023-11-12 01:22:09] PRINT =========
[2023-11-12 01:22:11] PRINT 96
[2023-11-12 01:22:11] PRINT 0.07046660035848618
[2023-11-12 01:22:11] PRINT =========
[2023-11-12 01:22:12] PRINT 98
[2023-11-12 01:22:12] PRINT 0.07341587543487549
[2023-11-12 01:22:12] PRINT =========
[2023-11-12 01:22:13] PRINT 100
[2023-11-12 01:22:13] PRINT 0.037720561027526855
[2023-11-12 01:22:13] PRINT =========
[2023-11-12 01:22:13] PRINT Average PSNR after pre-training: 18.807168095326414
[2023-11-12 01:22:17] PRINT Average PSNR after fine tuning :  nan
