[2023-11-12 01:15:22] INFO (nni.runtime.trial_command_channel.v3/MainThread) Connect to trial command channel http://localhost:8080/env/local-env/zt1Zw
[2023-11-12 01:15:22] PRINT Namespace(num_block=16, num_discriminator_blocks=3, conv_kernel_size=3, generator_depth=128, discriminator_depth=64, generator_activation='prelu', discriminator_activation='leakyrelu', LR_path='custom_dataset/train_LR', GT_path='custom_dataset/train_HR', res_num=16, num_workers=0, batch_size=16, L2_coeff=1.0, adv_coeff=0.001, tv_loss_coeff=0.0, pre_train_epoch=100, fine_train_epoch=0, scale=4, patch_size=24, feat_layer='relu5_4', vgg_rescale_coeff=0.006, fine_tuning=False, in_memory=True, generator_path=None, mode='train')
[2023-11-12 01:15:32] PRINT 2
[2023-11-12 01:15:32] PRINT 0.0869106575846672
[2023-11-12 01:15:32] PRINT =========
[2023-11-12 01:15:34] PRINT 4
[2023-11-12 01:15:34] PRINT 0.11929740011692047
[2023-11-12 01:15:34] PRINT =========
[2023-11-12 01:15:36] PRINT 6
[2023-11-12 01:15:36] PRINT 0.13068214058876038
[2023-11-12 01:15:36] PRINT =========
[2023-11-12 01:15:37] PRINT 8
[2023-11-12 01:15:37] PRINT 0.06568922102451324
[2023-11-12 01:15:37] PRINT =========
[2023-11-12 01:15:39] PRINT 10
[2023-11-12 01:15:39] PRINT 0.1475057601928711
[2023-11-12 01:15:39] PRINT =========
[2023-11-12 01:15:40] PRINT 12
[2023-11-12 01:15:40] PRINT 0.11039640009403229
[2023-11-12 01:15:40] PRINT =========
[2023-11-12 01:15:42] PRINT 14
[2023-11-12 01:15:42] PRINT 0.0926675945520401
[2023-11-12 01:15:42] PRINT =========
[2023-11-12 01:15:44] PRINT 16
[2023-11-12 01:15:44] PRINT 0.28348252177238464
[2023-11-12 01:15:44] PRINT =========
[2023-11-12 01:15:46] PRINT 18
[2023-11-12 01:15:46] PRINT 0.08896011859178543
[2023-11-12 01:15:46] PRINT =========
[2023-11-12 01:15:47] PRINT 20
[2023-11-12 01:15:47] PRINT 0.09379420429468155
[2023-11-12 01:15:47] PRINT =========
[2023-11-12 01:15:49] PRINT 22
[2023-11-12 01:15:49] PRINT 0.09002445638179779
[2023-11-12 01:15:49] PRINT =========
[2023-11-12 01:15:51] PRINT 24
[2023-11-12 01:15:51] PRINT 0.09970610588788986
[2023-11-12 01:15:51] PRINT =========
[2023-11-12 01:15:52] PRINT 26
[2023-11-12 01:15:52] PRINT 0.07789705693721771
[2023-11-12 01:15:52] PRINT =========
[2023-11-12 01:15:54] PRINT 28
[2023-11-12 01:15:54] PRINT 0.06516425311565399
[2023-11-12 01:15:54] PRINT =========
[2023-11-12 01:15:56] PRINT 30
[2023-11-12 01:15:56] PRINT 0.04125824198126793
[2023-11-12 01:15:56] PRINT =========
[2023-11-12 01:15:58] PRINT 32
[2023-11-12 01:15:58] PRINT 0.06093455106019974
[2023-11-12 01:15:58] PRINT =========
[2023-11-12 01:16:00] PRINT 34
[2023-11-12 01:16:00] PRINT 0.04009520635008812
[2023-11-12 01:16:00] PRINT =========
[2023-11-12 01:16:01] PRINT 36
[2023-11-12 01:16:01] PRINT 0.03886602446436882
[2023-11-12 01:16:01] PRINT =========
[2023-11-12 01:16:03] PRINT 38
[2023-11-12 01:16:03] PRINT 0.030569452792406082
[2023-11-12 01:16:03] PRINT =========
[2023-11-12 01:16:05] PRINT 40
[2023-11-12 01:16:05] PRINT 0.03520330414175987
[2023-11-12 01:16:05] PRINT =========
[2023-11-12 01:16:08] PRINT 42
[2023-11-12 01:16:08] PRINT 0.021098420023918152
[2023-11-12 01:16:08] PRINT =========
[2023-11-12 01:16:10] PRINT 44
[2023-11-12 01:16:10] PRINT 0.03659830987453461
[2023-11-12 01:16:10] PRINT =========
[2023-11-12 01:16:12] PRINT 46
[2023-11-12 01:16:12] PRINT 0.06660930067300797
[2023-11-12 01:16:12] PRINT =========
[2023-11-12 01:16:14] PRINT 48
[2023-11-12 01:16:14] PRINT 0.052666496485471725
[2023-11-12 01:16:14] PRINT =========
[2023-11-12 01:16:16] PRINT 50
[2023-11-12 01:16:16] PRINT 0.030828971415758133
[2023-11-12 01:16:16] PRINT =========
[2023-11-12 01:16:17] PRINT 52
[2023-11-12 01:16:17] PRINT 0.03938484564423561
[2023-11-12 01:16:17] PRINT =========
[2023-11-12 01:16:19] PRINT 54
[2023-11-12 01:16:19] PRINT 0.04071695730090141
[2023-11-12 01:16:19] PRINT =========
[2023-11-12 01:16:21] PRINT 56
[2023-11-12 01:16:21] PRINT 0.041330862790346146
[2023-11-12 01:16:21] PRINT =========
[2023-11-12 01:16:23] PRINT 58
[2023-11-12 01:16:23] PRINT 0.0569007582962513
[2023-11-12 01:16:23] PRINT =========
[2023-11-12 01:16:24] PRINT 60
[2023-11-12 01:16:24] PRINT 0.0446743443608284
[2023-11-12 01:16:24] PRINT =========
[2023-11-12 01:16:26] PRINT 62
[2023-11-12 01:16:26] PRINT 0.07742658257484436
[2023-11-12 01:16:26] PRINT =========
[2023-11-12 01:16:28] PRINT 64
[2023-11-12 01:16:28] PRINT 0.0843750387430191
[2023-11-12 01:16:28] PRINT =========
[2023-11-12 01:16:29] PRINT 66
[2023-11-12 01:16:29] PRINT 0.05050820857286453
[2023-11-12 01:16:29] PRINT =========
[2023-11-12 01:16:31] PRINT 68
[2023-11-12 01:16:31] PRINT 0.04597685858607292
[2023-11-12 01:16:31] PRINT =========
[2023-11-12 01:16:33] PRINT 70
[2023-11-12 01:16:33] PRINT 0.024335715919733047
[2023-11-12 01:16:33] PRINT =========
[2023-11-12 01:16:35] PRINT 72
[2023-11-12 01:16:35] PRINT 0.017395487055182457
[2023-11-12 01:16:35] PRINT =========
[2023-11-12 01:16:36] PRINT 74
[2023-11-12 01:16:36] PRINT 0.082441046833992
[2023-11-12 01:16:36] PRINT =========
[2023-11-12 01:16:38] PRINT 76
[2023-11-12 01:16:38] PRINT 0.0429176464676857
[2023-11-12 01:16:38] PRINT =========
[2023-11-12 01:16:40] PRINT 78
[2023-11-12 01:16:40] PRINT 0.022022048011422157
[2023-11-12 01:16:40] PRINT =========
[2023-11-12 01:16:41] PRINT 80
[2023-11-12 01:16:41] PRINT 0.02722872793674469
[2023-11-12 01:16:41] PRINT =========
[2023-11-12 01:16:43] PRINT 82
[2023-11-12 01:16:43] PRINT 0.10357293486595154
[2023-11-12 01:16:43] PRINT =========
[2023-11-12 01:16:45] PRINT 84
[2023-11-12 01:16:45] PRINT 0.053856153041124344
[2023-11-12 01:16:45] PRINT =========
[2023-11-12 01:16:47] PRINT 86
[2023-11-12 01:16:47] PRINT 0.045271895825862885
[2023-11-12 01:16:47] PRINT =========
[2023-11-12 01:16:49] PRINT 88
[2023-11-12 01:16:49] PRINT 0.053381964564323425
[2023-11-12 01:16:49] PRINT =========
[2023-11-12 01:16:50] PRINT 90
[2023-11-12 01:16:50] PRINT 0.023256167769432068
[2023-11-12 01:16:50] PRINT =========
[2023-11-12 01:16:52] PRINT 92
[2023-11-12 01:16:52] PRINT 0.03026200644671917
[2023-11-12 01:16:52] PRINT =========
[2023-11-12 01:16:54] PRINT 94
[2023-11-12 01:16:54] PRINT 0.040628284215927124
[2023-11-12 01:16:54] PRINT =========
[2023-11-12 01:16:56] PRINT 96
[2023-11-12 01:16:56] PRINT 0.029698751866817474
[2023-11-12 01:16:56] PRINT =========
[2023-11-12 01:16:57] PRINT 98
[2023-11-12 01:16:57] PRINT 0.019392123445868492
[2023-11-12 01:16:57] PRINT =========
[2023-11-12 01:16:59] PRINT 100
[2023-11-12 01:16:59] PRINT 0.027324413880705833
[2023-11-12 01:16:59] PRINT =========
[2023-11-12 01:16:59] PRINT Average PSNR after pre-training: 19.458894065351068
[2023-11-12 01:17:02] PRINT Average PSNR after fine tuning :  nan
