[2023-11-12 01:31:25] INFO (nni.runtime.trial_command_channel.v3/MainThread) Connect to trial command channel http://localhost:8080/env/local-env/GVkMi
[2023-11-12 01:31:25] PRINT Namespace(num_block=16, num_discriminator_blocks=4, conv_kernel_size=3, generator_depth=64, discriminator_depth=64, generator_activation='prelu', discriminator_activation='leakyrelu', LR_path='custom_dataset/train_LR', GT_path='custom_dataset/train_HR', res_num=16, num_workers=0, batch_size=16, L2_coeff=1.0, adv_coeff=0.001, tv_loss_coeff=0.0, pre_train_epoch=100, fine_train_epoch=0, scale=4, patch_size=24, feat_layer='relu5_4', vgg_rescale_coeff=0.006, fine_tuning=False, in_memory=True, generator_path=None, mode='train')
[2023-11-12 01:31:35] PRINT 2
[2023-11-12 01:31:35] PRINT 0.2743249833583832
[2023-11-12 01:31:35] PRINT =========
[2023-11-12 01:31:36] PRINT 4
[2023-11-12 01:31:36] PRINT 0.13717472553253174
[2023-11-12 01:31:36] PRINT =========
[2023-11-12 01:31:38] PRINT 6
[2023-11-12 01:31:38] PRINT 0.09569517523050308
[2023-11-12 01:31:38] PRINT =========
[2023-11-12 01:31:39] PRINT 8
[2023-11-12 01:31:39] PRINT 0.07891713082790375
[2023-11-12 01:31:39] PRINT =========
[2023-11-12 01:31:41] PRINT 10
[2023-11-12 01:31:41] PRINT 0.10906367748975754
[2023-11-12 01:31:41] PRINT =========
[2023-11-12 01:31:42] PRINT 12
[2023-11-12 01:31:42] PRINT 0.08985485136508942
[2023-11-12 01:31:42] PRINT =========
[2023-11-12 01:31:44] PRINT 14
[2023-11-12 01:31:44] PRINT 0.07855604588985443
[2023-11-12 01:31:44] PRINT =========
[2023-11-12 01:31:45] PRINT 16
[2023-11-12 01:31:45] PRINT 0.07876299321651459
[2023-11-12 01:31:45] PRINT =========
[2023-11-12 01:31:47] PRINT 18
[2023-11-12 01:31:47] PRINT 0.10939192026853561
[2023-11-12 01:31:47] PRINT =========
[2023-11-12 01:31:48] PRINT 20
[2023-11-12 01:31:48] PRINT 0.062212202697992325
[2023-11-12 01:31:48] PRINT =========
[2023-11-12 01:31:50] PRINT 22
[2023-11-12 01:31:50] PRINT 0.07617749273777008
[2023-11-12 01:31:50] PRINT =========
[2023-11-12 01:31:52] PRINT 24
[2023-11-12 01:31:52] PRINT 0.05989442020654678
[2023-11-12 01:31:52] PRINT =========
[2023-11-12 01:31:54] PRINT 26
[2023-11-12 01:31:54] PRINT 0.126142680644989
[2023-11-12 01:31:54] PRINT =========
[2023-11-12 01:31:56] PRINT 28
[2023-11-12 01:31:56] PRINT 0.12066330015659332
[2023-11-12 01:31:56] PRINT =========
[2023-11-12 01:31:57] PRINT 30
[2023-11-12 01:31:57] PRINT 0.08009490370750427
[2023-11-12 01:31:57] PRINT =========
[2023-11-12 01:31:59] PRINT 32
[2023-11-12 01:31:59] PRINT 0.26102015376091003
[2023-11-12 01:31:59] PRINT =========
[2023-11-12 01:32:01] PRINT 34
[2023-11-12 01:32:01] PRINT 0.07491976022720337
[2023-11-12 01:32:01] PRINT =========
[2023-11-12 01:32:02] PRINT 36
[2023-11-12 01:32:02] PRINT 0.08015622198581696
[2023-11-12 01:32:02] PRINT =========
[2023-11-12 01:32:04] PRINT 38
[2023-11-12 01:32:04] PRINT 0.12017901986837387
[2023-11-12 01:32:04] PRINT =========
[2023-11-12 01:32:05] PRINT 40
[2023-11-12 01:32:05] PRINT 0.04350883513689041
[2023-11-12 01:32:05] PRINT =========
[2023-11-12 01:32:06] PRINT 42
[2023-11-12 01:32:06] PRINT 0.04970553144812584
[2023-11-12 01:32:06] PRINT =========
[2023-11-12 01:32:08] PRINT 44
[2023-11-12 01:32:08] PRINT 0.05734283849596977
[2023-11-12 01:32:08] PRINT =========
[2023-11-12 01:32:10] PRINT 46
[2023-11-12 01:32:10] PRINT 0.038162536919116974
[2023-11-12 01:32:10] PRINT =========
[2023-11-12 01:32:11] PRINT 48
[2023-11-12 01:32:11] PRINT 0.04564731940627098
[2023-11-12 01:32:11] PRINT =========
[2023-11-12 01:32:13] PRINT 50
[2023-11-12 01:32:13] PRINT 0.054144151508808136
[2023-11-12 01:32:13] PRINT =========
[2023-11-12 01:32:14] PRINT 52
[2023-11-12 01:32:14] PRINT 0.047660425305366516
[2023-11-12 01:32:14] PRINT =========
[2023-11-12 01:32:16] PRINT 54
[2023-11-12 01:32:16] PRINT 0.08028730750083923
[2023-11-12 01:32:16] PRINT =========
[2023-11-12 01:32:18] PRINT 56
[2023-11-12 01:32:18] PRINT 0.05078786984086037
[2023-11-12 01:32:18] PRINT =========
[2023-11-12 01:32:19] PRINT 58
[2023-11-12 01:32:19] PRINT 0.03559194132685661
[2023-11-12 01:32:19] PRINT =========
[2023-11-12 01:32:21] PRINT 60
[2023-11-12 01:32:21] PRINT 0.055864304304122925
[2023-11-12 01:32:21] PRINT =========
[2023-11-12 01:32:22] PRINT 62
[2023-11-12 01:32:22] PRINT 0.026164770126342773
[2023-11-12 01:32:22] PRINT =========
[2023-11-12 01:32:24] PRINT 64
[2023-11-12 01:32:24] PRINT 0.054304007440805435
[2023-11-12 01:32:24] PRINT =========
[2023-11-12 01:32:25] PRINT 66
[2023-11-12 01:32:25] PRINT 0.025433531031012535
[2023-11-12 01:32:25] PRINT =========
[2023-11-12 01:32:27] PRINT 68
[2023-11-12 01:32:27] PRINT 0.06116163358092308
[2023-11-12 01:32:27] PRINT =========
[2023-11-12 01:32:28] PRINT 70
[2023-11-12 01:32:28] PRINT 0.049307383596897125
[2023-11-12 01:32:28] PRINT =========
[2023-11-12 01:32:29] PRINT 72
[2023-11-12 01:32:29] PRINT 0.05841471999883652
[2023-11-12 01:32:29] PRINT =========
[2023-11-12 01:32:31] PRINT 74
[2023-11-12 01:32:31] PRINT 0.02652241289615631
[2023-11-12 01:32:31] PRINT =========
[2023-11-12 01:32:32] PRINT 76
[2023-11-12 01:32:32] PRINT 0.032416440546512604
[2023-11-12 01:32:32] PRINT =========
[2023-11-12 01:32:34] PRINT 78
[2023-11-12 01:32:34] PRINT 0.026078298687934875
[2023-11-12 01:32:34] PRINT =========
[2023-11-12 01:32:35] PRINT 80
[2023-11-12 01:32:35] PRINT 0.028652967885136604
[2023-11-12 01:32:35] PRINT =========
[2023-11-12 01:32:37] PRINT 82
[2023-11-12 01:32:37] PRINT 0.02885359339416027
[2023-11-12 01:32:37] PRINT =========
[2023-11-12 01:32:38] PRINT 84
[2023-11-12 01:32:38] PRINT 0.02329675294458866
[2023-11-12 01:32:38] PRINT =========
[2023-11-12 01:32:40] PRINT 86
[2023-11-12 01:32:40] PRINT 0.06873635202646255
[2023-11-12 01:32:40] PRINT =========
[2023-11-12 01:32:42] PRINT 88
[2023-11-12 01:32:42] PRINT 0.03433210402727127
[2023-11-12 01:32:42] PRINT =========
[2023-11-12 01:32:44] PRINT 90
[2023-11-12 01:32:44] PRINT 0.03221500664949417
[2023-11-12 01:32:44] PRINT =========
[2023-11-12 01:32:46] PRINT 92
[2023-11-12 01:32:46] PRINT 0.035934191197156906
[2023-11-12 01:32:46] PRINT =========
[2023-11-12 01:32:49] PRINT 94
[2023-11-12 01:32:49] PRINT 0.02553289197385311
[2023-11-12 01:32:49] PRINT =========
[2023-11-12 01:32:51] PRINT 96
[2023-11-12 01:32:51] PRINT 0.054911330342292786
[2023-11-12 01:32:51] PRINT =========
[2023-11-12 01:32:53] PRINT 98
[2023-11-12 01:32:53] PRINT 0.037051957100629807
[2023-11-12 01:32:53] PRINT =========
[2023-11-12 01:32:54] PRINT 100
[2023-11-12 01:32:54] PRINT 0.02800794318318367
[2023-11-12 01:32:54] PRINT =========
[2023-11-12 01:32:54] PRINT Average PSNR after pre-training: 18.92305054186021
[2023-11-12 01:32:58] PRINT Average PSNR after fine tuning :  nan
