[2023-11-12 01:45:19] INFO (nni.runtime.trial_command_channel.v3/MainThread) Connect to trial command channel http://localhost:8080/env/local-env/ydWTe
[2023-11-12 01:45:19] PRINT Namespace(num_block=16, num_discriminator_blocks=4, conv_kernel_size=5, generator_depth=64, discriminator_depth=128, generator_activation='prelu', discriminator_activation='leakyrelu', LR_path='custom_dataset/train_LR', GT_path='custom_dataset/train_HR', res_num=16, num_workers=0, batch_size=16, L2_coeff=1.0, adv_coeff=0.001, tv_loss_coeff=0.0, pre_train_epoch=100, fine_train_epoch=0, scale=4, patch_size=24, feat_layer='relu5_4', vgg_rescale_coeff=0.006, fine_tuning=False, in_memory=True, generator_path=None, mode='train')
[2023-11-12 01:45:26] PRINT 2
[2023-11-12 01:45:26] PRINT 0.3034432828426361
[2023-11-12 01:45:26] PRINT =========
[2023-11-12 01:45:28] PRINT 4
[2023-11-12 01:45:28] PRINT 0.2223273366689682
[2023-11-12 01:45:28] PRINT =========
[2023-11-12 01:45:30] PRINT 6
[2023-11-12 01:45:30] PRINT 0.06175735220313072
[2023-11-12 01:45:30] PRINT =========
[2023-11-12 01:45:31] PRINT 8
[2023-11-12 01:45:31] PRINT 0.06857246160507202
[2023-11-12 01:45:31] PRINT =========
[2023-11-12 01:45:33] PRINT 10
[2023-11-12 01:45:33] PRINT 0.08133061975240707
[2023-11-12 01:45:33] PRINT =========
[2023-11-12 01:45:34] PRINT 12
[2023-11-12 01:45:34] PRINT 0.1521402895450592
[2023-11-12 01:45:34] PRINT =========
[2023-11-12 01:45:36] PRINT 14
[2023-11-12 01:45:36] PRINT 0.08064146339893341
[2023-11-12 01:45:36] PRINT =========
[2023-11-12 01:45:37] PRINT 16
[2023-11-12 01:45:37] PRINT 0.1001473218202591
[2023-11-12 01:45:37] PRINT =========
[2023-11-12 01:45:39] PRINT 18
[2023-11-12 01:45:39] PRINT 0.1777694821357727
[2023-11-12 01:45:39] PRINT =========
[2023-11-12 01:45:41] PRINT 20
[2023-11-12 01:45:41] PRINT 0.1167241558432579
[2023-11-12 01:45:41] PRINT =========
[2023-11-12 01:45:42] PRINT 22
[2023-11-12 01:45:42] PRINT 0.0792057141661644
[2023-11-12 01:45:42] PRINT =========
[2023-11-12 01:45:43] PRINT 24
[2023-11-12 01:45:43] PRINT 0.029243389144539833
[2023-11-12 01:45:43] PRINT =========
[2023-11-12 01:45:45] PRINT 26
[2023-11-12 01:45:45] PRINT 0.06644371151924133
[2023-11-12 01:45:45] PRINT =========
[2023-11-12 01:45:46] PRINT 28
[2023-11-12 01:45:46] PRINT 0.05400020256638527
[2023-11-12 01:45:46] PRINT =========
[2023-11-12 01:45:48] PRINT 30
[2023-11-12 01:45:48] PRINT 0.058499354869127274
[2023-11-12 01:45:48] PRINT =========
[2023-11-12 01:45:49] PRINT 32
[2023-11-12 01:45:49] PRINT 0.06008526310324669
[2023-11-12 01:45:49] PRINT =========
[2023-11-12 01:45:51] PRINT 34
[2023-11-12 01:45:51] PRINT 0.09639023244380951
[2023-11-12 01:45:51] PRINT =========
[2023-11-12 01:45:52] PRINT 36
[2023-11-12 01:45:52] PRINT 0.06800299882888794
[2023-11-12 01:45:52] PRINT =========
[2023-11-12 01:45:54] PRINT 38
[2023-11-12 01:45:54] PRINT 0.07372719049453735
[2023-11-12 01:45:54] PRINT =========
[2023-11-12 01:45:55] PRINT 40
[2023-11-12 01:45:55] PRINT 0.07118524610996246
[2023-11-12 01:45:55] PRINT =========
[2023-11-12 01:45:57] PRINT 42
[2023-11-12 01:45:57] PRINT 0.046265821903944016
[2023-11-12 01:45:57] PRINT =========
[2023-11-12 01:45:58] PRINT 44
[2023-11-12 01:45:58] PRINT 0.07616138458251953
[2023-11-12 01:45:58] PRINT =========
[2023-11-12 01:46:00] PRINT 46
[2023-11-12 01:46:00] PRINT 0.04654683917760849
[2023-11-12 01:46:00] PRINT =========
[2023-11-12 01:46:01] PRINT 48
[2023-11-12 01:46:01] PRINT 0.06914867460727692
[2023-11-12 01:46:01] PRINT =========
[2023-11-12 01:46:03] PRINT 50
[2023-11-12 01:46:03] PRINT 0.058218054473400116
[2023-11-12 01:46:03] PRINT =========
[2023-11-12 01:46:04] PRINT 52
[2023-11-12 01:46:04] PRINT 0.07533122599124908
[2023-11-12 01:46:04] PRINT =========
[2023-11-12 01:46:06] PRINT 54
[2023-11-12 01:46:06] PRINT 0.05363384634256363
[2023-11-12 01:46:06] PRINT =========
[2023-11-12 01:46:07] PRINT 56
[2023-11-12 01:46:07] PRINT 0.05666326731443405
[2023-11-12 01:46:07] PRINT =========
[2023-11-12 01:46:09] PRINT 58
[2023-11-12 01:46:09] PRINT 0.0746682807803154
[2023-11-12 01:46:09] PRINT =========
[2023-11-12 01:46:11] PRINT 60
[2023-11-12 01:46:11] PRINT 0.04760192707180977
[2023-11-12 01:46:11] PRINT =========
[2023-11-12 01:46:12] PRINT 62
[2023-11-12 01:46:12] PRINT 0.13802924752235413
[2023-11-12 01:46:12] PRINT =========
[2023-11-12 01:46:14] PRINT 64
[2023-11-12 01:46:14] PRINT 0.09773719310760498
[2023-11-12 01:46:14] PRINT =========
[2023-11-12 01:46:15] PRINT 66
[2023-11-12 01:46:15] PRINT 0.030873557552695274
[2023-11-12 01:46:15] PRINT =========
[2023-11-12 01:46:17] PRINT 68
[2023-11-12 01:46:17] PRINT 0.04287998005747795
[2023-11-12 01:46:17] PRINT =========
[2023-11-12 01:46:18] PRINT 70
[2023-11-12 01:46:18] PRINT 0.061644792556762695
[2023-11-12 01:46:18] PRINT =========
[2023-11-12 01:46:20] PRINT 72
[2023-11-12 01:46:20] PRINT 0.05126895755529404
[2023-11-12 01:46:20] PRINT =========
[2023-11-12 01:46:21] PRINT 74
[2023-11-12 01:46:21] PRINT 0.0662616714835167
[2023-11-12 01:46:21] PRINT =========
[2023-11-12 01:46:23] PRINT 76
[2023-11-12 01:46:23] PRINT 0.04105796292424202
[2023-11-12 01:46:23] PRINT =========
[2023-11-12 01:46:24] PRINT 78
[2023-11-12 01:46:24] PRINT 0.027911409735679626
[2023-11-12 01:46:24] PRINT =========
[2023-11-12 01:46:26] PRINT 80
[2023-11-12 01:46:26] PRINT 0.058763664215803146
[2023-11-12 01:46:26] PRINT =========
[2023-11-12 01:46:27] PRINT 82
[2023-11-12 01:46:27] PRINT 0.053104691207408905
[2023-11-12 01:46:27] PRINT =========
[2023-11-12 01:46:29] PRINT 84
[2023-11-12 01:46:29] PRINT 0.028778551146388054
[2023-11-12 01:46:29] PRINT =========
[2023-11-12 01:46:30] PRINT 86
[2023-11-12 01:46:30] PRINT 0.027487706393003464
[2023-11-12 01:46:30] PRINT =========
[2023-11-12 01:46:32] PRINT 88
[2023-11-12 01:46:32] PRINT 0.06044444441795349
[2023-11-12 01:46:32] PRINT =========
[2023-11-12 01:46:33] PRINT 90
[2023-11-12 01:46:33] PRINT 0.04453793168067932
[2023-11-12 01:46:33] PRINT =========
[2023-11-12 01:46:35] PRINT 92
[2023-11-12 01:46:35] PRINT 0.03759325295686722
[2023-11-12 01:46:35] PRINT =========
[2023-11-12 01:46:37] PRINT 94
[2023-11-12 01:46:37] PRINT 0.06815093755722046
[2023-11-12 01:46:37] PRINT =========
[2023-11-12 01:46:38] PRINT 96
[2023-11-12 01:46:38] PRINT 0.05744566395878792
[2023-11-12 01:46:38] PRINT =========
[2023-11-12 01:46:40] PRINT 98
[2023-11-12 01:46:40] PRINT 0.01985197700560093
[2023-11-12 01:46:40] PRINT =========
[2023-11-12 01:46:42] PRINT 100
[2023-11-12 01:46:42] PRINT 0.06684689968824387
[2023-11-12 01:46:42] PRINT =========
[2023-11-12 01:46:42] PRINT Average PSNR after pre-training: 18.751742544089343
[2023-11-12 01:46:47] PRINT Average PSNR after fine tuning :  nan
