[2023-11-12 00:19:23] INFO (nni.runtime.trial_command_channel.v3/MainThread) Connect to trial command channel http://localhost:8080/env/local-env/tN0hZ
[2023-11-12 00:19:23] PRINT Namespace(num_block=8, num_discriminator_blocks=4, conv_kernel_size=5, generator_depth=64, discriminator_depth=128, generator_activation='prelu', discriminator_activation='leakyrelu', LR_path='custom_dataset/train_LR', GT_path='custom_dataset/train_HR', res_num=16, num_workers=0, batch_size=16, L2_coeff=1.0, adv_coeff=0.001, tv_loss_coeff=0.0, pre_train_epoch=100, fine_train_epoch=0, scale=4, patch_size=24, feat_layer='relu5_4', vgg_rescale_coeff=0.006, fine_tuning=False, in_memory=True, generator_path=None, mode='train')
[2023-11-12 00:19:32] PRINT 2
[2023-11-12 00:19:32] PRINT 0.2213497906923294
[2023-11-12 00:19:32] PRINT =========
[2023-11-12 00:19:34] PRINT 4
[2023-11-12 00:19:34] PRINT 0.1741933971643448
[2023-11-12 00:19:34] PRINT =========
[2023-11-12 00:19:35] PRINT 6
[2023-11-12 00:19:35] PRINT 0.0749594122171402
[2023-11-12 00:19:35] PRINT =========
[2023-11-12 00:19:37] PRINT 8
[2023-11-12 00:19:37] PRINT 0.130792498588562
[2023-11-12 00:19:37] PRINT =========
[2023-11-12 00:19:38] PRINT 10
[2023-11-12 00:19:38] PRINT 0.09033673256635666
[2023-11-12 00:19:38] PRINT =========
[2023-11-12 00:19:39] PRINT 12
[2023-11-12 00:19:39] PRINT 0.07636246830224991
[2023-11-12 00:19:39] PRINT =========
[2023-11-12 00:19:41] PRINT 14
[2023-11-12 00:19:41] PRINT 0.10700453072786331
[2023-11-12 00:19:41] PRINT =========
[2023-11-12 00:19:42] PRINT 16
[2023-11-12 00:19:42] PRINT 0.05481772869825363
[2023-11-12 00:19:42] PRINT =========
[2023-11-12 00:19:44] PRINT 18
[2023-11-12 00:19:44] PRINT 0.06724292039871216
[2023-11-12 00:19:44] PRINT =========
[2023-11-12 00:19:45] PRINT 20
[2023-11-12 00:19:45] PRINT 0.13693948090076447
[2023-11-12 00:19:45] PRINT =========
[2023-11-12 00:19:46] PRINT 22
[2023-11-12 00:19:46] PRINT 0.1755160391330719
[2023-11-12 00:19:46] PRINT =========
[2023-11-12 00:19:48] PRINT 24
[2023-11-12 00:19:48] PRINT 0.09472533315420151
[2023-11-12 00:19:48] PRINT =========
[2023-11-12 00:19:49] PRINT 26
[2023-11-12 00:19:49] PRINT 0.08345597237348557
[2023-11-12 00:19:49] PRINT =========
[2023-11-12 00:19:50] PRINT 28
[2023-11-12 00:19:50] PRINT 0.09886296838521957
[2023-11-12 00:19:50] PRINT =========
[2023-11-12 00:19:52] PRINT 30
[2023-11-12 00:19:52] PRINT 0.09378723055124283
[2023-11-12 00:19:52] PRINT =========
[2023-11-12 00:19:53] PRINT 32
[2023-11-12 00:19:53] PRINT 0.032104816287755966
[2023-11-12 00:19:53] PRINT =========
[2023-11-12 00:19:55] PRINT 34
[2023-11-12 00:19:55] PRINT 0.06697147339582443
[2023-11-12 00:19:55] PRINT =========
[2023-11-12 00:19:56] PRINT 36
[2023-11-12 00:19:56] PRINT 0.05049816891551018
[2023-11-12 00:19:56] PRINT =========
[2023-11-12 00:19:58] PRINT 38
[2023-11-12 00:19:58] PRINT 0.04620939865708351
[2023-11-12 00:19:58] PRINT =========
[2023-11-12 00:19:59] PRINT 40
[2023-11-12 00:19:59] PRINT 0.059064023196697235
[2023-11-12 00:19:59] PRINT =========
[2023-11-12 00:20:00] PRINT 42
[2023-11-12 00:20:00] PRINT 0.15578556060791016
[2023-11-12 00:20:00] PRINT =========
[2023-11-12 00:20:02] PRINT 44
[2023-11-12 00:20:02] PRINT 0.03573375567793846
[2023-11-12 00:20:02] PRINT =========
[2023-11-12 00:20:03] PRINT 46
[2023-11-12 00:20:03] PRINT 0.13546910881996155
[2023-11-12 00:20:03] PRINT =========
[2023-11-12 00:20:05] PRINT 48
[2023-11-12 00:20:05] PRINT 0.06000202149152756
[2023-11-12 00:20:05] PRINT =========
[2023-11-12 00:20:06] PRINT 50
[2023-11-12 00:20:06] PRINT 0.08058804273605347
[2023-11-12 00:20:06] PRINT =========
[2023-11-12 00:20:08] PRINT 52
[2023-11-12 00:20:08] PRINT 0.04290316626429558
[2023-11-12 00:20:08] PRINT =========
[2023-11-12 00:20:09] PRINT 54
[2023-11-12 00:20:09] PRINT 0.061764657497406006
[2023-11-12 00:20:09] PRINT =========
[2023-11-12 00:20:11] PRINT 56
[2023-11-12 00:20:11] PRINT 0.03945605084300041
[2023-11-12 00:20:11] PRINT =========
[2023-11-12 00:20:12] PRINT 58
[2023-11-12 00:20:12] PRINT 0.04189063981175423
[2023-11-12 00:20:12] PRINT =========
[2023-11-12 00:20:13] PRINT 60
[2023-11-12 00:20:13] PRINT 0.040877632796764374
[2023-11-12 00:20:13] PRINT =========
[2023-11-12 00:20:15] PRINT 62
[2023-11-12 00:20:15] PRINT 0.07414864748716354
[2023-11-12 00:20:15] PRINT =========
[2023-11-12 00:20:16] PRINT 64
[2023-11-12 00:20:16] PRINT 0.09622441232204437
[2023-11-12 00:20:16] PRINT =========
[2023-11-12 00:20:18] PRINT 66
[2023-11-12 00:20:18] PRINT 0.0608016662299633
[2023-11-12 00:20:18] PRINT =========
[2023-11-12 00:20:19] PRINT 68
[2023-11-12 00:20:19] PRINT 0.08077637106180191
[2023-11-12 00:20:19] PRINT =========
[2023-11-12 00:20:21] PRINT 70
[2023-11-12 00:20:21] PRINT 0.07744460552930832
[2023-11-12 00:20:21] PRINT =========
[2023-11-12 00:20:22] PRINT 72
[2023-11-12 00:20:22] PRINT 0.044214509427547455
[2023-11-12 00:20:22] PRINT =========
[2023-11-12 00:20:23] PRINT 74
[2023-11-12 00:20:23] PRINT 0.05735856667160988
[2023-11-12 00:20:23] PRINT =========
[2023-11-12 00:20:25] PRINT 76
[2023-11-12 00:20:25] PRINT 0.0534331277012825
[2023-11-12 00:20:25] PRINT =========
[2023-11-12 00:20:26] PRINT 78
[2023-11-12 00:20:26] PRINT 0.04206163063645363
[2023-11-12 00:20:26] PRINT =========
[2023-11-12 00:20:28] PRINT 80
[2023-11-12 00:20:28] PRINT 0.05000897869467735
[2023-11-12 00:20:28] PRINT =========
[2023-11-12 00:20:29] PRINT 82
[2023-11-12 00:20:29] PRINT 0.028615230694413185
[2023-11-12 00:20:29] PRINT =========
[2023-11-12 00:20:30] PRINT 84
[2023-11-12 00:20:30] PRINT 0.039837971329689026
[2023-11-12 00:20:30] PRINT =========
[2023-11-12 00:20:32] PRINT 86
[2023-11-12 00:20:32] PRINT 0.04125944525003433
[2023-11-12 00:20:32] PRINT =========
[2023-11-12 00:20:33] PRINT 88
[2023-11-12 00:20:33] PRINT 0.04559854790568352
[2023-11-12 00:20:33] PRINT =========
[2023-11-12 00:20:35] PRINT 90
[2023-11-12 00:20:35] PRINT 0.03423536568880081
[2023-11-12 00:20:35] PRINT =========
[2023-11-12 00:20:36] PRINT 92
[2023-11-12 00:20:36] PRINT 0.0336112417280674
[2023-11-12 00:20:36] PRINT =========
[2023-11-12 00:20:38] PRINT 94
[2023-11-12 00:20:38] PRINT 0.0688692256808281
[2023-11-12 00:20:38] PRINT =========
[2023-11-12 00:20:39] PRINT 96
[2023-11-12 00:20:39] PRINT 0.032373785972595215
[2023-11-12 00:20:39] PRINT =========
[2023-11-12 00:20:40] PRINT 98
[2023-11-12 00:20:41] PRINT 0.06634432822465897
[2023-11-12 00:20:41] PRINT =========
[2023-11-12 00:20:42] PRINT 100
[2023-11-12 00:20:42] PRINT 0.024842746555805206
[2023-11-12 00:20:42] PRINT =========
[2023-11-12 00:20:42] PRINT Average PSNR after pre-training: 18.829880111767164
[2023-11-12 00:20:48] PRINT Average PSNR after fine tuning :  nan
