[2023-11-12 01:26:05] INFO (nni.runtime.trial_command_channel.v3/MainThread) Connect to trial command channel http://localhost:8080/env/local-env/y7tn7
[2023-11-12 01:26:05] PRINT Namespace(num_block=16, num_discriminator_blocks=3, conv_kernel_size=5, generator_depth=128, discriminator_depth=64, generator_activation='relu', discriminator_activation='leakyrelu', LR_path='custom_dataset/train_LR', GT_path='custom_dataset/train_HR', res_num=16, num_workers=0, batch_size=16, L2_coeff=1.0, adv_coeff=0.001, tv_loss_coeff=0.0, pre_train_epoch=100, fine_train_epoch=0, scale=4, patch_size=24, feat_layer='relu5_4', vgg_rescale_coeff=0.006, fine_tuning=False, in_memory=True, generator_path=None, mode='train')
[2023-11-12 01:26:15] PRINT 2
[2023-11-12 01:26:15] PRINT 0.2907481789588928
[2023-11-12 01:26:15] PRINT =========
[2023-11-12 01:26:17] PRINT 4
[2023-11-12 01:26:17] PRINT 0.09293927997350693
[2023-11-12 01:26:17] PRINT =========
[2023-11-12 01:26:18] PRINT 6
[2023-11-12 01:26:18] PRINT 0.1921311616897583
[2023-11-12 01:26:18] PRINT =========
[2023-11-12 01:26:20] PRINT 8
[2023-11-12 01:26:20] PRINT 0.13894455134868622
[2023-11-12 01:26:20] PRINT =========
[2023-11-12 01:26:21] PRINT 10
[2023-11-12 01:26:22] PRINT 0.13723160326480865
[2023-11-12 01:26:22] PRINT =========
[2023-11-12 01:26:23] PRINT 12
[2023-11-12 01:26:23] PRINT 0.06672532856464386
[2023-11-12 01:26:23] PRINT =========
[2023-11-12 01:26:25] PRINT 14
[2023-11-12 01:26:25] PRINT 0.08033577352762222
[2023-11-12 01:26:25] PRINT =========
[2023-11-12 01:26:27] PRINT 16
[2023-11-12 01:26:27] PRINT 0.06104056164622307
[2023-11-12 01:26:27] PRINT =========
[2023-11-12 01:26:29] PRINT 18
[2023-11-12 01:26:29] PRINT 0.07403092831373215
[2023-11-12 01:26:29] PRINT =========
[2023-11-12 01:26:31] PRINT 20
[2023-11-12 01:26:31] PRINT 0.07323339581489563
[2023-11-12 01:26:31] PRINT =========
[2023-11-12 01:26:33] PRINT 22
[2023-11-12 01:26:33] PRINT 0.09420383721590042
[2023-11-12 01:26:33] PRINT =========
[2023-11-12 01:26:35] PRINT 24
[2023-11-12 01:26:35] PRINT 0.11540139466524124
[2023-11-12 01:26:35] PRINT =========
[2023-11-12 01:26:36] PRINT 26
[2023-11-12 01:26:36] PRINT 0.09164031594991684
[2023-11-12 01:26:36] PRINT =========
[2023-11-12 01:26:38] PRINT 28
[2023-11-12 01:26:38] PRINT 0.2810341715812683
[2023-11-12 01:26:38] PRINT =========
[2023-11-12 01:26:39] PRINT 30
[2023-11-12 01:26:39] PRINT 0.09733214229345322
[2023-11-12 01:26:39] PRINT =========
[2023-11-12 01:26:41] PRINT 32
[2023-11-12 01:26:41] PRINT 0.06677529960870743
[2023-11-12 01:26:41] PRINT =========
[2023-11-12 01:26:43] PRINT 34
[2023-11-12 01:26:43] PRINT 0.08089860528707504
[2023-11-12 01:26:43] PRINT =========
[2023-11-12 01:26:45] PRINT 36
[2023-11-12 01:26:45] PRINT 0.04256553575396538
[2023-11-12 01:26:45] PRINT =========
[2023-11-12 01:26:46] PRINT 38
[2023-11-12 01:26:46] PRINT 0.04712151736021042
[2023-11-12 01:26:46] PRINT =========
[2023-11-12 01:26:48] PRINT 40
[2023-11-12 01:26:48] PRINT 0.08652769774198532
[2023-11-12 01:26:48] PRINT =========
[2023-11-12 01:26:50] PRINT 42
[2023-11-12 01:26:50] PRINT 0.12194004654884338
[2023-11-12 01:26:50] PRINT =========
[2023-11-12 01:26:51] PRINT 44
[2023-11-12 01:26:51] PRINT 0.07517961412668228
[2023-11-12 01:26:51] PRINT =========
[2023-11-12 01:26:53] PRINT 46
[2023-11-12 01:26:53] PRINT 0.033658917993307114
[2023-11-12 01:26:53] PRINT =========
[2023-11-12 01:26:54] PRINT 48
[2023-11-12 01:26:54] PRINT 0.06573158502578735
[2023-11-12 01:26:54] PRINT =========
[2023-11-12 01:26:56] PRINT 50
[2023-11-12 01:26:56] PRINT 0.05521602928638458
[2023-11-12 01:26:56] PRINT =========
[2023-11-12 01:26:58] PRINT 52
[2023-11-12 01:26:58] PRINT 0.05327124148607254
[2023-11-12 01:26:58] PRINT =========
[2023-11-12 01:26:59] PRINT 54
[2023-11-12 01:26:59] PRINT 0.07015541940927505
[2023-11-12 01:26:59] PRINT =========
[2023-11-12 01:27:01] PRINT 56
[2023-11-12 01:27:01] PRINT 0.05481008440256119
[2023-11-12 01:27:01] PRINT =========
[2023-11-12 01:27:02] PRINT 58
[2023-11-12 01:27:02] PRINT 0.08034303784370422
[2023-11-12 01:27:02] PRINT =========
[2023-11-12 01:27:04] PRINT 60
[2023-11-12 01:27:04] PRINT 0.060593072324991226
[2023-11-12 01:27:04] PRINT =========
[2023-11-12 01:27:06] PRINT 62
[2023-11-12 01:27:06] PRINT 0.0724993646144867
[2023-11-12 01:27:06] PRINT =========
[2023-11-12 01:27:08] PRINT 64
[2023-11-12 01:27:08] PRINT 0.05746801570057869
[2023-11-12 01:27:08] PRINT =========
[2023-11-12 01:27:09] PRINT 66
[2023-11-12 01:27:09] PRINT 0.0644184947013855
[2023-11-12 01:27:09] PRINT =========
[2023-11-12 01:27:11] PRINT 68
[2023-11-12 01:27:11] PRINT 0.05215210095047951
[2023-11-12 01:27:11] PRINT =========
[2023-11-12 01:27:12] PRINT 70
[2023-11-12 01:27:12] PRINT 0.048411376774311066
[2023-11-12 01:27:12] PRINT =========
[2023-11-12 01:27:14] PRINT 72
[2023-11-12 01:27:14] PRINT 0.03148147091269493
[2023-11-12 01:27:14] PRINT =========
[2023-11-12 01:27:16] PRINT 74
[2023-11-12 01:27:16] PRINT 0.03262024000287056
[2023-11-12 01:27:16] PRINT =========
[2023-11-12 01:27:17] PRINT 76
[2023-11-12 01:27:17] PRINT 0.07941945642232895
[2023-11-12 01:27:17] PRINT =========
[2023-11-12 01:27:19] PRINT 78
[2023-11-12 01:27:19] PRINT 0.042441003024578094
[2023-11-12 01:27:19] PRINT =========
[2023-11-12 01:27:21] PRINT 80
[2023-11-12 01:27:21] PRINT 0.040738996118307114
[2023-11-12 01:27:21] PRINT =========
[2023-11-12 01:27:22] PRINT 82
[2023-11-12 01:27:22] PRINT 0.047564391046762466
[2023-11-12 01:27:22] PRINT =========
[2023-11-12 01:27:24] PRINT 84
[2023-11-12 01:27:24] PRINT 0.0452016182243824
[2023-11-12 01:27:24] PRINT =========
[2023-11-12 01:27:26] PRINT 86
[2023-11-12 01:27:26] PRINT 0.03933956101536751
[2023-11-12 01:27:26] PRINT =========
[2023-11-12 01:27:27] PRINT 88
[2023-11-12 01:27:27] PRINT 0.0548703595995903
[2023-11-12 01:27:27] PRINT =========
[2023-11-12 01:27:29] PRINT 90
[2023-11-12 01:27:29] PRINT 0.05229946970939636
[2023-11-12 01:27:29] PRINT =========
[2023-11-12 01:27:31] PRINT 92
[2023-11-12 01:27:31] PRINT 0.07001448422670364
[2023-11-12 01:27:31] PRINT =========
[2023-11-12 01:27:32] PRINT 94
[2023-11-12 01:27:32] PRINT 0.021490810438990593
[2023-11-12 01:27:32] PRINT =========
[2023-11-12 01:27:34] PRINT 96
[2023-11-12 01:27:34] PRINT 0.04666754603385925
[2023-11-12 01:27:34] PRINT =========
[2023-11-12 01:27:36] PRINT 98
[2023-11-12 01:27:36] PRINT 0.05961465835571289
[2023-11-12 01:27:36] PRINT =========
[2023-11-12 01:27:37] PRINT 100
[2023-11-12 01:27:37] PRINT 0.03728797659277916
[2023-11-12 01:27:37] PRINT =========
[2023-11-12 01:27:37] PRINT Average PSNR after pre-training: 18.53382917205519
[2023-11-12 01:27:41] PRINT Average PSNR after fine tuning :  nan
